[0.127s] Invoking command in '/home/fmp/Jeju_Island/build/sllidar_ros2': CMAKE_PREFIX_PATH=${CMAKE_PREFIX_PATH}:/home/fmp/Jeju_Island/install/erp_mini_driver:/home/fmp/Jeju_Island/install/vehicle_launch:/home/fmp/Jeju_Island/install/vehicle_control:/home/fmp/Jeju_Island/install/erp_control_pkg:/opt/ros/humble /usr/bin/cmake --build /home/fmp/Jeju_Island/build/sllidar_ros2 -- -j4 -l4
[0.989s] [ 90%] Built target sllidar_node
[1.298s] [100%] Built target sllidar_client
[1.442s] Invoked command in '/home/fmp/Jeju_Island/build/sllidar_ros2' returned '0': CMAKE_PREFIX_PATH=${CMAKE_PREFIX_PATH}:/home/fmp/Jeju_Island/install/erp_mini_driver:/home/fmp/Jeju_Island/install/vehicle_launch:/home/fmp/Jeju_Island/install/vehicle_control:/home/fmp/Jeju_Island/install/erp_control_pkg:/opt/ros/humble /usr/bin/cmake --build /home/fmp/Jeju_Island/build/sllidar_ros2 -- -j4 -l4
[1.465s] Invoking command in '/home/fmp/Jeju_Island/build/sllidar_ros2': CMAKE_PREFIX_PATH=${CMAKE_PREFIX_PATH}:/home/fmp/Jeju_Island/install/erp_mini_driver:/home/fmp/Jeju_Island/install/vehicle_launch:/home/fmp/Jeju_Island/install/vehicle_control:/home/fmp/Jeju_Island/install/erp_control_pkg:/opt/ros/humble /usr/bin/cmake --install /home/fmp/Jeju_Island/build/sllidar_ros2
[1.555s] -- Install configuration: ""
[1.561s] -- Execute custom install script
[1.568s] -- Up-to-date symlink: /home/fmp/Jeju_Island/install/sllidar_ros2/share/sllidar_ros2/launch/sllidar_a1_launch.py
[1.572s] -- Up-to-date symlink: /home/fmp/Jeju_Island/install/sllidar_ros2/share/sllidar_ros2/launch/sllidar_a2m12_launch .py
[1.574s] -- Up-to-date symlink: /home/fmp/Jeju_Island/install/sllidar_ros2/share/sllidar_ros2/launch/sllidar_a2m7_launch.py
[1.575s] -- Up-to-date symlink: /home/fmp/Jeju_Island/install/sllidar_ros2/share/sllidar_ros2/launch/sllidar_a2m8_launch.py
[1.580s] -- Up-to-date symlink: /home/fmp/Jeju_Island/install/sllidar_ros2/share/sllidar_ros2/launch/sllidar_a3_launch.py
[1.581s] -- Up-to-date symlink: /home/fmp/Jeju_Island/install/sllidar_ros2/share/sllidar_ros2/launch/sllidar_c1_launch.py
[1.581s] -- Up-to-date symlink: /home/fmp/Jeju_Island/install/sllidar_ros2/share/sllidar_ros2/launch/sllidar_s1_launch.py
[1.590s] -- Up-to-date symlink: /home/fmp/Jeju_Island/install/sllidar_ros2/share/sllidar_ros2/launch/sllidar_s1_tcp_launch.py
[1.596s] -- Up-to-date symlink: /home/fmp/Jeju_Island/install/sllidar_ros2/share/sllidar_ros2/launch/sllidar_s2_launch.py
[1.604s] -- Up-to-date symlink: /home/fmp/Jeju_Island/install/sllidar_ros2/share/sllidar_ros2/launch/sllidar_s2e_launch.py
[1.605s] -- Up-to-date symlink: /home/fmp/Jeju_Island/install/sllidar_ros2/share/sllidar_ros2/launch/sllidar_s3_launch.py
[1.606s] -- Up-to-date symlink: /home/fmp/Jeju_Island/install/sllidar_ros2/share/sllidar_ros2/launch/sllidar_t1_launch.py
[1.612s] -- Up-to-date symlink: /home/fmp/Jeju_Island/install/sllidar_ros2/share/sllidar_ros2/launch/view_sllidar_a1_launch.py
[1.613s] -- Up-to-date symlink: /home/fmp/Jeju_Island/install/sllidar_ros2/share/sllidar_ros2/launch/view_sllidar_a2m12_launch.py
[1.614s] -- Up-to-date symlink: /home/fmp/Jeju_Island/install/sllidar_ros2/share/sllidar_ros2/launch/view_sllidar_a2m7_launch.py
[1.623s] -- Up-to-date symlink: /home/fmp/Jeju_Island/install/sllidar_ros2/share/sllidar_ros2/launch/view_sllidar_a2m8_launch.py
[1.625s] -- Up-to-date symlink: /home/fmp/Jeju_Island/install/sllidar_ros2/share/sllidar_ros2/launch/view_sllidar_a3_launch.py
[1.626s] -- Up-to-date symlink: /home/fmp/Jeju_Island/install/sllidar_ros2/share/sllidar_ros2/launch/view_sllidar_c1_launch.py
[1.628s] -- Up-to-date symlink: /home/fmp/Jeju_Island/install/sllidar_ros2/share/sllidar_ros2/launch/view_sllidar_s1_launch.py
[1.629s] -- Up-to-date symlink: /home/fmp/Jeju_Island/install/sllidar_ros2/share/sllidar_ros2/launch/view_sllidar_s1_tcp_launch.py
[1.630s] -- Up-to-date symlink: /home/fmp/Jeju_Island/install/sllidar_ros2/share/sllidar_ros2/launch/view_sllidar_s2_launch.py
[1.635s] -- Up-to-date symlink: /home/fmp/Jeju_Island/install/sllidar_ros2/share/sllidar_ros2/launch/view_sllidar_s2e_launch.py
[1.636s] -- Up-to-date symlink: /home/fmp/Jeju_Island/install/sllidar_ros2/share/sllidar_ros2/launch/view_sllidar_s3_launch.py
[1.637s] -- Up-to-date symlink: /home/fmp/Jeju_Island/install/sllidar_ros2/share/sllidar_ros2/launch/view_sllidar_t1_launch.py
[1.637s] -- Up-to-date symlink: /home/fmp/Jeju_Island/install/sllidar_ros2/share/sllidar_ros2/rviz/sllidar_ros2.rviz
[1.638s] -- Up-to-date symlink: /home/fmp/Jeju_Island/install/sllidar_ros2/lib/sllidar_ros2/sllidar_node
[1.645s] -- Up-to-date symlink: /home/fmp/Jeju_Island/install/sllidar_ros2/lib/sllidar_ros2/sllidar_client
[1.646s] -- Up-to-date symlink: /home/fmp/Jeju_Island/install/sllidar_ros2/share/ament_index/resource_index/package_run_dependencies/sllidar_ros2
[1.646s] -- Up-to-date symlink: /home/fmp/Jeju_Island/install/sllidar_ros2/share/ament_index/resource_index/parent_prefix_path/sllidar_ros2
[1.648s] -- Up-to-date symlink: /home/fmp/Jeju_Island/install/sllidar_ros2/share/sllidar_ros2/environment/ament_prefix_path.sh
[1.649s] -- Up-to-date symlink: /home/fmp/Jeju_Island/install/sllidar_ros2/share/sllidar_ros2/environment/ament_prefix_path.dsv
[1.653s] -- Up-to-date symlink: /home/fmp/Jeju_Island/install/sllidar_ros2/share/sllidar_ros2/environment/path.sh
[1.659s] -- Up-to-date symlink: /home/fmp/Jeju_Island/install/sllidar_ros2/share/sllidar_ros2/environment/path.dsv
[1.659s] -- Up-to-date symlink: /home/fmp/Jeju_Island/install/sllidar_ros2/share/sllidar_ros2/local_setup.bash
[1.660s] -- Up-to-date symlink: /home/fmp/Jeju_Island/install/sllidar_ros2/share/sllidar_ros2/local_setup.sh
[1.660s] -- Up-to-date symlink: /home/fmp/Jeju_Island/install/sllidar_ros2/share/sllidar_ros2/local_setup.zsh
[1.667s] -- Up-to-date symlink: /home/fmp/Jeju_Island/install/sllidar_ros2/share/sllidar_ros2/local_setup.dsv
[1.667s] -- Symlinking: /home/fmp/Jeju_Island/install/sllidar_ros2/share/sllidar_ros2/package.dsv
[1.740s] -- Up-to-date symlink: /home/fmp/Jeju_Island/install/sllidar_ros2/share/ament_index/resource_index/packages/sllidar_ros2
[1.742s] -- Up-to-date symlink: /home/fmp/Jeju_Island/install/sllidar_ros2/share/sllidar_ros2/cmake/ament_cmake_export_dependencies-extras.cmake
[1.748s] -- Up-to-date symlink: /home/fmp/Jeju_Island/install/sllidar_ros2/share/sllidar_ros2/cmake/ament_cmake_export_include_directories-extras.cmake
[1.751s] -- Up-to-date symlink: /home/fmp/Jeju_Island/install/sllidar_ros2/share/sllidar_ros2/cmake/sllidar_ros2Config.cmake
[1.752s] -- Up-to-date symlink: /home/fmp/Jeju_Island/install/sllidar_ros2/share/sllidar_ros2/cmake/sllidar_ros2Config-version.cmake
[1.765s] -- Up-to-date symlink: /home/fmp/Jeju_Island/install/sllidar_ros2/share/sllidar_ros2/package.xml
[1.801s] Invoked command in '/home/fmp/Jeju_Island/build/sllidar_ros2' returned '0': CMAKE_PREFIX_PATH=${CMAKE_PREFIX_PATH}:/home/fmp/Jeju_Island/install/erp_mini_driver:/home/fmp/Jeju_Island/install/vehicle_launch:/home/fmp/Jeju_Island/install/vehicle_control:/home/fmp/Jeju_Island/install/erp_control_pkg:/opt/ros/humble /usr/bin/cmake --install /home/fmp/Jeju_Island/build/sllidar_ros2
