[6.338s] Invoking command in '/home/fmp/Jeju_Island/build/vehicle_control': PYTHONPATH=/home/fmp/Jeju_Island/build/vehicle_control/prefix_override:/usr/lib/python3/dist-packages/colcon_core/task/python/colcon_distutils_commands:/home/fmp/Jeju_Island/install/vehicle_control/lib/python3.10/site-packages:${PYTHONPATH} /usr/bin/python3 -W ignore:setup.py install is deprecated -W ignore:easy_install command is deprecated setup.py develop --uninstall --editable --build-directory /home/fmp/Jeju_Island/build/vehicle_control/build
[8.772s] running develop
[10.304s] Removing /home/fmp/Jeju_Island/install/vehicle_control/lib/python3.10/site-packages/vehicle-control.egg-link (link to .)
[10.555s] Invoked command in '/home/fmp/Jeju_Island/build/vehicle_control' returned '0': PYTHONPATH=/home/fmp/Jeju_Island/build/vehicle_control/prefix_override:/usr/lib/python3/dist-packages/colcon_core/task/python/colcon_distutils_commands:/home/fmp/Jeju_Island/install/vehicle_control/lib/python3.10/site-packages:${PYTHONPATH} /usr/bin/python3 -W ignore:setup.py install is deprecated -W ignore:easy_install command is deprecated setup.py develop --uninstall --editable --build-directory /home/fmp/Jeju_Island/build/vehicle_control/build
[10.565s] Invoking command in '/home/fmp/Jeju_Island/src/vehicle_control': PYTHONPATH=/home/fmp/Jeju_Island/build/vehicle_control/prefix_override:/usr/lib/python3/dist-packages/colcon_core/task/python/colcon_distutils_commands:/home/fmp/Jeju_Island/install/vehicle_control/lib/python3.10/site-packages:${PYTHONPATH} /usr/bin/python3 -W ignore:setup.py install is deprecated -W ignore:easy_install command is deprecated setup.py egg_info --egg-base ../../build/vehicle_control build --build-base /home/fmp/Jeju_Island/build/vehicle_control/build install --record /home/fmp/Jeju_Island/build/vehicle_control/install.log --single-version-externally-managed install_data --force
[12.241s] running egg_info
[12.248s] writing ../../build/vehicle_control/vehicle_control.egg-info/PKG-INFO
[12.248s] writing dependency_links to ../../build/vehicle_control/vehicle_control.egg-info/dependency_links.txt
[12.249s] writing entry points to ../../build/vehicle_control/vehicle_control.egg-info/entry_points.txt
[12.249s] writing requirements to ../../build/vehicle_control/vehicle_control.egg-info/requires.txt
[12.250s] writing top-level names to ../../build/vehicle_control/vehicle_control.egg-info/top_level.txt
[12.265s] reading manifest file '../../build/vehicle_control/vehicle_control.egg-info/SOURCES.txt'
[12.270s] writing manifest file '../../build/vehicle_control/vehicle_control.egg-info/SOURCES.txt'
[12.271s] running build
[12.271s] running build_py
[12.274s] creating /home/fmp/Jeju_Island/build/vehicle_control/build
[12.274s] creating /home/fmp/Jeju_Island/build/vehicle_control/build/lib
[12.275s] creating /home/fmp/Jeju_Island/build/vehicle_control/build/lib/vehicle_control
[12.276s] copying vehicle_control/__init__.py -> /home/fmp/Jeju_Island/build/vehicle_control/build/lib/vehicle_control
[12.277s] copying vehicle_control/path_follower.py -> /home/fmp/Jeju_Island/build/vehicle_control/build/lib/vehicle_control
[12.281s] copying vehicle_control/pid_controller.py -> /home/fmp/Jeju_Island/build/vehicle_control/build/lib/vehicle_control
[12.285s] copying vehicle_control/motor_driver.py -> /home/fmp/Jeju_Island/build/vehicle_control/build/lib/vehicle_control
[12.291s] running install
[12.301s] running install_lib
[12.316s] creating /home/fmp/Jeju_Island/install/vehicle_control/lib/python3.10/site-packages/vehicle_control
[12.316s] copying /home/fmp/Jeju_Island/build/vehicle_control/build/lib/vehicle_control/__init__.py -> /home/fmp/Jeju_Island/install/vehicle_control/lib/python3.10/site-packages/vehicle_control
[12.324s] copying /home/fmp/Jeju_Island/build/vehicle_control/build/lib/vehicle_control/path_follower.py -> /home/fmp/Jeju_Island/install/vehicle_control/lib/python3.10/site-packages/vehicle_control
[12.325s] copying /home/fmp/Jeju_Island/build/vehicle_control/build/lib/vehicle_control/pid_controller.py -> /home/fmp/Jeju_Island/install/vehicle_control/lib/python3.10/site-packages/vehicle_control
[12.329s] copying /home/fmp/Jeju_Island/build/vehicle_control/build/lib/vehicle_control/motor_driver.py -> /home/fmp/Jeju_Island/install/vehicle_control/lib/python3.10/site-packages/vehicle_control
[12.339s] byte-compiling /home/fmp/Jeju_Island/install/vehicle_control/lib/python3.10/site-packages/vehicle_control/__init__.py to __init__.cpython-310.pyc
[12.352s] byte-compiling /home/fmp/Jeju_Island/install/vehicle_control/lib/python3.10/site-packages/vehicle_control/path_follower.py to path_follower.cpython-310.pyc
[12.354s] byte-compiling /home/fmp/Jeju_Island/install/vehicle_control/lib/python3.10/site-packages/vehicle_control/pid_controller.py to pid_controller.cpython-310.pyc
[12.368s] byte-compiling /home/fmp/Jeju_Island/install/vehicle_control/lib/python3.10/site-packages/vehicle_control/motor_driver.py to motor_driver.cpython-310.pyc
[12.368s] running install_data
[12.368s] copying resource/vehicle_control -> /home/fmp/Jeju_Island/install/vehicle_control/share/ament_index/resource_index/packages
[12.378s] copying package.xml -> /home/fmp/Jeju_Island/install/vehicle_control/share/vehicle_control
[12.378s] running install_egg_info
[12.404s] Copying ../../build/vehicle_control/vehicle_control.egg-info to /home/fmp/Jeju_Island/install/vehicle_control/lib/python3.10/site-packages/vehicle_control-0.0.0-py3.10.egg-info
[12.427s] running install_scripts
[12.631s] Installing motor_driver script to /home/fmp/Jeju_Island/install/vehicle_control/lib/vehicle_control
[12.633s] Installing path_follower script to /home/fmp/Jeju_Island/install/vehicle_control/lib/vehicle_control
[12.636s] writing list of installed files to '/home/fmp/Jeju_Island/build/vehicle_control/install.log'
[12.786s] Invoked command in '/home/fmp/Jeju_Island/src/vehicle_control' returned '0': PYTHONPATH=/home/fmp/Jeju_Island/build/vehicle_control/prefix_override:/usr/lib/python3/dist-packages/colcon_core/task/python/colcon_distutils_commands:/home/fmp/Jeju_Island/install/vehicle_control/lib/python3.10/site-packages:${PYTHONPATH} /usr/bin/python3 -W ignore:setup.py install is deprecated -W ignore:easy_install command is deprecated setup.py egg_info --egg-base ../../build/vehicle_control build --build-base /home/fmp/Jeju_Island/build/vehicle_control/build install --record /home/fmp/Jeju_Island/build/vehicle_control/install.log --single-version-externally-managed install_data --force
