[0.065s] Invoking command in '/home/fmp/Jeju_Island/build/erp_mini_util': CMAKE_PREFIX_PATH=/home/fmp/Jeju_Island/install/erp_mini_cmake:/home/fmp/Jeju_Island/install/usb_cam:/home/fmp/Jeju_Island/install/sllidar_ros2:/home/fmp/Jeju_Island/install/rplidar_ros:/home/fmp/Jeju_Island/install/erp_mini_serial:/home/fmp/Jeju_Island/install/erp_mini_rqt_plugin:/home/fmp/Jeju_Island/install/erp_mini_util:/home/fmp/Jeju_Island/install/erp_mini_msgs:/home/fmp/Jeju_Island/install/erp_mini_driver:/home/fmp/Jeju_Island/install/vehicle_launch:/home/fmp/Jeju_Island/install/vehicle_control:/home/fmp/Jeju_Island/install/erp_control_pkg:/opt/ros/humble /usr/bin/cmake --build /home/fmp/Jeju_Island/build/erp_mini_util -- -j4 -l4
[0.551s] [100%] Built target erp_mini_util
[0.690s] Invoked command in '/home/fmp/Jeju_Island/build/erp_mini_util' returned '0': CMAKE_PREFIX_PATH=/home/fmp/Jeju_Island/install/erp_mini_cmake:/home/fmp/Jeju_Island/install/usb_cam:/home/fmp/Jeju_Island/install/sllidar_ros2:/home/fmp/Jeju_Island/install/rplidar_ros:/home/fmp/Jeju_Island/install/erp_mini_serial:/home/fmp/Jeju_Island/install/erp_mini_rqt_plugin:/home/fmp/Jeju_Island/install/erp_mini_util:/home/fmp/Jeju_Island/install/erp_mini_msgs:/home/fmp/Jeju_Island/install/erp_mini_driver:/home/fmp/Jeju_Island/install/vehicle_launch:/home/fmp/Jeju_Island/install/vehicle_control:/home/fmp/Jeju_Island/install/erp_control_pkg:/opt/ros/humble /usr/bin/cmake --build /home/fmp/Jeju_Island/build/erp_mini_util -- -j4 -l4
[0.702s] Invoking command in '/home/fmp/Jeju_Island/build/erp_mini_util': CMAKE_PREFIX_PATH=/home/fmp/Jeju_Island/install/erp_mini_cmake:/home/fmp/Jeju_Island/install/usb_cam:/home/fmp/Jeju_Island/install/sllidar_ros2:/home/fmp/Jeju_Island/install/rplidar_ros:/home/fmp/Jeju_Island/install/erp_mini_serial:/home/fmp/Jeju_Island/install/erp_mini_rqt_plugin:/home/fmp/Jeju_Island/install/erp_mini_util:/home/fmp/Jeju_Island/install/erp_mini_msgs:/home/fmp/Jeju_Island/install/erp_mini_driver:/home/fmp/Jeju_Island/install/vehicle_launch:/home/fmp/Jeju_Island/install/vehicle_control:/home/fmp/Jeju_Island/install/erp_control_pkg:/opt/ros/humble /usr/bin/cmake --install /home/fmp/Jeju_Island/build/erp_mini_util
[0.757s] -- Install configuration: ""
[0.762s] -- Execute custom install script
[0.767s] -- Up-to-date symlink: /home/fmp/Jeju_Island/install/erp_mini_util/include/erp_mini_util/erp_mini_util/exception.hpp
[0.767s] -- Up-to-date symlink: /home/fmp/Jeju_Island/install/erp_mini_util/include/erp_mini_util/erp_mini_util/log.hpp
[0.771s] -- Up-to-date symlink: /home/fmp/Jeju_Island/install/erp_mini_util/share/erp_mini_util/environment/library_path.sh
[0.772s] -- Up-to-date symlink: /home/fmp/Jeju_Island/install/erp_mini_util/share/erp_mini_util/environment/library_path.dsv
[0.778s] -- Up-to-date symlink: /home/fmp/Jeju_Island/install/erp_mini_util/lib/liberp_mini_util.so
[0.779s] -- Up-to-date symlink: /home/fmp/Jeju_Island/install/erp_mini_util/share/ament_index/resource_index/package_run_dependencies/erp_mini_util
[0.782s] -- Up-to-date symlink: /home/fmp/Jeju_Island/install/erp_mini_util/share/ament_index/resource_index/parent_prefix_path/erp_mini_util
[0.785s] -- Up-to-date symlink: /home/fmp/Jeju_Island/install/erp_mini_util/share/erp_mini_util/environment/ament_prefix_path.sh
[0.788s] -- Up-to-date symlink: /home/fmp/Jeju_Island/install/erp_mini_util/share/erp_mini_util/environment/ament_prefix_path.dsv
[0.790s] -- Up-to-date symlink: /home/fmp/Jeju_Island/install/erp_mini_util/share/erp_mini_util/environment/path.sh
[0.794s] -- Up-to-date symlink: /home/fmp/Jeju_Island/install/erp_mini_util/share/erp_mini_util/environment/path.dsv
[0.795s] -- Up-to-date symlink: /home/fmp/Jeju_Island/install/erp_mini_util/share/erp_mini_util/local_setup.bash
[0.797s] -- Up-to-date symlink: /home/fmp/Jeju_Island/install/erp_mini_util/share/erp_mini_util/local_setup.sh
[0.801s] -- Up-to-date symlink: /home/fmp/Jeju_Island/install/erp_mini_util/share/erp_mini_util/local_setup.zsh
[0.802s] -- Up-to-date symlink: /home/fmp/Jeju_Island/install/erp_mini_util/share/erp_mini_util/local_setup.dsv
[0.806s] -- Symlinking: /home/fmp/Jeju_Island/install/erp_mini_util/share/erp_mini_util/package.dsv
[0.912s] -- Up-to-date symlink: /home/fmp/Jeju_Island/install/erp_mini_util/share/ament_index/resource_index/packages/erp_mini_util
[0.914s] -- Up-to-date symlink: /home/fmp/Jeju_Island/install/erp_mini_util/share/erp_mini_util/cmake/ament_cmake_export_include_directories-extras.cmake
[0.921s] -- Up-to-date symlink: /home/fmp/Jeju_Island/install/erp_mini_util/share/erp_mini_util/cmake/ament_cmake_export_libraries-extras.cmake
[0.926s] -- Up-to-date symlink: /home/fmp/Jeju_Island/install/erp_mini_util/share/erp_mini_util/cmake/erp_mini_utilConfig.cmake
[0.931s] -- Up-to-date symlink: /home/fmp/Jeju_Island/install/erp_mini_util/share/erp_mini_util/cmake/erp_mini_utilConfig-version.cmake
[0.931s] -- Up-to-date symlink: /home/fmp/Jeju_Island/install/erp_mini_util/share/erp_mini_util/package.xml
[0.957s] Invoked command in '/home/fmp/Jeju_Island/build/erp_mini_util' returned '0': CMAKE_PREFIX_PATH=/home/fmp/Jeju_Island/install/erp_mini_cmake:/home/fmp/Jeju_Island/install/usb_cam:/home/fmp/Jeju_Island/install/sllidar_ros2:/home/fmp/Jeju_Island/install/rplidar_ros:/home/fmp/Jeju_Island/install/erp_mini_serial:/home/fmp/Jeju_Island/install/erp_mini_rqt_plugin:/home/fmp/Jeju_Island/install/erp_mini_util:/home/fmp/Jeju_Island/install/erp_mini_msgs:/home/fmp/Jeju_Island/install/erp_mini_driver:/home/fmp/Jeju_Island/install/vehicle_launch:/home/fmp/Jeju_Island/install/vehicle_control:/home/fmp/Jeju_Island/install/erp_control_pkg:/opt/ros/humble /usr/bin/cmake --install /home/fmp/Jeju_Island/build/erp_mini_util
