[0.132s] Invoking command in '/home/fmp/Jeju_Island/build/erp_mini_rqt_plugin': CMAKE_PREFIX_PATH=/home/fmp/Jeju_Island/install/erp_mini_util:/home/fmp/Jeju_Island/install/erp_mini_msgs:/home/fmp/Jeju_Island/install/erp_mini_cmake:/home/fmp/Jeju_Island/install/usb_cam:/home/fmp/Jeju_Island/install/sllidar_ros2:/home/fmp/Jeju_Island/install/rplidar_ros:/home/fmp/Jeju_Island/install/erp_mini_serial:/home/fmp/Jeju_Island/install/erp_mini_rqt_plugin:/opt/ros/humble LD_LIBRARY_PATH=/home/fmp/Jeju_Island/install/erp_mini_util/lib:/home/fmp/Jeju_Island/install/erp_mini_msgs/lib:/home/fmp/Jeju_Island/install/usb_cam/lib:/home/fmp/Jeju_Island/install/erp_mini_serial/lib:/home/fmp/Jeju_Island/install/erp_mini_rqt_plugin/lib:/opt/ros/humble/opt/rviz_ogre_vendor/lib:/opt/ros/humble/lib/x86_64-linux-gnu:/opt/ros/humble/lib /usr/bin/cmake --build /home/fmp/Jeju_Island/build/erp_mini_rqt_plugin -- -j4 -l4
[0.482s] [35m[1mConsolidate compiler generated dependencies of target erp_mini_rqt_plugin[0m
[0.662s] [100%] Built target erp_mini_rqt_plugin
[0.727s] Invoked command in '/home/fmp/Jeju_Island/build/erp_mini_rqt_plugin' returned '0': CMAKE_PREFIX_PATH=/home/fmp/Jeju_Island/install/erp_mini_util:/home/fmp/Jeju_Island/install/erp_mini_msgs:/home/fmp/Jeju_Island/install/erp_mini_cmake:/home/fmp/Jeju_Island/install/usb_cam:/home/fmp/Jeju_Island/install/sllidar_ros2:/home/fmp/Jeju_Island/install/rplidar_ros:/home/fmp/Jeju_Island/install/erp_mini_serial:/home/fmp/Jeju_Island/install/erp_mini_rqt_plugin:/opt/ros/humble LD_LIBRARY_PATH=/home/fmp/Jeju_Island/install/erp_mini_util/lib:/home/fmp/Jeju_Island/install/erp_mini_msgs/lib:/home/fmp/Jeju_Island/install/usb_cam/lib:/home/fmp/Jeju_Island/install/erp_mini_serial/lib:/home/fmp/Jeju_Island/install/erp_mini_rqt_plugin/lib:/opt/ros/humble/opt/rviz_ogre_vendor/lib:/opt/ros/humble/lib/x86_64-linux-gnu:/opt/ros/humble/lib /usr/bin/cmake --build /home/fmp/Jeju_Island/build/erp_mini_rqt_plugin -- -j4 -l4
[0.729s] Invoking command in '/home/fmp/Jeju_Island/build/erp_mini_rqt_plugin': CMAKE_PREFIX_PATH=/home/fmp/Jeju_Island/install/erp_mini_util:/home/fmp/Jeju_Island/install/erp_mini_msgs:/home/fmp/Jeju_Island/install/erp_mini_cmake:/home/fmp/Jeju_Island/install/usb_cam:/home/fmp/Jeju_Island/install/sllidar_ros2:/home/fmp/Jeju_Island/install/rplidar_ros:/home/fmp/Jeju_Island/install/erp_mini_serial:/home/fmp/Jeju_Island/install/erp_mini_rqt_plugin:/opt/ros/humble LD_LIBRARY_PATH=/home/fmp/Jeju_Island/install/erp_mini_util/lib:/home/fmp/Jeju_Island/install/erp_mini_msgs/lib:/home/fmp/Jeju_Island/install/usb_cam/lib:/home/fmp/Jeju_Island/install/erp_mini_serial/lib:/home/fmp/Jeju_Island/install/erp_mini_rqt_plugin/lib:/opt/ros/humble/opt/rviz_ogre_vendor/lib:/opt/ros/humble/lib/x86_64-linux-gnu:/opt/ros/humble/lib /usr/bin/cmake --install /home/fmp/Jeju_Island/build/erp_mini_rqt_plugin
[0.780s] -- Install configuration: ""
[0.781s] -- Execute custom install script
[0.783s] -- Up-to-date symlink: /home/fmp/Jeju_Island/install/erp_mini_rqt_plugin/share/erp_mini_rqt_plugin//plugin.xml
[0.786s] -- Up-to-date symlink: /home/fmp/Jeju_Island/install/erp_mini_rqt_plugin/include/erp_mini_rqt_plugin/erp_mini_rqt_plugin/control_panel_plugin.hpp
[0.788s] -- Up-to-date symlink: /home/fmp/Jeju_Island/install/erp_mini_rqt_plugin/include/erp_mini_rqt_plugin/erp_mini_rqt_plugin/feedback_monitor_plugin.hpp
[0.788s] -- Up-to-date symlink: /home/fmp/Jeju_Island/install/erp_mini_rqt_plugin/share/erp_mini_rqt_plugin/environment/library_path.sh
[0.790s] -- Up-to-date symlink: /home/fmp/Jeju_Island/install/erp_mini_rqt_plugin/share/erp_mini_rqt_plugin/environment/library_path.dsv
[0.793s] -- Up-to-date symlink: /home/fmp/Jeju_Island/install/erp_mini_rqt_plugin/lib/liberp_mini_rqt_plugin.so
[0.793s] -- Up-to-date symlink: /home/fmp/Jeju_Island/install/erp_mini_rqt_plugin/share/ament_index/resource_index/package_run_dependencies/erp_mini_rqt_plugin
[0.794s] -- Up-to-date symlink: /home/fmp/Jeju_Island/install/erp_mini_rqt_plugin/share/ament_index/resource_index/parent_prefix_path/erp_mini_rqt_plugin
[0.796s] -- Up-to-date symlink: /home/fmp/Jeju_Island/install/erp_mini_rqt_plugin/share/erp_mini_rqt_plugin/environment/ament_prefix_path.sh
[0.797s] -- Up-to-date symlink: /home/fmp/Jeju_Island/install/erp_mini_rqt_plugin/share/erp_mini_rqt_plugin/environment/ament_prefix_path.dsv
[0.799s] -- Up-to-date symlink: /home/fmp/Jeju_Island/install/erp_mini_rqt_plugin/share/erp_mini_rqt_plugin/environment/path.sh
[0.800s] -- Up-to-date symlink: /home/fmp/Jeju_Island/install/erp_mini_rqt_plugin/share/erp_mini_rqt_plugin/environment/path.dsv
[0.803s] -- Up-to-date symlink: /home/fmp/Jeju_Island/install/erp_mini_rqt_plugin/share/erp_mini_rqt_plugin/local_setup.bash
[0.809s] -- Up-to-date symlink: /home/fmp/Jeju_Island/install/erp_mini_rqt_plugin/share/erp_mini_rqt_plugin/local_setup.sh
[0.809s] -- Up-to-date symlink: /home/fmp/Jeju_Island/install/erp_mini_rqt_plugin/share/erp_mini_rqt_plugin/local_setup.zsh
[0.809s] -- Up-to-date symlink: /home/fmp/Jeju_Island/install/erp_mini_rqt_plugin/share/erp_mini_rqt_plugin/local_setup.dsv
[0.809s] -- Symlinking: /home/fmp/Jeju_Island/install/erp_mini_rqt_plugin/share/erp_mini_rqt_plugin/package.dsv
[0.864s] -- Up-to-date symlink: /home/fmp/Jeju_Island/install/erp_mini_rqt_plugin/share/ament_index/resource_index/packages/erp_mini_rqt_plugin
[0.864s] -- Up-to-date symlink: /home/fmp/Jeju_Island/install/erp_mini_rqt_plugin/share/ament_index/resource_index/rqt_gui__pluginlib__plugin/erp_mini_rqt_plugin
[0.867s] -- Up-to-date symlink: /home/fmp/Jeju_Island/install/erp_mini_rqt_plugin/share/erp_mini_rqt_plugin/cmake/ament_cmake_export_dependencies-extras.cmake
[0.868s] -- Up-to-date symlink: /home/fmp/Jeju_Island/install/erp_mini_rqt_plugin/share/erp_mini_rqt_plugin/cmake/ament_cmake_export_include_directories-extras.cmake
[0.870s] -- Up-to-date symlink: /home/fmp/Jeju_Island/install/erp_mini_rqt_plugin/share/erp_mini_rqt_plugin/cmake/ament_cmake_export_libraries-extras.cmake
[0.870s] -- Up-to-date symlink: /home/fmp/Jeju_Island/install/erp_mini_rqt_plugin/share/erp_mini_rqt_plugin/cmake/erp_mini_rqt_pluginConfig.cmake
[0.871s] -- Up-to-date symlink: /home/fmp/Jeju_Island/install/erp_mini_rqt_plugin/share/erp_mini_rqt_plugin/cmake/erp_mini_rqt_pluginConfig-version.cmake
[0.872s] -- Up-to-date symlink: /home/fmp/Jeju_Island/install/erp_mini_rqt_plugin/share/erp_mini_rqt_plugin/package.xml
[0.874s] -- Up-to-date symlink: /home/fmp/Jeju_Island/install/erp_mini_rqt_plugin/share/erp_mini_rqt_plugin/plugin.xml
[0.876s] -- Up-to-date symlink: /home/fmp/Jeju_Island/install/erp_mini_rqt_plugin/share/erp_mini_rqt_plugin/ui/control_panel.ui
[0.877s] -- Up-to-date symlink: /home/fmp/Jeju_Island/install/erp_mini_rqt_plugin/share/erp_mini_rqt_plugin/ui/feedback_monitor.ui
[0.932s] Invoked command in '/home/fmp/Jeju_Island/build/erp_mini_rqt_plugin' returned '0': CMAKE_PREFIX_PATH=/home/fmp/Jeju_Island/install/erp_mini_util:/home/fmp/Jeju_Island/install/erp_mini_msgs:/home/fmp/Jeju_Island/install/erp_mini_cmake:/home/fmp/Jeju_Island/install/usb_cam:/home/fmp/Jeju_Island/install/sllidar_ros2:/home/fmp/Jeju_Island/install/rplidar_ros:/home/fmp/Jeju_Island/install/erp_mini_serial:/home/fmp/Jeju_Island/install/erp_mini_rqt_plugin:/opt/ros/humble LD_LIBRARY_PATH=/home/fmp/Jeju_Island/install/erp_mini_util/lib:/home/fmp/Jeju_Island/install/erp_mini_msgs/lib:/home/fmp/Jeju_Island/install/usb_cam/lib:/home/fmp/Jeju_Island/install/erp_mini_serial/lib:/home/fmp/Jeju_Island/install/erp_mini_rqt_plugin/lib:/opt/ros/humble/opt/rviz_ogre_vendor/lib:/opt/ros/humble/lib/x86_64-linux-gnu:/opt/ros/humble/lib /usr/bin/cmake --install /home/fmp/Jeju_Island/build/erp_mini_rqt_plugin
