[0.124s] DEBUG:colcon:Command line arguments: ['/usr/bin/colcon', 'build', '--packages-select', 'erp_control_pkg']
[0.124s] DEBUG:colcon:Parsed command line arguments: Namespace(log_base=None, log_level=None, verb_name='build', build_base='build', install_base='install', merge_install=False, symlink_install=False, test_result_base=None, continue_on_error=False, executor='parallel', parallel_workers=4, event_handlers=None, ignore_user_meta=False, metas=['./colcon.meta'], base_paths=['.'], packages_ignore=None, packages_ignore_regex=None, paths=None, packages_up_to=None, packages_up_to_regex=None, packages_above=None, packages_above_and_dependencies=None, packages_above_depth=None, packages_select_by_dep=None, packages_skip_by_dep=None, packages_skip_up_to=None, packages_select_build_failed=False, packages_skip_build_finished=False, packages_select_test_failures=False, packages_skip_test_passed=False, packages_select=['erp_control_pkg'], packages_skip=None, packages_select_regex=None, packages_skip_regex=None, packages_start=None, packages_end=None, allow_overriding=[], cmake_args=None, cmake_target=None, cmake_target_skip_unavailable=False, cmake_clean_cache=False, cmake_clean_first=False, cmake_force_configure=False, ament_cmake_args=None, catkin_cmake_args=None, catkin_skip_building_tests=False, mixin_files=None, mixin=None, verb_parser=<colcon_mixin.mixin.mixin_argument.MixinArgumentDecorator object at 0x7ba97794dc90>, verb_extension=<colcon_core.verb.build.BuildVerb object at 0x7ba977ac7250>, main=<bound method BuildVerb.main of <colcon_core.verb.build.BuildVerb object at 0x7ba977ac7250>>, mixin_verb=('build',))
[0.352s] Level 1:colcon.colcon_core.package_discovery:discover_packages(colcon_meta) check parameters
[0.352s] Level 1:colcon.colcon_core.package_discovery:discover_packages(recursive) check parameters
[0.352s] Level 1:colcon.colcon_core.package_discovery:discover_packages(ignore) check parameters
[0.352s] Level 1:colcon.colcon_core.package_discovery:discover_packages(path) check parameters
[0.352s] Level 1:colcon.colcon_core.package_discovery:discover_packages(colcon_meta) discover
[0.352s] Level 1:colcon.colcon_core.package_discovery:discover_packages(recursive) discover
[0.352s] INFO:colcon.colcon_core.package_discovery:Crawling recursively for packages in '/home/fmp/Jeju_Island'
[0.353s] Level 1:colcon.colcon_core.package_identification:_identify(.) by extensions ['ignore', 'ignore_ament_install']
[0.353s] Level 1:colcon.colcon_core.package_identification:_identify(.) by extension 'ignore'
[0.353s] Level 1:colcon.colcon_core.package_identification:_identify(.) by extension 'ignore_ament_install'
[0.353s] Level 1:colcon.colcon_core.package_identification:_identify(.) by extensions ['colcon_pkg']
[0.353s] Level 1:colcon.colcon_core.package_identification:_identify(.) by extension 'colcon_pkg'
[0.353s] Level 1:colcon.colcon_core.package_identification:_identify(.) by extensions ['colcon_meta']
[0.353s] Level 1:colcon.colcon_core.package_identification:_identify(.) by extension 'colcon_meta'
[0.353s] Level 1:colcon.colcon_core.package_identification:_identify(.) by extensions ['ros']
[0.353s] Level 1:colcon.colcon_core.package_identification:_identify(.) by extension 'ros'
[0.375s] Level 1:colcon.colcon_core.package_identification:_identify(.) by extensions ['cmake', 'python']
[0.375s] Level 1:colcon.colcon_core.package_identification:_identify(.) by extension 'cmake'
[0.375s] Level 1:colcon.colcon_core.package_identification:_identify(.) by extension 'python'
[0.375s] Level 1:colcon.colcon_core.package_identification:_identify(.) by extensions ['python_setup_py']
[0.375s] Level 1:colcon.colcon_core.package_identification:_identify(.) by extension 'python_setup_py'
[0.375s] Level 1:colcon.colcon_core.package_identification:_identify(build) by extensions ['ignore', 'ignore_ament_install']
[0.376s] Level 1:colcon.colcon_core.package_identification:_identify(build) by extension 'ignore'
[0.376s] Level 1:colcon.colcon_core.package_identification:_identify(build) ignored
[0.376s] Level 1:colcon.colcon_core.package_identification:_identify(install) by extensions ['ignore', 'ignore_ament_install']
[0.376s] Level 1:colcon.colcon_core.package_identification:_identify(install) by extension 'ignore'
[0.376s] Level 1:colcon.colcon_core.package_identification:_identify(install) ignored
[0.377s] Level 1:colcon.colcon_core.package_identification:_identify(log) by extensions ['ignore', 'ignore_ament_install']
[0.377s] Level 1:colcon.colcon_core.package_identification:_identify(log) by extension 'ignore'
[0.377s] Level 1:colcon.colcon_core.package_identification:_identify(log) ignored
[0.377s] Level 1:colcon.colcon_core.package_identification:_identify(src) by extensions ['ignore', 'ignore_ament_install']
[0.377s] Level 1:colcon.colcon_core.package_identification:_identify(src) by extension 'ignore'
[0.377s] Level 1:colcon.colcon_core.package_identification:_identify(src) by extension 'ignore_ament_install'
[0.377s] Level 1:colcon.colcon_core.package_identification:_identify(src) by extensions ['colcon_pkg']
[0.377s] Level 1:colcon.colcon_core.package_identification:_identify(src) by extension 'colcon_pkg'
[0.377s] Level 1:colcon.colcon_core.package_identification:_identify(src) by extensions ['colcon_meta']
[0.378s] Level 1:colcon.colcon_core.package_identification:_identify(src) by extension 'colcon_meta'
[0.378s] Level 1:colcon.colcon_core.package_identification:_identify(src) by extensions ['ros']
[0.378s] Level 1:colcon.colcon_core.package_identification:_identify(src) by extension 'ros'
[0.378s] Level 1:colcon.colcon_core.package_identification:_identify(src) by extensions ['cmake', 'python']
[0.378s] Level 1:colcon.colcon_core.package_identification:_identify(src) by extension 'cmake'
[0.378s] Level 1:colcon.colcon_core.package_identification:_identify(src) by extension 'python'
[0.378s] Level 1:colcon.colcon_core.package_identification:_identify(src) by extensions ['python_setup_py']
[0.378s] Level 1:colcon.colcon_core.package_identification:_identify(src) by extension 'python_setup_py'
[0.378s] Level 1:colcon.colcon_core.package_identification:_identify(src/erp_mini_ros) by extensions ['ignore', 'ignore_ament_install']
[0.379s] Level 1:colcon.colcon_core.package_identification:_identify(src/erp_mini_ros) by extension 'ignore'
[0.379s] Level 1:colcon.colcon_core.package_identification:_identify(src/erp_mini_ros) by extension 'ignore_ament_install'
[0.379s] Level 1:colcon.colcon_core.package_identification:_identify(src/erp_mini_ros) by extensions ['colcon_pkg']
[0.379s] Level 1:colcon.colcon_core.package_identification:_identify(src/erp_mini_ros) by extension 'colcon_pkg'
[0.379s] Level 1:colcon.colcon_core.package_identification:_identify(src/erp_mini_ros) by extensions ['colcon_meta']
[0.379s] Level 1:colcon.colcon_core.package_identification:_identify(src/erp_mini_ros) by extension 'colcon_meta'
[0.379s] Level 1:colcon.colcon_core.package_identification:_identify(src/erp_mini_ros) by extensions ['ros']
[0.379s] Level 1:colcon.colcon_core.package_identification:_identify(src/erp_mini_ros) by extension 'ros'
[0.379s] Level 1:colcon.colcon_core.package_identification:_identify(src/erp_mini_ros) by extensions ['cmake', 'python']
[0.379s] Level 1:colcon.colcon_core.package_identification:_identify(src/erp_mini_ros) by extension 'cmake'
[0.379s] Level 1:colcon.colcon_core.package_identification:_identify(src/erp_mini_ros) by extension 'python'
[0.379s] Level 1:colcon.colcon_core.package_identification:_identify(src/erp_mini_ros) by extensions ['python_setup_py']
[0.379s] Level 1:colcon.colcon_core.package_identification:_identify(src/erp_mini_ros) by extension 'python_setup_py'
[0.380s] Level 1:colcon.colcon_core.package_identification:_identify(src/erp_mini_ros/docker) by extensions ['ignore', 'ignore_ament_install']
[0.380s] Level 1:colcon.colcon_core.package_identification:_identify(src/erp_mini_ros/docker) by extension 'ignore'
[0.380s] Level 1:colcon.colcon_core.package_identification:_identify(src/erp_mini_ros/docker) by extension 'ignore_ament_install'
[0.380s] Level 1:colcon.colcon_core.package_identification:_identify(src/erp_mini_ros/docker) by extensions ['colcon_pkg']
[0.380s] Level 1:colcon.colcon_core.package_identification:_identify(src/erp_mini_ros/docker) by extension 'colcon_pkg'
[0.380s] Level 1:colcon.colcon_core.package_identification:_identify(src/erp_mini_ros/docker) by extensions ['colcon_meta']
[0.380s] Level 1:colcon.colcon_core.package_identification:_identify(src/erp_mini_ros/docker) by extension 'colcon_meta'
[0.380s] Level 1:colcon.colcon_core.package_identification:_identify(src/erp_mini_ros/docker) by extensions ['ros']
[0.380s] Level 1:colcon.colcon_core.package_identification:_identify(src/erp_mini_ros/docker) by extension 'ros'
[0.381s] Level 1:colcon.colcon_core.package_identification:_identify(src/erp_mini_ros/docker) by extensions ['cmake', 'python']
[0.381s] Level 1:colcon.colcon_core.package_identification:_identify(src/erp_mini_ros/docker) by extension 'cmake'
[0.381s] Level 1:colcon.colcon_core.package_identification:_identify(src/erp_mini_ros/docker) by extension 'python'
[0.381s] Level 1:colcon.colcon_core.package_identification:_identify(src/erp_mini_ros/docker) by extensions ['python_setup_py']
[0.381s] Level 1:colcon.colcon_core.package_identification:_identify(src/erp_mini_ros/docker) by extension 'python_setup_py'
[0.381s] Level 1:colcon.colcon_core.package_identification:_identify(src/erp_mini_ros/src) by extensions ['ignore', 'ignore_ament_install']
[0.381s] Level 1:colcon.colcon_core.package_identification:_identify(src/erp_mini_ros/src) by extension 'ignore'
[0.381s] Level 1:colcon.colcon_core.package_identification:_identify(src/erp_mini_ros/src) by extension 'ignore_ament_install'
[0.381s] Level 1:colcon.colcon_core.package_identification:_identify(src/erp_mini_ros/src) by extensions ['colcon_pkg']
[0.381s] Level 1:colcon.colcon_core.package_identification:_identify(src/erp_mini_ros/src) by extension 'colcon_pkg'
[0.381s] Level 1:colcon.colcon_core.package_identification:_identify(src/erp_mini_ros/src) by extensions ['colcon_meta']
[0.382s] Level 1:colcon.colcon_core.package_identification:_identify(src/erp_mini_ros/src) by extension 'colcon_meta'
[0.382s] Level 1:colcon.colcon_core.package_identification:_identify(src/erp_mini_ros/src) by extensions ['ros']
[0.382s] Level 1:colcon.colcon_core.package_identification:_identify(src/erp_mini_ros/src) by extension 'ros'
[0.382s] Level 1:colcon.colcon_core.package_identification:_identify(src/erp_mini_ros/src) by extensions ['cmake', 'python']
[0.382s] Level 1:colcon.colcon_core.package_identification:_identify(src/erp_mini_ros/src) by extension 'cmake'
[0.382s] Level 1:colcon.colcon_core.package_identification:_identify(src/erp_mini_ros/src) by extension 'python'
[0.382s] Level 1:colcon.colcon_core.package_identification:_identify(src/erp_mini_ros/src) by extensions ['python_setup_py']
[0.382s] Level 1:colcon.colcon_core.package_identification:_identify(src/erp_mini_ros/src) by extension 'python_setup_py'
[0.382s] Level 1:colcon.colcon_core.package_identification:_identify(src/erp_mini_ros/src/erp_control_pkg) by extensions ['ignore', 'ignore_ament_install']
[0.382s] Level 1:colcon.colcon_core.package_identification:_identify(src/erp_mini_ros/src/erp_control_pkg) by extension 'ignore'
[0.383s] Level 1:colcon.colcon_core.package_identification:_identify(src/erp_mini_ros/src/erp_control_pkg) by extension 'ignore_ament_install'
[0.383s] Level 1:colcon.colcon_core.package_identification:_identify(src/erp_mini_ros/src/erp_control_pkg) by extensions ['colcon_pkg']
[0.383s] Level 1:colcon.colcon_core.package_identification:_identify(src/erp_mini_ros/src/erp_control_pkg) by extension 'colcon_pkg'
[0.383s] Level 1:colcon.colcon_core.package_identification:_identify(src/erp_mini_ros/src/erp_control_pkg) by extensions ['colcon_meta']
[0.383s] Level 1:colcon.colcon_core.package_identification:_identify(src/erp_mini_ros/src/erp_control_pkg) by extension 'colcon_meta'
[0.383s] Level 1:colcon.colcon_core.package_identification:_identify(src/erp_mini_ros/src/erp_control_pkg) by extensions ['ros']
[0.383s] Level 1:colcon.colcon_core.package_identification:_identify(src/erp_mini_ros/src/erp_control_pkg) by extension 'ros'
[0.389s] DEBUG:colcon.colcon_core.package_identification:Package 'src/erp_mini_ros/src/erp_control_pkg' with type 'ros.ament_python' and name 'erp_control_pkg'
[0.389s] Level 1:colcon.colcon_core.package_identification:_identify(src/erp_mini_ros/src/erp_mini_cmake) by extensions ['ignore', 'ignore_ament_install']
[0.389s] Level 1:colcon.colcon_core.package_identification:_identify(src/erp_mini_ros/src/erp_mini_cmake) by extension 'ignore'
[0.390s] Level 1:colcon.colcon_core.package_identification:_identify(src/erp_mini_ros/src/erp_mini_cmake) by extension 'ignore_ament_install'
[0.390s] Level 1:colcon.colcon_core.package_identification:_identify(src/erp_mini_ros/src/erp_mini_cmake) by extensions ['colcon_pkg']
[0.390s] Level 1:colcon.colcon_core.package_identification:_identify(src/erp_mini_ros/src/erp_mini_cmake) by extension 'colcon_pkg'
[0.390s] Level 1:colcon.colcon_core.package_identification:_identify(src/erp_mini_ros/src/erp_mini_cmake) by extensions ['colcon_meta']
[0.390s] Level 1:colcon.colcon_core.package_identification:_identify(src/erp_mini_ros/src/erp_mini_cmake) by extension 'colcon_meta'
[0.390s] Level 1:colcon.colcon_core.package_identification:_identify(src/erp_mini_ros/src/erp_mini_cmake) by extensions ['ros']
[0.390s] Level 1:colcon.colcon_core.package_identification:_identify(src/erp_mini_ros/src/erp_mini_cmake) by extension 'ros'
[0.391s] DEBUG:colcon.colcon_core.package_identification:Package 'src/erp_mini_ros/src/erp_mini_cmake' with type 'ros.ament_cmake' and name 'erp_mini_cmake'
[0.392s] Level 1:colcon.colcon_core.package_identification:_identify(src/erp_mini_ros/src/erp_mini_msgs) by extensions ['ignore', 'ignore_ament_install']
[0.392s] Level 1:colcon.colcon_core.package_identification:_identify(src/erp_mini_ros/src/erp_mini_msgs) by extension 'ignore'
[0.392s] Level 1:colcon.colcon_core.package_identification:_identify(src/erp_mini_ros/src/erp_mini_msgs) by extension 'ignore_ament_install'
[0.392s] Level 1:colcon.colcon_core.package_identification:_identify(src/erp_mini_ros/src/erp_mini_msgs) by extensions ['colcon_pkg']
[0.392s] Level 1:colcon.colcon_core.package_identification:_identify(src/erp_mini_ros/src/erp_mini_msgs) by extension 'colcon_pkg'
[0.392s] Level 1:colcon.colcon_core.package_identification:_identify(src/erp_mini_ros/src/erp_mini_msgs) by extensions ['colcon_meta']
[0.392s] Level 1:colcon.colcon_core.package_identification:_identify(src/erp_mini_ros/src/erp_mini_msgs) by extension 'colcon_meta'
[0.392s] Level 1:colcon.colcon_core.package_identification:_identify(src/erp_mini_ros/src/erp_mini_msgs) by extensions ['ros']
[0.392s] Level 1:colcon.colcon_core.package_identification:_identify(src/erp_mini_ros/src/erp_mini_msgs) by extension 'ros'
[0.394s] DEBUG:colcon.colcon_core.package_identification:Package 'src/erp_mini_ros/src/erp_mini_msgs' with type 'ros.ament_cmake' and name 'erp_mini_msgs'
[0.394s] Level 1:colcon.colcon_core.package_identification:_identify(src/erp_mini_ros/src/erp_mini_rqt_plugin) by extensions ['ignore', 'ignore_ament_install']
[0.394s] Level 1:colcon.colcon_core.package_identification:_identify(src/erp_mini_ros/src/erp_mini_rqt_plugin) by extension 'ignore'
[0.395s] Level 1:colcon.colcon_core.package_identification:_identify(src/erp_mini_ros/src/erp_mini_rqt_plugin) by extension 'ignore_ament_install'
[0.395s] Level 1:colcon.colcon_core.package_identification:_identify(src/erp_mini_ros/src/erp_mini_rqt_plugin) by extensions ['colcon_pkg']
[0.395s] Level 1:colcon.colcon_core.package_identification:_identify(src/erp_mini_ros/src/erp_mini_rqt_plugin) by extension 'colcon_pkg'
[0.395s] Level 1:colcon.colcon_core.package_identification:_identify(src/erp_mini_ros/src/erp_mini_rqt_plugin) by extensions ['colcon_meta']
[0.395s] Level 1:colcon.colcon_core.package_identification:_identify(src/erp_mini_ros/src/erp_mini_rqt_plugin) by extension 'colcon_meta'
[0.395s] Level 1:colcon.colcon_core.package_identification:_identify(src/erp_mini_ros/src/erp_mini_rqt_plugin) by extensions ['ros']
[0.395s] Level 1:colcon.colcon_core.package_identification:_identify(src/erp_mini_ros/src/erp_mini_rqt_plugin) by extension 'ros'
[0.397s] DEBUG:colcon.colcon_core.package_identification:Package 'src/erp_mini_ros/src/erp_mini_rqt_plugin' with type 'ros.ament_cmake' and name 'erp_mini_rqt_plugin'
[0.397s] Level 1:colcon.colcon_core.package_identification:_identify(src/erp_mini_ros/src/erp_mini_serial) by extensions ['ignore', 'ignore_ament_install']
[0.397s] Level 1:colcon.colcon_core.package_identification:_identify(src/erp_mini_ros/src/erp_mini_serial) by extension 'ignore'
[0.397s] Level 1:colcon.colcon_core.package_identification:_identify(src/erp_mini_ros/src/erp_mini_serial) by extension 'ignore_ament_install'
[0.398s] Level 1:colcon.colcon_core.package_identification:_identify(src/erp_mini_ros/src/erp_mini_serial) by extensions ['colcon_pkg']
[0.398s] Level 1:colcon.colcon_core.package_identification:_identify(src/erp_mini_ros/src/erp_mini_serial) by extension 'colcon_pkg'
[0.398s] Level 1:colcon.colcon_core.package_identification:_identify(src/erp_mini_ros/src/erp_mini_serial) by extensions ['colcon_meta']
[0.398s] Level 1:colcon.colcon_core.package_identification:_identify(src/erp_mini_ros/src/erp_mini_serial) by extension 'colcon_meta'
[0.398s] Level 1:colcon.colcon_core.package_identification:_identify(src/erp_mini_ros/src/erp_mini_serial) by extensions ['ros']
[0.398s] Level 1:colcon.colcon_core.package_identification:_identify(src/erp_mini_ros/src/erp_mini_serial) by extension 'ros'
[0.400s] DEBUG:colcon.colcon_core.package_identification:Package 'src/erp_mini_ros/src/erp_mini_serial' with type 'ros.ament_cmake' and name 'erp_mini_serial'
[0.400s] Level 1:colcon.colcon_core.package_identification:_identify(src/erp_mini_ros/src/erp_mini_util) by extensions ['ignore', 'ignore_ament_install']
[0.400s] Level 1:colcon.colcon_core.package_identification:_identify(src/erp_mini_ros/src/erp_mini_util) by extension 'ignore'
[0.400s] Level 1:colcon.colcon_core.package_identification:_identify(src/erp_mini_ros/src/erp_mini_util) by extension 'ignore_ament_install'
[0.400s] Level 1:colcon.colcon_core.package_identification:_identify(src/erp_mini_ros/src/erp_mini_util) by extensions ['colcon_pkg']
[0.400s] Level 1:colcon.colcon_core.package_identification:_identify(src/erp_mini_ros/src/erp_mini_util) by extension 'colcon_pkg'
[0.400s] Level 1:colcon.colcon_core.package_identification:_identify(src/erp_mini_ros/src/erp_mini_util) by extensions ['colcon_meta']
[0.400s] Level 1:colcon.colcon_core.package_identification:_identify(src/erp_mini_ros/src/erp_mini_util) by extension 'colcon_meta'
[0.400s] Level 1:colcon.colcon_core.package_identification:_identify(src/erp_mini_ros/src/erp_mini_util) by extensions ['ros']
[0.401s] Level 1:colcon.colcon_core.package_identification:_identify(src/erp_mini_ros/src/erp_mini_util) by extension 'ros'
[0.401s] DEBUG:colcon.colcon_core.package_identification:Package 'src/erp_mini_ros/src/erp_mini_util' with type 'ros.ament_cmake' and name 'erp_mini_util'
[0.402s] Level 1:colcon.colcon_core.package_identification:_identify(src/rplidar_ros) by extensions ['ignore', 'ignore_ament_install']
[0.402s] Level 1:colcon.colcon_core.package_identification:_identify(src/rplidar_ros) by extension 'ignore'
[0.402s] Level 1:colcon.colcon_core.package_identification:_identify(src/rplidar_ros) by extension 'ignore_ament_install'
[0.402s] Level 1:colcon.colcon_core.package_identification:_identify(src/rplidar_ros) by extensions ['colcon_pkg']
[0.402s] Level 1:colcon.colcon_core.package_identification:_identify(src/rplidar_ros) by extension 'colcon_pkg'
[0.402s] Level 1:colcon.colcon_core.package_identification:_identify(src/rplidar_ros) by extensions ['colcon_meta']
[0.402s] Level 1:colcon.colcon_core.package_identification:_identify(src/rplidar_ros) by extension 'colcon_meta'
[0.402s] Level 1:colcon.colcon_core.package_identification:_identify(src/rplidar_ros) by extensions ['ros']
[0.402s] Level 1:colcon.colcon_core.package_identification:_identify(src/rplidar_ros) by extension 'ros'
[0.403s] DEBUG:colcon.colcon_core.package_identification:Package 'src/rplidar_ros' with type 'ros.ament_cmake' and name 'rplidar_ros'
[0.404s] Level 1:colcon.colcon_core.package_identification:_identify(src/sllidar_ros2) by extensions ['ignore', 'ignore_ament_install']
[0.404s] Level 1:colcon.colcon_core.package_identification:_identify(src/sllidar_ros2) by extension 'ignore'
[0.404s] Level 1:colcon.colcon_core.package_identification:_identify(src/sllidar_ros2) by extension 'ignore_ament_install'
[0.404s] Level 1:colcon.colcon_core.package_identification:_identify(src/sllidar_ros2) by extensions ['colcon_pkg']
[0.404s] Level 1:colcon.colcon_core.package_identification:_identify(src/sllidar_ros2) by extension 'colcon_pkg'
[0.404s] Level 1:colcon.colcon_core.package_identification:_identify(src/sllidar_ros2) by extensions ['colcon_meta']
[0.404s] Level 1:colcon.colcon_core.package_identification:_identify(src/sllidar_ros2) by extension 'colcon_meta'
[0.404s] Level 1:colcon.colcon_core.package_identification:_identify(src/sllidar_ros2) by extensions ['ros']
[0.405s] Level 1:colcon.colcon_core.package_identification:_identify(src/sllidar_ros2) by extension 'ros'
[0.406s] DEBUG:colcon.colcon_core.package_identification:Package 'src/sllidar_ros2' with type 'ros.ament_cmake' and name 'sllidar_ros2'
[0.406s] Level 1:colcon.colcon_core.package_identification:_identify(src/usb_cam) by extensions ['ignore', 'ignore_ament_install']
[0.406s] Level 1:colcon.colcon_core.package_identification:_identify(src/usb_cam) by extension 'ignore'
[0.406s] Level 1:colcon.colcon_core.package_identification:_identify(src/usb_cam) by extension 'ignore_ament_install'
[0.406s] Level 1:colcon.colcon_core.package_identification:_identify(src/usb_cam) by extensions ['colcon_pkg']
[0.406s] Level 1:colcon.colcon_core.package_identification:_identify(src/usb_cam) by extension 'colcon_pkg'
[0.406s] Level 1:colcon.colcon_core.package_identification:_identify(src/usb_cam) by extensions ['colcon_meta']
[0.407s] Level 1:colcon.colcon_core.package_identification:_identify(src/usb_cam) by extension 'colcon_meta'
[0.407s] Level 1:colcon.colcon_core.package_identification:_identify(src/usb_cam) by extensions ['ros']
[0.407s] Level 1:colcon.colcon_core.package_identification:_identify(src/usb_cam) by extension 'ros'
[0.410s] DEBUG:colcon.colcon_core.package_identification:Package 'src/usb_cam' with type 'ros.ament_cmake' and name 'usb_cam'
[0.410s] Level 1:colcon.colcon_core.package_identification:_identify(src/vehicle_control) by extensions ['ignore', 'ignore_ament_install']
[0.410s] Level 1:colcon.colcon_core.package_identification:_identify(src/vehicle_control) by extension 'ignore'
[0.410s] Level 1:colcon.colcon_core.package_identification:_identify(src/vehicle_control) by extension 'ignore_ament_install'
[0.410s] Level 1:colcon.colcon_core.package_identification:_identify(src/vehicle_control) by extensions ['colcon_pkg']
[0.410s] Level 1:colcon.colcon_core.package_identification:_identify(src/vehicle_control) by extension 'colcon_pkg'
[0.411s] Level 1:colcon.colcon_core.package_identification:_identify(src/vehicle_control) by extensions ['colcon_meta']
[0.411s] Level 1:colcon.colcon_core.package_identification:_identify(src/vehicle_control) by extension 'colcon_meta'
[0.411s] Level 1:colcon.colcon_core.package_identification:_identify(src/vehicle_control) by extensions ['ros']
[0.411s] Level 1:colcon.colcon_core.package_identification:_identify(src/vehicle_control) by extension 'ros'
[0.412s] DEBUG:colcon.colcon_core.package_identification:Package 'src/vehicle_control' with type 'ros.ament_python' and name 'vehicle_control'
[0.412s] Level 1:colcon.colcon_core.package_identification:_identify(src/vehicle_launch) by extensions ['ignore', 'ignore_ament_install']
[0.412s] Level 1:colcon.colcon_core.package_identification:_identify(src/vehicle_launch) by extension 'ignore'
[0.413s] Level 1:colcon.colcon_core.package_identification:_identify(src/vehicle_launch) by extension 'ignore_ament_install'
[0.413s] Level 1:colcon.colcon_core.package_identification:_identify(src/vehicle_launch) by extensions ['colcon_pkg']
[0.413s] Level 1:colcon.colcon_core.package_identification:_identify(src/vehicle_launch) by extension 'colcon_pkg'
[0.413s] Level 1:colcon.colcon_core.package_identification:_identify(src/vehicle_launch) by extensions ['colcon_meta']
[0.413s] Level 1:colcon.colcon_core.package_identification:_identify(src/vehicle_launch) by extension 'colcon_meta'
[0.413s] Level 1:colcon.colcon_core.package_identification:_identify(src/vehicle_launch) by extensions ['ros']
[0.413s] Level 1:colcon.colcon_core.package_identification:_identify(src/vehicle_launch) by extension 'ros'
[0.414s] DEBUG:colcon.colcon_core.package_identification:Package 'src/vehicle_launch' with type 'ros.ament_python' and name 'vehicle_launch'
[0.414s] Level 1:colcon.colcon_core.package_discovery:discover_packages(recursive) using defaults
[0.414s] Level 1:colcon.colcon_core.package_discovery:discover_packages(ignore) discover
[0.414s] Level 1:colcon.colcon_core.package_discovery:discover_packages(ignore) using defaults
[0.414s] Level 1:colcon.colcon_core.package_discovery:discover_packages(path) discover
[0.414s] Level 1:colcon.colcon_core.package_discovery:discover_packages(path) using defaults
[0.469s] INFO:colcon.colcon_core.package_selection:Skipping not selected package 'erp_mini_cmake' in 'src/erp_mini_ros/src/erp_mini_cmake'
[0.469s] INFO:colcon.colcon_core.package_selection:Skipping not selected package 'erp_mini_msgs' in 'src/erp_mini_ros/src/erp_mini_msgs'
[0.469s] INFO:colcon.colcon_core.package_selection:Skipping not selected package 'rplidar_ros' in 'src/rplidar_ros'
[0.469s] INFO:colcon.colcon_core.package_selection:Skipping not selected package 'sllidar_ros2' in 'src/sllidar_ros2'
[0.469s] INFO:colcon.colcon_core.package_selection:Skipping not selected package 'usb_cam' in 'src/usb_cam'
[0.469s] INFO:colcon.colcon_core.package_selection:Skipping not selected package 'vehicle_control' in 'src/vehicle_control'
[0.469s] INFO:colcon.colcon_core.package_selection:Skipping not selected package 'vehicle_launch' in 'src/vehicle_launch'
[0.469s] INFO:colcon.colcon_core.package_selection:Skipping not selected package 'erp_mini_util' in 'src/erp_mini_ros/src/erp_mini_util'
[0.469s] INFO:colcon.colcon_core.package_selection:Skipping not selected package 'erp_mini_rqt_plugin' in 'src/erp_mini_ros/src/erp_mini_rqt_plugin'
[0.469s] INFO:colcon.colcon_core.package_selection:Skipping not selected package 'erp_mini_serial' in 'src/erp_mini_ros/src/erp_mini_serial'
[0.470s] Level 1:colcon.colcon_core.package_discovery:discover_packages(prefix_path) check parameters
[0.470s] Level 1:colcon.colcon_core.package_discovery:discover_packages(prefix_path) discover
[0.474s] DEBUG:colcon.colcon_installed_package_information.package_discovery:Found 10 installed packages in /home/fmp/Jeju_Island/install
[0.476s] DEBUG:colcon.colcon_installed_package_information.package_discovery:Found 278 installed packages in /opt/ros/humble
[0.478s] Level 1:colcon.colcon_core.package_discovery:discover_packages(prefix_path) using defaults
[0.538s] Level 5:colcon.colcon_core.verb:set package 'erp_control_pkg' build argument 'cmake_args' from command line to 'None'
[0.539s] Level 5:colcon.colcon_core.verb:set package 'erp_control_pkg' build argument 'cmake_target' from command line to 'None'
[0.539s] Level 5:colcon.colcon_core.verb:set package 'erp_control_pkg' build argument 'cmake_target_skip_unavailable' from command line to 'False'
[0.539s] Level 5:colcon.colcon_core.verb:set package 'erp_control_pkg' build argument 'cmake_clean_cache' from command line to 'False'
[0.539s] Level 5:colcon.colcon_core.verb:set package 'erp_control_pkg' build argument 'cmake_clean_first' from command line to 'False'
[0.539s] Level 5:colcon.colcon_core.verb:set package 'erp_control_pkg' build argument 'cmake_force_configure' from command line to 'False'
[0.539s] Level 5:colcon.colcon_core.verb:set package 'erp_control_pkg' build argument 'ament_cmake_args' from command line to 'None'
[0.539s] Level 5:colcon.colcon_core.verb:set package 'erp_control_pkg' build argument 'catkin_cmake_args' from command line to 'None'
[0.539s] Level 5:colcon.colcon_core.verb:set package 'erp_control_pkg' build argument 'catkin_skip_building_tests' from command line to 'False'
[0.539s] DEBUG:colcon.colcon_core.verb:Building package 'erp_control_pkg' with the following arguments: {'ament_cmake_args': None, 'build_base': '/home/fmp/Jeju_Island/build/erp_control_pkg', 'catkin_cmake_args': None, 'catkin_skip_building_tests': False, 'cmake_args': None, 'cmake_clean_cache': False, 'cmake_clean_first': False, 'cmake_force_configure': False, 'cmake_target': None, 'cmake_target_skip_unavailable': False, 'install_base': '/home/fmp/Jeju_Island/install/erp_control_pkg', 'merge_install': False, 'path': '/home/fmp/Jeju_Island/src/erp_mini_ros/src/erp_control_pkg', 'symlink_install': False, 'test_result_base': None}
[0.539s] INFO:colcon.colcon_core.executor:Executing jobs using 'parallel' executor
[0.541s] DEBUG:colcon.colcon_parallel_executor.executor.parallel:run_until_complete
[0.541s] INFO:colcon.colcon_ros.task.ament_python.build:Building ROS package in '/home/fmp/Jeju_Island/src/erp_mini_ros/src/erp_control_pkg' with build type 'ament_python'
[0.542s] Level 1:colcon.colcon_core.shell:create_environment_hook('erp_control_pkg', 'ament_prefix_path')
[0.545s] INFO:colcon.colcon_core.plugin_system:Skipping extension 'colcon_core.shell.bat': Not used on non-Windows systems
[0.545s] INFO:colcon.colcon_core.shell:Creating environment hook '/home/fmp/Jeju_Island/install/erp_control_pkg/share/erp_control_pkg/hook/ament_prefix_path.ps1'
[0.547s] INFO:colcon.colcon_core.shell:Creating environment descriptor '/home/fmp/Jeju_Island/install/erp_control_pkg/share/erp_control_pkg/hook/ament_prefix_path.dsv'
[0.548s] INFO:colcon.colcon_core.shell:Creating environment hook '/home/fmp/Jeju_Island/install/erp_control_pkg/share/erp_control_pkg/hook/ament_prefix_path.sh'
[0.549s] INFO:colcon.colcon_core.shell:Skip shell extension 'powershell' for command environment: Not usable outside of PowerShell
[0.549s] DEBUG:colcon.colcon_core.shell:Skip shell extension 'dsv' for command environment
[0.910s] INFO:colcon.colcon_core.task.python.build:Building Python package in '/home/fmp/Jeju_Island/src/erp_mini_ros/src/erp_control_pkg'
[0.910s] INFO:colcon.colcon_core.shell:Skip shell extension 'powershell' for command environment: Not usable outside of PowerShell
[0.910s] DEBUG:colcon.colcon_core.shell:Skip shell extension 'dsv' for command environment
[1.377s] DEBUG:colcon.colcon_core.event_handler.log_command:Invoking command in '/home/fmp/Jeju_Island/src/erp_mini_ros/src/erp_control_pkg': CMAKE_PREFIX_PATH=/home/fmp/Jeju_Island/install/erp_mini_msgs:/home/fmp/Jeju_Island/install/usb_cam:/home/fmp/Jeju_Island/install/sllidar_ros2:/home/fmp/Jeju_Island/install/rplidar_ros:/home/fmp/Jeju_Island/install/erp_mini_serial:/home/fmp/Jeju_Island/install/erp_mini_rqt_plugin:/home/fmp/Jeju_Island/install/erp_mini_util:/home/fmp/Jeju_Island/install/erp_mini_cmake LD_LIBRARY_PATH=/home/fmp/Jeju_Island/install/erp_mini_msgs/lib:/home/fmp/Jeju_Island/install/usb_cam/lib:/home/fmp/Jeju_Island/install/erp_mini_serial/lib:/home/fmp/Jeju_Island/install/erp_mini_rqt_plugin/lib:/home/fmp/Jeju_Island/install/erp_mini_util/lib:/opt/ros/humble/opt/rviz_ogre_vendor/lib:/opt/ros/humble/lib/x86_64-linux-gnu:/opt/ros/humble/lib PYTHONPATH=/home/fmp/Jeju_Island/build/erp_control_pkg/prefix_override:/usr/lib/python3/dist-packages/colcon_core/task/python/colcon_distutils_commands:/home/fmp/Jeju_Island/install/erp_control_pkg/lib/python3.10/site-packages:${PYTHONPATH} /usr/bin/python3 -W ignore:setup.py install is deprecated -W ignore:easy_install command is deprecated setup.py egg_info --egg-base ../../../../build/erp_control_pkg build --build-base /home/fmp/Jeju_Island/build/erp_control_pkg/build install --record /home/fmp/Jeju_Island/build/erp_control_pkg/install.log --single-version-externally-managed install_data
[1.798s] DEBUG:colcon.colcon_core.event_handler.log_command:Invoked command in '/home/fmp/Jeju_Island/src/erp_mini_ros/src/erp_control_pkg' returned '0': CMAKE_PREFIX_PATH=/home/fmp/Jeju_Island/install/erp_mini_msgs:/home/fmp/Jeju_Island/install/usb_cam:/home/fmp/Jeju_Island/install/sllidar_ros2:/home/fmp/Jeju_Island/install/rplidar_ros:/home/fmp/Jeju_Island/install/erp_mini_serial:/home/fmp/Jeju_Island/install/erp_mini_rqt_plugin:/home/fmp/Jeju_Island/install/erp_mini_util:/home/fmp/Jeju_Island/install/erp_mini_cmake LD_LIBRARY_PATH=/home/fmp/Jeju_Island/install/erp_mini_msgs/lib:/home/fmp/Jeju_Island/install/usb_cam/lib:/home/fmp/Jeju_Island/install/erp_mini_serial/lib:/home/fmp/Jeju_Island/install/erp_mini_rqt_plugin/lib:/home/fmp/Jeju_Island/install/erp_mini_util/lib:/opt/ros/humble/opt/rviz_ogre_vendor/lib:/opt/ros/humble/lib/x86_64-linux-gnu:/opt/ros/humble/lib PYTHONPATH=/home/fmp/Jeju_Island/build/erp_control_pkg/prefix_override:/usr/lib/python3/dist-packages/colcon_core/task/python/colcon_distutils_commands:/home/fmp/Jeju_Island/install/erp_control_pkg/lib/python3.10/site-packages:${PYTHONPATH} /usr/bin/python3 -W ignore:setup.py install is deprecated -W ignore:easy_install command is deprecated setup.py egg_info --egg-base ../../../../build/erp_control_pkg build --build-base /home/fmp/Jeju_Island/build/erp_control_pkg/build install --record /home/fmp/Jeju_Island/build/erp_control_pkg/install.log --single-version-externally-managed install_data
[1.801s] Level 1:colcon.colcon_core.environment:checking '/home/fmp/Jeju_Island/install/erp_control_pkg' for CMake module files
[1.801s] Level 1:colcon.colcon_core.environment:checking '/home/fmp/Jeju_Island/install/erp_control_pkg' for CMake config files
[1.802s] Level 1:colcon.colcon_core.environment:checking '/home/fmp/Jeju_Island/install/erp_control_pkg/lib'
[1.802s] Level 1:colcon.colcon_core.environment:checking '/home/fmp/Jeju_Island/install/erp_control_pkg/bin'
[1.803s] Level 1:colcon.colcon_core.environment:checking '/home/fmp/Jeju_Island/install/erp_control_pkg/lib/pkgconfig/erp_control_pkg.pc'
[1.803s] Level 1:colcon.colcon_core.environment:checking '/home/fmp/Jeju_Island/install/erp_control_pkg/lib/python3.10/site-packages'
[1.803s] Level 1:colcon.colcon_core.shell:create_environment_hook('erp_control_pkg', 'pythonpath')
[1.803s] INFO:colcon.colcon_core.shell:Creating environment hook '/home/fmp/Jeju_Island/install/erp_control_pkg/share/erp_control_pkg/hook/pythonpath.ps1'
[1.804s] INFO:colcon.colcon_core.shell:Creating environment descriptor '/home/fmp/Jeju_Island/install/erp_control_pkg/share/erp_control_pkg/hook/pythonpath.dsv'
[1.804s] INFO:colcon.colcon_core.shell:Creating environment hook '/home/fmp/Jeju_Island/install/erp_control_pkg/share/erp_control_pkg/hook/pythonpath.sh'
[1.805s] Level 1:colcon.colcon_core.environment:checking '/home/fmp/Jeju_Island/install/erp_control_pkg/bin'
[1.806s] Level 1:colcon.colcon_core.environment:create_environment_scripts_only(erp_control_pkg)
[1.806s] INFO:colcon.colcon_core.shell:Creating package script '/home/fmp/Jeju_Island/install/erp_control_pkg/share/erp_control_pkg/package.ps1'
[1.807s] INFO:colcon.colcon_core.shell:Creating package descriptor '/home/fmp/Jeju_Island/install/erp_control_pkg/share/erp_control_pkg/package.dsv'
[1.808s] INFO:colcon.colcon_core.shell:Creating package script '/home/fmp/Jeju_Island/install/erp_control_pkg/share/erp_control_pkg/package.sh'
[1.809s] INFO:colcon.colcon_core.shell:Creating package script '/home/fmp/Jeju_Island/install/erp_control_pkg/share/erp_control_pkg/package.bash'
[1.810s] INFO:colcon.colcon_core.shell:Creating package script '/home/fmp/Jeju_Island/install/erp_control_pkg/share/erp_control_pkg/package.zsh'
[1.810s] Level 1:colcon.colcon_core.environment:create_file_with_runtime_dependencies(/home/fmp/Jeju_Island/install/erp_control_pkg/share/colcon-core/packages/erp_control_pkg)
[1.811s] DEBUG:colcon.colcon_parallel_executor.executor.parallel:closing loop
[1.811s] DEBUG:colcon.colcon_parallel_executor.executor.parallel:loop closed
[1.811s] DEBUG:colcon.colcon_parallel_executor.executor.parallel:run_until_complete finished with '0'
[1.811s] DEBUG:colcon.colcon_core.event_reactor:joining thread
[1.817s] INFO:colcon.colcon_core.plugin_system:Skipping extension 'colcon_notification.desktop_notification.terminal_notifier': Not used on non-Darwin systems
[1.817s] INFO:colcon.colcon_core.plugin_system:Skipping extension 'colcon_notification.desktop_notification.win32': Not used on non-Windows systems
[1.817s] INFO:colcon.colcon_notification.desktop_notification:Sending desktop notification using 'notify2'
[1.826s] DEBUG:colcon.colcon_core.event_reactor:joined thread
[1.827s] INFO:colcon.colcon_core.shell:Creating prefix script '/home/fmp/Jeju_Island/install/local_setup.ps1'
[1.828s] INFO:colcon.colcon_core.shell:Creating prefix util module '/home/fmp/Jeju_Island/install/_local_setup_util_ps1.py'
[1.829s] INFO:colcon.colcon_core.shell:Creating prefix chain script '/home/fmp/Jeju_Island/install/setup.ps1'
[1.831s] INFO:colcon.colcon_core.shell:Creating prefix script '/home/fmp/Jeju_Island/install/local_setup.sh'
[1.832s] INFO:colcon.colcon_core.shell:Creating prefix util module '/home/fmp/Jeju_Island/install/_local_setup_util_sh.py'
[1.832s] INFO:colcon.colcon_core.shell:Creating prefix chain script '/home/fmp/Jeju_Island/install/setup.sh'
[1.834s] INFO:colcon.colcon_core.shell:Creating prefix script '/home/fmp/Jeju_Island/install/local_setup.bash'
[1.835s] INFO:colcon.colcon_core.shell:Creating prefix chain script '/home/fmp/Jeju_Island/install/setup.bash'
[1.836s] INFO:colcon.colcon_core.shell:Creating prefix script '/home/fmp/Jeju_Island/install/local_setup.zsh'
[1.837s] INFO:colcon.colcon_core.shell:Creating prefix chain script '/home/fmp/Jeju_Island/install/setup.zsh'
