[2.260s] Invoking command in '/home/fmp/Jeju_Island/build/rplidar_ros': CMAKE_PREFIX_PATH=${CMAKE_PREFIX_PATH}:/home/fmp/Jeju_Island/install/erp_mini_driver:/home/fmp/Jeju_Island/install/vehicle_launch:/home/fmp/Jeju_Island/install/vehicle_control:/home/fmp/Jeju_Island/install/erp_control_pkg:/opt/ros/humble /usr/bin/cmake --build /home/fmp/Jeju_Island/build/rplidar_ros -- -j4 -l4
[3.082s] [ 47%] Built target rplidar_node
[3.434s] [ 52%] Built target rplidar_client
[4.003s] [100%] Built target rplidar_composition
[4.173s] Invoked command in '/home/fmp/Jeju_Island/build/rplidar_ros' returned '0': CMAKE_PREFIX_PATH=${CMAKE_PREFIX_PATH}:/home/fmp/Jeju_Island/install/erp_mini_driver:/home/fmp/Jeju_Island/install/vehicle_launch:/home/fmp/Jeju_Island/install/vehicle_control:/home/fmp/Jeju_Island/install/erp_control_pkg:/opt/ros/humble /usr/bin/cmake --build /home/fmp/Jeju_Island/build/rplidar_ros -- -j4 -l4
[4.194s] Invoking command in '/home/fmp/Jeju_Island/build/rplidar_ros': CMAKE_PREFIX_PATH=${CMAKE_PREFIX_PATH}:/home/fmp/Jeju_Island/install/erp_mini_driver:/home/fmp/Jeju_Island/install/vehicle_launch:/home/fmp/Jeju_Island/install/vehicle_control:/home/fmp/Jeju_Island/install/erp_control_pkg:/opt/ros/humble /usr/bin/cmake --install /home/fmp/Jeju_Island/build/rplidar_ros
[4.353s] -- Install configuration: ""
[4.360s] -- Execute custom install script
[4.367s] -- Up-to-date symlink: /home/fmp/Jeju_Island/install/rplidar_ros/share/rplidar_ros/launch/rplidar_a1_launch.py
[4.376s] -- Up-to-date symlink: /home/fmp/Jeju_Island/install/rplidar_ros/share/rplidar_ros/launch/rplidar_a2m12_launch.py
[4.377s] -- Up-to-date symlink: /home/fmp/Jeju_Island/install/rplidar_ros/share/rplidar_ros/launch/rplidar_a2m7_launch.py
[4.389s] -- Up-to-date symlink: /home/fmp/Jeju_Island/install/rplidar_ros/share/rplidar_ros/launch/rplidar_a2m8_launch.py
[4.390s] -- Up-to-date symlink: /home/fmp/Jeju_Island/install/rplidar_ros/share/rplidar_ros/launch/rplidar_a3_launch.py
[4.391s] -- Up-to-date symlink: /home/fmp/Jeju_Island/install/rplidar_ros/share/rplidar_ros/launch/rplidar_c1_launch.py
[4.394s] -- Up-to-date symlink: /home/fmp/Jeju_Island/install/rplidar_ros/share/rplidar_ros/launch/rplidar_s1_launch.py
[4.398s] -- Up-to-date symlink: /home/fmp/Jeju_Island/install/rplidar_ros/share/rplidar_ros/launch/rplidar_s1_tcp_launch.py
[4.401s] -- Up-to-date symlink: /home/fmp/Jeju_Island/install/rplidar_ros/share/rplidar_ros/launch/rplidar_s2_launch.py
[4.406s] -- Up-to-date symlink: /home/fmp/Jeju_Island/install/rplidar_ros/share/rplidar_ros/launch/rplidar_s2e_launch.py
[4.407s] -- Up-to-date symlink: /home/fmp/Jeju_Island/install/rplidar_ros/share/rplidar_ros/launch/rplidar_s3_launch.py
[4.413s] -- Up-to-date symlink: /home/fmp/Jeju_Island/install/rplidar_ros/share/rplidar_ros/launch/rplidar_t1_launch.py
[4.415s] -- Up-to-date symlink: /home/fmp/Jeju_Island/install/rplidar_ros/share/rplidar_ros/launch/view_rplidar_a1_launch.py
[4.419s] -- Up-to-date symlink: /home/fmp/Jeju_Island/install/rplidar_ros/share/rplidar_ros/launch/view_rplidar_a2m12_launch.py
[4.426s] -- Up-to-date symlink: /home/fmp/Jeju_Island/install/rplidar_ros/share/rplidar_ros/launch/view_rplidar_a2m7_launch.py
[4.426s] -- Up-to-date symlink: /home/fmp/Jeju_Island/install/rplidar_ros/share/rplidar_ros/launch/view_rplidar_a2m8_launch.py
[4.436s] -- Up-to-date symlink: /home/fmp/Jeju_Island/install/rplidar_ros/share/rplidar_ros/launch/view_rplidar_a3_launch.py
[4.437s] -- Up-to-date symlink: /home/fmp/Jeju_Island/install/rplidar_ros/share/rplidar_ros/launch/view_rplidar_c1_launch.py
[4.442s] -- Up-to-date symlink: /home/fmp/Jeju_Island/install/rplidar_ros/share/rplidar_ros/launch/view_rplidar_s1_launch.py
[4.451s] -- Up-to-date symlink: /home/fmp/Jeju_Island/install/rplidar_ros/share/rplidar_ros/launch/view_rplidar_s1_tcp_launch.py
[4.451s] -- Up-to-date symlink: /home/fmp/Jeju_Island/install/rplidar_ros/share/rplidar_ros/launch/view_rplidar_s2_launch.py
[4.454s] -- Up-to-date symlink: /home/fmp/Jeju_Island/install/rplidar_ros/share/rplidar_ros/launch/view_rplidar_s2e_launch.py
[4.461s] -- Up-to-date symlink: /home/fmp/Jeju_Island/install/rplidar_ros/share/rplidar_ros/launch/view_rplidar_s3_launch.py
[4.466s] -- Up-to-date symlink: /home/fmp/Jeju_Island/install/rplidar_ros/share/rplidar_ros/launch/view_rplidar_t1_launch.py
[4.467s] -- Up-to-date symlink: /home/fmp/Jeju_Island/install/rplidar_ros/share/rplidar_ros/rviz/rplidar_ros.rviz
[4.472s] -- Up-to-date symlink: /home/fmp/Jeju_Island/install/rplidar_ros/lib/rplidar_ros/rplidar_node
[4.475s] -- Up-to-date symlink: /home/fmp/Jeju_Island/install/rplidar_ros/lib/rplidar_ros/rplidar_composition
[4.477s] -- Up-to-date symlink: /home/fmp/Jeju_Island/install/rplidar_ros/lib/rplidar_ros/rplidar_client
[4.483s] -- Up-to-date symlink: /home/fmp/Jeju_Island/install/rplidar_ros/share/ament_index/resource_index/package_run_dependencies/rplidar_ros
[4.483s] -- Up-to-date symlink: /home/fmp/Jeju_Island/install/rplidar_ros/share/ament_index/resource_index/parent_prefix_path/rplidar_ros
[4.484s] -- Up-to-date symlink: /home/fmp/Jeju_Island/install/rplidar_ros/share/rplidar_ros/environment/ament_prefix_path.sh
[4.484s] -- Up-to-date symlink: /home/fmp/Jeju_Island/install/rplidar_ros/share/rplidar_ros/environment/ament_prefix_path.dsv
[4.488s] -- Up-to-date symlink: /home/fmp/Jeju_Island/install/rplidar_ros/share/rplidar_ros/environment/path.sh
[4.489s] -- Up-to-date symlink: /home/fmp/Jeju_Island/install/rplidar_ros/share/rplidar_ros/environment/path.dsv
[4.489s] -- Up-to-date symlink: /home/fmp/Jeju_Island/install/rplidar_ros/share/rplidar_ros/local_setup.bash
[4.490s] -- Up-to-date symlink: /home/fmp/Jeju_Island/install/rplidar_ros/share/rplidar_ros/local_setup.sh
[4.490s] -- Up-to-date symlink: /home/fmp/Jeju_Island/install/rplidar_ros/share/rplidar_ros/local_setup.zsh
[4.500s] -- Up-to-date symlink: /home/fmp/Jeju_Island/install/rplidar_ros/share/rplidar_ros/local_setup.dsv
[4.501s] -- Symlinking: /home/fmp/Jeju_Island/install/rplidar_ros/share/rplidar_ros/package.dsv
[4.666s] -- Up-to-date symlink: /home/fmp/Jeju_Island/install/rplidar_ros/share/ament_index/resource_index/packages/rplidar_ros
[4.692s] -- Up-to-date symlink: /home/fmp/Jeju_Island/install/rplidar_ros/share/rplidar_ros/cmake/ament_cmake_export_dependencies-extras.cmake
[4.693s] -- Up-to-date symlink: /home/fmp/Jeju_Island/install/rplidar_ros/share/rplidar_ros/cmake/ament_cmake_export_include_directories-extras.cmake
[4.694s] -- Up-to-date symlink: /home/fmp/Jeju_Island/install/rplidar_ros/share/rplidar_ros/cmake/rplidar_rosConfig.cmake
[4.694s] -- Up-to-date symlink: /home/fmp/Jeju_Island/install/rplidar_ros/share/rplidar_ros/cmake/rplidar_rosConfig-version.cmake
[4.704s] -- Up-to-date symlink: /home/fmp/Jeju_Island/install/rplidar_ros/share/rplidar_ros/package.xml
[4.725s] Invoked command in '/home/fmp/Jeju_Island/build/rplidar_ros' returned '0': CMAKE_PREFIX_PATH=${CMAKE_PREFIX_PATH}:/home/fmp/Jeju_Island/install/erp_mini_driver:/home/fmp/Jeju_Island/install/vehicle_launch:/home/fmp/Jeju_Island/install/vehicle_control:/home/fmp/Jeju_Island/install/erp_control_pkg:/opt/ros/humble /usr/bin/cmake --install /home/fmp/Jeju_Island/build/rplidar_ros
