[0.027s] Invoking command in '/home/fmp/Jeju_Island/build/usb_cam': CMAKE_PREFIX_PATH=${CMAKE_PREFIX_PATH}:/opt/ros/humble /usr/bin/cmake --build /home/fmp/Jeju_Island/build/usb_cam -- -j4 -l4
[0.316s] [35m[1mConsolidate compiler generated dependencies of target usb_cam[0m
[0.321s] [35m[1mConsolidate compiler generated dependencies of target gtest[0m
[0.339s] [35m[1mConsolidate compiler generated dependencies of target usb_cam_node_exe[0m
[0.340s] [35m[1mConsolidate compiler generated dependencies of target gtest_main[0m
[0.451s] [ 14%] Built target gtest_main
[0.496s] [ 28%] Built target usb_cam
[0.500s] [ 42%] Built target gtest
[0.511s] [ 57%] Built target usb_cam_node_exe
[0.562s] [35m[1mConsolidate compiler generated dependencies of target usb_cam_node[0m
[0.563s] [35m[1mConsolidate compiler generated dependencies of target test_pixel_formats[0m
[0.563s] [35m[1mConsolidate compiler generated dependencies of target test_usb_cam_utils[0m
[0.636s] [ 71%] Built target test_usb_cam_utils
[0.636s] [ 85%] Built target test_pixel_formats
[0.652s] [100%] Built target usb_cam_node
[0.704s] Invoked command in '/home/fmp/Jeju_Island/build/usb_cam' returned '0': CMAKE_PREFIX_PATH=${CMAKE_PREFIX_PATH}:/opt/ros/humble /usr/bin/cmake --build /home/fmp/Jeju_Island/build/usb_cam -- -j4 -l4
[0.712s] Invoking command in '/home/fmp/Jeju_Island/build/usb_cam': CMAKE_PREFIX_PATH=${CMAKE_PREFIX_PATH}:/opt/ros/humble /usr/bin/cmake --install /home/fmp/Jeju_Island/build/usb_cam
[0.733s] -- Install configuration: ""
[0.735s] -- Execute custom install script
[0.737s] -- Up-to-date symlink: /home/fmp/Jeju_Island/install/usb_cam/share/usb_cam/environment/library_path.sh
[0.741s] -- Up-to-date symlink: /home/fmp/Jeju_Island/install/usb_cam/share/usb_cam/environment/library_path.dsv
[0.743s] -- Up-to-date symlink: /home/fmp/Jeju_Island/install/usb_cam/lib/usb_cam/usb_cam_node_exe
[0.747s] -- Up-to-date symlink: /home/fmp/Jeju_Island/install/usb_cam/lib/usb_cam/show_image.py
[0.749s] -- Up-to-date symlink: /home/fmp/Jeju_Island/install/usb_cam/lib/libusb_cam.so
[0.751s] -- Up-to-date symlink: /home/fmp/Jeju_Island/install/usb_cam/lib/libusb_cam_node.so
[0.756s] -- Up-to-date symlink: /home/fmp/Jeju_Island/install/usb_cam/include/usb_cam/constants.hpp
[0.757s] -- Up-to-date symlink: /home/fmp/Jeju_Island/install/usb_cam/include/usb_cam/conversions.hpp
[0.758s] -- Up-to-date symlink: /home/fmp/Jeju_Island/install/usb_cam/include/usb_cam/formats/av_pixel_format_helper.hpp
[0.758s] -- Up-to-date symlink: /home/fmp/Jeju_Island/install/usb_cam/include/usb_cam/formats/m420.hpp
[0.761s] -- Up-to-date symlink: /home/fmp/Jeju_Island/install/usb_cam/include/usb_cam/formats/mjpeg.hpp
[0.762s] -- Up-to-date symlink: /home/fmp/Jeju_Island/install/usb_cam/include/usb_cam/formats/mono.hpp
[0.762s] -- Up-to-date symlink: /home/fmp/Jeju_Island/install/usb_cam/include/usb_cam/formats/pixel_format_base.hpp
[0.763s] -- Up-to-date symlink: /home/fmp/Jeju_Island/install/usb_cam/include/usb_cam/formats/rgb.hpp
[0.766s] -- Up-to-date symlink: /home/fmp/Jeju_Island/install/usb_cam/include/usb_cam/formats/utils.hpp
[0.767s] -- Up-to-date symlink: /home/fmp/Jeju_Island/install/usb_cam/include/usb_cam/formats/uyvy.hpp
[0.768s] -- Up-to-date symlink: /home/fmp/Jeju_Island/install/usb_cam/include/usb_cam/formats/yuyv.hpp
[0.769s] -- Up-to-date symlink: /home/fmp/Jeju_Island/install/usb_cam/include/usb_cam/usb_cam.hpp
[0.769s] -- Up-to-date symlink: /home/fmp/Jeju_Island/install/usb_cam/include/usb_cam/usb_cam_node.hpp
[0.770s] -- Up-to-date symlink: /home/fmp/Jeju_Island/install/usb_cam/include/usb_cam/utils.hpp
[0.772s] -- Up-to-date symlink: /home/fmp/Jeju_Island/install/usb_cam/lib/libusb_cam_node.so
[0.772s] -- Up-to-date symlink: /home/fmp/Jeju_Island/install/usb_cam/share/usb_cam/launch/__init__.py
[0.773s] -- Up-to-date symlink: /home/fmp/Jeju_Island/install/usb_cam/share/usb_cam/launch/__pycache__/camera_config.cpython-310.pyc
[0.773s] -- Up-to-date symlink: /home/fmp/Jeju_Island/install/usb_cam/share/usb_cam/launch/camera.launch.py
[0.774s] -- Up-to-date symlink: /home/fmp/Jeju_Island/install/usb_cam/share/usb_cam/launch/camera_config.py
[0.775s] -- Up-to-date symlink: /home/fmp/Jeju_Island/install/usb_cam/share/usb_cam/config/camera_info.yaml
[0.775s] -- Up-to-date symlink: /home/fmp/Jeju_Island/install/usb_cam/share/usb_cam/config/params_1.yaml
[0.786s] -- Up-to-date symlink: /home/fmp/Jeju_Island/install/usb_cam/share/usb_cam/config/params_2.yaml
[0.788s] -- Up-to-date symlink: /home/fmp/Jeju_Island/install/usb_cam/share/ament_index/resource_index/package_run_dependencies/usb_cam
[0.788s] -- Up-to-date symlink: /home/fmp/Jeju_Island/install/usb_cam/share/ament_index/resource_index/parent_prefix_path/usb_cam
[0.789s] -- Up-to-date symlink: /home/fmp/Jeju_Island/install/usb_cam/share/usb_cam/environment/ament_prefix_path.sh
[0.789s] -- Up-to-date symlink: /home/fmp/Jeju_Island/install/usb_cam/share/usb_cam/environment/ament_prefix_path.dsv
[0.789s] -- Up-to-date symlink: /home/fmp/Jeju_Island/install/usb_cam/share/usb_cam/environment/path.sh
[0.792s] -- Up-to-date symlink: /home/fmp/Jeju_Island/install/usb_cam/share/usb_cam/environment/path.dsv
[0.792s] -- Up-to-date symlink: /home/fmp/Jeju_Island/install/usb_cam/share/usb_cam/local_setup.bash
[0.793s] -- Up-to-date symlink: /home/fmp/Jeju_Island/install/usb_cam/share/usb_cam/local_setup.sh
[0.793s] -- Up-to-date symlink: /home/fmp/Jeju_Island/install/usb_cam/share/usb_cam/local_setup.zsh
[0.793s] -- Up-to-date symlink: /home/fmp/Jeju_Island/install/usb_cam/share/usb_cam/local_setup.dsv
[0.793s] -- Symlinking: /home/fmp/Jeju_Island/install/usb_cam/share/usb_cam/package.dsv
[0.829s] -- Up-to-date symlink: /home/fmp/Jeju_Island/install/usb_cam/share/ament_index/resource_index/packages/usb_cam
[0.832s] -- Up-to-date symlink: /home/fmp/Jeju_Island/install/usb_cam/share/ament_index/resource_index/rclcpp_components/usb_cam
[0.832s] -- Up-to-date symlink: /home/fmp/Jeju_Island/install/usb_cam/share/usb_cam/cmake/ament_cmake_export_libraries-extras.cmake
[0.833s] -- Up-to-date symlink: /home/fmp/Jeju_Island/install/usb_cam/share/usb_cam/cmake/ament_cmake_export_dependencies-extras.cmake
[0.833s] -- Up-to-date symlink: /home/fmp/Jeju_Island/install/usb_cam/share/usb_cam/cmake/ament_cmake_export_include_directories-extras.cmake
[0.833s] -- Up-to-date symlink: /home/fmp/Jeju_Island/install/usb_cam/share/usb_cam/cmake/usb_camConfig.cmake
[0.834s] -- Up-to-date symlink: /home/fmp/Jeju_Island/install/usb_cam/share/usb_cam/cmake/usb_camConfig-version.cmake
[0.834s] -- Up-to-date symlink: /home/fmp/Jeju_Island/install/usb_cam/share/usb_cam/package.xml
[0.920s] Invoked command in '/home/fmp/Jeju_Island/build/usb_cam' returned '0': CMAKE_PREFIX_PATH=${CMAKE_PREFIX_PATH}:/opt/ros/humble /usr/bin/cmake --install /home/fmp/Jeju_Island/build/usb_cam
