running egg_info
writing ../../build/vehicle_control/vehicle_control.egg-info/PKG-INFO
writing dependency_links to ../../build/vehicle_control/vehicle_control.egg-info/dependency_links.txt
writing entry points to ../../build/vehicle_control/vehicle_control.egg-info/entry_points.txt
writing requirements to ../../build/vehicle_control/vehicle_control.egg-info/requires.txt
writing top-level names to ../../build/vehicle_control/vehicle_control.egg-info/top_level.txt
reading manifest file '../../build/vehicle_control/vehicle_control.egg-info/SOURCES.txt'
writing manifest file '../../build/vehicle_control/vehicle_control.egg-info/SOURCES.txt'
running build
running build_py
running install
running install_lib
running install_data
running install_egg_info
removing '/home/fmp/Jeju_Island/install/vehicle_control/lib/python3.10/site-packages/vehicle_control-0.0.0-py3.10.egg-info' (and everything under it)
Copying ../../build/vehicle_control/vehicle_control.egg-info to /home/fmp/Jeju_Island/install/vehicle_control/lib/python3.10/site-packages/vehicle_control-0.0.0-py3.10.egg-info
running install_scripts
Installing motor_driver script to /home/fmp/Jeju_Island/install/vehicle_control/lib/vehicle_control
Installing path_follower script to /home/fmp/Jeju_Island/install/vehicle_control/lib/vehicle_control
writing list of installed files to '/home/fmp/Jeju_Island/build/vehicle_control/install.log'
