[0.132s] Invoking command in '/home/fmp/Jeju_Island/build/erp_mini_serial': CMAKE_PREFIX_PATH=/home/fmp/Jeju_Island/install/erp_mini_util:/home/fmp/Jeju_Island/install/erp_mini_msgs:/home/fmp/Jeju_Island/install/erp_mini_cmake:/home/fmp/Jeju_Island/install/usb_cam:/home/fmp/Jeju_Island/install/sllidar_ros2:/home/fmp/Jeju_Island/install/rplidar_ros:/home/fmp/Jeju_Island/install/erp_mini_serial:/home/fmp/Jeju_Island/install/erp_mini_rqt_plugin:/home/fmp/Jeju_Island/install/vehicle_control:/home/fmp/Jeju_Island/install/erp_control_pkg:/opt/ros/humble LD_LIBRARY_PATH=/home/fmp/Jeju_Island/install/erp_mini_util/lib:/home/fmp/Jeju_Island/install/erp_mini_msgs/lib:/home/fmp/Jeju_Island/install/usb_cam/lib:/home/fmp/Jeju_Island/install/erp_mini_serial/lib:/home/fmp/Jeju_Island/install/erp_mini_rqt_plugin/lib:/opt/ros/humble/opt/rviz_ogre_vendor/lib:/opt/ros/humble/lib/x86_64-linux-gnu:/opt/ros/humble/lib /usr/bin/cmake /home/fmp/Jeju_Island/src/erp_mini_ros/src/erp_mini_serial -DCMAKE_INSTALL_PREFIX=/home/fmp/Jeju_Island/install/erp_mini_serial
[0.247s] -- Found erp_mini_cmake: 0.0.0 (/home/fmp/Jeju_Island/install/erp_mini_cmake/share/erp_mini_cmake/cmake)
[0.250s] -- Found ament_cmake_auto: 1.3.12 (/opt/ros/humble/share/ament_cmake_auto/cmake)
[1.034s] -- Override CMake install command with custom implementation using symlinks instead of copying resources
[2.118s] -- Found rosidl_generator_c: 3.1.7 (/opt/ros/humble/share/rosidl_generator_c/cmake)
[2.136s] -- Found rosidl_adapter: 3.1.7 (/opt/ros/humble/share/rosidl_adapter/cmake)
[2.165s] -- Found rosidl_generator_cpp: 3.1.7 (/opt/ros/humble/share/rosidl_generator_cpp/cmake)
[2.211s] -- Using all available rosidl_typesupport_c: rosidl_typesupport_fastrtps_c;rosidl_typesupport_introspection_c
[2.306s] -- Using all available rosidl_typesupport_cpp: rosidl_typesupport_fastrtps_cpp;rosidl_typesupport_introspection_cpp
[2.779s] -- Found rmw_implementation_cmake: 6.1.2 (/opt/ros/humble/share/rmw_implementation_cmake/cmake)
[2.789s] -- Found rmw_fastrtps_cpp: 6.2.9 (/opt/ros/humble/share/rmw_fastrtps_cpp/cmake)
[3.303s] -- Using RMW implementation 'rmw_fastrtps_cpp' as default
[4.100s] -- Configuring done
[4.201s] -- Generating done
[4.246s] -- Build files have been written to: /home/fmp/Jeju_Island/build/erp_mini_serial
[4.294s] Invoked command in '/home/fmp/Jeju_Island/build/erp_mini_serial' returned '0': CMAKE_PREFIX_PATH=/home/fmp/Jeju_Island/install/erp_mini_util:/home/fmp/Jeju_Island/install/erp_mini_msgs:/home/fmp/Jeju_Island/install/erp_mini_cmake:/home/fmp/Jeju_Island/install/usb_cam:/home/fmp/Jeju_Island/install/sllidar_ros2:/home/fmp/Jeju_Island/install/rplidar_ros:/home/fmp/Jeju_Island/install/erp_mini_serial:/home/fmp/Jeju_Island/install/erp_mini_rqt_plugin:/home/fmp/Jeju_Island/install/vehicle_control:/home/fmp/Jeju_Island/install/erp_control_pkg:/opt/ros/humble LD_LIBRARY_PATH=/home/fmp/Jeju_Island/install/erp_mini_util/lib:/home/fmp/Jeju_Island/install/erp_mini_msgs/lib:/home/fmp/Jeju_Island/install/usb_cam/lib:/home/fmp/Jeju_Island/install/erp_mini_serial/lib:/home/fmp/Jeju_Island/install/erp_mini_rqt_plugin/lib:/opt/ros/humble/opt/rviz_ogre_vendor/lib:/opt/ros/humble/lib/x86_64-linux-gnu:/opt/ros/humble/lib /usr/bin/cmake /home/fmp/Jeju_Island/src/erp_mini_ros/src/erp_mini_serial -DCMAKE_INSTALL_PREFIX=/home/fmp/Jeju_Island/install/erp_mini_serial
[4.299s] Invoking command in '/home/fmp/Jeju_Island/build/erp_mini_serial': CMAKE_PREFIX_PATH=/home/fmp/Jeju_Island/install/erp_mini_util:/home/fmp/Jeju_Island/install/erp_mini_msgs:/home/fmp/Jeju_Island/install/erp_mini_cmake:/home/fmp/Jeju_Island/install/usb_cam:/home/fmp/Jeju_Island/install/sllidar_ros2:/home/fmp/Jeju_Island/install/rplidar_ros:/home/fmp/Jeju_Island/install/erp_mini_serial:/home/fmp/Jeju_Island/install/erp_mini_rqt_plugin:/home/fmp/Jeju_Island/install/vehicle_control:/home/fmp/Jeju_Island/install/erp_control_pkg:/opt/ros/humble LD_LIBRARY_PATH=/home/fmp/Jeju_Island/install/erp_mini_util/lib:/home/fmp/Jeju_Island/install/erp_mini_msgs/lib:/home/fmp/Jeju_Island/install/usb_cam/lib:/home/fmp/Jeju_Island/install/erp_mini_serial/lib:/home/fmp/Jeju_Island/install/erp_mini_rqt_plugin/lib:/opt/ros/humble/opt/rviz_ogre_vendor/lib:/opt/ros/humble/lib/x86_64-linux-gnu:/opt/ros/humble/lib /usr/bin/cmake --build /home/fmp/Jeju_Island/build/erp_mini_serial -- -j4 -l4
[4.622s] [35m[1mConsolidate compiler generated dependencies of target serial_bridge_composable[0m
[4.627s] [35m[1mConsolidate compiler generated dependencies of target erp_mini_serial[0m
[4.743s] [ 14%] [32mBuilding CXX object CMakeFiles/erp_mini_serial.dir/src/serial_port.cpp.o[0m
[4.777s] [ 28%] [32mBuilding CXX object CMakeFiles/erp_mini_serial.dir/src/serial_bridge.cpp.o[0m
[4.815s] [ 57%] Built target serial_bridge_composable
[92.389s] [ 71%] [32m[1mLinking CXX shared library liberp_mini_serial.so[0m
[96.124s] [ 71%] Built target erp_mini_serial
[96.210s] [35m[1mConsolidate compiler generated dependencies of target serial_bridge[0m
[96.311s] [ 85%] [32mBuilding CXX object CMakeFiles/serial_bridge.dir/node/serial_bridge_node.cpp.o[0m
[110.938s] [100%] [32m[1mLinking CXX executable serial_bridge[0m
[112.299s] [100%] Built target serial_bridge
[112.343s] Invoked command in '/home/fmp/Jeju_Island/build/erp_mini_serial' returned '0': CMAKE_PREFIX_PATH=/home/fmp/Jeju_Island/install/erp_mini_util:/home/fmp/Jeju_Island/install/erp_mini_msgs:/home/fmp/Jeju_Island/install/erp_mini_cmake:/home/fmp/Jeju_Island/install/usb_cam:/home/fmp/Jeju_Island/install/sllidar_ros2:/home/fmp/Jeju_Island/install/rplidar_ros:/home/fmp/Jeju_Island/install/erp_mini_serial:/home/fmp/Jeju_Island/install/erp_mini_rqt_plugin:/home/fmp/Jeju_Island/install/vehicle_control:/home/fmp/Jeju_Island/install/erp_control_pkg:/opt/ros/humble LD_LIBRARY_PATH=/home/fmp/Jeju_Island/install/erp_mini_util/lib:/home/fmp/Jeju_Island/install/erp_mini_msgs/lib:/home/fmp/Jeju_Island/install/usb_cam/lib:/home/fmp/Jeju_Island/install/erp_mini_serial/lib:/home/fmp/Jeju_Island/install/erp_mini_rqt_plugin/lib:/opt/ros/humble/opt/rviz_ogre_vendor/lib:/opt/ros/humble/lib/x86_64-linux-gnu:/opt/ros/humble/lib /usr/bin/cmake --build /home/fmp/Jeju_Island/build/erp_mini_serial -- -j4 -l4
[112.348s] Invoking command in '/home/fmp/Jeju_Island/build/erp_mini_serial': CMAKE_PREFIX_PATH=/home/fmp/Jeju_Island/install/erp_mini_util:/home/fmp/Jeju_Island/install/erp_mini_msgs:/home/fmp/Jeju_Island/install/erp_mini_cmake:/home/fmp/Jeju_Island/install/usb_cam:/home/fmp/Jeju_Island/install/sllidar_ros2:/home/fmp/Jeju_Island/install/rplidar_ros:/home/fmp/Jeju_Island/install/erp_mini_serial:/home/fmp/Jeju_Island/install/erp_mini_rqt_plugin:/home/fmp/Jeju_Island/install/vehicle_control:/home/fmp/Jeju_Island/install/erp_control_pkg:/opt/ros/humble LD_LIBRARY_PATH=/home/fmp/Jeju_Island/install/erp_mini_util/lib:/home/fmp/Jeju_Island/install/erp_mini_msgs/lib:/home/fmp/Jeju_Island/install/usb_cam/lib:/home/fmp/Jeju_Island/install/erp_mini_serial/lib:/home/fmp/Jeju_Island/install/erp_mini_rqt_plugin/lib:/opt/ros/humble/opt/rviz_ogre_vendor/lib:/opt/ros/humble/lib/x86_64-linux-gnu:/opt/ros/humble/lib /usr/bin/cmake --install /home/fmp/Jeju_Island/build/erp_mini_serial
[112.385s] -- Install configuration: ""
[112.388s] -- Execute custom install script
[112.388s] -- Up-to-date symlink: /home/fmp/Jeju_Island/install/erp_mini_serial/lib/erp_mini_serial/serial_bridge_composable
[112.389s] -- Up-to-date symlink: /home/fmp/Jeju_Island/install/erp_mini_serial/include/erp_mini_serial/erp_mini_serial/serial_bridge.hpp
[112.390s] -- Up-to-date symlink: /home/fmp/Jeju_Island/install/erp_mini_serial/include/erp_mini_serial/erp_mini_serial/serial_packet.hpp
[112.393s] -- Up-to-date symlink: /home/fmp/Jeju_Island/install/erp_mini_serial/include/erp_mini_serial/erp_mini_serial/serial_port.hpp
[112.393s] -- Up-to-date symlink: /home/fmp/Jeju_Island/install/erp_mini_serial/share/erp_mini_serial/environment/library_path.sh
[112.393s] -- Up-to-date symlink: /home/fmp/Jeju_Island/install/erp_mini_serial/share/erp_mini_serial/environment/library_path.dsv
[112.394s] -- Up-to-date symlink: /home/fmp/Jeju_Island/install/erp_mini_serial/lib/liberp_mini_serial.so
[112.394s] -- Up-to-date symlink: /home/fmp/Jeju_Island/install/erp_mini_serial/lib/erp_mini_serial/serial_bridge
[112.396s] -- Up-to-date symlink: /home/fmp/Jeju_Island/install/erp_mini_serial/share/ament_index/resource_index/package_run_dependencies/erp_mini_serial
[112.396s] -- Up-to-date symlink: /home/fmp/Jeju_Island/install/erp_mini_serial/share/ament_index/resource_index/parent_prefix_path/erp_mini_serial
[112.397s] -- Up-to-date symlink: /home/fmp/Jeju_Island/install/erp_mini_serial/share/erp_mini_serial/environment/ament_prefix_path.sh
[112.397s] -- Up-to-date symlink: /home/fmp/Jeju_Island/install/erp_mini_serial/share/erp_mini_serial/environment/ament_prefix_path.dsv
[112.398s] -- Up-to-date symlink: /home/fmp/Jeju_Island/install/erp_mini_serial/share/erp_mini_serial/environment/path.sh
[112.399s] -- Up-to-date symlink: /home/fmp/Jeju_Island/install/erp_mini_serial/share/erp_mini_serial/environment/path.dsv
[112.400s] -- Up-to-date symlink: /home/fmp/Jeju_Island/install/erp_mini_serial/share/erp_mini_serial/local_setup.bash
[112.401s] -- Up-to-date symlink: /home/fmp/Jeju_Island/install/erp_mini_serial/share/erp_mini_serial/local_setup.sh
[112.402s] -- Up-to-date symlink: /home/fmp/Jeju_Island/install/erp_mini_serial/share/erp_mini_serial/local_setup.zsh
[112.403s] -- Up-to-date symlink: /home/fmp/Jeju_Island/install/erp_mini_serial/share/erp_mini_serial/local_setup.dsv
[112.404s] -- Symlinking: /home/fmp/Jeju_Island/install/erp_mini_serial/share/erp_mini_serial/package.dsv
[112.442s] -- Up-to-date symlink: /home/fmp/Jeju_Island/install/erp_mini_serial/share/ament_index/resource_index/packages/erp_mini_serial
[112.442s] -- Up-to-date symlink: /home/fmp/Jeju_Island/install/erp_mini_serial/share/ament_index/resource_index/rclcpp_components/erp_mini_serial
[112.443s] -- Up-to-date symlink: /home/fmp/Jeju_Island/install/erp_mini_serial/share/erp_mini_serial/cmake/ament_cmake_export_dependencies-extras.cmake
[112.443s] -- Up-to-date symlink: /home/fmp/Jeju_Island/install/erp_mini_serial/share/erp_mini_serial/cmake/ament_cmake_export_include_directories-extras.cmake
[112.443s] -- Up-to-date symlink: /home/fmp/Jeju_Island/install/erp_mini_serial/share/erp_mini_serial/cmake/ament_cmake_export_libraries-extras.cmake
[112.444s] -- Up-to-date symlink: /home/fmp/Jeju_Island/install/erp_mini_serial/share/erp_mini_serial/cmake/erp_mini_serialConfig.cmake
[112.445s] -- Up-to-date symlink: /home/fmp/Jeju_Island/install/erp_mini_serial/share/erp_mini_serial/cmake/erp_mini_serialConfig-version.cmake
[112.447s] -- Up-to-date symlink: /home/fmp/Jeju_Island/install/erp_mini_serial/share/erp_mini_serial/package.xml
[112.447s] -- Up-to-date symlink: /home/fmp/Jeju_Island/install/erp_mini_serial/share/erp_mini_serial/config/serial_bridge.param.yaml
[112.447s] -- Up-to-date symlink: /home/fmp/Jeju_Island/install/erp_mini_serial/share/erp_mini_serial/launch/serial_bridge.launch.py
[112.459s] Invoked command in '/home/fmp/Jeju_Island/build/erp_mini_serial' returned '0': CMAKE_PREFIX_PATH=/home/fmp/Jeju_Island/install/erp_mini_util:/home/fmp/Jeju_Island/install/erp_mini_msgs:/home/fmp/Jeju_Island/install/erp_mini_cmake:/home/fmp/Jeju_Island/install/usb_cam:/home/fmp/Jeju_Island/install/sllidar_ros2:/home/fmp/Jeju_Island/install/rplidar_ros:/home/fmp/Jeju_Island/install/erp_mini_serial:/home/fmp/Jeju_Island/install/erp_mini_rqt_plugin:/home/fmp/Jeju_Island/install/vehicle_control:/home/fmp/Jeju_Island/install/erp_control_pkg:/opt/ros/humble LD_LIBRARY_PATH=/home/fmp/Jeju_Island/install/erp_mini_util/lib:/home/fmp/Jeju_Island/install/erp_mini_msgs/lib:/home/fmp/Jeju_Island/install/usb_cam/lib:/home/fmp/Jeju_Island/install/erp_mini_serial/lib:/home/fmp/Jeju_Island/install/erp_mini_rqt_plugin/lib:/opt/ros/humble/opt/rviz_ogre_vendor/lib:/opt/ros/humble/lib/x86_64-linux-gnu:/opt/ros/humble/lib /usr/bin/cmake --install /home/fmp/Jeju_Island/build/erp_mini_serial
