[3.003s] Invoking command in '/home/fmp/Jeju_Island/build/vehicle_control': PYTHONPATH=/home/fmp/Jeju_Island/build/vehicle_control/prefix_override:/usr/lib/python3/dist-packages/colcon_core/task/python/colcon_distutils_commands:/home/fmp/Jeju_Island/install/vehicle_control/lib/python3.10/site-packages:${PYTHONPATH} /usr/bin/python3 -W ignore:setup.py install is deprecated -W ignore:easy_install command is deprecated setup.py develop --editable --build-directory /home/fmp/Jeju_Island/build/vehicle_control/build --no-deps symlink_data
[3.454s] running develop
[3.704s] running egg_info
[3.704s] creating vehicle_control.egg-info
[3.704s] writing vehicle_control.egg-info/PKG-INFO
[3.705s] writing dependency_links to vehicle_control.egg-info/dependency_links.txt
[3.705s] writing entry points to vehicle_control.egg-info/entry_points.txt
[3.705s] writing requirements to vehicle_control.egg-info/requires.txt
[3.705s] writing top-level names to vehicle_control.egg-info/top_level.txt
[3.705s] writing manifest file 'vehicle_control.egg-info/SOURCES.txt'
[3.707s] reading manifest file 'vehicle_control.egg-info/SOURCES.txt'
[3.708s] writing manifest file 'vehicle_control.egg-info/SOURCES.txt'
[3.710s] running build_ext
[3.710s] Creating /home/fmp/Jeju_Island/install/vehicle_control/lib/python3.10/site-packages/vehicle-control.egg-link (link to .)
[3.711s] Installing motor_driver script to /home/fmp/Jeju_Island/install/vehicle_control/lib/vehicle_control
[3.711s] Installing path_follower script to /home/fmp/Jeju_Island/install/vehicle_control/lib/vehicle_control
[3.712s] 
[3.712s] Installed /home/fmp/Jeju_Island/build/vehicle_control
[3.712s] running symlink_data
[3.712s] creating /home/fmp/Jeju_Island/install/vehicle_control/share/ament_index
[3.712s] creating /home/fmp/Jeju_Island/install/vehicle_control/share/ament_index/resource_index
[3.712s] creating /home/fmp/Jeju_Island/install/vehicle_control/share/ament_index/resource_index/packages
[3.712s] symbolically linking /home/fmp/Jeju_Island/build/vehicle_control/resource/vehicle_control -> /home/fmp/Jeju_Island/install/vehicle_control/share/ament_index/resource_index/packages
[3.712s] symbolically linking /home/fmp/Jeju_Island/build/vehicle_control/package.xml -> /home/fmp/Jeju_Island/install/vehicle_control/share/vehicle_control
[3.825s] Invoked command in '/home/fmp/Jeju_Island/build/vehicle_control' returned '0': PYTHONPATH=/home/fmp/Jeju_Island/build/vehicle_control/prefix_override:/usr/lib/python3/dist-packages/colcon_core/task/python/colcon_distutils_commands:/home/fmp/Jeju_Island/install/vehicle_control/lib/python3.10/site-packages:${PYTHONPATH} /usr/bin/python3 -W ignore:setup.py install is deprecated -W ignore:easy_install command is deprecated setup.py develop --editable --build-directory /home/fmp/Jeju_Island/build/vehicle_control/build --no-deps symlink_data
