[0.087s] Invoking command in '/home/fmp/Jeju_Island/build/erp_mini_cmake': CMAKE_PREFIX_PATH=${CMAKE_PREFIX_PATH}:/home/fmp/Jeju_Island/install/vehicle_control:/home/fmp/Jeju_Island/install/erp_control_pkg:/opt/ros/humble /usr/bin/cmake /home/fmp/Jeju_Island/src/erp_mini_ros/src/erp_mini_cmake -DCMAKE_INSTALL_PREFIX=/home/fmp/Jeju_Island/install/erp_mini_cmake
[0.137s] -- Found ament_cmake_auto: 1.3.12 (/opt/ros/humble/share/ament_cmake_auto/cmake)
[1.233s] -- Override CMake install command with custom implementation using symlinks instead of copying resources
[1.865s] -- Configuring done
[1.897s] -- Generating done
[1.911s] -- Build files have been written to: /home/fmp/Jeju_Island/build/erp_mini_cmake
[1.945s] Invoked command in '/home/fmp/Jeju_Island/build/erp_mini_cmake' returned '0': CMAKE_PREFIX_PATH=${CMAKE_PREFIX_PATH}:/home/fmp/Jeju_Island/install/vehicle_control:/home/fmp/Jeju_Island/install/erp_control_pkg:/opt/ros/humble /usr/bin/cmake /home/fmp/Jeju_Island/src/erp_mini_ros/src/erp_mini_cmake -DCMAKE_INSTALL_PREFIX=/home/fmp/Jeju_Island/install/erp_mini_cmake
[1.960s] Invoking command in '/home/fmp/Jeju_Island/build/erp_mini_cmake': CMAKE_PREFIX_PATH=${CMAKE_PREFIX_PATH}:/home/fmp/Jeju_Island/install/vehicle_control:/home/fmp/Jeju_Island/install/erp_control_pkg:/opt/ros/humble /usr/bin/cmake --build /home/fmp/Jeju_Island/build/erp_mini_cmake -- -j4 -l4
[2.225s] Invoked command in '/home/fmp/Jeju_Island/build/erp_mini_cmake' returned '0': CMAKE_PREFIX_PATH=${CMAKE_PREFIX_PATH}:/home/fmp/Jeju_Island/install/vehicle_control:/home/fmp/Jeju_Island/install/erp_control_pkg:/opt/ros/humble /usr/bin/cmake --build /home/fmp/Jeju_Island/build/erp_mini_cmake -- -j4 -l4
[2.310s] Invoking command in '/home/fmp/Jeju_Island/build/erp_mini_cmake': CMAKE_PREFIX_PATH=${CMAKE_PREFIX_PATH}:/home/fmp/Jeju_Island/install/vehicle_control:/home/fmp/Jeju_Island/install/erp_control_pkg:/opt/ros/humble /usr/bin/cmake --install /home/fmp/Jeju_Island/build/erp_mini_cmake
[2.397s] -- Install configuration: ""
[2.397s] -- Execute custom install script
[2.402s] -- Up-to-date symlink: /home/fmp/Jeju_Island/install/erp_mini_cmake/share/erp_mini_cmake/cmake/erp_mini_cmake_config_extras.cmake
[2.404s] -- Up-to-date symlink: /home/fmp/Jeju_Island/install/erp_mini_cmake/share/ament_index/resource_index/package_run_dependencies/erp_mini_cmake
[2.406s] -- Up-to-date symlink: /home/fmp/Jeju_Island/install/erp_mini_cmake/share/ament_index/resource_index/parent_prefix_path/erp_mini_cmake
[2.409s] -- Up-to-date symlink: /home/fmp/Jeju_Island/install/erp_mini_cmake/share/erp_mini_cmake/environment/ament_prefix_path.sh
[2.409s] -- Up-to-date symlink: /home/fmp/Jeju_Island/install/erp_mini_cmake/share/erp_mini_cmake/environment/ament_prefix_path.dsv
[2.410s] -- Up-to-date symlink: /home/fmp/Jeju_Island/install/erp_mini_cmake/share/erp_mini_cmake/environment/path.sh
[2.412s] -- Up-to-date symlink: /home/fmp/Jeju_Island/install/erp_mini_cmake/share/erp_mini_cmake/environment/path.dsv
[2.413s] -- Up-to-date symlink: /home/fmp/Jeju_Island/install/erp_mini_cmake/share/erp_mini_cmake/local_setup.bash
[2.414s] -- Up-to-date symlink: /home/fmp/Jeju_Island/install/erp_mini_cmake/share/erp_mini_cmake/local_setup.sh
[2.418s] -- Up-to-date symlink: /home/fmp/Jeju_Island/install/erp_mini_cmake/share/erp_mini_cmake/local_setup.zsh
[2.420s] -- Up-to-date symlink: /home/fmp/Jeju_Island/install/erp_mini_cmake/share/erp_mini_cmake/local_setup.dsv
[2.421s] -- Symlinking: /home/fmp/Jeju_Island/install/erp_mini_cmake/share/erp_mini_cmake/package.dsv
[2.471s] -- Up-to-date symlink: /home/fmp/Jeju_Island/install/erp_mini_cmake/share/ament_index/resource_index/packages/erp_mini_cmake
[2.473s] -- Up-to-date symlink: /home/fmp/Jeju_Island/install/erp_mini_cmake/share/erp_mini_cmake/cmake/erp_mini_cmake_config_extras.cmake
[2.475s] -- Up-to-date symlink: /home/fmp/Jeju_Island/install/erp_mini_cmake/share/erp_mini_cmake/cmake/erp_mini_cmakeConfig.cmake
[2.476s] -- Up-to-date symlink: /home/fmp/Jeju_Island/install/erp_mini_cmake/share/erp_mini_cmake/cmake/erp_mini_cmakeConfig-version.cmake
[2.479s] -- Up-to-date symlink: /home/fmp/Jeju_Island/install/erp_mini_cmake/share/erp_mini_cmake/package.xml
[2.498s] Invoked command in '/home/fmp/Jeju_Island/build/erp_mini_cmake' returned '0': CMAKE_PREFIX_PATH=${CMAKE_PREFIX_PATH}:/home/fmp/Jeju_Island/install/vehicle_control:/home/fmp/Jeju_Island/install/erp_control_pkg:/opt/ros/humble /usr/bin/cmake --install /home/fmp/Jeju_Island/build/erp_mini_cmake
