[0.017s] Invoking command in '/home/fmp/Jeju_Island/build/erp_mini_msgs': CMAKE_PREFIX_PATH=${CMAKE_PREFIX_PATH}:/home/fmp/Jeju_Island/install/vehicle_control:/opt/ros/humble /usr/bin/cmake /home/fmp/Jeju_Island/src/erp_mini_ros/src/erp_mini_msgs -DCMAKE_INSTALL_PREFIX=/home/fmp/Jeju_Island/install/erp_mini_msgs
[0.032s] -- Found ament_cmake: 1.3.12 (/opt/ros/humble/share/ament_cmake/cmake)
[0.190s] -- Override CMake install command with custom implementation using symlinks instead of copying resources
[0.198s] -- Found std_msgs: 4.9.0 (/opt/ros/humble/share/std_msgs/cmake)
[0.236s] -- Found rosidl_generator_c: 3.1.7 (/opt/ros/humble/share/rosidl_generator_c/cmake)
[0.240s] -- Found rosidl_adapter: 3.1.7 (/opt/ros/humble/share/rosidl_adapter/cmake)
[0.249s] -- Found rosidl_generator_cpp: 3.1.7 (/opt/ros/humble/share/rosidl_generator_cpp/cmake)
[0.262s] -- Using all available rosidl_typesupport_c: rosidl_typesupport_fastrtps_c;rosidl_typesupport_introspection_c
[0.279s] -- Using all available rosidl_typesupport_cpp: rosidl_typesupport_fastrtps_cpp;rosidl_typesupport_introspection_cpp
[0.314s] -- Found rosidl_default_generators: 1.2.0 (/opt/ros/humble/share/rosidl_default_generators/cmake)
[0.729s] -- Found ament_cmake_ros: 0.10.0 (/opt/ros/humble/share/ament_cmake_ros/cmake)
[1.234s] -- Using all available rosidl_typesupport_c: rosidl_typesupport_fastrtps_c;rosidl_typesupport_introspection_c
[1.434s] -- Using all available rosidl_typesupport_cpp: rosidl_typesupport_fastrtps_cpp;rosidl_typesupport_introspection_cpp
[1.463s] -- Found python_cmake_module: 0.10.0 (/opt/ros/humble/share/python_cmake_module/cmake)
[1.490s] -- Using PYTHON_EXECUTABLE: /usr/bin/python3
[1.490s] -- Using PYTHON_INCLUDE_DIRS: /usr/include/python3.10
[1.490s] -- Using PYTHON_LIBRARIES: /usr/lib/x86_64-linux-gnu/libpython3.10.so
[1.567s] -- Configuring done
[1.649s] -- Generating done
[1.665s] -- Build files have been written to: /home/fmp/Jeju_Island/build/erp_mini_msgs
[1.677s] Invoked command in '/home/fmp/Jeju_Island/build/erp_mini_msgs' returned '0': CMAKE_PREFIX_PATH=${CMAKE_PREFIX_PATH}:/home/fmp/Jeju_Island/install/vehicle_control:/opt/ros/humble /usr/bin/cmake /home/fmp/Jeju_Island/src/erp_mini_ros/src/erp_mini_msgs -DCMAKE_INSTALL_PREFIX=/home/fmp/Jeju_Island/install/erp_mini_msgs
[1.680s] Invoking command in '/home/fmp/Jeju_Island/build/erp_mini_msgs': CMAKE_PREFIX_PATH=${CMAKE_PREFIX_PATH}:/home/fmp/Jeju_Island/install/vehicle_control:/opt/ros/humble /usr/bin/cmake --build /home/fmp/Jeju_Island/build/erp_mini_msgs -- -j4 -l4
[1.744s] [35m[1mConsolidate compiler generated dependencies of target erp_mini_msgs__rosidl_generator_c[0m
[1.759s] [  2%] Built target erp_mini_msgs__cpp
[1.766s] [ 12%] Built target erp_mini_msgs__rosidl_generator_c
[1.787s] [ 12%] Built target ament_cmake_python_symlink_erp_mini_msgs
[1.801s] [35m[1mConsolidate compiler generated dependencies of target erp_mini_msgs__rosidl_typesupport_fastrtps_cpp[0m
[1.801s] [35m[1mConsolidate compiler generated dependencies of target erp_mini_msgs__rosidl_typesupport_cpp[0m
[1.814s] [35m[1mConsolidate compiler generated dependencies of target erp_mini_msgs__rosidl_typesupport_introspection_cpp[0m
[1.828s] [35m[1mConsolidate compiler generated dependencies of target erp_mini_msgs__rosidl_typesupport_fastrtps_c[0m
[1.836s] [ 23%] Built target erp_mini_msgs__rosidl_typesupport_cpp
[1.839s] [ 34%] Built target erp_mini_msgs__rosidl_typesupport_fastrtps_cpp
[1.847s] [ 44%] Built target erp_mini_msgs__rosidl_typesupport_introspection_cpp
[1.865s] [35m[1mConsolidate compiler generated dependencies of target erp_mini_msgs__rosidl_typesupport_c[0m
[1.865s] [35m[1mConsolidate compiler generated dependencies of target erp_mini_msgs__rosidl_typesupport_introspection_c[0m
[1.866s] [ 55%] Built target erp_mini_msgs__rosidl_typesupport_fastrtps_c
[1.893s] [ 65%] Built target erp_mini_msgs__rosidl_typesupport_c
[1.894s] [ 76%] Built target erp_mini_msgs__rosidl_typesupport_introspection_c
[1.940s] [ 76%] Built target erp_mini_msgs
[1.981s] [ 78%] Built target erp_mini_msgs__py
[2.003s] [35m[1mConsolidate compiler generated dependencies of target erp_mini_msgs__rosidl_generator_py[0m
[2.032s] [ 87%] Built target erp_mini_msgs__rosidl_generator_py
[2.055s] [35m[1mConsolidate compiler generated dependencies of target erp_mini_msgs__rosidl_typesupport_fastrtps_c__pyext[0m
[2.068s] [35m[1mConsolidate compiler generated dependencies of target erp_mini_msgs__rosidl_typesupport_introspection_c__pyext[0m
[2.069s] [35m[1mConsolidate compiler generated dependencies of target erp_mini_msgs__rosidl_typesupport_c__pyext[0m
[2.099s] [ 91%] Built target erp_mini_msgs__rosidl_typesupport_fastrtps_c__pyext
[2.111s] [100%] Built target erp_mini_msgs__rosidl_typesupport_c__pyext
[2.111s] [100%] Built target erp_mini_msgs__rosidl_typesupport_introspection_c__pyext
[2.337s] running egg_info
[2.337s] writing erp_mini_msgs.egg-info/PKG-INFO
[2.339s] writing dependency_links to erp_mini_msgs.egg-info/dependency_links.txt
[2.339s] writing top-level names to erp_mini_msgs.egg-info/top_level.txt
[2.342s] reading manifest file 'erp_mini_msgs.egg-info/SOURCES.txt'
[2.344s] writing manifest file 'erp_mini_msgs.egg-info/SOURCES.txt'
[2.383s] [100%] Built target ament_cmake_python_build_erp_mini_msgs_egg
[2.398s] Invoked command in '/home/fmp/Jeju_Island/build/erp_mini_msgs' returned '0': CMAKE_PREFIX_PATH=${CMAKE_PREFIX_PATH}:/home/fmp/Jeju_Island/install/vehicle_control:/opt/ros/humble /usr/bin/cmake --build /home/fmp/Jeju_Island/build/erp_mini_msgs -- -j4 -l4
[2.412s] Invoking command in '/home/fmp/Jeju_Island/build/erp_mini_msgs': CMAKE_PREFIX_PATH=${CMAKE_PREFIX_PATH}:/home/fmp/Jeju_Island/install/vehicle_control:/opt/ros/humble /usr/bin/cmake --install /home/fmp/Jeju_Island/build/erp_mini_msgs
[2.421s] -- Install configuration: ""
[2.422s] -- Execute custom install script
[2.423s] -- Up-to-date symlink: /home/fmp/Jeju_Island/install/erp_mini_msgs/share/ament_index/resource_index/rosidl_interfaces/erp_mini_msgs
[2.424s] -- Up-to-date symlink: /home/fmp/Jeju_Island/install/erp_mini_msgs/include/erp_mini_msgs/erp_mini_msgs/msg/control_command.h
[2.424s] -- Up-to-date symlink: /home/fmp/Jeju_Island/install/erp_mini_msgs/include/erp_mini_msgs/erp_mini_msgs/msg/detail/control_command__functions.h
[2.424s] -- Up-to-date symlink: /home/fmp/Jeju_Island/install/erp_mini_msgs/include/erp_mini_msgs/erp_mini_msgs/msg/detail/control_command__struct.h
[2.425s] -- Up-to-date symlink: /home/fmp/Jeju_Island/install/erp_mini_msgs/include/erp_mini_msgs/erp_mini_msgs/msg/detail/control_command__type_support.h
[2.425s] -- Up-to-date symlink: /home/fmp/Jeju_Island/install/erp_mini_msgs/include/erp_mini_msgs/erp_mini_msgs/msg/detail/feedback__functions.h
[2.425s] -- Up-to-date symlink: /home/fmp/Jeju_Island/install/erp_mini_msgs/include/erp_mini_msgs/erp_mini_msgs/msg/detail/feedback__struct.h
[2.425s] -- Up-to-date symlink: /home/fmp/Jeju_Island/install/erp_mini_msgs/include/erp_mini_msgs/erp_mini_msgs/msg/detail/feedback__type_support.h
[2.426s] -- Up-to-date symlink: /home/fmp/Jeju_Island/install/erp_mini_msgs/include/erp_mini_msgs/erp_mini_msgs/msg/feedback.h
[2.426s] -- Up-to-date symlink: /home/fmp/Jeju_Island/install/erp_mini_msgs/include/erp_mini_msgs/erp_mini_msgs/msg/rosidl_generator_c__visibility_control.h
[2.426s] -- Up-to-date symlink: /home/fmp/Jeju_Island/install/erp_mini_msgs/include/erp_mini_msgs/erp_mini_msgs/srv/detail/mode_command__functions.h
[2.426s] -- Up-to-date symlink: /home/fmp/Jeju_Island/install/erp_mini_msgs/include/erp_mini_msgs/erp_mini_msgs/srv/detail/mode_command__struct.h
[2.427s] -- Up-to-date symlink: /home/fmp/Jeju_Island/install/erp_mini_msgs/include/erp_mini_msgs/erp_mini_msgs/srv/detail/mode_command__type_support.h
[2.427s] -- Up-to-date symlink: /home/fmp/Jeju_Island/install/erp_mini_msgs/include/erp_mini_msgs/erp_mini_msgs/srv/mode_command.h
[2.427s] -- Up-to-date symlink: /home/fmp/Jeju_Island/install/erp_mini_msgs/share/erp_mini_msgs/environment/library_path.sh
[2.427s] -- Up-to-date symlink: /home/fmp/Jeju_Island/install/erp_mini_msgs/share/erp_mini_msgs/environment/library_path.dsv
[2.428s] -- Up-to-date symlink: /home/fmp/Jeju_Island/install/erp_mini_msgs/include/erp_mini_msgs/erp_mini_msgs/msg/detail/control_command__rosidl_typesupport_fastrtps_c.h
[2.428s] -- Up-to-date symlink: /home/fmp/Jeju_Island/install/erp_mini_msgs/include/erp_mini_msgs/erp_mini_msgs/msg/detail/feedback__rosidl_typesupport_fastrtps_c.h
[2.428s] -- Up-to-date symlink: /home/fmp/Jeju_Island/install/erp_mini_msgs/include/erp_mini_msgs/erp_mini_msgs/msg/rosidl_typesupport_fastrtps_c__visibility_control.h
[2.429s] -- Up-to-date symlink: /home/fmp/Jeju_Island/install/erp_mini_msgs/include/erp_mini_msgs/erp_mini_msgs/srv/detail/mode_command__rosidl_typesupport_fastrtps_c.h
[2.429s] -- Up-to-date symlink: /home/fmp/Jeju_Island/install/erp_mini_msgs/include/erp_mini_msgs/erp_mini_msgs/msg/control_command.hpp
[2.430s] -- Up-to-date symlink: /home/fmp/Jeju_Island/install/erp_mini_msgs/include/erp_mini_msgs/erp_mini_msgs/msg/detail/control_command__builder.hpp
[2.430s] -- Up-to-date symlink: /home/fmp/Jeju_Island/install/erp_mini_msgs/include/erp_mini_msgs/erp_mini_msgs/msg/detail/control_command__struct.hpp
[2.430s] -- Up-to-date symlink: /home/fmp/Jeju_Island/install/erp_mini_msgs/include/erp_mini_msgs/erp_mini_msgs/msg/detail/control_command__traits.hpp
[2.430s] -- Up-to-date symlink: /home/fmp/Jeju_Island/install/erp_mini_msgs/include/erp_mini_msgs/erp_mini_msgs/msg/detail/control_command__type_support.hpp
[2.430s] -- Up-to-date symlink: /home/fmp/Jeju_Island/install/erp_mini_msgs/include/erp_mini_msgs/erp_mini_msgs/msg/detail/feedback__builder.hpp
[2.431s] -- Up-to-date symlink: /home/fmp/Jeju_Island/install/erp_mini_msgs/include/erp_mini_msgs/erp_mini_msgs/msg/detail/feedback__struct.hpp
[2.431s] -- Up-to-date symlink: /home/fmp/Jeju_Island/install/erp_mini_msgs/include/erp_mini_msgs/erp_mini_msgs/msg/detail/feedback__traits.hpp
[2.431s] -- Up-to-date symlink: /home/fmp/Jeju_Island/install/erp_mini_msgs/include/erp_mini_msgs/erp_mini_msgs/msg/detail/feedback__type_support.hpp
[2.431s] -- Up-to-date symlink: /home/fmp/Jeju_Island/install/erp_mini_msgs/include/erp_mini_msgs/erp_mini_msgs/msg/feedback.hpp
[2.431s] -- Up-to-date symlink: /home/fmp/Jeju_Island/install/erp_mini_msgs/include/erp_mini_msgs/erp_mini_msgs/msg/rosidl_generator_cpp__visibility_control.hpp
[2.432s] -- Up-to-date symlink: /home/fmp/Jeju_Island/install/erp_mini_msgs/include/erp_mini_msgs/erp_mini_msgs/srv/detail/mode_command__builder.hpp
[2.432s] -- Up-to-date symlink: /home/fmp/Jeju_Island/install/erp_mini_msgs/include/erp_mini_msgs/erp_mini_msgs/srv/detail/mode_command__struct.hpp
[2.432s] -- Up-to-date symlink: /home/fmp/Jeju_Island/install/erp_mini_msgs/include/erp_mini_msgs/erp_mini_msgs/srv/detail/mode_command__traits.hpp
[2.432s] -- Up-to-date symlink: /home/fmp/Jeju_Island/install/erp_mini_msgs/include/erp_mini_msgs/erp_mini_msgs/srv/detail/mode_command__type_support.hpp
[2.432s] -- Up-to-date symlink: /home/fmp/Jeju_Island/install/erp_mini_msgs/include/erp_mini_msgs/erp_mini_msgs/srv/mode_command.hpp
[2.433s] -- Up-to-date symlink: /home/fmp/Jeju_Island/install/erp_mini_msgs/include/erp_mini_msgs/erp_mini_msgs/msg/detail/control_command__rosidl_typesupport_fastrtps_cpp.hpp
[2.433s] -- Up-to-date symlink: /home/fmp/Jeju_Island/install/erp_mini_msgs/include/erp_mini_msgs/erp_mini_msgs/msg/detail/feedback__rosidl_typesupport_fastrtps_cpp.hpp
[2.433s] -- Up-to-date symlink: /home/fmp/Jeju_Island/install/erp_mini_msgs/include/erp_mini_msgs/erp_mini_msgs/msg/rosidl_typesupport_fastrtps_cpp__visibility_control.h
[2.434s] -- Up-to-date symlink: /home/fmp/Jeju_Island/install/erp_mini_msgs/include/erp_mini_msgs/erp_mini_msgs/srv/detail/mode_command__rosidl_typesupport_fastrtps_cpp.hpp
[2.434s] -- Up-to-date symlink: /home/fmp/Jeju_Island/install/erp_mini_msgs/include/erp_mini_msgs/erp_mini_msgs/msg/detail/control_command__rosidl_typesupport_introspection_c.h
[2.434s] -- Up-to-date symlink: /home/fmp/Jeju_Island/install/erp_mini_msgs/include/erp_mini_msgs/erp_mini_msgs/msg/detail/feedback__rosidl_typesupport_introspection_c.h
[2.435s] -- Up-to-date symlink: /home/fmp/Jeju_Island/install/erp_mini_msgs/include/erp_mini_msgs/erp_mini_msgs/msg/rosidl_typesupport_introspection_c__visibility_control.h
[2.435s] -- Up-to-date symlink: /home/fmp/Jeju_Island/install/erp_mini_msgs/include/erp_mini_msgs/erp_mini_msgs/srv/detail/mode_command__rosidl_typesupport_introspection_c.h
[2.435s] -- Up-to-date symlink: /home/fmp/Jeju_Island/install/erp_mini_msgs/include/erp_mini_msgs/erp_mini_msgs/msg/detail/control_command__rosidl_typesupport_introspection_cpp.hpp
[2.435s] -- Up-to-date symlink: /home/fmp/Jeju_Island/install/erp_mini_msgs/include/erp_mini_msgs/erp_mini_msgs/msg/detail/feedback__rosidl_typesupport_introspection_cpp.hpp
[2.436s] -- Up-to-date symlink: /home/fmp/Jeju_Island/install/erp_mini_msgs/include/erp_mini_msgs/erp_mini_msgs/srv/detail/mode_command__rosidl_typesupport_introspection_cpp.hpp
[2.436s] -- Up-to-date symlink: /home/fmp/Jeju_Island/install/erp_mini_msgs/share/erp_mini_msgs/environment/pythonpath.sh
[2.436s] -- Up-to-date symlink: /home/fmp/Jeju_Island/install/erp_mini_msgs/share/erp_mini_msgs/environment/pythonpath.dsv
[2.436s] -- Up-to-date symlink: /home/fmp/Jeju_Island/install/erp_mini_msgs/local/lib/python3.10/dist-packages/erp_mini_msgs-0.0.0-py3.10.egg-info/PKG-INFO
[2.437s] -- Up-to-date symlink: /home/fmp/Jeju_Island/install/erp_mini_msgs/local/lib/python3.10/dist-packages/erp_mini_msgs-0.0.0-py3.10.egg-info/SOURCES.txt
[2.437s] -- Up-to-date symlink: /home/fmp/Jeju_Island/install/erp_mini_msgs/local/lib/python3.10/dist-packages/erp_mini_msgs-0.0.0-py3.10.egg-info/dependency_links.txt
[2.437s] -- Up-to-date symlink: /home/fmp/Jeju_Island/install/erp_mini_msgs/local/lib/python3.10/dist-packages/erp_mini_msgs-0.0.0-py3.10.egg-info/top_level.txt
[2.438s] -- Up-to-date symlink: /home/fmp/Jeju_Island/install/erp_mini_msgs/local/lib/python3.10/dist-packages/erp_mini_msgs/__init__.py
[2.438s] -- Up-to-date symlink: /home/fmp/Jeju_Island/install/erp_mini_msgs/local/lib/python3.10/dist-packages/erp_mini_msgs/_erp_mini_msgs_s.ep.rosidl_typesupport_c.c
[2.438s] -- Up-to-date symlink: /home/fmp/Jeju_Island/install/erp_mini_msgs/local/lib/python3.10/dist-packages/erp_mini_msgs/_erp_mini_msgs_s.ep.rosidl_typesupport_fastrtps_c.c
[2.439s] -- Up-to-date symlink: /home/fmp/Jeju_Island/install/erp_mini_msgs/local/lib/python3.10/dist-packages/erp_mini_msgs/_erp_mini_msgs_s.ep.rosidl_typesupport_introspection_c.c
[2.439s] -- Up-to-date symlink: /home/fmp/Jeju_Island/install/erp_mini_msgs/local/lib/python3.10/dist-packages/erp_mini_msgs/erp_mini_msgs_s__rosidl_typesupport_c.cpython-310-x86_64-linux-gnu.so
[2.439s] -- Up-to-date symlink: /home/fmp/Jeju_Island/install/erp_mini_msgs/local/lib/python3.10/dist-packages/erp_mini_msgs/erp_mini_msgs_s__rosidl_typesupport_fastrtps_c.cpython-310-x86_64-linux-gnu.so
[2.439s] -- Up-to-date symlink: /home/fmp/Jeju_Island/install/erp_mini_msgs/local/lib/python3.10/dist-packages/erp_mini_msgs/erp_mini_msgs_s__rosidl_typesupport_introspection_c.cpython-310-x86_64-linux-gnu.so
[2.439s] -- Up-to-date symlink: /home/fmp/Jeju_Island/install/erp_mini_msgs/local/lib/python3.10/dist-packages/erp_mini_msgs/liberp_mini_msgs__rosidl_generator_py.so
[2.440s] -- Up-to-date symlink: /home/fmp/Jeju_Island/install/erp_mini_msgs/local/lib/python3.10/dist-packages/erp_mini_msgs/msg/__init__.py
[2.440s] -- Up-to-date symlink: /home/fmp/Jeju_Island/install/erp_mini_msgs/local/lib/python3.10/dist-packages/erp_mini_msgs/msg/_control_command.py
[2.440s] -- Up-to-date symlink: /home/fmp/Jeju_Island/install/erp_mini_msgs/local/lib/python3.10/dist-packages/erp_mini_msgs/msg/_control_command_s.c
[2.440s] -- Up-to-date symlink: /home/fmp/Jeju_Island/install/erp_mini_msgs/local/lib/python3.10/dist-packages/erp_mini_msgs/msg/_feedback.py
[2.440s] -- Up-to-date symlink: /home/fmp/Jeju_Island/install/erp_mini_msgs/local/lib/python3.10/dist-packages/erp_mini_msgs/msg/_feedback_s.c
[2.441s] -- Up-to-date symlink: /home/fmp/Jeju_Island/install/erp_mini_msgs/local/lib/python3.10/dist-packages/erp_mini_msgs/srv/__init__.py
[2.441s] -- Up-to-date symlink: /home/fmp/Jeju_Island/install/erp_mini_msgs/local/lib/python3.10/dist-packages/erp_mini_msgs/srv/_mode_command.py
[2.441s] -- Up-to-date symlink: /home/fmp/Jeju_Island/install/erp_mini_msgs/local/lib/python3.10/dist-packages/erp_mini_msgs/srv/_mode_command_s.c
[2.441s] -- Up-to-date symlink: /home/fmp/Jeju_Island/install/erp_mini_msgs/local/lib/python3.10/dist-packages/erp_mini_msgs/erp_mini_msgs_s__rosidl_typesupport_fastrtps_c.cpython-310-x86_64-linux-gnu.so
[2.442s] -- Up-to-date symlink: /home/fmp/Jeju_Island/install/erp_mini_msgs/local/lib/python3.10/dist-packages/erp_mini_msgs/erp_mini_msgs_s__rosidl_typesupport_introspection_c.cpython-310-x86_64-linux-gnu.so
[2.442s] -- Up-to-date symlink: /home/fmp/Jeju_Island/install/erp_mini_msgs/local/lib/python3.10/dist-packages/erp_mini_msgs/erp_mini_msgs_s__rosidl_typesupport_c.cpython-310-x86_64-linux-gnu.so
[2.442s] -- Up-to-date symlink: /home/fmp/Jeju_Island/install/erp_mini_msgs/share/erp_mini_msgs/msg/ControlCommand.idl
[2.443s] -- Up-to-date symlink: /home/fmp/Jeju_Island/install/erp_mini_msgs/share/erp_mini_msgs/msg/Feedback.idl
[2.443s] -- Up-to-date symlink: /home/fmp/Jeju_Island/install/erp_mini_msgs/share/erp_mini_msgs/srv/ModeCommand.idl
[2.443s] -- Up-to-date symlink: /home/fmp/Jeju_Island/install/erp_mini_msgs/share/erp_mini_msgs/msg/ControlCommand.msg
[2.443s] -- Up-to-date symlink: /home/fmp/Jeju_Island/install/erp_mini_msgs/share/erp_mini_msgs/msg/Feedback.msg
[2.444s] -- Up-to-date symlink: /home/fmp/Jeju_Island/install/erp_mini_msgs/share/erp_mini_msgs/srv/ModeCommand.srv
[2.444s] -- Up-to-date symlink: /home/fmp/Jeju_Island/install/erp_mini_msgs/share/erp_mini_msgs/srv/ModeCommand_Request.msg
[2.444s] -- Up-to-date symlink: /home/fmp/Jeju_Island/install/erp_mini_msgs/share/erp_mini_msgs/srv/ModeCommand_Response.msg
[2.445s] -- Up-to-date symlink: /home/fmp/Jeju_Island/install/erp_mini_msgs/share/ament_index/resource_index/package_run_dependencies/erp_mini_msgs
[2.445s] -- Up-to-date symlink: /home/fmp/Jeju_Island/install/erp_mini_msgs/share/ament_index/resource_index/parent_prefix_path/erp_mini_msgs
[2.445s] -- Up-to-date symlink: /home/fmp/Jeju_Island/install/erp_mini_msgs/share/erp_mini_msgs/environment/ament_prefix_path.sh
[2.445s] -- Up-to-date symlink: /home/fmp/Jeju_Island/install/erp_mini_msgs/share/erp_mini_msgs/environment/ament_prefix_path.dsv
[2.446s] -- Up-to-date symlink: /home/fmp/Jeju_Island/install/erp_mini_msgs/share/erp_mini_msgs/environment/path.sh
[2.446s] -- Up-to-date symlink: /home/fmp/Jeju_Island/install/erp_mini_msgs/share/erp_mini_msgs/environment/path.dsv
[2.446s] -- Up-to-date symlink: /home/fmp/Jeju_Island/install/erp_mini_msgs/share/erp_mini_msgs/local_setup.bash
[2.447s] -- Up-to-date symlink: /home/fmp/Jeju_Island/install/erp_mini_msgs/share/erp_mini_msgs/local_setup.sh
[2.447s] -- Up-to-date symlink: /home/fmp/Jeju_Island/install/erp_mini_msgs/share/erp_mini_msgs/local_setup.zsh
[2.447s] -- Up-to-date symlink: /home/fmp/Jeju_Island/install/erp_mini_msgs/share/erp_mini_msgs/local_setup.dsv
[2.447s] -- Symlinking: /home/fmp/Jeju_Island/install/erp_mini_msgs/share/erp_mini_msgs/package.dsv
[2.458s] -- Up-to-date symlink: /home/fmp/Jeju_Island/install/erp_mini_msgs/share/ament_index/resource_index/packages/erp_mini_msgs
[2.459s] -- Up-to-date symlink: /home/fmp/Jeju_Island/install/erp_mini_msgs/share/erp_mini_msgs/cmake/rosidl_cmake-extras.cmake
[2.459s] -- Up-to-date symlink: /home/fmp/Jeju_Island/install/erp_mini_msgs/share/erp_mini_msgs/cmake/ament_cmake_export_dependencies-extras.cmake
[2.460s] -- Up-to-date symlink: /home/fmp/Jeju_Island/install/erp_mini_msgs/share/erp_mini_msgs/cmake/ament_cmake_export_include_directories-extras.cmake
[2.460s] -- Up-to-date symlink: /home/fmp/Jeju_Island/install/erp_mini_msgs/share/erp_mini_msgs/cmake/ament_cmake_export_libraries-extras.cmake
[2.460s] -- Up-to-date symlink: /home/fmp/Jeju_Island/install/erp_mini_msgs/share/erp_mini_msgs/cmake/ament_cmake_export_targets-extras.cmake
[2.461s] -- Up-to-date symlink: /home/fmp/Jeju_Island/install/erp_mini_msgs/share/erp_mini_msgs/cmake/rosidl_cmake_export_typesupport_targets-extras.cmake
[2.461s] -- Up-to-date symlink: /home/fmp/Jeju_Island/install/erp_mini_msgs/share/erp_mini_msgs/cmake/rosidl_cmake_export_typesupport_libraries-extras.cmake
[2.461s] -- Up-to-date symlink: /home/fmp/Jeju_Island/install/erp_mini_msgs/share/erp_mini_msgs/cmake/erp_mini_msgsConfig.cmake
[2.461s] -- Up-to-date symlink: /home/fmp/Jeju_Island/install/erp_mini_msgs/share/erp_mini_msgs/cmake/erp_mini_msgsConfig-version.cmake
[2.462s] -- Up-to-date symlink: /home/fmp/Jeju_Island/install/erp_mini_msgs/share/erp_mini_msgs/package.xml
[2.463s] -- Up-to-date: /home/fmp/Jeju_Island/install/erp_mini_msgs/lib/liberp_mini_msgs__rosidl_generator_c.so
[2.464s] -- Up-to-date: /home/fmp/Jeju_Island/install/erp_mini_msgs/lib/liberp_mini_msgs__rosidl_typesupport_fastrtps_c.so
[2.465s] -- Up-to-date: /home/fmp/Jeju_Island/install/erp_mini_msgs/lib/liberp_mini_msgs__rosidl_typesupport_fastrtps_cpp.so
[2.465s] -- Up-to-date: /home/fmp/Jeju_Island/install/erp_mini_msgs/lib/liberp_mini_msgs__rosidl_typesupport_introspection_c.so
[2.466s] -- Up-to-date: /home/fmp/Jeju_Island/install/erp_mini_msgs/lib/liberp_mini_msgs__rosidl_typesupport_c.so
[2.467s] -- Up-to-date: /home/fmp/Jeju_Island/install/erp_mini_msgs/lib/liberp_mini_msgs__rosidl_typesupport_introspection_cpp.so
[2.468s] -- Up-to-date: /home/fmp/Jeju_Island/install/erp_mini_msgs/lib/liberp_mini_msgs__rosidl_typesupport_cpp.so
[2.513s] Listing '/home/fmp/Jeju_Island/install/erp_mini_msgs/local/lib/python3.10/dist-packages/erp_mini_msgs'...
[2.513s] Compiling '/home/fmp/Jeju_Island/install/erp_mini_msgs/local/lib/python3.10/dist-packages/erp_mini_msgs/__init__.py'...
[2.513s] Listing '/home/fmp/Jeju_Island/install/erp_mini_msgs/local/lib/python3.10/dist-packages/erp_mini_msgs/msg'...
[2.514s] Listing '/home/fmp/Jeju_Island/install/erp_mini_msgs/local/lib/python3.10/dist-packages/erp_mini_msgs/srv'...
[2.520s] -- Up-to-date: /home/fmp/Jeju_Island/install/erp_mini_msgs/lib/liberp_mini_msgs__rosidl_generator_py.so
[2.521s] -- Up-to-date: /home/fmp/Jeju_Island/install/erp_mini_msgs/share/erp_mini_msgs/cmake/export_erp_mini_msgs__rosidl_generator_cExport.cmake
[2.521s] -- Up-to-date: /home/fmp/Jeju_Island/install/erp_mini_msgs/share/erp_mini_msgs/cmake/export_erp_mini_msgs__rosidl_generator_cExport-noconfig.cmake
[2.521s] -- Up-to-date: /home/fmp/Jeju_Island/install/erp_mini_msgs/share/erp_mini_msgs/cmake/export_erp_mini_msgs__rosidl_typesupport_fastrtps_cExport.cmake
[2.521s] -- Up-to-date: /home/fmp/Jeju_Island/install/erp_mini_msgs/share/erp_mini_msgs/cmake/export_erp_mini_msgs__rosidl_typesupport_fastrtps_cExport-noconfig.cmake
[2.521s] -- Up-to-date: /home/fmp/Jeju_Island/install/erp_mini_msgs/share/erp_mini_msgs/cmake/export_erp_mini_msgs__rosidl_generator_cppExport.cmake
[2.522s] -- Up-to-date: /home/fmp/Jeju_Island/install/erp_mini_msgs/share/erp_mini_msgs/cmake/export_erp_mini_msgs__rosidl_typesupport_fastrtps_cppExport.cmake
[2.522s] -- Up-to-date: /home/fmp/Jeju_Island/install/erp_mini_msgs/share/erp_mini_msgs/cmake/export_erp_mini_msgs__rosidl_typesupport_fastrtps_cppExport-noconfig.cmake
[2.522s] -- Up-to-date: /home/fmp/Jeju_Island/install/erp_mini_msgs/share/erp_mini_msgs/cmake/erp_mini_msgs__rosidl_typesupport_introspection_cExport.cmake
[2.522s] -- Up-to-date: /home/fmp/Jeju_Island/install/erp_mini_msgs/share/erp_mini_msgs/cmake/erp_mini_msgs__rosidl_typesupport_introspection_cExport-noconfig.cmake
[2.522s] -- Up-to-date: /home/fmp/Jeju_Island/install/erp_mini_msgs/share/erp_mini_msgs/cmake/erp_mini_msgs__rosidl_typesupport_cExport.cmake
[2.522s] -- Up-to-date: /home/fmp/Jeju_Island/install/erp_mini_msgs/share/erp_mini_msgs/cmake/erp_mini_msgs__rosidl_typesupport_cExport-noconfig.cmake
[2.522s] -- Up-to-date: /home/fmp/Jeju_Island/install/erp_mini_msgs/share/erp_mini_msgs/cmake/erp_mini_msgs__rosidl_typesupport_introspection_cppExport.cmake
[2.523s] -- Up-to-date: /home/fmp/Jeju_Island/install/erp_mini_msgs/share/erp_mini_msgs/cmake/erp_mini_msgs__rosidl_typesupport_introspection_cppExport-noconfig.cmake
[2.523s] -- Up-to-date: /home/fmp/Jeju_Island/install/erp_mini_msgs/share/erp_mini_msgs/cmake/erp_mini_msgs__rosidl_typesupport_cppExport.cmake
[2.523s] -- Up-to-date: /home/fmp/Jeju_Island/install/erp_mini_msgs/share/erp_mini_msgs/cmake/erp_mini_msgs__rosidl_typesupport_cppExport-noconfig.cmake
[2.523s] -- Up-to-date: /home/fmp/Jeju_Island/install/erp_mini_msgs/share/erp_mini_msgs/cmake/export_erp_mini_msgs__rosidl_generator_pyExport.cmake
[2.523s] -- Up-to-date: /home/fmp/Jeju_Island/install/erp_mini_msgs/share/erp_mini_msgs/cmake/export_erp_mini_msgs__rosidl_generator_pyExport-noconfig.cmake
[2.525s] Invoked command in '/home/fmp/Jeju_Island/build/erp_mini_msgs' returned '0': CMAKE_PREFIX_PATH=${CMAKE_PREFIX_PATH}:/home/fmp/Jeju_Island/install/vehicle_control:/opt/ros/humble /usr/bin/cmake --install /home/fmp/Jeju_Island/build/erp_mini_msgs
