[4.449s] Invoking command in '/home/fmp/Jeju_Island/src/vehicle_launch': PYTHONPATH=/home/fmp/Jeju_Island/build/vehicle_launch/prefix_override:/usr/lib/python3/dist-packages/colcon_core/task/python/colcon_distutils_commands:/home/fmp/Jeju_Island/install/vehicle_launch/lib/python3.10/site-packages:${PYTHONPATH} /usr/bin/python3 -W ignore:setup.py install is deprecated -W ignore:easy_install command is deprecated setup.py egg_info --egg-base ../../build/vehicle_launch build --build-base /home/fmp/Jeju_Island/build/vehicle_launch/build install --record /home/fmp/Jeju_Island/build/vehicle_launch/install.log --single-version-externally-managed install_data
[5.720s] running egg_info
[5.723s] writing ../../build/vehicle_launch/vehicle_launch.egg-info/PKG-INFO
[5.726s] writing dependency_links to ../../build/vehicle_launch/vehicle_launch.egg-info/dependency_links.txt
[5.727s] writing entry points to ../../build/vehicle_launch/vehicle_launch.egg-info/entry_points.txt
[5.729s] writing requirements to ../../build/vehicle_launch/vehicle_launch.egg-info/requires.txt
[5.729s] writing top-level names to ../../build/vehicle_launch/vehicle_launch.egg-info/top_level.txt
[5.741s] reading manifest file '../../build/vehicle_launch/vehicle_launch.egg-info/SOURCES.txt'
[5.745s] writing manifest file '../../build/vehicle_launch/vehicle_launch.egg-info/SOURCES.txt'
[5.746s] running build
[5.746s] running build_py
[5.747s] running install
[5.749s] running install_lib
[5.754s] running install_data
[5.755s] running install_egg_info
[5.766s] removing '/home/fmp/Jeju_Island/install/vehicle_launch/lib/python3.10/site-packages/vehicle_launch-0.0.0-py3.10.egg-info' (and everything under it)
[5.766s] Copying ../../build/vehicle_launch/vehicle_launch.egg-info to /home/fmp/Jeju_Island/install/vehicle_launch/lib/python3.10/site-packages/vehicle_launch-0.0.0-py3.10.egg-info
[5.770s] running install_scripts
[5.869s] writing list of installed files to '/home/fmp/Jeju_Island/build/vehicle_launch/install.log'
[6.007s] Invoked command in '/home/fmp/Jeju_Island/src/vehicle_launch' returned '0': PYTHONPATH=/home/fmp/Jeju_Island/build/vehicle_launch/prefix_override:/usr/lib/python3/dist-packages/colcon_core/task/python/colcon_distutils_commands:/home/fmp/Jeju_Island/install/vehicle_launch/lib/python3.10/site-packages:${PYTHONPATH} /usr/bin/python3 -W ignore:setup.py install is deprecated -W ignore:easy_install command is deprecated setup.py egg_info --egg-base ../../build/vehicle_launch build --build-base /home/fmp/Jeju_Island/build/vehicle_launch/build install --record /home/fmp/Jeju_Island/build/vehicle_launch/install.log --single-version-externally-managed install_data
