[0.070s] Invoking command in '/home/fmp/Jeju_Island/build/erp_mini_util': CMAKE_PREFIX_PATH=/home/fmp/Jeju_Island/install/erp_mini_cmake:/home/fmp/Jeju_Island/install/usb_cam:/home/fmp/Jeju_Island/install/sllidar_ros2:/home/fmp/Jeju_Island/install/rplidar_ros:/home/fmp/Jeju_Island/install/erp_mini_serial:/home/fmp/Jeju_Island/install/erp_mini_rqt_plugin:/home/fmp/Jeju_Island/install/erp_mini_util:/home/fmp/Jeju_Island/install/erp_mini_msgs:/home/fmp/Jeju_Island/install/vehicle_control:/home/fmp/Jeju_Island/install/erp_control_pkg:/opt/ros/humble /usr/bin/cmake /home/fmp/Jeju_Island/src/erp_mini_ros/src/erp_mini_util -DCMAKE_INSTALL_PREFIX=/home/fmp/Jeju_Island/install/erp_mini_util
[0.163s] -- Found erp_mini_cmake: 0.0.0 (/home/fmp/Jeju_Island/install/erp_mini_cmake/share/erp_mini_cmake/cmake)
[0.163s] -- Found ament_cmake_auto: 1.3.12 (/opt/ros/humble/share/ament_cmake_auto/cmake)
[0.904s] -- Override CMake install command with custom implementation using symlinks instead of copying resources
[1.841s] -- Configuring done
[1.912s] -- Generating done
[1.945s] -- Build files have been written to: /home/fmp/Jeju_Island/build/erp_mini_util
[1.969s] Invoked command in '/home/fmp/Jeju_Island/build/erp_mini_util' returned '0': CMAKE_PREFIX_PATH=/home/fmp/Jeju_Island/install/erp_mini_cmake:/home/fmp/Jeju_Island/install/usb_cam:/home/fmp/Jeju_Island/install/sllidar_ros2:/home/fmp/Jeju_Island/install/rplidar_ros:/home/fmp/Jeju_Island/install/erp_mini_serial:/home/fmp/Jeju_Island/install/erp_mini_rqt_plugin:/home/fmp/Jeju_Island/install/erp_mini_util:/home/fmp/Jeju_Island/install/erp_mini_msgs:/home/fmp/Jeju_Island/install/vehicle_control:/home/fmp/Jeju_Island/install/erp_control_pkg:/opt/ros/humble /usr/bin/cmake /home/fmp/Jeju_Island/src/erp_mini_ros/src/erp_mini_util -DCMAKE_INSTALL_PREFIX=/home/fmp/Jeju_Island/install/erp_mini_util
[1.979s] Invoking command in '/home/fmp/Jeju_Island/build/erp_mini_util': CMAKE_PREFIX_PATH=/home/fmp/Jeju_Island/install/erp_mini_cmake:/home/fmp/Jeju_Island/install/usb_cam:/home/fmp/Jeju_Island/install/sllidar_ros2:/home/fmp/Jeju_Island/install/rplidar_ros:/home/fmp/Jeju_Island/install/erp_mini_serial:/home/fmp/Jeju_Island/install/erp_mini_rqt_plugin:/home/fmp/Jeju_Island/install/erp_mini_util:/home/fmp/Jeju_Island/install/erp_mini_msgs:/home/fmp/Jeju_Island/install/vehicle_control:/home/fmp/Jeju_Island/install/erp_control_pkg:/opt/ros/humble /usr/bin/cmake --build /home/fmp/Jeju_Island/build/erp_mini_util -- -j4 -l4
[2.325s] [35m[1mConsolidate compiler generated dependencies of target erp_mini_util[0m
[2.457s] [ 50%] [32mBuilding CXX object CMakeFiles/erp_mini_util.dir/src/log.cpp.o[0m
[5.364s] [100%] [32m[1mLinking CXX shared library liberp_mini_util.so[0m
[6.192s] [100%] Built target erp_mini_util
[6.311s] Invoked command in '/home/fmp/Jeju_Island/build/erp_mini_util' returned '0': CMAKE_PREFIX_PATH=/home/fmp/Jeju_Island/install/erp_mini_cmake:/home/fmp/Jeju_Island/install/usb_cam:/home/fmp/Jeju_Island/install/sllidar_ros2:/home/fmp/Jeju_Island/install/rplidar_ros:/home/fmp/Jeju_Island/install/erp_mini_serial:/home/fmp/Jeju_Island/install/erp_mini_rqt_plugin:/home/fmp/Jeju_Island/install/erp_mini_util:/home/fmp/Jeju_Island/install/erp_mini_msgs:/home/fmp/Jeju_Island/install/vehicle_control:/home/fmp/Jeju_Island/install/erp_control_pkg:/opt/ros/humble /usr/bin/cmake --build /home/fmp/Jeju_Island/build/erp_mini_util -- -j4 -l4
[6.322s] Invoking command in '/home/fmp/Jeju_Island/build/erp_mini_util': CMAKE_PREFIX_PATH=/home/fmp/Jeju_Island/install/erp_mini_cmake:/home/fmp/Jeju_Island/install/usb_cam:/home/fmp/Jeju_Island/install/sllidar_ros2:/home/fmp/Jeju_Island/install/rplidar_ros:/home/fmp/Jeju_Island/install/erp_mini_serial:/home/fmp/Jeju_Island/install/erp_mini_rqt_plugin:/home/fmp/Jeju_Island/install/erp_mini_util:/home/fmp/Jeju_Island/install/erp_mini_msgs:/home/fmp/Jeju_Island/install/vehicle_control:/home/fmp/Jeju_Island/install/erp_control_pkg:/opt/ros/humble /usr/bin/cmake --install /home/fmp/Jeju_Island/build/erp_mini_util
[6.362s] -- Install configuration: ""
[6.366s] -- Execute custom install script
[6.382s] -- Up-to-date symlink: /home/fmp/Jeju_Island/install/erp_mini_util/include/erp_mini_util/erp_mini_util/exception.hpp
[6.383s] -- Up-to-date symlink: /home/fmp/Jeju_Island/install/erp_mini_util/include/erp_mini_util/erp_mini_util/log.hpp
[6.386s] -- Up-to-date symlink: /home/fmp/Jeju_Island/install/erp_mini_util/share/erp_mini_util/environment/library_path.sh
[6.386s] -- Up-to-date symlink: /home/fmp/Jeju_Island/install/erp_mini_util/share/erp_mini_util/environment/library_path.dsv
[6.392s] -- Up-to-date symlink: /home/fmp/Jeju_Island/install/erp_mini_util/lib/liberp_mini_util.so
[6.395s] -- Up-to-date symlink: /home/fmp/Jeju_Island/install/erp_mini_util/share/ament_index/resource_index/package_run_dependencies/erp_mini_util
[6.397s] -- Up-to-date symlink: /home/fmp/Jeju_Island/install/erp_mini_util/share/ament_index/resource_index/parent_prefix_path/erp_mini_util
[6.400s] -- Up-to-date symlink: /home/fmp/Jeju_Island/install/erp_mini_util/share/erp_mini_util/environment/ament_prefix_path.sh
[6.400s] -- Up-to-date symlink: /home/fmp/Jeju_Island/install/erp_mini_util/share/erp_mini_util/environment/ament_prefix_path.dsv
[6.403s] -- Up-to-date symlink: /home/fmp/Jeju_Island/install/erp_mini_util/share/erp_mini_util/environment/path.sh
[6.403s] -- Up-to-date symlink: /home/fmp/Jeju_Island/install/erp_mini_util/share/erp_mini_util/environment/path.dsv
[6.406s] -- Up-to-date symlink: /home/fmp/Jeju_Island/install/erp_mini_util/share/erp_mini_util/local_setup.bash
[6.407s] -- Up-to-date symlink: /home/fmp/Jeju_Island/install/erp_mini_util/share/erp_mini_util/local_setup.sh
[6.410s] -- Up-to-date symlink: /home/fmp/Jeju_Island/install/erp_mini_util/share/erp_mini_util/local_setup.zsh
[6.411s] -- Up-to-date symlink: /home/fmp/Jeju_Island/install/erp_mini_util/share/erp_mini_util/local_setup.dsv
[6.412s] -- Symlinking: /home/fmp/Jeju_Island/install/erp_mini_util/share/erp_mini_util/package.dsv
[6.452s] -- Up-to-date symlink: /home/fmp/Jeju_Island/install/erp_mini_util/share/ament_index/resource_index/packages/erp_mini_util
[6.455s] -- Up-to-date symlink: /home/fmp/Jeju_Island/install/erp_mini_util/share/erp_mini_util/cmake/ament_cmake_export_include_directories-extras.cmake
[6.455s] -- Up-to-date symlink: /home/fmp/Jeju_Island/install/erp_mini_util/share/erp_mini_util/cmake/ament_cmake_export_libraries-extras.cmake
[6.457s] -- Up-to-date symlink: /home/fmp/Jeju_Island/install/erp_mini_util/share/erp_mini_util/cmake/erp_mini_utilConfig.cmake
[6.458s] -- Up-to-date symlink: /home/fmp/Jeju_Island/install/erp_mini_util/share/erp_mini_util/cmake/erp_mini_utilConfig-version.cmake
[6.463s] -- Up-to-date symlink: /home/fmp/Jeju_Island/install/erp_mini_util/share/erp_mini_util/package.xml
[6.487s] Invoked command in '/home/fmp/Jeju_Island/build/erp_mini_util' returned '0': CMAKE_PREFIX_PATH=/home/fmp/Jeju_Island/install/erp_mini_cmake:/home/fmp/Jeju_Island/install/usb_cam:/home/fmp/Jeju_Island/install/sllidar_ros2:/home/fmp/Jeju_Island/install/rplidar_ros:/home/fmp/Jeju_Island/install/erp_mini_serial:/home/fmp/Jeju_Island/install/erp_mini_rqt_plugin:/home/fmp/Jeju_Island/install/erp_mini_util:/home/fmp/Jeju_Island/install/erp_mini_msgs:/home/fmp/Jeju_Island/install/vehicle_control:/home/fmp/Jeju_Island/install/erp_control_pkg:/opt/ros/humble /usr/bin/cmake --install /home/fmp/Jeju_Island/build/erp_mini_util
