[0.047s] Invoking command in '/home/fmp/Jeju_Island/build/erp_mini_msgs': CMAKE_PREFIX_PATH=${CMAKE_PREFIX_PATH}:/opt/ros/humble /usr/bin/cmake --build /home/fmp/Jeju_Island/build/erp_mini_msgs -- -j4 -l4
[0.301s] [35m[1mConsolidate compiler generated dependencies of target erp_mini_msgs__rosidl_generator_c[0m
[0.407s] [  2%] Built target erp_mini_msgs__cpp
[0.413s] [ 12%] Built target erp_mini_msgs__rosidl_generator_c
[0.495s] [ 12%] Built target ament_cmake_python_symlink_erp_mini_msgs
[0.524s] [35m[1mConsolidate compiler generated dependencies of target erp_mini_msgs__rosidl_typesupport_fastrtps_c[0m
[0.544s] [35m[1mConsolidate compiler generated dependencies of target erp_mini_msgs__rosidl_typesupport_fastrtps_cpp[0m
[0.574s] [35m[1mConsolidate compiler generated dependencies of target erp_mini_msgs__rosidl_typesupport_cpp[0m
[0.638s] [35m[1mConsolidate compiler generated dependencies of target erp_mini_msgs__rosidl_typesupport_introspection_c[0m
[0.735s] [ 23%] Built target erp_mini_msgs__rosidl_typesupport_fastrtps_cpp
[0.735s] [ 34%] Built target erp_mini_msgs__rosidl_typesupport_fastrtps_c
[0.786s] [ 44%] Built target erp_mini_msgs__rosidl_typesupport_cpp
[0.808s] [35m[1mConsolidate compiler generated dependencies of target erp_mini_msgs__rosidl_typesupport_introspection_cpp[0m
[0.837s] [ 55%] Built target erp_mini_msgs__rosidl_typesupport_introspection_c
[0.845s] [35m[1mConsolidate compiler generated dependencies of target erp_mini_msgs__rosidl_typesupport_c[0m
[0.915s] [ 65%] Built target erp_mini_msgs__rosidl_typesupport_c
[0.939s] [ 76%] Built target erp_mini_msgs__rosidl_typesupport_introspection_cpp
[1.110s] [ 76%] Built target erp_mini_msgs
[1.237s] [ 78%] Built target erp_mini_msgs__py
[1.282s] [35m[1mConsolidate compiler generated dependencies of target erp_mini_msgs__rosidl_generator_py[0m
[1.337s] [ 87%] Built target erp_mini_msgs__rosidl_generator_py
[1.421s] [35m[1mConsolidate compiler generated dependencies of target erp_mini_msgs__rosidl_typesupport_c__pyext[0m
[1.436s] [35m[1mConsolidate compiler generated dependencies of target erp_mini_msgs__rosidl_typesupport_introspection_c__pyext[0m
[1.458s] [35m[1mConsolidate compiler generated dependencies of target erp_mini_msgs__rosidl_typesupport_fastrtps_c__pyext[0m
[1.462s] [ 91%] Built target erp_mini_msgs__rosidl_typesupport_c__pyext
[1.523s] [ 95%] Built target erp_mini_msgs__rosidl_typesupport_introspection_c__pyext
[1.539s] [100%] Built target erp_mini_msgs__rosidl_typesupport_fastrtps_c__pyext
[2.291s] running egg_info
[2.293s] writing erp_mini_msgs.egg-info/PKG-INFO
[2.295s] writing dependency_links to erp_mini_msgs.egg-info/dependency_links.txt
[2.295s] writing top-level names to erp_mini_msgs.egg-info/top_level.txt
[2.300s] reading manifest file 'erp_mini_msgs.egg-info/SOURCES.txt'
[2.301s] writing manifest file 'erp_mini_msgs.egg-info/SOURCES.txt'
[2.384s] [100%] Built target ament_cmake_python_build_erp_mini_msgs_egg
[2.756s] Invoked command in '/home/fmp/Jeju_Island/build/erp_mini_msgs' returned '0': CMAKE_PREFIX_PATH=${CMAKE_PREFIX_PATH}:/opt/ros/humble /usr/bin/cmake --build /home/fmp/Jeju_Island/build/erp_mini_msgs -- -j4 -l4
[2.762s] Invoking command in '/home/fmp/Jeju_Island/build/erp_mini_msgs': CMAKE_PREFIX_PATH=${CMAKE_PREFIX_PATH}:/opt/ros/humble /usr/bin/cmake --install /home/fmp/Jeju_Island/build/erp_mini_msgs
[2.804s] -- Install configuration: ""
[2.816s] -- Execute custom install script
[2.816s] -- Up-to-date symlink: /home/fmp/Jeju_Island/install/erp_mini_msgs/share/ament_index/resource_index/rosidl_interfaces/erp_mini_msgs
[2.817s] -- Up-to-date symlink: /home/fmp/Jeju_Island/install/erp_mini_msgs/include/erp_mini_msgs/erp_mini_msgs/msg/control_command.h
[2.817s] -- Up-to-date symlink: /home/fmp/Jeju_Island/install/erp_mini_msgs/include/erp_mini_msgs/erp_mini_msgs/msg/detail/control_command__functions.h
[2.817s] -- Up-to-date symlink: /home/fmp/Jeju_Island/install/erp_mini_msgs/include/erp_mini_msgs/erp_mini_msgs/msg/detail/control_command__struct.h
[2.818s] -- Up-to-date symlink: /home/fmp/Jeju_Island/install/erp_mini_msgs/include/erp_mini_msgs/erp_mini_msgs/msg/detail/control_command__type_support.h
[2.822s] -- Up-to-date symlink: /home/fmp/Jeju_Island/install/erp_mini_msgs/include/erp_mini_msgs/erp_mini_msgs/msg/detail/feedback__functions.h
[2.822s] -- Up-to-date symlink: /home/fmp/Jeju_Island/install/erp_mini_msgs/include/erp_mini_msgs/erp_mini_msgs/msg/detail/feedback__struct.h
[2.823s] -- Up-to-date symlink: /home/fmp/Jeju_Island/install/erp_mini_msgs/include/erp_mini_msgs/erp_mini_msgs/msg/detail/feedback__type_support.h
[2.827s] -- Up-to-date symlink: /home/fmp/Jeju_Island/install/erp_mini_msgs/include/erp_mini_msgs/erp_mini_msgs/msg/feedback.h
[2.829s] -- Up-to-date symlink: /home/fmp/Jeju_Island/install/erp_mini_msgs/include/erp_mini_msgs/erp_mini_msgs/msg/rosidl_generator_c__visibility_control.h
[2.832s] -- Up-to-date symlink: /home/fmp/Jeju_Island/install/erp_mini_msgs/include/erp_mini_msgs/erp_mini_msgs/srv/detail/mode_command__functions.h
[2.833s] -- Up-to-date symlink: /home/fmp/Jeju_Island/install/erp_mini_msgs/include/erp_mini_msgs/erp_mini_msgs/srv/detail/mode_command__struct.h
[2.835s] -- Up-to-date symlink: /home/fmp/Jeju_Island/install/erp_mini_msgs/include/erp_mini_msgs/erp_mini_msgs/srv/detail/mode_command__type_support.h
[2.836s] -- Up-to-date symlink: /home/fmp/Jeju_Island/install/erp_mini_msgs/include/erp_mini_msgs/erp_mini_msgs/srv/mode_command.h
[2.838s] -- Up-to-date symlink: /home/fmp/Jeju_Island/install/erp_mini_msgs/share/erp_mini_msgs/environment/library_path.sh
[2.842s] -- Up-to-date symlink: /home/fmp/Jeju_Island/install/erp_mini_msgs/share/erp_mini_msgs/environment/library_path.dsv
[2.843s] -- Up-to-date symlink: /home/fmp/Jeju_Island/install/erp_mini_msgs/include/erp_mini_msgs/erp_mini_msgs/msg/detail/control_command__rosidl_typesupport_fastrtps_c.h
[2.843s] -- Up-to-date symlink: /home/fmp/Jeju_Island/install/erp_mini_msgs/include/erp_mini_msgs/erp_mini_msgs/msg/detail/feedback__rosidl_typesupport_fastrtps_c.h
[2.846s] -- Up-to-date symlink: /home/fmp/Jeju_Island/install/erp_mini_msgs/include/erp_mini_msgs/erp_mini_msgs/msg/rosidl_typesupport_fastrtps_c__visibility_control.h
[2.846s] -- Up-to-date symlink: /home/fmp/Jeju_Island/install/erp_mini_msgs/include/erp_mini_msgs/erp_mini_msgs/srv/detail/mode_command__rosidl_typesupport_fastrtps_c.h
[2.852s] -- Up-to-date symlink: /home/fmp/Jeju_Island/install/erp_mini_msgs/include/erp_mini_msgs/erp_mini_msgs/msg/control_command.hpp
[2.853s] -- Up-to-date symlink: /home/fmp/Jeju_Island/install/erp_mini_msgs/include/erp_mini_msgs/erp_mini_msgs/msg/detail/control_command__builder.hpp
[2.853s] -- Up-to-date symlink: /home/fmp/Jeju_Island/install/erp_mini_msgs/include/erp_mini_msgs/erp_mini_msgs/msg/detail/control_command__struct.hpp
[2.856s] -- Up-to-date symlink: /home/fmp/Jeju_Island/install/erp_mini_msgs/include/erp_mini_msgs/erp_mini_msgs/msg/detail/control_command__traits.hpp
[2.858s] -- Up-to-date symlink: /home/fmp/Jeju_Island/install/erp_mini_msgs/include/erp_mini_msgs/erp_mini_msgs/msg/detail/control_command__type_support.hpp
[2.858s] -- Up-to-date symlink: /home/fmp/Jeju_Island/install/erp_mini_msgs/include/erp_mini_msgs/erp_mini_msgs/msg/detail/feedback__builder.hpp
[2.859s] -- Up-to-date symlink: /home/fmp/Jeju_Island/install/erp_mini_msgs/include/erp_mini_msgs/erp_mini_msgs/msg/detail/feedback__struct.hpp
[2.859s] -- Up-to-date symlink: /home/fmp/Jeju_Island/install/erp_mini_msgs/include/erp_mini_msgs/erp_mini_msgs/msg/detail/feedback__traits.hpp
[2.859s] -- Up-to-date symlink: /home/fmp/Jeju_Island/install/erp_mini_msgs/include/erp_mini_msgs/erp_mini_msgs/msg/detail/feedback__type_support.hpp
[2.863s] -- Up-to-date symlink: /home/fmp/Jeju_Island/install/erp_mini_msgs/include/erp_mini_msgs/erp_mini_msgs/msg/feedback.hpp
[2.863s] -- Up-to-date symlink: /home/fmp/Jeju_Island/install/erp_mini_msgs/include/erp_mini_msgs/erp_mini_msgs/msg/rosidl_generator_cpp__visibility_control.hpp
[2.864s] -- Up-to-date symlink: /home/fmp/Jeju_Island/install/erp_mini_msgs/include/erp_mini_msgs/erp_mini_msgs/srv/detail/mode_command__builder.hpp
[2.868s] -- Up-to-date symlink: /home/fmp/Jeju_Island/install/erp_mini_msgs/include/erp_mini_msgs/erp_mini_msgs/srv/detail/mode_command__struct.hpp
[2.869s] -- Up-to-date symlink: /home/fmp/Jeju_Island/install/erp_mini_msgs/include/erp_mini_msgs/erp_mini_msgs/srv/detail/mode_command__traits.hpp
[2.869s] -- Up-to-date symlink: /home/fmp/Jeju_Island/install/erp_mini_msgs/include/erp_mini_msgs/erp_mini_msgs/srv/detail/mode_command__type_support.hpp
[2.870s] -- Up-to-date symlink: /home/fmp/Jeju_Island/install/erp_mini_msgs/include/erp_mini_msgs/erp_mini_msgs/srv/mode_command.hpp
[2.873s] -- Up-to-date symlink: /home/fmp/Jeju_Island/install/erp_mini_msgs/include/erp_mini_msgs/erp_mini_msgs/msg/detail/control_command__rosidl_typesupport_fastrtps_cpp.hpp
[2.873s] -- Up-to-date symlink: /home/fmp/Jeju_Island/install/erp_mini_msgs/include/erp_mini_msgs/erp_mini_msgs/msg/detail/feedback__rosidl_typesupport_fastrtps_cpp.hpp
[2.873s] -- Up-to-date symlink: /home/fmp/Jeju_Island/install/erp_mini_msgs/include/erp_mini_msgs/erp_mini_msgs/msg/rosidl_typesupport_fastrtps_cpp__visibility_control.h
[2.874s] -- Up-to-date symlink: /home/fmp/Jeju_Island/install/erp_mini_msgs/include/erp_mini_msgs/erp_mini_msgs/srv/detail/mode_command__rosidl_typesupport_fastrtps_cpp.hpp
[2.877s] -- Up-to-date symlink: /home/fmp/Jeju_Island/install/erp_mini_msgs/include/erp_mini_msgs/erp_mini_msgs/msg/detail/control_command__rosidl_typesupport_introspection_c.h
[2.879s] -- Up-to-date symlink: /home/fmp/Jeju_Island/install/erp_mini_msgs/include/erp_mini_msgs/erp_mini_msgs/msg/detail/feedback__rosidl_typesupport_introspection_c.h
[2.879s] -- Up-to-date symlink: /home/fmp/Jeju_Island/install/erp_mini_msgs/include/erp_mini_msgs/erp_mini_msgs/msg/rosidl_typesupport_introspection_c__visibility_control.h
[2.883s] -- Up-to-date symlink: /home/fmp/Jeju_Island/install/erp_mini_msgs/include/erp_mini_msgs/erp_mini_msgs/srv/detail/mode_command__rosidl_typesupport_introspection_c.h
[2.885s] -- Up-to-date symlink: /home/fmp/Jeju_Island/install/erp_mini_msgs/include/erp_mini_msgs/erp_mini_msgs/msg/detail/control_command__rosidl_typesupport_introspection_cpp.hpp
[2.885s] -- Up-to-date symlink: /home/fmp/Jeju_Island/install/erp_mini_msgs/include/erp_mini_msgs/erp_mini_msgs/msg/detail/feedback__rosidl_typesupport_introspection_cpp.hpp
[2.885s] -- Up-to-date symlink: /home/fmp/Jeju_Island/install/erp_mini_msgs/include/erp_mini_msgs/erp_mini_msgs/srv/detail/mode_command__rosidl_typesupport_introspection_cpp.hpp
[2.885s] -- Up-to-date symlink: /home/fmp/Jeju_Island/install/erp_mini_msgs/share/erp_mini_msgs/environment/pythonpath.sh
[2.891s] -- Up-to-date symlink: /home/fmp/Jeju_Island/install/erp_mini_msgs/share/erp_mini_msgs/environment/pythonpath.dsv
[2.900s] -- Up-to-date symlink: /home/fmp/Jeju_Island/install/erp_mini_msgs/local/lib/python3.10/dist-packages/erp_mini_msgs-0.0.0-py3.10.egg-info/PKG-INFO
[2.900s] -- Up-to-date symlink: /home/fmp/Jeju_Island/install/erp_mini_msgs/local/lib/python3.10/dist-packages/erp_mini_msgs-0.0.0-py3.10.egg-info/SOURCES.txt
[2.900s] -- Up-to-date symlink: /home/fmp/Jeju_Island/install/erp_mini_msgs/local/lib/python3.10/dist-packages/erp_mini_msgs-0.0.0-py3.10.egg-info/dependency_links.txt
[2.905s] -- Up-to-date symlink: /home/fmp/Jeju_Island/install/erp_mini_msgs/local/lib/python3.10/dist-packages/erp_mini_msgs-0.0.0-py3.10.egg-info/top_level.txt
[2.905s] -- Up-to-date symlink: /home/fmp/Jeju_Island/install/erp_mini_msgs/local/lib/python3.10/dist-packages/erp_mini_msgs/__init__.py
[2.906s] -- Up-to-date symlink: /home/fmp/Jeju_Island/install/erp_mini_msgs/local/lib/python3.10/dist-packages/erp_mini_msgs/_erp_mini_msgs_s.ep.rosidl_typesupport_c.c
[2.906s] -- Up-to-date symlink: /home/fmp/Jeju_Island/install/erp_mini_msgs/local/lib/python3.10/dist-packages/erp_mini_msgs/_erp_mini_msgs_s.ep.rosidl_typesupport_fastrtps_c.c
[2.906s] -- Up-to-date symlink: /home/fmp/Jeju_Island/install/erp_mini_msgs/local/lib/python3.10/dist-packages/erp_mini_msgs/_erp_mini_msgs_s.ep.rosidl_typesupport_introspection_c.c
[2.912s] -- Up-to-date symlink: /home/fmp/Jeju_Island/install/erp_mini_msgs/local/lib/python3.10/dist-packages/erp_mini_msgs/erp_mini_msgs_s__rosidl_typesupport_c.cpython-310-x86_64-linux-gnu.so
[2.912s] -- Up-to-date symlink: /home/fmp/Jeju_Island/install/erp_mini_msgs/local/lib/python3.10/dist-packages/erp_mini_msgs/erp_mini_msgs_s__rosidl_typesupport_fastrtps_c.cpython-310-x86_64-linux-gnu.so
[2.916s] -- Up-to-date symlink: /home/fmp/Jeju_Island/install/erp_mini_msgs/local/lib/python3.10/dist-packages/erp_mini_msgs/erp_mini_msgs_s__rosidl_typesupport_introspection_c.cpython-310-x86_64-linux-gnu.so
[2.916s] -- Up-to-date symlink: /home/fmp/Jeju_Island/install/erp_mini_msgs/local/lib/python3.10/dist-packages/erp_mini_msgs/liberp_mini_msgs__rosidl_generator_py.so
[2.917s] -- Up-to-date symlink: /home/fmp/Jeju_Island/install/erp_mini_msgs/local/lib/python3.10/dist-packages/erp_mini_msgs/msg/__init__.py
[2.918s] -- Up-to-date symlink: /home/fmp/Jeju_Island/install/erp_mini_msgs/local/lib/python3.10/dist-packages/erp_mini_msgs/msg/_control_command.py
[2.918s] -- Up-to-date symlink: /home/fmp/Jeju_Island/install/erp_mini_msgs/local/lib/python3.10/dist-packages/erp_mini_msgs/msg/_control_command_s.c
[2.919s] -- Up-to-date symlink: /home/fmp/Jeju_Island/install/erp_mini_msgs/local/lib/python3.10/dist-packages/erp_mini_msgs/msg/_feedback.py
[2.933s] -- Up-to-date symlink: /home/fmp/Jeju_Island/install/erp_mini_msgs/local/lib/python3.10/dist-packages/erp_mini_msgs/msg/_feedback_s.c
[2.934s] -- Up-to-date symlink: /home/fmp/Jeju_Island/install/erp_mini_msgs/local/lib/python3.10/dist-packages/erp_mini_msgs/srv/__init__.py
[2.935s] -- Up-to-date symlink: /home/fmp/Jeju_Island/install/erp_mini_msgs/local/lib/python3.10/dist-packages/erp_mini_msgs/srv/_mode_command.py
[2.935s] -- Up-to-date symlink: /home/fmp/Jeju_Island/install/erp_mini_msgs/local/lib/python3.10/dist-packages/erp_mini_msgs/srv/_mode_command_s.c
[2.935s] -- Up-to-date symlink: /home/fmp/Jeju_Island/install/erp_mini_msgs/local/lib/python3.10/dist-packages/erp_mini_msgs/erp_mini_msgs_s__rosidl_typesupport_fastrtps_c.cpython-310-x86_64-linux-gnu.so
[2.936s] -- Up-to-date symlink: /home/fmp/Jeju_Island/install/erp_mini_msgs/local/lib/python3.10/dist-packages/erp_mini_msgs/erp_mini_msgs_s__rosidl_typesupport_introspection_c.cpython-310-x86_64-linux-gnu.so
[2.939s] -- Up-to-date symlink: /home/fmp/Jeju_Island/install/erp_mini_msgs/local/lib/python3.10/dist-packages/erp_mini_msgs/erp_mini_msgs_s__rosidl_typesupport_c.cpython-310-x86_64-linux-gnu.so
[2.940s] -- Up-to-date symlink: /home/fmp/Jeju_Island/install/erp_mini_msgs/share/erp_mini_msgs/msg/ControlCommand.idl
[2.942s] -- Up-to-date symlink: /home/fmp/Jeju_Island/install/erp_mini_msgs/share/erp_mini_msgs/msg/Feedback.idl
[2.943s] -- Up-to-date symlink: /home/fmp/Jeju_Island/install/erp_mini_msgs/share/erp_mini_msgs/srv/ModeCommand.idl
[2.943s] -- Up-to-date symlink: /home/fmp/Jeju_Island/install/erp_mini_msgs/share/erp_mini_msgs/msg/ControlCommand.msg
[2.944s] -- Up-to-date symlink: /home/fmp/Jeju_Island/install/erp_mini_msgs/share/erp_mini_msgs/msg/Feedback.msg
[2.944s] -- Up-to-date symlink: /home/fmp/Jeju_Island/install/erp_mini_msgs/share/erp_mini_msgs/srv/ModeCommand.srv
[2.944s] -- Up-to-date symlink: /home/fmp/Jeju_Island/install/erp_mini_msgs/share/erp_mini_msgs/srv/ModeCommand_Request.msg
[2.948s] -- Up-to-date symlink: /home/fmp/Jeju_Island/install/erp_mini_msgs/share/erp_mini_msgs/srv/ModeCommand_Response.msg
[2.948s] -- Up-to-date symlink: /home/fmp/Jeju_Island/install/erp_mini_msgs/share/ament_index/resource_index/package_run_dependencies/erp_mini_msgs
[2.948s] -- Up-to-date symlink: /home/fmp/Jeju_Island/install/erp_mini_msgs/share/ament_index/resource_index/parent_prefix_path/erp_mini_msgs
[2.948s] -- Up-to-date symlink: /home/fmp/Jeju_Island/install/erp_mini_msgs/share/erp_mini_msgs/environment/ament_prefix_path.sh
[2.949s] -- Up-to-date symlink: /home/fmp/Jeju_Island/install/erp_mini_msgs/share/erp_mini_msgs/environment/ament_prefix_path.dsv
[2.949s] -- Up-to-date symlink: /home/fmp/Jeju_Island/install/erp_mini_msgs/share/erp_mini_msgs/environment/path.sh
[2.949s] -- Up-to-date symlink: /home/fmp/Jeju_Island/install/erp_mini_msgs/share/erp_mini_msgs/environment/path.dsv
[2.949s] -- Up-to-date symlink: /home/fmp/Jeju_Island/install/erp_mini_msgs/share/erp_mini_msgs/local_setup.bash
[2.950s] -- Up-to-date symlink: /home/fmp/Jeju_Island/install/erp_mini_msgs/share/erp_mini_msgs/local_setup.sh
[2.950s] -- Up-to-date symlink: /home/fmp/Jeju_Island/install/erp_mini_msgs/share/erp_mini_msgs/local_setup.zsh
[2.950s] -- Up-to-date symlink: /home/fmp/Jeju_Island/install/erp_mini_msgs/share/erp_mini_msgs/local_setup.dsv
[2.950s] -- Symlinking: /home/fmp/Jeju_Island/install/erp_mini_msgs/share/erp_mini_msgs/package.dsv
[2.965s] -- Up-to-date symlink: /home/fmp/Jeju_Island/install/erp_mini_msgs/share/ament_index/resource_index/packages/erp_mini_msgs
[2.965s] -- Up-to-date symlink: /home/fmp/Jeju_Island/install/erp_mini_msgs/share/erp_mini_msgs/cmake/rosidl_cmake-extras.cmake
[2.966s] -- Up-to-date symlink: /home/fmp/Jeju_Island/install/erp_mini_msgs/share/erp_mini_msgs/cmake/ament_cmake_export_dependencies-extras.cmake
[2.966s] -- Up-to-date symlink: /home/fmp/Jeju_Island/install/erp_mini_msgs/share/erp_mini_msgs/cmake/ament_cmake_export_include_directories-extras.cmake
[2.966s] -- Up-to-date symlink: /home/fmp/Jeju_Island/install/erp_mini_msgs/share/erp_mini_msgs/cmake/ament_cmake_export_libraries-extras.cmake
[2.966s] -- Up-to-date symlink: /home/fmp/Jeju_Island/install/erp_mini_msgs/share/erp_mini_msgs/cmake/ament_cmake_export_targets-extras.cmake
[2.967s] -- Up-to-date symlink: /home/fmp/Jeju_Island/install/erp_mini_msgs/share/erp_mini_msgs/cmake/rosidl_cmake_export_typesupport_targets-extras.cmake
[2.967s] -- Up-to-date symlink: /home/fmp/Jeju_Island/install/erp_mini_msgs/share/erp_mini_msgs/cmake/rosidl_cmake_export_typesupport_libraries-extras.cmake
[2.967s] -- Up-to-date symlink: /home/fmp/Jeju_Island/install/erp_mini_msgs/share/erp_mini_msgs/cmake/erp_mini_msgsConfig.cmake
[2.967s] -- Up-to-date symlink: /home/fmp/Jeju_Island/install/erp_mini_msgs/share/erp_mini_msgs/cmake/erp_mini_msgsConfig-version.cmake
[2.971s] -- Up-to-date symlink: /home/fmp/Jeju_Island/install/erp_mini_msgs/share/erp_mini_msgs/package.xml
[2.972s] -- Up-to-date: /home/fmp/Jeju_Island/install/erp_mini_msgs/lib/liberp_mini_msgs__rosidl_generator_c.so
[2.972s] -- Up-to-date: /home/fmp/Jeju_Island/install/erp_mini_msgs/lib/liberp_mini_msgs__rosidl_typesupport_fastrtps_c.so
[2.972s] -- Up-to-date: /home/fmp/Jeju_Island/install/erp_mini_msgs/lib/liberp_mini_msgs__rosidl_typesupport_fastrtps_cpp.so
[2.972s] -- Up-to-date: /home/fmp/Jeju_Island/install/erp_mini_msgs/lib/liberp_mini_msgs__rosidl_typesupport_introspection_c.so
[2.973s] -- Up-to-date: /home/fmp/Jeju_Island/install/erp_mini_msgs/lib/liberp_mini_msgs__rosidl_typesupport_c.so
[2.973s] -- Up-to-date: /home/fmp/Jeju_Island/install/erp_mini_msgs/lib/liberp_mini_msgs__rosidl_typesupport_introspection_cpp.so
[2.973s] -- Up-to-date: /home/fmp/Jeju_Island/install/erp_mini_msgs/lib/liberp_mini_msgs__rosidl_typesupport_cpp.so
[3.094s] Listing '/home/fmp/Jeju_Island/install/erp_mini_msgs/local/lib/python3.10/dist-packages/erp_mini_msgs'...
[3.094s] Listing '/home/fmp/Jeju_Island/install/erp_mini_msgs/local/lib/python3.10/dist-packages/erp_mini_msgs/msg'...
[3.095s] Listing '/home/fmp/Jeju_Island/install/erp_mini_msgs/local/lib/python3.10/dist-packages/erp_mini_msgs/srv'...
[3.116s] -- Up-to-date: /home/fmp/Jeju_Island/install/erp_mini_msgs/lib/liberp_mini_msgs__rosidl_generator_py.so
[3.117s] -- Up-to-date: /home/fmp/Jeju_Island/install/erp_mini_msgs/share/erp_mini_msgs/cmake/export_erp_mini_msgs__rosidl_generator_cExport.cmake
[3.117s] -- Up-to-date: /home/fmp/Jeju_Island/install/erp_mini_msgs/share/erp_mini_msgs/cmake/export_erp_mini_msgs__rosidl_generator_cExport-noconfig.cmake
[3.120s] -- Up-to-date: /home/fmp/Jeju_Island/install/erp_mini_msgs/share/erp_mini_msgs/cmake/export_erp_mini_msgs__rosidl_typesupport_fastrtps_cExport.cmake
[3.120s] -- Up-to-date: /home/fmp/Jeju_Island/install/erp_mini_msgs/share/erp_mini_msgs/cmake/export_erp_mini_msgs__rosidl_typesupport_fastrtps_cExport-noconfig.cmake
[3.122s] -- Up-to-date: /home/fmp/Jeju_Island/install/erp_mini_msgs/share/erp_mini_msgs/cmake/export_erp_mini_msgs__rosidl_generator_cppExport.cmake
[3.122s] -- Up-to-date: /home/fmp/Jeju_Island/install/erp_mini_msgs/share/erp_mini_msgs/cmake/export_erp_mini_msgs__rosidl_typesupport_fastrtps_cppExport.cmake
[3.122s] -- Up-to-date: /home/fmp/Jeju_Island/install/erp_mini_msgs/share/erp_mini_msgs/cmake/export_erp_mini_msgs__rosidl_typesupport_fastrtps_cppExport-noconfig.cmake
[3.123s] -- Up-to-date: /home/fmp/Jeju_Island/install/erp_mini_msgs/share/erp_mini_msgs/cmake/erp_mini_msgs__rosidl_typesupport_introspection_cExport.cmake
[3.123s] -- Up-to-date: /home/fmp/Jeju_Island/install/erp_mini_msgs/share/erp_mini_msgs/cmake/erp_mini_msgs__rosidl_typesupport_introspection_cExport-noconfig.cmake
[3.123s] -- Up-to-date: /home/fmp/Jeju_Island/install/erp_mini_msgs/share/erp_mini_msgs/cmake/erp_mini_msgs__rosidl_typesupport_cExport.cmake
[3.123s] -- Up-to-date: /home/fmp/Jeju_Island/install/erp_mini_msgs/share/erp_mini_msgs/cmake/erp_mini_msgs__rosidl_typesupport_cExport-noconfig.cmake
[3.123s] -- Up-to-date: /home/fmp/Jeju_Island/install/erp_mini_msgs/share/erp_mini_msgs/cmake/erp_mini_msgs__rosidl_typesupport_introspection_cppExport.cmake
[3.124s] -- Up-to-date: /home/fmp/Jeju_Island/install/erp_mini_msgs/share/erp_mini_msgs/cmake/erp_mini_msgs__rosidl_typesupport_introspection_cppExport-noconfig.cmake
[3.124s] -- Up-to-date: /home/fmp/Jeju_Island/install/erp_mini_msgs/share/erp_mini_msgs/cmake/erp_mini_msgs__rosidl_typesupport_cppExport.cmake
[3.124s] -- Up-to-date: /home/fmp/Jeju_Island/install/erp_mini_msgs/share/erp_mini_msgs/cmake/erp_mini_msgs__rosidl_typesupport_cppExport-noconfig.cmake
[3.124s] -- Up-to-date: /home/fmp/Jeju_Island/install/erp_mini_msgs/share/erp_mini_msgs/cmake/export_erp_mini_msgs__rosidl_generator_pyExport.cmake
[3.125s] -- Up-to-date: /home/fmp/Jeju_Island/install/erp_mini_msgs/share/erp_mini_msgs/cmake/export_erp_mini_msgs__rosidl_generator_pyExport-noconfig.cmake
[3.136s] Invoked command in '/home/fmp/Jeju_Island/build/erp_mini_msgs' returned '0': CMAKE_PREFIX_PATH=${CMAKE_PREFIX_PATH}:/opt/ros/humble /usr/bin/cmake --install /home/fmp/Jeju_Island/build/erp_mini_msgs
