[0.093s] Invoking command in '/home/fmp/Jeju_Island/build/rplidar_ros': CMAKE_PREFIX_PATH=${CMAKE_PREFIX_PATH}:/home/fmp/Jeju_Island/install/vehicle_control:/home/fmp/Jeju_Island/install/erp_control_pkg:/opt/ros/humble /usr/bin/cmake /home/fmp/Jeju_Island/src/rplidar_ros -DCMAKE_INSTALL_PREFIX=/home/fmp/Jeju_Island/install/rplidar_ros
[0.188s] -- Found ament_cmake: 1.3.12 (/opt/ros/humble/share/ament_cmake/cmake)
[1.394s] -- Override CMake install command with custom implementation using symlinks instead of copying resources
[1.475s] -- Found rclcpp: 16.0.15 (/opt/ros/humble/share/rclcpp/cmake)
[1.754s] -- Found rosidl_generator_c: 3.1.7 (/opt/ros/humble/share/rosidl_generator_c/cmake)
[1.782s] -- Found rosidl_adapter: 3.1.7 (/opt/ros/humble/share/rosidl_adapter/cmake)
[1.830s] -- Found rosidl_generator_cpp: 3.1.7 (/opt/ros/humble/share/rosidl_generator_cpp/cmake)
[1.942s] -- Using all available rosidl_typesupport_c: rosidl_typesupport_fastrtps_c;rosidl_typesupport_introspection_c
[2.035s] -- Using all available rosidl_typesupport_cpp: rosidl_typesupport_fastrtps_cpp;rosidl_typesupport_introspection_cpp
[2.247s] -- Found rmw_implementation_cmake: 6.1.2 (/opt/ros/humble/share/rmw_implementation_cmake/cmake)
[2.255s] -- Found rmw_fastrtps_cpp: 6.2.9 (/opt/ros/humble/share/rmw_fastrtps_cpp/cmake)
[3.033s] -- Using RMW implementation 'rmw_fastrtps_cpp' as default
[3.424s] -- Found sensor_msgs: 4.9.0 (/opt/ros/humble/share/sensor_msgs/cmake)
[3.601s] -- Found std_srvs: 4.9.0 (/opt/ros/humble/share/std_srvs/cmake)
[4.442s] -- Configuring done
[4.725s] -- Generating done
[4.806s] -- Build files have been written to: /home/fmp/Jeju_Island/build/rplidar_ros
[4.937s] Invoked command in '/home/fmp/Jeju_Island/build/rplidar_ros' returned '0': CMAKE_PREFIX_PATH=${CMAKE_PREFIX_PATH}:/home/fmp/Jeju_Island/install/vehicle_control:/home/fmp/Jeju_Island/install/erp_control_pkg:/opt/ros/humble /usr/bin/cmake /home/fmp/Jeju_Island/src/rplidar_ros -DCMAKE_INSTALL_PREFIX=/home/fmp/Jeju_Island/install/rplidar_ros
[4.946s] Invoking command in '/home/fmp/Jeju_Island/build/rplidar_ros': CMAKE_PREFIX_PATH=${CMAKE_PREFIX_PATH}:/home/fmp/Jeju_Island/install/vehicle_control:/home/fmp/Jeju_Island/install/erp_control_pkg:/opt/ros/humble /usr/bin/cmake --build /home/fmp/Jeju_Island/build/rplidar_ros -- -j4 -l4
[5.390s] [35m[1mConsolidate compiler generated dependencies of target rplidar_node[0m
[5.443s] [35m[1mConsolidate compiler generated dependencies of target rplidar_client[0m
[5.465s] [35m[1mConsolidate compiler generated dependencies of target rplidar_composition[0m
[5.704s] [ 47%] Built target rplidar_node
[5.704s] [ 52%] Built target rplidar_client
[5.795s] [100%] Built target rplidar_composition
[5.958s] Invoked command in '/home/fmp/Jeju_Island/build/rplidar_ros' returned '0': CMAKE_PREFIX_PATH=${CMAKE_PREFIX_PATH}:/home/fmp/Jeju_Island/install/vehicle_control:/home/fmp/Jeju_Island/install/erp_control_pkg:/opt/ros/humble /usr/bin/cmake --build /home/fmp/Jeju_Island/build/rplidar_ros -- -j4 -l4
[5.967s] Invoking command in '/home/fmp/Jeju_Island/build/rplidar_ros': CMAKE_PREFIX_PATH=${CMAKE_PREFIX_PATH}:/home/fmp/Jeju_Island/install/vehicle_control:/home/fmp/Jeju_Island/install/erp_control_pkg:/opt/ros/humble /usr/bin/cmake --install /home/fmp/Jeju_Island/build/rplidar_ros
[6.032s] -- Install configuration: ""
[6.036s] -- Execute custom install script
[6.046s] -- Up-to-date symlink: /home/fmp/Jeju_Island/install/rplidar_ros/share/rplidar_ros/launch/rplidar_a1_launch.py
[6.050s] -- Up-to-date symlink: /home/fmp/Jeju_Island/install/rplidar_ros/share/rplidar_ros/launch/rplidar_a2m12_launch.py
[6.058s] -- Up-to-date symlink: /home/fmp/Jeju_Island/install/rplidar_ros/share/rplidar_ros/launch/rplidar_a2m7_launch.py
[6.059s] -- Up-to-date symlink: /home/fmp/Jeju_Island/install/rplidar_ros/share/rplidar_ros/launch/rplidar_a2m8_launch.py
[6.064s] -- Up-to-date symlink: /home/fmp/Jeju_Island/install/rplidar_ros/share/rplidar_ros/launch/rplidar_a3_launch.py
[6.065s] -- Up-to-date symlink: /home/fmp/Jeju_Island/install/rplidar_ros/share/rplidar_ros/launch/rplidar_c1_launch.py
[6.070s] -- Up-to-date symlink: /home/fmp/Jeju_Island/install/rplidar_ros/share/rplidar_ros/launch/rplidar_s1_launch.py
[6.071s] -- Up-to-date symlink: /home/fmp/Jeju_Island/install/rplidar_ros/share/rplidar_ros/launch/rplidar_s1_tcp_launch.py
[6.076s] -- Up-to-date symlink: /home/fmp/Jeju_Island/install/rplidar_ros/share/rplidar_ros/launch/rplidar_s2_launch.py
[6.078s] -- Up-to-date symlink: /home/fmp/Jeju_Island/install/rplidar_ros/share/rplidar_ros/launch/rplidar_s2e_launch.py
[6.085s] -- Up-to-date symlink: /home/fmp/Jeju_Island/install/rplidar_ros/share/rplidar_ros/launch/rplidar_s3_launch.py
[6.086s] -- Up-to-date symlink: /home/fmp/Jeju_Island/install/rplidar_ros/share/rplidar_ros/launch/rplidar_t1_launch.py
[6.091s] -- Up-to-date symlink: /home/fmp/Jeju_Island/install/rplidar_ros/share/rplidar_ros/launch/view_rplidar_a1_launch.py
[6.093s] -- Up-to-date symlink: /home/fmp/Jeju_Island/install/rplidar_ros/share/rplidar_ros/launch/view_rplidar_a2m12_launch.py
[6.094s] -- Up-to-date symlink: /home/fmp/Jeju_Island/install/rplidar_ros/share/rplidar_ros/launch/view_rplidar_a2m7_launch.py
[6.095s] -- Up-to-date symlink: /home/fmp/Jeju_Island/install/rplidar_ros/share/rplidar_ros/launch/view_rplidar_a2m8_launch.py
[6.100s] -- Up-to-date symlink: /home/fmp/Jeju_Island/install/rplidar_ros/share/rplidar_ros/launch/view_rplidar_a3_launch.py
[6.101s] -- Up-to-date symlink: /home/fmp/Jeju_Island/install/rplidar_ros/share/rplidar_ros/launch/view_rplidar_c1_launch.py
[6.104s] -- Up-to-date symlink: /home/fmp/Jeju_Island/install/rplidar_ros/share/rplidar_ros/launch/view_rplidar_s1_launch.py
[6.110s] -- Up-to-date symlink: /home/fmp/Jeju_Island/install/rplidar_ros/share/rplidar_ros/launch/view_rplidar_s1_tcp_launch.py
[6.112s] -- Up-to-date symlink: /home/fmp/Jeju_Island/install/rplidar_ros/share/rplidar_ros/launch/view_rplidar_s2_launch.py
[6.115s] -- Up-to-date symlink: /home/fmp/Jeju_Island/install/rplidar_ros/share/rplidar_ros/launch/view_rplidar_s2e_launch.py
[6.117s] -- Up-to-date symlink: /home/fmp/Jeju_Island/install/rplidar_ros/share/rplidar_ros/launch/view_rplidar_s3_launch.py
[6.122s] -- Up-to-date symlink: /home/fmp/Jeju_Island/install/rplidar_ros/share/rplidar_ros/launch/view_rplidar_t1_launch.py
[6.125s] -- Up-to-date symlink: /home/fmp/Jeju_Island/install/rplidar_ros/share/rplidar_ros/rviz/rplidar_ros.rviz
[6.131s] -- Up-to-date symlink: /home/fmp/Jeju_Island/install/rplidar_ros/lib/rplidar_ros/rplidar_node
[6.132s] -- Up-to-date symlink: /home/fmp/Jeju_Island/install/rplidar_ros/lib/rplidar_ros/rplidar_composition
[6.132s] -- Up-to-date symlink: /home/fmp/Jeju_Island/install/rplidar_ros/lib/rplidar_ros/rplidar_client
[6.133s] -- Up-to-date symlink: /home/fmp/Jeju_Island/install/rplidar_ros/share/ament_index/resource_index/package_run_dependencies/rplidar_ros
[6.143s] -- Up-to-date symlink: /home/fmp/Jeju_Island/install/rplidar_ros/share/ament_index/resource_index/parent_prefix_path/rplidar_ros
[6.144s] -- Up-to-date symlink: /home/fmp/Jeju_Island/install/rplidar_ros/share/rplidar_ros/environment/ament_prefix_path.sh
[6.144s] -- Up-to-date symlink: /home/fmp/Jeju_Island/install/rplidar_ros/share/rplidar_ros/environment/ament_prefix_path.dsv
[6.147s] -- Up-to-date symlink: /home/fmp/Jeju_Island/install/rplidar_ros/share/rplidar_ros/environment/path.sh
[6.153s] -- Up-to-date symlink: /home/fmp/Jeju_Island/install/rplidar_ros/share/rplidar_ros/environment/path.dsv
[6.155s] -- Up-to-date symlink: /home/fmp/Jeju_Island/install/rplidar_ros/share/rplidar_ros/local_setup.bash
[6.158s] -- Up-to-date symlink: /home/fmp/Jeju_Island/install/rplidar_ros/share/rplidar_ros/local_setup.sh
[6.164s] -- Up-to-date symlink: /home/fmp/Jeju_Island/install/rplidar_ros/share/rplidar_ros/local_setup.zsh
[6.165s] -- Up-to-date symlink: /home/fmp/Jeju_Island/install/rplidar_ros/share/rplidar_ros/local_setup.dsv
[6.169s] -- Symlinking: /home/fmp/Jeju_Island/install/rplidar_ros/share/rplidar_ros/package.dsv
[6.250s] -- Up-to-date symlink: /home/fmp/Jeju_Island/install/rplidar_ros/share/ament_index/resource_index/packages/rplidar_ros
[6.252s] -- Up-to-date symlink: /home/fmp/Jeju_Island/install/rplidar_ros/share/rplidar_ros/cmake/ament_cmake_export_dependencies-extras.cmake
[6.254s] -- Up-to-date symlink: /home/fmp/Jeju_Island/install/rplidar_ros/share/rplidar_ros/cmake/ament_cmake_export_include_directories-extras.cmake
[6.262s] -- Up-to-date symlink: /home/fmp/Jeju_Island/install/rplidar_ros/share/rplidar_ros/cmake/rplidar_rosConfig.cmake
[6.263s] -- Up-to-date symlink: /home/fmp/Jeju_Island/install/rplidar_ros/share/rplidar_ros/cmake/rplidar_rosConfig-version.cmake
[6.264s] -- Up-to-date symlink: /home/fmp/Jeju_Island/install/rplidar_ros/share/rplidar_ros/package.xml
[6.282s] Invoked command in '/home/fmp/Jeju_Island/build/rplidar_ros' returned '0': CMAKE_PREFIX_PATH=${CMAKE_PREFIX_PATH}:/home/fmp/Jeju_Island/install/vehicle_control:/home/fmp/Jeju_Island/install/erp_control_pkg:/opt/ros/humble /usr/bin/cmake --install /home/fmp/Jeju_Island/build/rplidar_ros
