[0.170s] Invoking command in '/home/fmp/Jeju_Island/build/erp_mini_cmake': CMAKE_PREFIX_PATH=${CMAKE_PREFIX_PATH}:/home/fmp/Jeju_Island/install/vehicle_launch:/home/fmp/Jeju_Island/install/vehicle_control:/home/fmp/Jeju_Island/install/erp_control_pkg:/opt/ros/humble /usr/bin/cmake /home/fmp/Jeju_Island/src/erp_mini_ros/src/erp_mini_cmake -DAMENT_CMAKE_SYMLINK_INSTALL=1 -DCMAKE_INSTALL_PREFIX=/home/fmp/Jeju_Island/install/erp_mini_cmake
[2.664s] -- Found ament_cmake_auto: 1.3.12 (/opt/ros/humble/share/ament_cmake_auto/cmake)
[2.665s] -- Override CMake install command with custom implementation using symlinks instead of copying resources
[2.693s] -- Configuring done
[2.783s] -- Generating done
[2.808s] -- Build files have been written to: /home/fmp/Jeju_Island/build/erp_mini_cmake
[2.879s] Invoked command in '/home/fmp/Jeju_Island/build/erp_mini_cmake' returned '0': CMAKE_PREFIX_PATH=${CMAKE_PREFIX_PATH}:/home/fmp/Jeju_Island/install/vehicle_launch:/home/fmp/Jeju_Island/install/vehicle_control:/home/fmp/Jeju_Island/install/erp_control_pkg:/opt/ros/humble /usr/bin/cmake /home/fmp/Jeju_Island/src/erp_mini_ros/src/erp_mini_cmake -DAMENT_CMAKE_SYMLINK_INSTALL=1 -DCMAKE_INSTALL_PREFIX=/home/fmp/Jeju_Island/install/erp_mini_cmake
[2.922s] Invoking command in '/home/fmp/Jeju_Island/build/erp_mini_cmake': CMAKE_PREFIX_PATH=${CMAKE_PREFIX_PATH}:/home/fmp/Jeju_Island/install/vehicle_launch:/home/fmp/Jeju_Island/install/vehicle_control:/home/fmp/Jeju_Island/install/erp_control_pkg:/opt/ros/humble /usr/bin/cmake --build /home/fmp/Jeju_Island/build/erp_mini_cmake -- -j4 -l4
[3.291s] Invoked command in '/home/fmp/Jeju_Island/build/erp_mini_cmake' returned '0': CMAKE_PREFIX_PATH=${CMAKE_PREFIX_PATH}:/home/fmp/Jeju_Island/install/vehicle_launch:/home/fmp/Jeju_Island/install/vehicle_control:/home/fmp/Jeju_Island/install/erp_control_pkg:/opt/ros/humble /usr/bin/cmake --build /home/fmp/Jeju_Island/build/erp_mini_cmake -- -j4 -l4
[3.442s] Invoking command in '/home/fmp/Jeju_Island/build/erp_mini_cmake': CMAKE_PREFIX_PATH=${CMAKE_PREFIX_PATH}:/home/fmp/Jeju_Island/install/vehicle_launch:/home/fmp/Jeju_Island/install/vehicle_control:/home/fmp/Jeju_Island/install/erp_control_pkg:/opt/ros/humble /usr/bin/cmake --install /home/fmp/Jeju_Island/build/erp_mini_cmake
[3.500s] -- Install configuration: ""
[3.501s] -- Execute custom install script
[3.510s] -- Up-to-date symlink: /home/fmp/Jeju_Island/install/erp_mini_cmake/share/erp_mini_cmake/cmake/erp_mini_cmake_config_extras.cmake
[3.511s] -- Up-to-date symlink: /home/fmp/Jeju_Island/install/erp_mini_cmake/share/ament_index/resource_index/package_run_dependencies/erp_mini_cmake
[3.522s] -- Up-to-date symlink: /home/fmp/Jeju_Island/install/erp_mini_cmake/share/ament_index/resource_index/parent_prefix_path/erp_mini_cmake
[3.533s] -- Up-to-date symlink: /home/fmp/Jeju_Island/install/erp_mini_cmake/share/erp_mini_cmake/environment/ament_prefix_path.sh
[3.537s] -- Up-to-date symlink: /home/fmp/Jeju_Island/install/erp_mini_cmake/share/erp_mini_cmake/environment/ament_prefix_path.dsv
[3.546s] -- Up-to-date symlink: /home/fmp/Jeju_Island/install/erp_mini_cmake/share/erp_mini_cmake/environment/path.sh
[3.552s] -- Up-to-date symlink: /home/fmp/Jeju_Island/install/erp_mini_cmake/share/erp_mini_cmake/environment/path.dsv
[3.559s] -- Up-to-date symlink: /home/fmp/Jeju_Island/install/erp_mini_cmake/share/erp_mini_cmake/local_setup.bash
[3.563s] -- Up-to-date symlink: /home/fmp/Jeju_Island/install/erp_mini_cmake/share/erp_mini_cmake/local_setup.sh
[3.567s] -- Up-to-date symlink: /home/fmp/Jeju_Island/install/erp_mini_cmake/share/erp_mini_cmake/local_setup.zsh
[3.568s] -- Up-to-date symlink: /home/fmp/Jeju_Island/install/erp_mini_cmake/share/erp_mini_cmake/local_setup.dsv
[3.571s] -- Symlinking: /home/fmp/Jeju_Island/install/erp_mini_cmake/share/erp_mini_cmake/package.dsv
[3.688s] -- Up-to-date symlink: /home/fmp/Jeju_Island/install/erp_mini_cmake/share/ament_index/resource_index/packages/erp_mini_cmake
[3.689s] -- Up-to-date symlink: /home/fmp/Jeju_Island/install/erp_mini_cmake/share/erp_mini_cmake/cmake/erp_mini_cmake_config_extras.cmake
[3.696s] -- Up-to-date symlink: /home/fmp/Jeju_Island/install/erp_mini_cmake/share/erp_mini_cmake/cmake/erp_mini_cmakeConfig.cmake
[3.700s] -- Up-to-date symlink: /home/fmp/Jeju_Island/install/erp_mini_cmake/share/erp_mini_cmake/cmake/erp_mini_cmakeConfig-version.cmake
[3.701s] -- Up-to-date symlink: /home/fmp/Jeju_Island/install/erp_mini_cmake/share/erp_mini_cmake/package.xml
[3.722s] Invoked command in '/home/fmp/Jeju_Island/build/erp_mini_cmake' returned '0': CMAKE_PREFIX_PATH=${CMAKE_PREFIX_PATH}:/home/fmp/Jeju_Island/install/vehicle_launch:/home/fmp/Jeju_Island/install/vehicle_control:/home/fmp/Jeju_Island/install/erp_control_pkg:/opt/ros/humble /usr/bin/cmake --install /home/fmp/Jeju_Island/build/erp_mini_cmake
