[35m[1mConsolidate compiler generated dependencies of target erp_mini_rqt_plugin[0m
[100%] Built target erp_mini_rqt_plugin
-- Install configuration: ""
-- Execute custom install script
-- Up-to-date symlink: /home/fmp/Jeju_Island/install/erp_mini_rqt_plugin/share/erp_mini_rqt_plugin//plugin.xml
-- Up-to-date symlink: /home/fmp/Jeju_Island/install/erp_mini_rqt_plugin/include/erp_mini_rqt_plugin/erp_mini_rqt_plugin/control_panel_plugin.hpp
-- Up-to-date symlink: /home/fmp/Jeju_Island/install/erp_mini_rqt_plugin/include/erp_mini_rqt_plugin/erp_mini_rqt_plugin/feedback_monitor_plugin.hpp
-- Up-to-date symlink: /home/fmp/Jeju_Island/install/erp_mini_rqt_plugin/share/erp_mini_rqt_plugin/environment/library_path.sh
-- Up-to-date symlink: /home/fmp/Jeju_Island/install/erp_mini_rqt_plugin/share/erp_mini_rqt_plugin/environment/library_path.dsv
-- Up-to-date symlink: /home/fmp/Jeju_Island/install/erp_mini_rqt_plugin/lib/liberp_mini_rqt_plugin.so
-- Up-to-date symlink: /home/fmp/Jeju_Island/install/erp_mini_rqt_plugin/share/ament_index/resource_index/package_run_dependencies/erp_mini_rqt_plugin
-- Up-to-date symlink: /home/fmp/Jeju_Island/install/erp_mini_rqt_plugin/share/ament_index/resource_index/parent_prefix_path/erp_mini_rqt_plugin
-- Up-to-date symlink: /home/fmp/Jeju_Island/install/erp_mini_rqt_plugin/share/erp_mini_rqt_plugin/environment/ament_prefix_path.sh
-- Up-to-date symlink: /home/fmp/Jeju_Island/install/erp_mini_rqt_plugin/share/erp_mini_rqt_plugin/environment/ament_prefix_path.dsv
-- Up-to-date symlink: /home/fmp/Jeju_Island/install/erp_mini_rqt_plugin/share/erp_mini_rqt_plugin/environment/path.sh
-- Up-to-date symlink: /home/fmp/Jeju_Island/install/erp_mini_rqt_plugin/share/erp_mini_rqt_plugin/environment/path.dsv
-- Up-to-date symlink: /home/fmp/Jeju_Island/install/erp_mini_rqt_plugin/share/erp_mini_rqt_plugin/local_setup.bash
-- Up-to-date symlink: /home/fmp/Jeju_Island/install/erp_mini_rqt_plugin/share/erp_mini_rqt_plugin/local_setup.sh
-- Up-to-date symlink: /home/fmp/Jeju_Island/install/erp_mini_rqt_plugin/share/erp_mini_rqt_plugin/local_setup.zsh
-- Up-to-date symlink: /home/fmp/Jeju_Island/install/erp_mini_rqt_plugin/share/erp_mini_rqt_plugin/local_setup.dsv
-- Symlinking: /home/fmp/Jeju_Island/install/erp_mini_rqt_plugin/share/erp_mini_rqt_plugin/package.dsv
-- Up-to-date symlink: /home/fmp/Jeju_Island/install/erp_mini_rqt_plugin/share/ament_index/resource_index/packages/erp_mini_rqt_plugin
-- Up-to-date symlink: /home/fmp/Jeju_Island/install/erp_mini_rqt_plugin/share/ament_index/resource_index/rqt_gui__pluginlib__plugin/erp_mini_rqt_plugin
-- Up-to-date symlink: /home/fmp/Jeju_Island/install/erp_mini_rqt_plugin/share/erp_mini_rqt_plugin/cmake/ament_cmake_export_dependencies-extras.cmake
-- Up-to-date symlink: /home/fmp/Jeju_Island/install/erp_mini_rqt_plugin/share/erp_mini_rqt_plugin/cmake/ament_cmake_export_include_directories-extras.cmake
-- Up-to-date symlink: /home/fmp/Jeju_Island/install/erp_mini_rqt_plugin/share/erp_mini_rqt_plugin/cmake/ament_cmake_export_libraries-extras.cmake
-- Up-to-date symlink: /home/fmp/Jeju_Island/install/erp_mini_rqt_plugin/share/erp_mini_rqt_plugin/cmake/erp_mini_rqt_pluginConfig.cmake
-- Up-to-date symlink: /home/fmp/Jeju_Island/install/erp_mini_rqt_plugin/share/erp_mini_rqt_plugin/cmake/erp_mini_rqt_pluginConfig-version.cmake
-- Up-to-date symlink: /home/fmp/Jeju_Island/install/erp_mini_rqt_plugin/share/erp_mini_rqt_plugin/package.xml
-- Up-to-date symlink: /home/fmp/Jeju_Island/install/erp_mini_rqt_plugin/share/erp_mini_rqt_plugin/plugin.xml
-- Up-to-date symlink: /home/fmp/Jeju_Island/install/erp_mini_rqt_plugin/share/erp_mini_rqt_plugin/ui/control_panel.ui
-- Up-to-date symlink: /home/fmp/Jeju_Island/install/erp_mini_rqt_plugin/share/erp_mini_rqt_plugin/ui/feedback_monitor.ui
