[0.209s] Invoking command in '/home/fmp/Jeju_Island/src/build/erp_mini_cmake': CMAKE_PREFIX_PATH=${CMAKE_PREFIX_PATH}:/home/fmp/Jeju_Island/install/vehicle_control:/home/fmp/Jeju_Island/install/erp_control_pkg:/opt/ros/humble /usr/bin/cmake /home/fmp/Jeju_Island/src/erp_mini_ros/src/erp_mini_cmake -DAMENT_CMAKE_SYMLINK_INSTALL=1 -DCMAKE_INSTALL_PREFIX=/home/fmp/Jeju_Island/src/install/erp_mini_cmake
[0.497s] -- Found ament_cmake_auto: 1.3.12 (/opt/ros/humble/share/ament_cmake_auto/cmake)
[2.746s] -- Found Python3: /usr/bin/python3 (found version "3.10.12") found components: Interpreter 
[3.420s] -- Override CMake install command with custom implementation using symlinks instead of copying resources
[4.791s] -- Configuring done
[4.813s] -- Generating done
[4.825s] -- Build files have been written to: /home/fmp/Jeju_Island/src/build/erp_mini_cmake
[4.849s] Invoked command in '/home/fmp/Jeju_Island/src/build/erp_mini_cmake' returned '0': CMAKE_PREFIX_PATH=${CMAKE_PREFIX_PATH}:/home/fmp/Jeju_Island/install/vehicle_control:/home/fmp/Jeju_Island/install/erp_control_pkg:/opt/ros/humble /usr/bin/cmake /home/fmp/Jeju_Island/src/erp_mini_ros/src/erp_mini_cmake -DAMENT_CMAKE_SYMLINK_INSTALL=1 -DCMAKE_INSTALL_PREFIX=/home/fmp/Jeju_Island/src/install/erp_mini_cmake
[4.851s] Invoking command in '/home/fmp/Jeju_Island/src/build/erp_mini_cmake': CMAKE_PREFIX_PATH=${CMAKE_PREFIX_PATH}:/home/fmp/Jeju_Island/install/vehicle_control:/home/fmp/Jeju_Island/install/erp_control_pkg:/opt/ros/humble /usr/bin/cmake --build /home/fmp/Jeju_Island/src/build/erp_mini_cmake -- -j4 -l4
[5.066s] Invoked command in '/home/fmp/Jeju_Island/src/build/erp_mini_cmake' returned '0': CMAKE_PREFIX_PATH=${CMAKE_PREFIX_PATH}:/home/fmp/Jeju_Island/install/vehicle_control:/home/fmp/Jeju_Island/install/erp_control_pkg:/opt/ros/humble /usr/bin/cmake --build /home/fmp/Jeju_Island/src/build/erp_mini_cmake -- -j4 -l4
[5.175s] Invoking command in '/home/fmp/Jeju_Island/src/build/erp_mini_cmake': CMAKE_PREFIX_PATH=${CMAKE_PREFIX_PATH}:/home/fmp/Jeju_Island/install/vehicle_control:/home/fmp/Jeju_Island/install/erp_control_pkg:/opt/ros/humble /usr/bin/cmake --install /home/fmp/Jeju_Island/src/build/erp_mini_cmake
[5.223s] -- Install configuration: ""
[5.226s] -- Execute custom install script
[5.230s] -- Symlinking: /home/fmp/Jeju_Island/src/install/erp_mini_cmake/share/erp_mini_cmake/cmake/erp_mini_cmake_config_extras.cmake
[5.271s] -- Symlinking: /home/fmp/Jeju_Island/src/install/erp_mini_cmake/share/ament_index/resource_index/package_run_dependencies/erp_mini_cmake
[5.317s] -- Symlinking: /home/fmp/Jeju_Island/src/install/erp_mini_cmake/share/ament_index/resource_index/parent_prefix_path/erp_mini_cmake
[5.354s] -- Symlinking: /home/fmp/Jeju_Island/src/install/erp_mini_cmake/share/erp_mini_cmake/environment/ament_prefix_path.sh
[5.397s] -- Symlinking: /home/fmp/Jeju_Island/src/install/erp_mini_cmake/share/erp_mini_cmake/environment/ament_prefix_path.dsv
[5.436s] -- Symlinking: /home/fmp/Jeju_Island/src/install/erp_mini_cmake/share/erp_mini_cmake/environment/path.sh
[5.474s] -- Symlinking: /home/fmp/Jeju_Island/src/install/erp_mini_cmake/share/erp_mini_cmake/environment/path.dsv
[5.515s] -- Symlinking: /home/fmp/Jeju_Island/src/install/erp_mini_cmake/share/erp_mini_cmake/local_setup.bash
[5.556s] -- Symlinking: /home/fmp/Jeju_Island/src/install/erp_mini_cmake/share/erp_mini_cmake/local_setup.sh
[5.641s] -- Symlinking: /home/fmp/Jeju_Island/src/install/erp_mini_cmake/share/erp_mini_cmake/local_setup.zsh
[5.717s] -- Symlinking: /home/fmp/Jeju_Island/src/install/erp_mini_cmake/share/erp_mini_cmake/local_setup.dsv
[5.783s] -- Symlinking: /home/fmp/Jeju_Island/src/install/erp_mini_cmake/share/erp_mini_cmake/package.dsv
[5.819s] -- Symlinking: /home/fmp/Jeju_Island/src/install/erp_mini_cmake/share/ament_index/resource_index/packages/erp_mini_cmake
[5.854s] -- Up-to-date symlink: /home/fmp/Jeju_Island/src/install/erp_mini_cmake/share/erp_mini_cmake/cmake/erp_mini_cmake_config_extras.cmake
[5.856s] -- Symlinking: /home/fmp/Jeju_Island/src/install/erp_mini_cmake/share/erp_mini_cmake/cmake/erp_mini_cmakeConfig.cmake
[5.902s] -- Symlinking: /home/fmp/Jeju_Island/src/install/erp_mini_cmake/share/erp_mini_cmake/cmake/erp_mini_cmakeConfig-version.cmake
[5.938s] -- Symlinking: /home/fmp/Jeju_Island/src/install/erp_mini_cmake/share/erp_mini_cmake/package.xml
[5.985s] Invoked command in '/home/fmp/Jeju_Island/src/build/erp_mini_cmake' returned '0': CMAKE_PREFIX_PATH=${CMAKE_PREFIX_PATH}:/home/fmp/Jeju_Island/install/vehicle_control:/home/fmp/Jeju_Island/install/erp_control_pkg:/opt/ros/humble /usr/bin/cmake --install /home/fmp/Jeju_Island/src/build/erp_mini_cmake
