[0.085s] Invoking command in '/home/fmp/Jeju_Island/build/sllidar_ros2': CMAKE_PREFIX_PATH=${CMAKE_PREFIX_PATH}:/opt/ros/humble /usr/bin/cmake --build /home/fmp/Jeju_Island/build/sllidar_ros2 -- -j4 -l4
[0.484s] [35m[1mConsolidate compiler generated dependencies of target sllidar_client[0m
[0.573s] [35m[1mConsolidate compiler generated dependencies of target sllidar_node[0m
[0.699s] [ 10%] Built target sllidar_client
[0.870s] [100%] Built target sllidar_node
[0.989s] Invoked command in '/home/fmp/Jeju_Island/build/sllidar_ros2' returned '0': CMAKE_PREFIX_PATH=${CMAKE_PREFIX_PATH}:/opt/ros/humble /usr/bin/cmake --build /home/fmp/Jeju_Island/build/sllidar_ros2 -- -j4 -l4
[1.011s] Invoking command in '/home/fmp/Jeju_Island/build/sllidar_ros2': CMAKE_PREFIX_PATH=${CMAKE_PREFIX_PATH}:/opt/ros/humble /usr/bin/cmake --install /home/fmp/Jeju_Island/build/sllidar_ros2
[1.050s] -- Install configuration: ""
[1.061s] -- Execute custom install script
[1.062s] -- Up-to-date symlink: /home/fmp/Jeju_Island/install/sllidar_ros2/share/sllidar_ros2/launch/sllidar_a1_launch.py
[1.062s] -- Up-to-date symlink: /home/fmp/Jeju_Island/install/sllidar_ros2/share/sllidar_ros2/launch/sllidar_a2m12_launch .py
[1.062s] -- Up-to-date symlink: /home/fmp/Jeju_Island/install/sllidar_ros2/share/sllidar_ros2/launch/sllidar_a2m7_launch.py
[1.063s] -- Up-to-date symlink: /home/fmp/Jeju_Island/install/sllidar_ros2/share/sllidar_ros2/launch/sllidar_a2m8_launch.py
[1.063s] -- Up-to-date symlink: /home/fmp/Jeju_Island/install/sllidar_ros2/share/sllidar_ros2/launch/sllidar_a3_launch.py
[1.063s] -- Up-to-date symlink: /home/fmp/Jeju_Island/install/sllidar_ros2/share/sllidar_ros2/launch/sllidar_c1_launch.py
[1.074s] -- Up-to-date symlink: /home/fmp/Jeju_Island/install/sllidar_ros2/share/sllidar_ros2/launch/sllidar_s1_launch.py
[1.074s] -- Up-to-date symlink: /home/fmp/Jeju_Island/install/sllidar_ros2/share/sllidar_ros2/launch/sllidar_s1_tcp_launch.py
[1.074s] -- Up-to-date symlink: /home/fmp/Jeju_Island/install/sllidar_ros2/share/sllidar_ros2/launch/sllidar_s2_launch.py
[1.075s] -- Up-to-date symlink: /home/fmp/Jeju_Island/install/sllidar_ros2/share/sllidar_ros2/launch/sllidar_s2e_launch.py
[1.075s] -- Up-to-date symlink: /home/fmp/Jeju_Island/install/sllidar_ros2/share/sllidar_ros2/launch/sllidar_s3_launch.py
[1.076s] -- Up-to-date symlink: /home/fmp/Jeju_Island/install/sllidar_ros2/share/sllidar_ros2/launch/sllidar_t1_launch.py
[1.076s] -- Up-to-date symlink: /home/fmp/Jeju_Island/install/sllidar_ros2/share/sllidar_ros2/launch/view_sllidar_a1_launch.py
[1.076s] -- Up-to-date symlink: /home/fmp/Jeju_Island/install/sllidar_ros2/share/sllidar_ros2/launch/view_sllidar_a2m12_launch.py
[1.087s] -- Up-to-date symlink: /home/fmp/Jeju_Island/install/sllidar_ros2/share/sllidar_ros2/launch/view_sllidar_a2m7_launch.py
[1.087s] -- Up-to-date symlink: /home/fmp/Jeju_Island/install/sllidar_ros2/share/sllidar_ros2/launch/view_sllidar_a2m8_launch.py
[1.087s] -- Up-to-date symlink: /home/fmp/Jeju_Island/install/sllidar_ros2/share/sllidar_ros2/launch/view_sllidar_a3_launch.py
[1.090s] -- Up-to-date symlink: /home/fmp/Jeju_Island/install/sllidar_ros2/share/sllidar_ros2/launch/view_sllidar_c1_launch.py
[1.090s] -- Up-to-date symlink: /home/fmp/Jeju_Island/install/sllidar_ros2/share/sllidar_ros2/launch/view_sllidar_s1_launch.py
[1.092s] -- Up-to-date symlink: /home/fmp/Jeju_Island/install/sllidar_ros2/share/sllidar_ros2/launch/view_sllidar_s1_tcp_launch.py
[1.092s] -- Up-to-date symlink: /home/fmp/Jeju_Island/install/sllidar_ros2/share/sllidar_ros2/launch/view_sllidar_s2_launch.py
[1.096s] -- Up-to-date symlink: /home/fmp/Jeju_Island/install/sllidar_ros2/share/sllidar_ros2/launch/view_sllidar_s2e_launch.py
[1.098s] -- Up-to-date symlink: /home/fmp/Jeju_Island/install/sllidar_ros2/share/sllidar_ros2/launch/view_sllidar_s3_launch.py
[1.099s] -- Up-to-date symlink: /home/fmp/Jeju_Island/install/sllidar_ros2/share/sllidar_ros2/launch/view_sllidar_t1_launch.py
[1.099s] -- Up-to-date symlink: /home/fmp/Jeju_Island/install/sllidar_ros2/share/sllidar_ros2/rviz/sllidar_ros2.rviz
[1.099s] -- Up-to-date symlink: /home/fmp/Jeju_Island/install/sllidar_ros2/lib/sllidar_ros2/sllidar_node
[1.100s] -- Up-to-date symlink: /home/fmp/Jeju_Island/install/sllidar_ros2/lib/sllidar_ros2/sllidar_client
[1.100s] -- Up-to-date symlink: /home/fmp/Jeju_Island/install/sllidar_ros2/share/ament_index/resource_index/package_run_dependencies/sllidar_ros2
[1.102s] -- Up-to-date symlink: /home/fmp/Jeju_Island/install/sllidar_ros2/share/ament_index/resource_index/parent_prefix_path/sllidar_ros2
[1.103s] -- Up-to-date symlink: /home/fmp/Jeju_Island/install/sllidar_ros2/share/sllidar_ros2/environment/ament_prefix_path.sh
[1.103s] -- Up-to-date symlink: /home/fmp/Jeju_Island/install/sllidar_ros2/share/sllidar_ros2/environment/ament_prefix_path.dsv
[1.104s] -- Up-to-date symlink: /home/fmp/Jeju_Island/install/sllidar_ros2/share/sllidar_ros2/environment/path.sh
[1.105s] -- Up-to-date symlink: /home/fmp/Jeju_Island/install/sllidar_ros2/share/sllidar_ros2/environment/path.dsv
[1.106s] -- Up-to-date symlink: /home/fmp/Jeju_Island/install/sllidar_ros2/share/sllidar_ros2/local_setup.bash
[1.106s] -- Up-to-date symlink: /home/fmp/Jeju_Island/install/sllidar_ros2/share/sllidar_ros2/local_setup.sh
[1.109s] -- Up-to-date symlink: /home/fmp/Jeju_Island/install/sllidar_ros2/share/sllidar_ros2/local_setup.zsh
[1.109s] -- Up-to-date symlink: /home/fmp/Jeju_Island/install/sllidar_ros2/share/sllidar_ros2/local_setup.dsv
[1.110s] -- Symlinking: /home/fmp/Jeju_Island/install/sllidar_ros2/share/sllidar_ros2/package.dsv
[1.146s] -- Up-to-date symlink: /home/fmp/Jeju_Island/install/sllidar_ros2/share/ament_index/resource_index/packages/sllidar_ros2
[1.148s] -- Up-to-date symlink: /home/fmp/Jeju_Island/install/sllidar_ros2/share/sllidar_ros2/cmake/ament_cmake_export_dependencies-extras.cmake
[1.149s] -- Up-to-date symlink: /home/fmp/Jeju_Island/install/sllidar_ros2/share/sllidar_ros2/cmake/ament_cmake_export_include_directories-extras.cmake
[1.150s] -- Up-to-date symlink: /home/fmp/Jeju_Island/install/sllidar_ros2/share/sllidar_ros2/cmake/sllidar_ros2Config.cmake
[1.151s] -- Up-to-date symlink: /home/fmp/Jeju_Island/install/sllidar_ros2/share/sllidar_ros2/cmake/sllidar_ros2Config-version.cmake
[1.152s] -- Up-to-date symlink: /home/fmp/Jeju_Island/install/sllidar_ros2/share/sllidar_ros2/package.xml
[1.168s] Invoked command in '/home/fmp/Jeju_Island/build/sllidar_ros2' returned '0': CMAKE_PREFIX_PATH=${CMAKE_PREFIX_PATH}:/opt/ros/humble /usr/bin/cmake --install /home/fmp/Jeju_Island/build/sllidar_ros2
