[0.312s] DEBUG:colcon:Command line arguments: ['/usr/bin/colcon', 'build', '--symlink-install', '--packages-select', 'vehicle_control']
[0.312s] DEBUG:colcon:Parsed command line arguments: Namespace(log_base=None, log_level=None, verb_name='build', build_base='build', install_base='install', merge_install=False, symlink_install=True, test_result_base=None, continue_on_error=False, executor='parallel', parallel_workers=4, event_handlers=None, ignore_user_meta=False, metas=['./colcon.meta'], base_paths=['.'], packages_ignore=None, packages_ignore_regex=None, paths=None, packages_up_to=None, packages_up_to_regex=None, packages_above=None, packages_above_and_dependencies=None, packages_above_depth=None, packages_select_by_dep=None, packages_skip_by_dep=None, packages_skip_up_to=None, packages_select_build_failed=False, packages_skip_build_finished=False, packages_select_test_failures=False, packages_skip_test_passed=False, packages_select=['vehicle_control'], packages_skip=None, packages_select_regex=None, packages_skip_regex=None, packages_start=None, packages_end=None, allow_overriding=[], cmake_args=None, cmake_target=None, cmake_target_skip_unavailable=False, cmake_clean_cache=False, cmake_clean_first=False, cmake_force_configure=False, ament_cmake_args=None, catkin_cmake_args=None, catkin_skip_building_tests=False, mixin_files=None, mixin=None, verb_parser=<colcon_mixin.mixin.mixin_argument.MixinArgumentDecorator object at 0x7cdff4a4a380>, verb_extension=<colcon_core.verb.build.BuildVerb object at 0x7cdff4bbb940>, main=<bound method BuildVerb.main of <colcon_core.verb.build.BuildVerb object at 0x7cdff4bbb940>>, mixin_verb=('build',))
[0.685s] Level 1:colcon.colcon_core.package_discovery:discover_packages(colcon_meta) check parameters
[0.686s] Level 1:colcon.colcon_core.package_discovery:discover_packages(recursive) check parameters
[0.686s] Level 1:colcon.colcon_core.package_discovery:discover_packages(ignore) check parameters
[0.686s] Level 1:colcon.colcon_core.package_discovery:discover_packages(path) check parameters
[0.686s] Level 1:colcon.colcon_core.package_discovery:discover_packages(colcon_meta) discover
[0.686s] Level 1:colcon.colcon_core.package_discovery:discover_packages(recursive) discover
[0.686s] INFO:colcon.colcon_core.package_discovery:Crawling recursively for packages in '/home/fmp/Jeju_Island'
[0.686s] Level 1:colcon.colcon_core.package_identification:_identify(.) by extensions ['ignore', 'ignore_ament_install']
[0.686s] Level 1:colcon.colcon_core.package_identification:_identify(.) by extension 'ignore'
[0.686s] Level 1:colcon.colcon_core.package_identification:_identify(.) by extension 'ignore_ament_install'
[0.686s] Level 1:colcon.colcon_core.package_identification:_identify(.) by extensions ['colcon_pkg']
[0.686s] Level 1:colcon.colcon_core.package_identification:_identify(.) by extension 'colcon_pkg'
[0.686s] Level 1:colcon.colcon_core.package_identification:_identify(.) by extensions ['colcon_meta']
[0.686s] Level 1:colcon.colcon_core.package_identification:_identify(.) by extension 'colcon_meta'
[0.686s] Level 1:colcon.colcon_core.package_identification:_identify(.) by extensions ['ros']
[0.686s] Level 1:colcon.colcon_core.package_identification:_identify(.) by extension 'ros'
[0.704s] Level 1:colcon.colcon_core.package_identification:_identify(.) by extensions ['cmake', 'python']
[0.704s] Level 1:colcon.colcon_core.package_identification:_identify(.) by extension 'cmake'
[0.704s] Level 1:colcon.colcon_core.package_identification:_identify(.) by extension 'python'
[0.704s] Level 1:colcon.colcon_core.package_identification:_identify(.) by extensions ['python_setup_py']
[0.704s] Level 1:colcon.colcon_core.package_identification:_identify(.) by extension 'python_setup_py'
[0.704s] Level 1:colcon.colcon_core.package_identification:_identify(build) by extensions ['ignore', 'ignore_ament_install']
[0.704s] Level 1:colcon.colcon_core.package_identification:_identify(build) by extension 'ignore'
[0.705s] Level 1:colcon.colcon_core.package_identification:_identify(build) ignored
[0.705s] Level 1:colcon.colcon_core.package_identification:_identify(install) by extensions ['ignore', 'ignore_ament_install']
[0.705s] Level 1:colcon.colcon_core.package_identification:_identify(install) by extension 'ignore'
[0.705s] Level 1:colcon.colcon_core.package_identification:_identify(install) ignored
[0.705s] Level 1:colcon.colcon_core.package_identification:_identify(log) by extensions ['ignore', 'ignore_ament_install']
[0.705s] Level 1:colcon.colcon_core.package_identification:_identify(log) by extension 'ignore'
[0.705s] Level 1:colcon.colcon_core.package_identification:_identify(log) ignored
[0.705s] Level 1:colcon.colcon_core.package_identification:_identify(src) by extensions ['ignore', 'ignore_ament_install']
[0.705s] Level 1:colcon.colcon_core.package_identification:_identify(src) by extension 'ignore'
[0.705s] Level 1:colcon.colcon_core.package_identification:_identify(src) by extension 'ignore_ament_install'
[0.706s] Level 1:colcon.colcon_core.package_identification:_identify(src) by extensions ['colcon_pkg']
[0.706s] Level 1:colcon.colcon_core.package_identification:_identify(src) by extension 'colcon_pkg'
[0.706s] Level 1:colcon.colcon_core.package_identification:_identify(src) by extensions ['colcon_meta']
[0.706s] Level 1:colcon.colcon_core.package_identification:_identify(src) by extension 'colcon_meta'
[0.706s] Level 1:colcon.colcon_core.package_identification:_identify(src) by extensions ['ros']
[0.706s] Level 1:colcon.colcon_core.package_identification:_identify(src) by extension 'ros'
[0.706s] Level 1:colcon.colcon_core.package_identification:_identify(src) by extensions ['cmake', 'python']
[0.706s] Level 1:colcon.colcon_core.package_identification:_identify(src) by extension 'cmake'
[0.706s] Level 1:colcon.colcon_core.package_identification:_identify(src) by extension 'python'
[0.706s] Level 1:colcon.colcon_core.package_identification:_identify(src) by extensions ['python_setup_py']
[0.706s] Level 1:colcon.colcon_core.package_identification:_identify(src) by extension 'python_setup_py'
[0.706s] Level 1:colcon.colcon_core.package_identification:_identify(src/build) by extensions ['ignore', 'ignore_ament_install']
[0.706s] Level 1:colcon.colcon_core.package_identification:_identify(src/build) by extension 'ignore'
[0.706s] Level 1:colcon.colcon_core.package_identification:_identify(src/build) ignored
[0.707s] Level 1:colcon.colcon_core.package_identification:_identify(src/erp_mini_ros) by extensions ['ignore', 'ignore_ament_install']
[0.707s] Level 1:colcon.colcon_core.package_identification:_identify(src/erp_mini_ros) by extension 'ignore'
[0.707s] Level 1:colcon.colcon_core.package_identification:_identify(src/erp_mini_ros) by extension 'ignore_ament_install'
[0.707s] Level 1:colcon.colcon_core.package_identification:_identify(src/erp_mini_ros) by extensions ['colcon_pkg']
[0.707s] Level 1:colcon.colcon_core.package_identification:_identify(src/erp_mini_ros) by extension 'colcon_pkg'
[0.707s] Level 1:colcon.colcon_core.package_identification:_identify(src/erp_mini_ros) by extensions ['colcon_meta']
[0.707s] Level 1:colcon.colcon_core.package_identification:_identify(src/erp_mini_ros) by extension 'colcon_meta'
[0.707s] Level 1:colcon.colcon_core.package_identification:_identify(src/erp_mini_ros) by extensions ['ros']
[0.707s] Level 1:colcon.colcon_core.package_identification:_identify(src/erp_mini_ros) by extension 'ros'
[0.707s] Level 1:colcon.colcon_core.package_identification:_identify(src/erp_mini_ros) by extensions ['cmake', 'python']
[0.707s] Level 1:colcon.colcon_core.package_identification:_identify(src/erp_mini_ros) by extension 'cmake'
[0.707s] Level 1:colcon.colcon_core.package_identification:_identify(src/erp_mini_ros) by extension 'python'
[0.707s] Level 1:colcon.colcon_core.package_identification:_identify(src/erp_mini_ros) by extensions ['python_setup_py']
[0.707s] Level 1:colcon.colcon_core.package_identification:_identify(src/erp_mini_ros) by extension 'python_setup_py'
[0.708s] Level 1:colcon.colcon_core.package_identification:_identify(src/erp_mini_ros/docker) by extensions ['ignore', 'ignore_ament_install']
[0.708s] Level 1:colcon.colcon_core.package_identification:_identify(src/erp_mini_ros/docker) by extension 'ignore'
[0.708s] Level 1:colcon.colcon_core.package_identification:_identify(src/erp_mini_ros/docker) by extension 'ignore_ament_install'
[0.708s] Level 1:colcon.colcon_core.package_identification:_identify(src/erp_mini_ros/docker) by extensions ['colcon_pkg']
[0.708s] Level 1:colcon.colcon_core.package_identification:_identify(src/erp_mini_ros/docker) by extension 'colcon_pkg'
[0.709s] Level 1:colcon.colcon_core.package_identification:_identify(src/erp_mini_ros/docker) by extensions ['colcon_meta']
[0.709s] Level 1:colcon.colcon_core.package_identification:_identify(src/erp_mini_ros/docker) by extension 'colcon_meta'
[0.709s] Level 1:colcon.colcon_core.package_identification:_identify(src/erp_mini_ros/docker) by extensions ['ros']
[0.709s] Level 1:colcon.colcon_core.package_identification:_identify(src/erp_mini_ros/docker) by extension 'ros'
[0.709s] Level 1:colcon.colcon_core.package_identification:_identify(src/erp_mini_ros/docker) by extensions ['cmake', 'python']
[0.709s] Level 1:colcon.colcon_core.package_identification:_identify(src/erp_mini_ros/docker) by extension 'cmake'
[0.709s] Level 1:colcon.colcon_core.package_identification:_identify(src/erp_mini_ros/docker) by extension 'python'
[0.709s] Level 1:colcon.colcon_core.package_identification:_identify(src/erp_mini_ros/docker) by extensions ['python_setup_py']
[0.709s] Level 1:colcon.colcon_core.package_identification:_identify(src/erp_mini_ros/docker) by extension 'python_setup_py'
[0.710s] Level 1:colcon.colcon_core.package_identification:_identify(src/erp_mini_ros/src) by extensions ['ignore', 'ignore_ament_install']
[0.710s] Level 1:colcon.colcon_core.package_identification:_identify(src/erp_mini_ros/src) by extension 'ignore'
[0.710s] Level 1:colcon.colcon_core.package_identification:_identify(src/erp_mini_ros/src) by extension 'ignore_ament_install'
[0.710s] Level 1:colcon.colcon_core.package_identification:_identify(src/erp_mini_ros/src) by extensions ['colcon_pkg']
[0.710s] Level 1:colcon.colcon_core.package_identification:_identify(src/erp_mini_ros/src) by extension 'colcon_pkg'
[0.710s] Level 1:colcon.colcon_core.package_identification:_identify(src/erp_mini_ros/src) by extensions ['colcon_meta']
[0.710s] Level 1:colcon.colcon_core.package_identification:_identify(src/erp_mini_ros/src) by extension 'colcon_meta'
[0.710s] Level 1:colcon.colcon_core.package_identification:_identify(src/erp_mini_ros/src) by extensions ['ros']
[0.710s] Level 1:colcon.colcon_core.package_identification:_identify(src/erp_mini_ros/src) by extension 'ros'
[0.711s] Level 1:colcon.colcon_core.package_identification:_identify(src/erp_mini_ros/src) by extensions ['cmake', 'python']
[0.711s] Level 1:colcon.colcon_core.package_identification:_identify(src/erp_mini_ros/src) by extension 'cmake'
[0.711s] Level 1:colcon.colcon_core.package_identification:_identify(src/erp_mini_ros/src) by extension 'python'
[0.711s] Level 1:colcon.colcon_core.package_identification:_identify(src/erp_mini_ros/src) by extensions ['python_setup_py']
[0.711s] Level 1:colcon.colcon_core.package_identification:_identify(src/erp_mini_ros/src) by extension 'python_setup_py'
[0.712s] Level 1:colcon.colcon_core.package_identification:_identify(src/erp_mini_ros/src/erp_mini_cmake) by extensions ['ignore', 'ignore_ament_install']
[0.712s] Level 1:colcon.colcon_core.package_identification:_identify(src/erp_mini_ros/src/erp_mini_cmake) by extension 'ignore'
[0.712s] Level 1:colcon.colcon_core.package_identification:_identify(src/erp_mini_ros/src/erp_mini_cmake) by extension 'ignore_ament_install'
[0.712s] Level 1:colcon.colcon_core.package_identification:_identify(src/erp_mini_ros/src/erp_mini_cmake) by extensions ['colcon_pkg']
[0.712s] Level 1:colcon.colcon_core.package_identification:_identify(src/erp_mini_ros/src/erp_mini_cmake) by extension 'colcon_pkg'
[0.712s] Level 1:colcon.colcon_core.package_identification:_identify(src/erp_mini_ros/src/erp_mini_cmake) by extensions ['colcon_meta']
[0.712s] Level 1:colcon.colcon_core.package_identification:_identify(src/erp_mini_ros/src/erp_mini_cmake) by extension 'colcon_meta'
[0.712s] Level 1:colcon.colcon_core.package_identification:_identify(src/erp_mini_ros/src/erp_mini_cmake) by extensions ['ros']
[0.712s] Level 1:colcon.colcon_core.package_identification:_identify(src/erp_mini_ros/src/erp_mini_cmake) by extension 'ros'
[0.717s] DEBUG:colcon.colcon_core.package_identification:Package 'src/erp_mini_ros/src/erp_mini_cmake' with type 'ros.ament_cmake' and name 'erp_mini_cmake'
[0.718s] Level 1:colcon.colcon_core.package_identification:_identify(src/erp_mini_ros/src/erp_mini_msgs) by extensions ['ignore', 'ignore_ament_install']
[0.719s] Level 1:colcon.colcon_core.package_identification:_identify(src/erp_mini_ros/src/erp_mini_msgs) by extension 'ignore'
[0.719s] Level 1:colcon.colcon_core.package_identification:_identify(src/erp_mini_ros/src/erp_mini_msgs) by extension 'ignore_ament_install'
[0.719s] Level 1:colcon.colcon_core.package_identification:_identify(src/erp_mini_ros/src/erp_mini_msgs) by extensions ['colcon_pkg']
[0.719s] Level 1:colcon.colcon_core.package_identification:_identify(src/erp_mini_ros/src/erp_mini_msgs) by extension 'colcon_pkg'
[0.719s] Level 1:colcon.colcon_core.package_identification:_identify(src/erp_mini_ros/src/erp_mini_msgs) by extensions ['colcon_meta']
[0.719s] Level 1:colcon.colcon_core.package_identification:_identify(src/erp_mini_ros/src/erp_mini_msgs) by extension 'colcon_meta'
[0.719s] Level 1:colcon.colcon_core.package_identification:_identify(src/erp_mini_ros/src/erp_mini_msgs) by extensions ['ros']
[0.719s] Level 1:colcon.colcon_core.package_identification:_identify(src/erp_mini_ros/src/erp_mini_msgs) by extension 'ros'
[0.720s] DEBUG:colcon.colcon_core.package_identification:Package 'src/erp_mini_ros/src/erp_mini_msgs' with type 'ros.ament_cmake' and name 'erp_mini_msgs'
[0.721s] Level 1:colcon.colcon_core.package_identification:_identify(src/erp_mini_ros/src/erp_mini_rqt_plugin) by extensions ['ignore', 'ignore_ament_install']
[0.721s] Level 1:colcon.colcon_core.package_identification:_identify(src/erp_mini_ros/src/erp_mini_rqt_plugin) by extension 'ignore'
[0.721s] Level 1:colcon.colcon_core.package_identification:_identify(src/erp_mini_ros/src/erp_mini_rqt_plugin) by extension 'ignore_ament_install'
[0.721s] Level 1:colcon.colcon_core.package_identification:_identify(src/erp_mini_ros/src/erp_mini_rqt_plugin) by extensions ['colcon_pkg']
[0.721s] Level 1:colcon.colcon_core.package_identification:_identify(src/erp_mini_ros/src/erp_mini_rqt_plugin) by extension 'colcon_pkg'
[0.722s] Level 1:colcon.colcon_core.package_identification:_identify(src/erp_mini_ros/src/erp_mini_rqt_plugin) by extensions ['colcon_meta']
[0.722s] Level 1:colcon.colcon_core.package_identification:_identify(src/erp_mini_ros/src/erp_mini_rqt_plugin) by extension 'colcon_meta'
[0.722s] Level 1:colcon.colcon_core.package_identification:_identify(src/erp_mini_ros/src/erp_mini_rqt_plugin) by extensions ['ros']
[0.722s] Level 1:colcon.colcon_core.package_identification:_identify(src/erp_mini_ros/src/erp_mini_rqt_plugin) by extension 'ros'
[0.723s] DEBUG:colcon.colcon_core.package_identification:Package 'src/erp_mini_ros/src/erp_mini_rqt_plugin' with type 'ros.ament_cmake' and name 'erp_mini_rqt_plugin'
[0.724s] Level 1:colcon.colcon_core.package_identification:_identify(src/erp_mini_ros/src/erp_mini_serial) by extensions ['ignore', 'ignore_ament_install']
[0.724s] Level 1:colcon.colcon_core.package_identification:_identify(src/erp_mini_ros/src/erp_mini_serial) by extension 'ignore'
[0.724s] Level 1:colcon.colcon_core.package_identification:_identify(src/erp_mini_ros/src/erp_mini_serial) by extension 'ignore_ament_install'
[0.724s] Level 1:colcon.colcon_core.package_identification:_identify(src/erp_mini_ros/src/erp_mini_serial) by extensions ['colcon_pkg']
[0.724s] Level 1:colcon.colcon_core.package_identification:_identify(src/erp_mini_ros/src/erp_mini_serial) by extension 'colcon_pkg'
[0.724s] Level 1:colcon.colcon_core.package_identification:_identify(src/erp_mini_ros/src/erp_mini_serial) by extensions ['colcon_meta']
[0.724s] Level 1:colcon.colcon_core.package_identification:_identify(src/erp_mini_ros/src/erp_mini_serial) by extension 'colcon_meta'
[0.724s] Level 1:colcon.colcon_core.package_identification:_identify(src/erp_mini_ros/src/erp_mini_serial) by extensions ['ros']
[0.725s] Level 1:colcon.colcon_core.package_identification:_identify(src/erp_mini_ros/src/erp_mini_serial) by extension 'ros'
[0.726s] DEBUG:colcon.colcon_core.package_identification:Package 'src/erp_mini_ros/src/erp_mini_serial' with type 'ros.ament_cmake' and name 'erp_mini_serial'
[0.727s] Level 1:colcon.colcon_core.package_identification:_identify(src/erp_mini_ros/src/erp_mini_util) by extensions ['ignore', 'ignore_ament_install']
[0.727s] Level 1:colcon.colcon_core.package_identification:_identify(src/erp_mini_ros/src/erp_mini_util) by extension 'ignore'
[0.727s] Level 1:colcon.colcon_core.package_identification:_identify(src/erp_mini_ros/src/erp_mini_util) by extension 'ignore_ament_install'
[0.727s] Level 1:colcon.colcon_core.package_identification:_identify(src/erp_mini_ros/src/erp_mini_util) by extensions ['colcon_pkg']
[0.727s] Level 1:colcon.colcon_core.package_identification:_identify(src/erp_mini_ros/src/erp_mini_util) by extension 'colcon_pkg'
[0.727s] Level 1:colcon.colcon_core.package_identification:_identify(src/erp_mini_ros/src/erp_mini_util) by extensions ['colcon_meta']
[0.727s] Level 1:colcon.colcon_core.package_identification:_identify(src/erp_mini_ros/src/erp_mini_util) by extension 'colcon_meta'
[0.728s] Level 1:colcon.colcon_core.package_identification:_identify(src/erp_mini_ros/src/erp_mini_util) by extensions ['ros']
[0.728s] Level 1:colcon.colcon_core.package_identification:_identify(src/erp_mini_ros/src/erp_mini_util) by extension 'ros'
[0.729s] DEBUG:colcon.colcon_core.package_identification:Package 'src/erp_mini_ros/src/erp_mini_util' with type 'ros.ament_cmake' and name 'erp_mini_util'
[0.729s] Level 1:colcon.colcon_core.package_identification:_identify(src/install) by extensions ['ignore', 'ignore_ament_install']
[0.730s] Level 1:colcon.colcon_core.package_identification:_identify(src/install) by extension 'ignore'
[0.730s] Level 1:colcon.colcon_core.package_identification:_identify(src/install) ignored
[0.730s] Level 1:colcon.colcon_core.package_identification:_identify(src/log) by extensions ['ignore', 'ignore_ament_install']
[0.730s] Level 1:colcon.colcon_core.package_identification:_identify(src/log) by extension 'ignore'
[0.730s] Level 1:colcon.colcon_core.package_identification:_identify(src/log) ignored
[0.730s] Level 1:colcon.colcon_core.package_identification:_identify(src/rplidar_ros) by extensions ['ignore', 'ignore_ament_install']
[0.730s] Level 1:colcon.colcon_core.package_identification:_identify(src/rplidar_ros) by extension 'ignore'
[0.730s] Level 1:colcon.colcon_core.package_identification:_identify(src/rplidar_ros) by extension 'ignore_ament_install'
[0.730s] Level 1:colcon.colcon_core.package_identification:_identify(src/rplidar_ros) by extensions ['colcon_pkg']
[0.730s] Level 1:colcon.colcon_core.package_identification:_identify(src/rplidar_ros) by extension 'colcon_pkg'
[0.730s] Level 1:colcon.colcon_core.package_identification:_identify(src/rplidar_ros) by extensions ['colcon_meta']
[0.730s] Level 1:colcon.colcon_core.package_identification:_identify(src/rplidar_ros) by extension 'colcon_meta'
[0.730s] Level 1:colcon.colcon_core.package_identification:_identify(src/rplidar_ros) by extensions ['ros']
[0.730s] Level 1:colcon.colcon_core.package_identification:_identify(src/rplidar_ros) by extension 'ros'
[0.732s] DEBUG:colcon.colcon_core.package_identification:Package 'src/rplidar_ros' with type 'ros.ament_cmake' and name 'rplidar_ros'
[0.732s] Level 1:colcon.colcon_core.package_identification:_identify(src/sllidar_ros2) by extensions ['ignore', 'ignore_ament_install']
[0.732s] Level 1:colcon.colcon_core.package_identification:_identify(src/sllidar_ros2) by extension 'ignore'
[0.732s] Level 1:colcon.colcon_core.package_identification:_identify(src/sllidar_ros2) by extension 'ignore_ament_install'
[0.733s] Level 1:colcon.colcon_core.package_identification:_identify(src/sllidar_ros2) by extensions ['colcon_pkg']
[0.733s] Level 1:colcon.colcon_core.package_identification:_identify(src/sllidar_ros2) by extension 'colcon_pkg'
[0.733s] Level 1:colcon.colcon_core.package_identification:_identify(src/sllidar_ros2) by extensions ['colcon_meta']
[0.733s] Level 1:colcon.colcon_core.package_identification:_identify(src/sllidar_ros2) by extension 'colcon_meta'
[0.733s] Level 1:colcon.colcon_core.package_identification:_identify(src/sllidar_ros2) by extensions ['ros']
[0.733s] Level 1:colcon.colcon_core.package_identification:_identify(src/sllidar_ros2) by extension 'ros'
[0.734s] DEBUG:colcon.colcon_core.package_identification:Package 'src/sllidar_ros2' with type 'ros.ament_cmake' and name 'sllidar_ros2'
[0.735s] Level 1:colcon.colcon_core.package_identification:_identify(src/usb_cam) by extensions ['ignore', 'ignore_ament_install']
[0.735s] Level 1:colcon.colcon_core.package_identification:_identify(src/usb_cam) by extension 'ignore'
[0.735s] Level 1:colcon.colcon_core.package_identification:_identify(src/usb_cam) by extension 'ignore_ament_install'
[0.735s] Level 1:colcon.colcon_core.package_identification:_identify(src/usb_cam) by extensions ['colcon_pkg']
[0.735s] Level 1:colcon.colcon_core.package_identification:_identify(src/usb_cam) by extension 'colcon_pkg'
[0.735s] Level 1:colcon.colcon_core.package_identification:_identify(src/usb_cam) by extensions ['colcon_meta']
[0.735s] Level 1:colcon.colcon_core.package_identification:_identify(src/usb_cam) by extension 'colcon_meta'
[0.735s] Level 1:colcon.colcon_core.package_identification:_identify(src/usb_cam) by extensions ['ros']
[0.735s] Level 1:colcon.colcon_core.package_identification:_identify(src/usb_cam) by extension 'ros'
[0.738s] DEBUG:colcon.colcon_core.package_identification:Package 'src/usb_cam' with type 'ros.ament_cmake' and name 'usb_cam'
[0.738s] Level 1:colcon.colcon_core.package_identification:_identify(src/vehicle_control) by extensions ['ignore', 'ignore_ament_install']
[0.738s] Level 1:colcon.colcon_core.package_identification:_identify(src/vehicle_control) by extension 'ignore'
[0.738s] Level 1:colcon.colcon_core.package_identification:_identify(src/vehicle_control) by extension 'ignore_ament_install'
[0.738s] Level 1:colcon.colcon_core.package_identification:_identify(src/vehicle_control) by extensions ['colcon_pkg']
[0.738s] Level 1:colcon.colcon_core.package_identification:_identify(src/vehicle_control) by extension 'colcon_pkg'
[0.738s] Level 1:colcon.colcon_core.package_identification:_identify(src/vehicle_control) by extensions ['colcon_meta']
[0.738s] Level 1:colcon.colcon_core.package_identification:_identify(src/vehicle_control) by extension 'colcon_meta'
[0.738s] Level 1:colcon.colcon_core.package_identification:_identify(src/vehicle_control) by extensions ['ros']
[0.738s] Level 1:colcon.colcon_core.package_identification:_identify(src/vehicle_control) by extension 'ros'
[0.740s] DEBUG:colcon.colcon_core.package_identification:Package 'src/vehicle_control' with type 'ros.ament_python' and name 'vehicle_control'
[0.740s] Level 1:colcon.colcon_core.package_identification:_identify(src/vehicle_launch) by extensions ['ignore', 'ignore_ament_install']
[0.740s] Level 1:colcon.colcon_core.package_identification:_identify(src/vehicle_launch) by extension 'ignore'
[0.740s] Level 1:colcon.colcon_core.package_identification:_identify(src/vehicle_launch) by extension 'ignore_ament_install'
[0.740s] Level 1:colcon.colcon_core.package_identification:_identify(src/vehicle_launch) by extensions ['colcon_pkg']
[0.741s] Level 1:colcon.colcon_core.package_identification:_identify(src/vehicle_launch) by extension 'colcon_pkg'
[0.741s] Level 1:colcon.colcon_core.package_identification:_identify(src/vehicle_launch) by extensions ['colcon_meta']
[0.741s] Level 1:colcon.colcon_core.package_identification:_identify(src/vehicle_launch) by extension 'colcon_meta'
[0.741s] Level 1:colcon.colcon_core.package_identification:_identify(src/vehicle_launch) by extensions ['ros']
[0.741s] Level 1:colcon.colcon_core.package_identification:_identify(src/vehicle_launch) by extension 'ros'
[0.742s] DEBUG:colcon.colcon_core.package_identification:Package 'src/vehicle_launch' with type 'ros.ament_python' and name 'vehicle_launch'
[0.742s] Level 1:colcon.colcon_core.package_discovery:discover_packages(recursive) using defaults
[0.742s] Level 1:colcon.colcon_core.package_discovery:discover_packages(ignore) discover
[0.742s] Level 1:colcon.colcon_core.package_discovery:discover_packages(ignore) using defaults
[0.742s] Level 1:colcon.colcon_core.package_discovery:discover_packages(path) discover
[0.742s] Level 1:colcon.colcon_core.package_discovery:discover_packages(path) using defaults
[0.800s] INFO:colcon.colcon_core.package_selection:Skipping not selected package 'erp_mini_cmake' in 'src/erp_mini_ros/src/erp_mini_cmake'
[0.800s] INFO:colcon.colcon_core.package_selection:Skipping not selected package 'erp_mini_msgs' in 'src/erp_mini_ros/src/erp_mini_msgs'
[0.800s] INFO:colcon.colcon_core.package_selection:Skipping not selected package 'rplidar_ros' in 'src/rplidar_ros'
[0.800s] INFO:colcon.colcon_core.package_selection:Skipping not selected package 'sllidar_ros2' in 'src/sllidar_ros2'
[0.800s] INFO:colcon.colcon_core.package_selection:Skipping not selected package 'usb_cam' in 'src/usb_cam'
[0.800s] INFO:colcon.colcon_core.package_selection:Skipping not selected package 'vehicle_launch' in 'src/vehicle_launch'
[0.800s] INFO:colcon.colcon_core.package_selection:Skipping not selected package 'erp_mini_util' in 'src/erp_mini_ros/src/erp_mini_util'
[0.800s] INFO:colcon.colcon_core.package_selection:Skipping not selected package 'erp_mini_rqt_plugin' in 'src/erp_mini_ros/src/erp_mini_rqt_plugin'
[0.800s] INFO:colcon.colcon_core.package_selection:Skipping not selected package 'erp_mini_serial' in 'src/erp_mini_ros/src/erp_mini_serial'
[0.801s] Level 1:colcon.colcon_core.package_discovery:discover_packages(prefix_path) check parameters
[0.801s] Level 1:colcon.colcon_core.package_discovery:discover_packages(prefix_path) discover
[0.807s] DEBUG:colcon.colcon_installed_package_information.package_discovery:Found 11 installed packages in /home/fmp/Jeju_Island/install
[0.809s] DEBUG:colcon.colcon_installed_package_information.package_discovery:Found 278 installed packages in /opt/ros/humble
[0.811s] Level 1:colcon.colcon_core.package_discovery:discover_packages(prefix_path) using defaults
[0.885s] Level 5:colcon.colcon_core.verb:set package 'vehicle_control' build argument 'cmake_args' from command line to 'None'
[0.885s] Level 5:colcon.colcon_core.verb:set package 'vehicle_control' build argument 'cmake_target' from command line to 'None'
[0.885s] Level 5:colcon.colcon_core.verb:set package 'vehicle_control' build argument 'cmake_target_skip_unavailable' from command line to 'False'
[0.885s] Level 5:colcon.colcon_core.verb:set package 'vehicle_control' build argument 'cmake_clean_cache' from command line to 'False'
[0.885s] Level 5:colcon.colcon_core.verb:set package 'vehicle_control' build argument 'cmake_clean_first' from command line to 'False'
[0.885s] Level 5:colcon.colcon_core.verb:set package 'vehicle_control' build argument 'cmake_force_configure' from command line to 'False'
[0.885s] Level 5:colcon.colcon_core.verb:set package 'vehicle_control' build argument 'ament_cmake_args' from command line to 'None'
[0.885s] Level 5:colcon.colcon_core.verb:set package 'vehicle_control' build argument 'catkin_cmake_args' from command line to 'None'
[0.885s] Level 5:colcon.colcon_core.verb:set package 'vehicle_control' build argument 'catkin_skip_building_tests' from command line to 'False'
[0.885s] DEBUG:colcon.colcon_core.verb:Building package 'vehicle_control' with the following arguments: {'ament_cmake_args': None, 'build_base': '/home/fmp/Jeju_Island/build/vehicle_control', 'catkin_cmake_args': None, 'catkin_skip_building_tests': False, 'cmake_args': None, 'cmake_clean_cache': False, 'cmake_clean_first': False, 'cmake_force_configure': False, 'cmake_target': None, 'cmake_target_skip_unavailable': False, 'install_base': '/home/fmp/Jeju_Island/install/vehicle_control', 'merge_install': False, 'path': '/home/fmp/Jeju_Island/src/vehicle_control', 'symlink_install': True, 'test_result_base': None}
[0.886s] INFO:colcon.colcon_core.executor:Executing jobs using 'parallel' executor
[0.887s] DEBUG:colcon.colcon_parallel_executor.executor.parallel:run_until_complete
[0.887s] INFO:colcon.colcon_ros.task.ament_python.build:Building ROS package in '/home/fmp/Jeju_Island/src/vehicle_control' with build type 'ament_python'
[0.888s] Level 1:colcon.colcon_core.shell:create_environment_hook('vehicle_control', 'ament_prefix_path')
[0.895s] INFO:colcon.colcon_core.plugin_system:Skipping extension 'colcon_core.shell.bat': Not used on non-Windows systems
[0.896s] INFO:colcon.colcon_core.shell:Creating environment hook '/home/fmp/Jeju_Island/install/vehicle_control/share/vehicle_control/hook/ament_prefix_path.ps1'
[0.897s] INFO:colcon.colcon_core.shell:Creating environment descriptor '/home/fmp/Jeju_Island/install/vehicle_control/share/vehicle_control/hook/ament_prefix_path.dsv'
[0.898s] INFO:colcon.colcon_core.shell:Creating environment hook '/home/fmp/Jeju_Island/install/vehicle_control/share/vehicle_control/hook/ament_prefix_path.sh'
[0.900s] INFO:colcon.colcon_core.shell:Skip shell extension 'powershell' for command environment: Not usable outside of PowerShell
[0.900s] DEBUG:colcon.colcon_core.shell:Skip shell extension 'dsv' for command environment
[1.413s] INFO:colcon.colcon_core.task.python.build:Building Python package in '/home/fmp/Jeju_Island/src/vehicle_control'
[1.414s] INFO:colcon.colcon_core.shell:Skip shell extension 'powershell' for command environment: Not usable outside of PowerShell
[1.414s] DEBUG:colcon.colcon_core.shell:Skip shell extension 'dsv' for command environment
[2.089s] DEBUG:colcon.colcon_core.task.python.build:While undoing a previous installation files outside the Python library path are being ignored: /home/fmp/Jeju_Island/install/vehicle_control/share/ament_index/resource_index/packages/vehicle_control
[2.089s] DEBUG:colcon.colcon_core.task.python.build:While undoing a previous installation files outside the Python library path are being ignored: /home/fmp/Jeju_Island/install/vehicle_control/share/vehicle_control/package.xml
[2.090s] DEBUG:colcon.colcon_core.task.python.build:While undoing a previous installation files outside the Python library path are being ignored: /home/fmp/Jeju_Island/install/vehicle_control/lib/vehicle_control/motor_driver
[2.090s] DEBUG:colcon.colcon_core.task.python.build:While undoing a previous installation files outside the Python library path are being ignored: /home/fmp/Jeju_Island/install/vehicle_control/lib/vehicle_control/path_follower
[2.092s] DEBUG:colcon.colcon_core.event_handler.log_command:Invoking command in '/home/fmp/Jeju_Island/build/vehicle_control': PYTHONPATH=/home/fmp/Jeju_Island/build/vehicle_control/prefix_override:/usr/lib/python3/dist-packages/colcon_core/task/python/colcon_distutils_commands:/home/fmp/Jeju_Island/install/vehicle_control/lib/python3.10/site-packages:${PYTHONPATH} /usr/bin/python3 -W ignore:setup.py install is deprecated -W ignore:easy_install command is deprecated setup.py develop --editable --build-directory /home/fmp/Jeju_Island/build/vehicle_control/build --no-deps symlink_data --force
[3.104s] Level 1:colcon.colcon_core.shell:create_environment_hook('vehicle_control', 'pythonpath_develop')
[3.104s] INFO:colcon.colcon_core.shell:Creating environment hook '/home/fmp/Jeju_Island/build/vehicle_control/share/vehicle_control/hook/pythonpath_develop.ps1'
[3.105s] DEBUG:colcon.colcon_core.event_handler.log_command:Invoked command in '/home/fmp/Jeju_Island/build/vehicle_control' returned '0': PYTHONPATH=/home/fmp/Jeju_Island/build/vehicle_control/prefix_override:/usr/lib/python3/dist-packages/colcon_core/task/python/colcon_distutils_commands:/home/fmp/Jeju_Island/install/vehicle_control/lib/python3.10/site-packages:${PYTHONPATH} /usr/bin/python3 -W ignore:setup.py install is deprecated -W ignore:easy_install command is deprecated setup.py develop --editable --build-directory /home/fmp/Jeju_Island/build/vehicle_control/build --no-deps symlink_data --force
[3.108s] INFO:colcon.colcon_core.shell:Creating environment descriptor '/home/fmp/Jeju_Island/build/vehicle_control/share/vehicle_control/hook/pythonpath_develop.dsv'
[3.109s] INFO:colcon.colcon_core.shell:Creating environment hook '/home/fmp/Jeju_Island/build/vehicle_control/share/vehicle_control/hook/pythonpath_develop.sh'
[3.118s] Level 1:colcon.colcon_core.environment:checking '/home/fmp/Jeju_Island/install/vehicle_control' for CMake module files
[3.119s] Level 1:colcon.colcon_core.environment:checking '/home/fmp/Jeju_Island/install/vehicle_control' for CMake config files
[3.120s] Level 1:colcon.colcon_core.environment:checking '/home/fmp/Jeju_Island/install/vehicle_control/lib'
[3.120s] Level 1:colcon.colcon_core.environment:checking '/home/fmp/Jeju_Island/install/vehicle_control/bin'
[3.120s] Level 1:colcon.colcon_core.environment:checking '/home/fmp/Jeju_Island/install/vehicle_control/lib/pkgconfig/vehicle_control.pc'
[3.121s] Level 1:colcon.colcon_core.environment:checking '/home/fmp/Jeju_Island/install/vehicle_control/lib/python3.10/site-packages'
[3.121s] Level 1:colcon.colcon_core.shell:create_environment_hook('vehicle_control', 'pythonpath')
[3.121s] INFO:colcon.colcon_core.shell:Creating environment hook '/home/fmp/Jeju_Island/install/vehicle_control/share/vehicle_control/hook/pythonpath.ps1'
[3.122s] INFO:colcon.colcon_core.shell:Creating environment descriptor '/home/fmp/Jeju_Island/install/vehicle_control/share/vehicle_control/hook/pythonpath.dsv'
[3.123s] INFO:colcon.colcon_core.shell:Creating environment hook '/home/fmp/Jeju_Island/install/vehicle_control/share/vehicle_control/hook/pythonpath.sh'
[3.124s] Level 1:colcon.colcon_core.environment:checking '/home/fmp/Jeju_Island/install/vehicle_control/bin'
[3.125s] Level 1:colcon.colcon_core.environment:create_environment_scripts_only(vehicle_control)
[3.125s] INFO:colcon.colcon_core.shell:Creating package script '/home/fmp/Jeju_Island/install/vehicle_control/share/vehicle_control/package.ps1'
[3.129s] INFO:colcon.colcon_core.shell:Creating package descriptor '/home/fmp/Jeju_Island/install/vehicle_control/share/vehicle_control/package.dsv'
[3.132s] INFO:colcon.colcon_core.shell:Creating package script '/home/fmp/Jeju_Island/install/vehicle_control/share/vehicle_control/package.sh'
[3.134s] INFO:colcon.colcon_core.shell:Creating package script '/home/fmp/Jeju_Island/install/vehicle_control/share/vehicle_control/package.bash'
[3.136s] INFO:colcon.colcon_core.shell:Creating package script '/home/fmp/Jeju_Island/install/vehicle_control/share/vehicle_control/package.zsh'
[3.138s] Level 1:colcon.colcon_core.environment:create_file_with_runtime_dependencies(/home/fmp/Jeju_Island/install/vehicle_control/share/colcon-core/packages/vehicle_control)
[3.139s] DEBUG:colcon.colcon_parallel_executor.executor.parallel:closing loop
[3.139s] DEBUG:colcon.colcon_parallel_executor.executor.parallel:loop closed
[3.140s] DEBUG:colcon.colcon_parallel_executor.executor.parallel:run_until_complete finished with '0'
[3.140s] DEBUG:colcon.colcon_core.event_reactor:joining thread
[3.152s] INFO:colcon.colcon_core.plugin_system:Skipping extension 'colcon_notification.desktop_notification.terminal_notifier': Not used on non-Darwin systems
[3.152s] INFO:colcon.colcon_core.plugin_system:Skipping extension 'colcon_notification.desktop_notification.win32': Not used on non-Windows systems
[3.152s] INFO:colcon.colcon_notification.desktop_notification:Sending desktop notification using 'notify2'
[3.227s] DEBUG:colcon.colcon_core.event_reactor:joined thread
[3.228s] INFO:colcon.colcon_core.shell:Creating prefix script '/home/fmp/Jeju_Island/install/local_setup.ps1'
[3.231s] INFO:colcon.colcon_core.shell:Creating prefix util module '/home/fmp/Jeju_Island/install/_local_setup_util_ps1.py'
[3.237s] INFO:colcon.colcon_core.shell:Creating prefix chain script '/home/fmp/Jeju_Island/install/setup.ps1'
[3.244s] INFO:colcon.colcon_core.shell:Creating prefix script '/home/fmp/Jeju_Island/install/local_setup.sh'
[3.248s] INFO:colcon.colcon_core.shell:Creating prefix util module '/home/fmp/Jeju_Island/install/_local_setup_util_sh.py'
[3.254s] INFO:colcon.colcon_core.shell:Creating prefix chain script '/home/fmp/Jeju_Island/install/setup.sh'
[3.268s] INFO:colcon.colcon_core.shell:Creating prefix script '/home/fmp/Jeju_Island/install/local_setup.bash'
[3.275s] INFO:colcon.colcon_core.shell:Creating prefix chain script '/home/fmp/Jeju_Island/install/setup.bash'
[3.289s] INFO:colcon.colcon_core.shell:Creating prefix script '/home/fmp/Jeju_Island/install/local_setup.zsh'
[3.292s] INFO:colcon.colcon_core.shell:Creating prefix chain script '/home/fmp/Jeju_Island/install/setup.zsh'
