[0.147s] Invoking command in '/home/fmp/Jeju_Island/build/erp_mini_msgs': CMAKE_PREFIX_PATH=${CMAKE_PREFIX_PATH}:/home/fmp/Jeju_Island/install/vehicle_control:/home/fmp/Jeju_Island/install/erp_control_pkg:/opt/ros/humble /usr/bin/cmake --build /home/fmp/Jeju_Island/build/erp_mini_msgs -- -j4 -l4
[0.750s] [  0%] Built target ament_cmake_python_symlink_erp_mini_msgs
[0.862s] [  2%] Built target erp_mini_msgs__cpp
[0.909s] [ 12%] Built target erp_mini_msgs__rosidl_generator_c
[1.178s] [ 23%] Built target erp_mini_msgs__rosidl_typesupport_cpp
[1.222s] [ 34%] Built target erp_mini_msgs__rosidl_typesupport_introspection_cpp
[1.265s] [ 44%] Built target erp_mini_msgs__rosidl_typesupport_fastrtps_cpp
[1.459s] [ 55%] Built target erp_mini_msgs__rosidl_typesupport_fastrtps_c
[1.531s] [ 65%] Built target erp_mini_msgs__rosidl_typesupport_introspection_c
[1.539s] [ 76%] Built target erp_mini_msgs__rosidl_typesupport_c
[1.639s] [ 76%] Built target erp_mini_msgs
[1.776s] [ 78%] Built target erp_mini_msgs__py
[1.910s] [ 87%] Built target erp_mini_msgs__rosidl_generator_py
[2.158s] [ 91%] Built target erp_mini_msgs__rosidl_typesupport_c__pyext
[2.181s] [ 95%] Built target erp_mini_msgs__rosidl_typesupport_fastrtps_c__pyext
[2.205s] [100%] Built target erp_mini_msgs__rosidl_typesupport_introspection_c__pyext
[3.425s] running egg_info
[3.429s] writing erp_mini_msgs.egg-info/PKG-INFO
[3.432s] writing dependency_links to erp_mini_msgs.egg-info/dependency_links.txt
[3.434s] writing top-level names to erp_mini_msgs.egg-info/top_level.txt
[3.446s] reading manifest file 'erp_mini_msgs.egg-info/SOURCES.txt'
[3.450s] writing manifest file 'erp_mini_msgs.egg-info/SOURCES.txt'
[3.628s] [100%] Built target ament_cmake_python_build_erp_mini_msgs_egg
[4.180s] Invoked command in '/home/fmp/Jeju_Island/build/erp_mini_msgs' returned '0': CMAKE_PREFIX_PATH=${CMAKE_PREFIX_PATH}:/home/fmp/Jeju_Island/install/vehicle_control:/home/fmp/Jeju_Island/install/erp_control_pkg:/opt/ros/humble /usr/bin/cmake --build /home/fmp/Jeju_Island/build/erp_mini_msgs -- -j4 -l4
[4.186s] Invoking command in '/home/fmp/Jeju_Island/build/erp_mini_msgs': CMAKE_PREFIX_PATH=${CMAKE_PREFIX_PATH}:/home/fmp/Jeju_Island/install/vehicle_control:/home/fmp/Jeju_Island/install/erp_control_pkg:/opt/ros/humble /usr/bin/cmake --install /home/fmp/Jeju_Island/build/erp_mini_msgs
[4.299s] -- Install configuration: ""
[4.304s] -- Execute custom install script
[4.310s] -- Up-to-date symlink: /home/fmp/Jeju_Island/install/erp_mini_msgs/share/ament_index/resource_index/rosidl_interfaces/erp_mini_msgs
[4.317s] -- Up-to-date symlink: /home/fmp/Jeju_Island/install/erp_mini_msgs/include/erp_mini_msgs/erp_mini_msgs/msg/control_command.h
[4.324s] -- Up-to-date symlink: /home/fmp/Jeju_Island/install/erp_mini_msgs/include/erp_mini_msgs/erp_mini_msgs/msg/detail/control_command__functions.h
[4.325s] -- Up-to-date symlink: /home/fmp/Jeju_Island/install/erp_mini_msgs/include/erp_mini_msgs/erp_mini_msgs/msg/detail/control_command__struct.h
[4.327s] -- Up-to-date symlink: /home/fmp/Jeju_Island/install/erp_mini_msgs/include/erp_mini_msgs/erp_mini_msgs/msg/detail/control_command__type_support.h
[4.328s] -- Up-to-date symlink: /home/fmp/Jeju_Island/install/erp_mini_msgs/include/erp_mini_msgs/erp_mini_msgs/msg/detail/feedback__functions.h
[4.332s] -- Up-to-date symlink: /home/fmp/Jeju_Island/install/erp_mini_msgs/include/erp_mini_msgs/erp_mini_msgs/msg/detail/feedback__struct.h
[4.338s] -- Up-to-date symlink: /home/fmp/Jeju_Island/install/erp_mini_msgs/include/erp_mini_msgs/erp_mini_msgs/msg/detail/feedback__type_support.h
[4.338s] -- Up-to-date symlink: /home/fmp/Jeju_Island/install/erp_mini_msgs/include/erp_mini_msgs/erp_mini_msgs/msg/feedback.h
[4.339s] -- Up-to-date symlink: /home/fmp/Jeju_Island/install/erp_mini_msgs/include/erp_mini_msgs/erp_mini_msgs/msg/rosidl_generator_c__visibility_control.h
[4.347s] -- Up-to-date symlink: /home/fmp/Jeju_Island/install/erp_mini_msgs/include/erp_mini_msgs/erp_mini_msgs/srv/detail/mode_command__functions.h
[4.348s] -- Up-to-date symlink: /home/fmp/Jeju_Island/install/erp_mini_msgs/include/erp_mini_msgs/erp_mini_msgs/srv/detail/mode_command__struct.h
[4.348s] -- Up-to-date symlink: /home/fmp/Jeju_Island/install/erp_mini_msgs/include/erp_mini_msgs/erp_mini_msgs/srv/detail/mode_command__type_support.h
[4.351s] -- Up-to-date symlink: /home/fmp/Jeju_Island/install/erp_mini_msgs/include/erp_mini_msgs/erp_mini_msgs/srv/mode_command.h
[4.356s] -- Up-to-date symlink: /home/fmp/Jeju_Island/install/erp_mini_msgs/share/erp_mini_msgs/environment/library_path.sh
[4.358s] -- Up-to-date symlink: /home/fmp/Jeju_Island/install/erp_mini_msgs/share/erp_mini_msgs/environment/library_path.dsv
[4.369s] -- Up-to-date symlink: /home/fmp/Jeju_Island/install/erp_mini_msgs/include/erp_mini_msgs/erp_mini_msgs/msg/detail/control_command__rosidl_typesupport_fastrtps_c.h
[4.369s] -- Up-to-date symlink: /home/fmp/Jeju_Island/install/erp_mini_msgs/include/erp_mini_msgs/erp_mini_msgs/msg/detail/feedback__rosidl_typesupport_fastrtps_c.h
[4.370s] -- Up-to-date symlink: /home/fmp/Jeju_Island/install/erp_mini_msgs/include/erp_mini_msgs/erp_mini_msgs/msg/rosidl_typesupport_fastrtps_c__visibility_control.h
[4.395s] -- Up-to-date symlink: /home/fmp/Jeju_Island/install/erp_mini_msgs/include/erp_mini_msgs/erp_mini_msgs/srv/detail/mode_command__rosidl_typesupport_fastrtps_c.h
[4.397s] -- Up-to-date symlink: /home/fmp/Jeju_Island/install/erp_mini_msgs/include/erp_mini_msgs/erp_mini_msgs/msg/control_command.hpp
[4.419s] -- Up-to-date symlink: /home/fmp/Jeju_Island/install/erp_mini_msgs/include/erp_mini_msgs/erp_mini_msgs/msg/detail/control_command__builder.hpp
[4.419s] -- Up-to-date symlink: /home/fmp/Jeju_Island/install/erp_mini_msgs/include/erp_mini_msgs/erp_mini_msgs/msg/detail/control_command__struct.hpp
[4.420s] -- Up-to-date symlink: /home/fmp/Jeju_Island/install/erp_mini_msgs/include/erp_mini_msgs/erp_mini_msgs/msg/detail/control_command__traits.hpp
[4.420s] -- Up-to-date symlink: /home/fmp/Jeju_Island/install/erp_mini_msgs/include/erp_mini_msgs/erp_mini_msgs/msg/detail/control_command__type_support.hpp
[4.440s] -- Up-to-date symlink: /home/fmp/Jeju_Island/install/erp_mini_msgs/include/erp_mini_msgs/erp_mini_msgs/msg/detail/feedback__builder.hpp
[4.442s] -- Up-to-date symlink: /home/fmp/Jeju_Island/install/erp_mini_msgs/include/erp_mini_msgs/erp_mini_msgs/msg/detail/feedback__struct.hpp
[4.443s] -- Up-to-date symlink: /home/fmp/Jeju_Island/install/erp_mini_msgs/include/erp_mini_msgs/erp_mini_msgs/msg/detail/feedback__traits.hpp
[4.444s] -- Up-to-date symlink: /home/fmp/Jeju_Island/install/erp_mini_msgs/include/erp_mini_msgs/erp_mini_msgs/msg/detail/feedback__type_support.hpp
[4.448s] -- Up-to-date symlink: /home/fmp/Jeju_Island/install/erp_mini_msgs/include/erp_mini_msgs/erp_mini_msgs/msg/feedback.hpp
[4.450s] -- Up-to-date symlink: /home/fmp/Jeju_Island/install/erp_mini_msgs/include/erp_mini_msgs/erp_mini_msgs/msg/rosidl_generator_cpp__visibility_control.hpp
[4.451s] -- Up-to-date symlink: /home/fmp/Jeju_Island/install/erp_mini_msgs/include/erp_mini_msgs/erp_mini_msgs/srv/detail/mode_command__builder.hpp
[4.473s] -- Up-to-date symlink: /home/fmp/Jeju_Island/install/erp_mini_msgs/include/erp_mini_msgs/erp_mini_msgs/srv/detail/mode_command__struct.hpp
[4.495s] -- Up-to-date symlink: /home/fmp/Jeju_Island/install/erp_mini_msgs/include/erp_mini_msgs/erp_mini_msgs/srv/detail/mode_command__traits.hpp
[4.496s] -- Up-to-date symlink: /home/fmp/Jeju_Island/install/erp_mini_msgs/include/erp_mini_msgs/erp_mini_msgs/srv/detail/mode_command__type_support.hpp
[4.499s] -- Up-to-date symlink: /home/fmp/Jeju_Island/install/erp_mini_msgs/include/erp_mini_msgs/erp_mini_msgs/srv/mode_command.hpp
[4.513s] -- Up-to-date symlink: /home/fmp/Jeju_Island/install/erp_mini_msgs/include/erp_mini_msgs/erp_mini_msgs/msg/detail/control_command__rosidl_typesupport_fastrtps_cpp.hpp
[4.519s] -- Up-to-date symlink: /home/fmp/Jeju_Island/install/erp_mini_msgs/include/erp_mini_msgs/erp_mini_msgs/msg/detail/feedback__rosidl_typesupport_fastrtps_cpp.hpp
[4.523s] -- Up-to-date symlink: /home/fmp/Jeju_Island/install/erp_mini_msgs/include/erp_mini_msgs/erp_mini_msgs/msg/rosidl_typesupport_fastrtps_cpp__visibility_control.h
[4.530s] -- Up-to-date symlink: /home/fmp/Jeju_Island/install/erp_mini_msgs/include/erp_mini_msgs/erp_mini_msgs/srv/detail/mode_command__rosidl_typesupport_fastrtps_cpp.hpp
[4.540s] -- Up-to-date symlink: /home/fmp/Jeju_Island/install/erp_mini_msgs/include/erp_mini_msgs/erp_mini_msgs/msg/detail/control_command__rosidl_typesupport_introspection_c.h
[4.540s] -- Up-to-date symlink: /home/fmp/Jeju_Island/install/erp_mini_msgs/include/erp_mini_msgs/erp_mini_msgs/msg/detail/feedback__rosidl_typesupport_introspection_c.h
[4.542s] -- Up-to-date symlink: /home/fmp/Jeju_Island/install/erp_mini_msgs/include/erp_mini_msgs/erp_mini_msgs/msg/rosidl_typesupport_introspection_c__visibility_control.h
[4.544s] -- Up-to-date symlink: /home/fmp/Jeju_Island/install/erp_mini_msgs/include/erp_mini_msgs/erp_mini_msgs/srv/detail/mode_command__rosidl_typesupport_introspection_c.h
[4.548s] -- Up-to-date symlink: /home/fmp/Jeju_Island/install/erp_mini_msgs/include/erp_mini_msgs/erp_mini_msgs/msg/detail/control_command__rosidl_typesupport_introspection_cpp.hpp
[4.548s] -- Up-to-date symlink: /home/fmp/Jeju_Island/install/erp_mini_msgs/include/erp_mini_msgs/erp_mini_msgs/msg/detail/feedback__rosidl_typesupport_introspection_cpp.hpp
[4.555s] -- Up-to-date symlink: /home/fmp/Jeju_Island/install/erp_mini_msgs/include/erp_mini_msgs/erp_mini_msgs/srv/detail/mode_command__rosidl_typesupport_introspection_cpp.hpp
[4.556s] -- Up-to-date symlink: /home/fmp/Jeju_Island/install/erp_mini_msgs/share/erp_mini_msgs/environment/pythonpath.sh
[4.557s] -- Up-to-date symlink: /home/fmp/Jeju_Island/install/erp_mini_msgs/share/erp_mini_msgs/environment/pythonpath.dsv
[4.557s] -- Up-to-date symlink: /home/fmp/Jeju_Island/install/erp_mini_msgs/local/lib/python3.10/dist-packages/erp_mini_msgs-0.0.0-py3.10.egg-info/PKG-INFO
[4.557s] -- Up-to-date symlink: /home/fmp/Jeju_Island/install/erp_mini_msgs/local/lib/python3.10/dist-packages/erp_mini_msgs-0.0.0-py3.10.egg-info/SOURCES.txt
[4.558s] -- Up-to-date symlink: /home/fmp/Jeju_Island/install/erp_mini_msgs/local/lib/python3.10/dist-packages/erp_mini_msgs-0.0.0-py3.10.egg-info/dependency_links.txt
[4.561s] -- Up-to-date symlink: /home/fmp/Jeju_Island/install/erp_mini_msgs/local/lib/python3.10/dist-packages/erp_mini_msgs-0.0.0-py3.10.egg-info/top_level.txt
[4.562s] -- Up-to-date symlink: /home/fmp/Jeju_Island/install/erp_mini_msgs/local/lib/python3.10/dist-packages/erp_mini_msgs/__init__.py
[4.563s] -- Up-to-date symlink: /home/fmp/Jeju_Island/install/erp_mini_msgs/local/lib/python3.10/dist-packages/erp_mini_msgs/_erp_mini_msgs_s.ep.rosidl_typesupport_c.c
[4.567s] -- Up-to-date symlink: /home/fmp/Jeju_Island/install/erp_mini_msgs/local/lib/python3.10/dist-packages/erp_mini_msgs/_erp_mini_msgs_s.ep.rosidl_typesupport_fastrtps_c.c
[4.567s] -- Up-to-date symlink: /home/fmp/Jeju_Island/install/erp_mini_msgs/local/lib/python3.10/dist-packages/erp_mini_msgs/_erp_mini_msgs_s.ep.rosidl_typesupport_introspection_c.c
[4.569s] -- Up-to-date symlink: /home/fmp/Jeju_Island/install/erp_mini_msgs/local/lib/python3.10/dist-packages/erp_mini_msgs/erp_mini_msgs_s__rosidl_typesupport_c.cpython-310-x86_64-linux-gnu.so
[4.578s] -- Up-to-date symlink: /home/fmp/Jeju_Island/install/erp_mini_msgs/local/lib/python3.10/dist-packages/erp_mini_msgs/erp_mini_msgs_s__rosidl_typesupport_fastrtps_c.cpython-310-x86_64-linux-gnu.so
[4.580s] -- Up-to-date symlink: /home/fmp/Jeju_Island/install/erp_mini_msgs/local/lib/python3.10/dist-packages/erp_mini_msgs/erp_mini_msgs_s__rosidl_typesupport_introspection_c.cpython-310-x86_64-linux-gnu.so
[4.590s] -- Up-to-date symlink: /home/fmp/Jeju_Island/install/erp_mini_msgs/local/lib/python3.10/dist-packages/erp_mini_msgs/liberp_mini_msgs__rosidl_generator_py.so
[4.591s] -- Up-to-date symlink: /home/fmp/Jeju_Island/install/erp_mini_msgs/local/lib/python3.10/dist-packages/erp_mini_msgs/msg/__init__.py
[4.596s] -- Up-to-date symlink: /home/fmp/Jeju_Island/install/erp_mini_msgs/local/lib/python3.10/dist-packages/erp_mini_msgs/msg/_control_command.py
[4.602s] -- Up-to-date symlink: /home/fmp/Jeju_Island/install/erp_mini_msgs/local/lib/python3.10/dist-packages/erp_mini_msgs/msg/_control_command_s.c
[4.610s] -- Up-to-date symlink: /home/fmp/Jeju_Island/install/erp_mini_msgs/local/lib/python3.10/dist-packages/erp_mini_msgs/msg/_feedback.py
[4.611s] -- Up-to-date symlink: /home/fmp/Jeju_Island/install/erp_mini_msgs/local/lib/python3.10/dist-packages/erp_mini_msgs/msg/_feedback_s.c
[4.611s] -- Up-to-date symlink: /home/fmp/Jeju_Island/install/erp_mini_msgs/local/lib/python3.10/dist-packages/erp_mini_msgs/srv/__init__.py
[4.612s] -- Up-to-date symlink: /home/fmp/Jeju_Island/install/erp_mini_msgs/local/lib/python3.10/dist-packages/erp_mini_msgs/srv/_mode_command.py
[4.615s] -- Up-to-date symlink: /home/fmp/Jeju_Island/install/erp_mini_msgs/local/lib/python3.10/dist-packages/erp_mini_msgs/srv/_mode_command_s.c
[4.616s] -- Up-to-date symlink: /home/fmp/Jeju_Island/install/erp_mini_msgs/local/lib/python3.10/dist-packages/erp_mini_msgs/erp_mini_msgs_s__rosidl_typesupport_fastrtps_c.cpython-310-x86_64-linux-gnu.so
[4.628s] -- Up-to-date symlink: /home/fmp/Jeju_Island/install/erp_mini_msgs/local/lib/python3.10/dist-packages/erp_mini_msgs/erp_mini_msgs_s__rosidl_typesupport_introspection_c.cpython-310-x86_64-linux-gnu.so
[4.633s] -- Up-to-date symlink: /home/fmp/Jeju_Island/install/erp_mini_msgs/local/lib/python3.10/dist-packages/erp_mini_msgs/erp_mini_msgs_s__rosidl_typesupport_c.cpython-310-x86_64-linux-gnu.so
[4.634s] -- Up-to-date symlink: /home/fmp/Jeju_Island/install/erp_mini_msgs/share/erp_mini_msgs/msg/ControlCommand.idl
[4.635s] -- Up-to-date symlink: /home/fmp/Jeju_Island/install/erp_mini_msgs/share/erp_mini_msgs/msg/Feedback.idl
[4.638s] -- Up-to-date symlink: /home/fmp/Jeju_Island/install/erp_mini_msgs/share/erp_mini_msgs/srv/ModeCommand.idl
[4.639s] -- Up-to-date symlink: /home/fmp/Jeju_Island/install/erp_mini_msgs/share/erp_mini_msgs/msg/ControlCommand.msg
[4.640s] -- Up-to-date symlink: /home/fmp/Jeju_Island/install/erp_mini_msgs/share/erp_mini_msgs/msg/Feedback.msg
[4.645s] -- Up-to-date symlink: /home/fmp/Jeju_Island/install/erp_mini_msgs/share/erp_mini_msgs/srv/ModeCommand.srv
[4.652s] -- Up-to-date symlink: /home/fmp/Jeju_Island/install/erp_mini_msgs/share/erp_mini_msgs/srv/ModeCommand_Request.msg
[4.653s] -- Up-to-date symlink: /home/fmp/Jeju_Island/install/erp_mini_msgs/share/erp_mini_msgs/srv/ModeCommand_Response.msg
[4.654s] -- Up-to-date symlink: /home/fmp/Jeju_Island/install/erp_mini_msgs/share/ament_index/resource_index/package_run_dependencies/erp_mini_msgs
[4.660s] -- Up-to-date symlink: /home/fmp/Jeju_Island/install/erp_mini_msgs/share/ament_index/resource_index/parent_prefix_path/erp_mini_msgs
[4.662s] -- Up-to-date symlink: /home/fmp/Jeju_Island/install/erp_mini_msgs/share/erp_mini_msgs/environment/ament_prefix_path.sh
[4.668s] -- Up-to-date symlink: /home/fmp/Jeju_Island/install/erp_mini_msgs/share/erp_mini_msgs/environment/ament_prefix_path.dsv
[4.669s] -- Up-to-date symlink: /home/fmp/Jeju_Island/install/erp_mini_msgs/share/erp_mini_msgs/environment/path.sh
[4.669s] -- Up-to-date symlink: /home/fmp/Jeju_Island/install/erp_mini_msgs/share/erp_mini_msgs/environment/path.dsv
[4.670s] -- Up-to-date symlink: /home/fmp/Jeju_Island/install/erp_mini_msgs/share/erp_mini_msgs/local_setup.bash
[4.672s] -- Up-to-date symlink: /home/fmp/Jeju_Island/install/erp_mini_msgs/share/erp_mini_msgs/local_setup.sh
[4.679s] -- Up-to-date symlink: /home/fmp/Jeju_Island/install/erp_mini_msgs/share/erp_mini_msgs/local_setup.zsh
[4.683s] -- Up-to-date symlink: /home/fmp/Jeju_Island/install/erp_mini_msgs/share/erp_mini_msgs/local_setup.dsv
[4.685s] -- Symlinking: /home/fmp/Jeju_Island/install/erp_mini_msgs/share/erp_mini_msgs/package.dsv
[4.697s] -- Up-to-date symlink: /home/fmp/Jeju_Island/install/erp_mini_msgs/share/ament_index/resource_index/packages/erp_mini_msgs
[4.697s] -- Up-to-date symlink: /home/fmp/Jeju_Island/install/erp_mini_msgs/share/erp_mini_msgs/cmake/rosidl_cmake-extras.cmake
[4.698s] -- Up-to-date symlink: /home/fmp/Jeju_Island/install/erp_mini_msgs/share/erp_mini_msgs/cmake/ament_cmake_export_dependencies-extras.cmake
[4.698s] -- Up-to-date symlink: /home/fmp/Jeju_Island/install/erp_mini_msgs/share/erp_mini_msgs/cmake/ament_cmake_export_include_directories-extras.cmake
[4.699s] -- Up-to-date symlink: /home/fmp/Jeju_Island/install/erp_mini_msgs/share/erp_mini_msgs/cmake/ament_cmake_export_libraries-extras.cmake
[4.699s] -- Up-to-date symlink: /home/fmp/Jeju_Island/install/erp_mini_msgs/share/erp_mini_msgs/cmake/ament_cmake_export_targets-extras.cmake
[4.699s] -- Up-to-date symlink: /home/fmp/Jeju_Island/install/erp_mini_msgs/share/erp_mini_msgs/cmake/rosidl_cmake_export_typesupport_targets-extras.cmake
[4.700s] -- Up-to-date symlink: /home/fmp/Jeju_Island/install/erp_mini_msgs/share/erp_mini_msgs/cmake/rosidl_cmake_export_typesupport_libraries-extras.cmake
[4.704s] -- Up-to-date symlink: /home/fmp/Jeju_Island/install/erp_mini_msgs/share/erp_mini_msgs/cmake/erp_mini_msgsConfig.cmake
[4.705s] -- Up-to-date symlink: /home/fmp/Jeju_Island/install/erp_mini_msgs/share/erp_mini_msgs/cmake/erp_mini_msgsConfig-version.cmake
[4.706s] -- Up-to-date symlink: /home/fmp/Jeju_Island/install/erp_mini_msgs/share/erp_mini_msgs/package.xml
[4.706s] -- Up-to-date: /home/fmp/Jeju_Island/install/erp_mini_msgs/lib/liberp_mini_msgs__rosidl_generator_c.so
[4.706s] -- Up-to-date: /home/fmp/Jeju_Island/install/erp_mini_msgs/lib/liberp_mini_msgs__rosidl_typesupport_fastrtps_c.so
[4.706s] -- Up-to-date: /home/fmp/Jeju_Island/install/erp_mini_msgs/lib/liberp_mini_msgs__rosidl_typesupport_fastrtps_cpp.so
[4.707s] -- Up-to-date: /home/fmp/Jeju_Island/install/erp_mini_msgs/lib/liberp_mini_msgs__rosidl_typesupport_introspection_c.so
[4.714s] -- Up-to-date: /home/fmp/Jeju_Island/install/erp_mini_msgs/lib/liberp_mini_msgs__rosidl_typesupport_c.so
[4.714s] -- Up-to-date: /home/fmp/Jeju_Island/install/erp_mini_msgs/lib/liberp_mini_msgs__rosidl_typesupport_introspection_cpp.so
[4.715s] -- Up-to-date: /home/fmp/Jeju_Island/install/erp_mini_msgs/lib/liberp_mini_msgs__rosidl_typesupport_cpp.so
[5.028s] Listing '/home/fmp/Jeju_Island/install/erp_mini_msgs/local/lib/python3.10/dist-packages/erp_mini_msgs'...
[5.029s] Listing '/home/fmp/Jeju_Island/install/erp_mini_msgs/local/lib/python3.10/dist-packages/erp_mini_msgs/msg'...
[5.029s] Listing '/home/fmp/Jeju_Island/install/erp_mini_msgs/local/lib/python3.10/dist-packages/erp_mini_msgs/srv'...
[5.075s] -- Up-to-date: /home/fmp/Jeju_Island/install/erp_mini_msgs/lib/liberp_mini_msgs__rosidl_generator_py.so
[5.078s] -- Up-to-date: /home/fmp/Jeju_Island/install/erp_mini_msgs/share/erp_mini_msgs/cmake/export_erp_mini_msgs__rosidl_generator_cExport.cmake
[5.083s] -- Up-to-date: /home/fmp/Jeju_Island/install/erp_mini_msgs/share/erp_mini_msgs/cmake/export_erp_mini_msgs__rosidl_generator_cExport-noconfig.cmake
[5.084s] -- Up-to-date: /home/fmp/Jeju_Island/install/erp_mini_msgs/share/erp_mini_msgs/cmake/export_erp_mini_msgs__rosidl_typesupport_fastrtps_cExport.cmake
[5.084s] -- Up-to-date: /home/fmp/Jeju_Island/install/erp_mini_msgs/share/erp_mini_msgs/cmake/export_erp_mini_msgs__rosidl_typesupport_fastrtps_cExport-noconfig.cmake
[5.085s] -- Up-to-date: /home/fmp/Jeju_Island/install/erp_mini_msgs/share/erp_mini_msgs/cmake/export_erp_mini_msgs__rosidl_generator_cppExport.cmake
[5.090s] -- Up-to-date: /home/fmp/Jeju_Island/install/erp_mini_msgs/share/erp_mini_msgs/cmake/export_erp_mini_msgs__rosidl_typesupport_fastrtps_cppExport.cmake
[5.091s] -- Up-to-date: /home/fmp/Jeju_Island/install/erp_mini_msgs/share/erp_mini_msgs/cmake/export_erp_mini_msgs__rosidl_typesupport_fastrtps_cppExport-noconfig.cmake
[5.091s] -- Up-to-date: /home/fmp/Jeju_Island/install/erp_mini_msgs/share/erp_mini_msgs/cmake/erp_mini_msgs__rosidl_typesupport_introspection_cExport.cmake
[5.092s] -- Up-to-date: /home/fmp/Jeju_Island/install/erp_mini_msgs/share/erp_mini_msgs/cmake/erp_mini_msgs__rosidl_typesupport_introspection_cExport-noconfig.cmake
[5.092s] -- Up-to-date: /home/fmp/Jeju_Island/install/erp_mini_msgs/share/erp_mini_msgs/cmake/erp_mini_msgs__rosidl_typesupport_cExport.cmake
[5.093s] -- Up-to-date: /home/fmp/Jeju_Island/install/erp_mini_msgs/share/erp_mini_msgs/cmake/erp_mini_msgs__rosidl_typesupport_cExport-noconfig.cmake
[5.098s] -- Up-to-date: /home/fmp/Jeju_Island/install/erp_mini_msgs/share/erp_mini_msgs/cmake/erp_mini_msgs__rosidl_typesupport_introspection_cppExport.cmake
[5.098s] -- Up-to-date: /home/fmp/Jeju_Island/install/erp_mini_msgs/share/erp_mini_msgs/cmake/erp_mini_msgs__rosidl_typesupport_introspection_cppExport-noconfig.cmake
[5.103s] -- Up-to-date: /home/fmp/Jeju_Island/install/erp_mini_msgs/share/erp_mini_msgs/cmake/erp_mini_msgs__rosidl_typesupport_cppExport.cmake
[5.104s] -- Up-to-date: /home/fmp/Jeju_Island/install/erp_mini_msgs/share/erp_mini_msgs/cmake/erp_mini_msgs__rosidl_typesupport_cppExport-noconfig.cmake
[5.104s] -- Up-to-date: /home/fmp/Jeju_Island/install/erp_mini_msgs/share/erp_mini_msgs/cmake/export_erp_mini_msgs__rosidl_generator_pyExport.cmake
[5.105s] -- Up-to-date: /home/fmp/Jeju_Island/install/erp_mini_msgs/share/erp_mini_msgs/cmake/export_erp_mini_msgs__rosidl_generator_pyExport-noconfig.cmake
[6.548s] Invoked command in '/home/fmp/Jeju_Island/build/erp_mini_msgs' returned '0': CMAKE_PREFIX_PATH=${CMAKE_PREFIX_PATH}:/home/fmp/Jeju_Island/install/vehicle_control:/home/fmp/Jeju_Island/install/erp_control_pkg:/opt/ros/humble /usr/bin/cmake --install /home/fmp/Jeju_Island/build/erp_mini_msgs
