running egg_info
creating ../../../../build/erp_control_pkg/erp_control_pkg.egg-info
writing ../../../../build/erp_control_pkg/erp_control_pkg.egg-info/PKG-INFO
writing dependency_links to ../../../../build/erp_control_pkg/erp_control_pkg.egg-info/dependency_links.txt
writing entry points to ../../../../build/erp_control_pkg/erp_control_pkg.egg-info/entry_points.txt
writing requirements to ../../../../build/erp_control_pkg/erp_control_pkg.egg-info/requires.txt
writing top-level names to ../../../../build/erp_control_pkg/erp_control_pkg.egg-info/top_level.txt
writing manifest file '../../../../build/erp_control_pkg/erp_control_pkg.egg-info/SOURCES.txt'
reading manifest file '../../../../build/erp_control_pkg/erp_control_pkg.egg-info/SOURCES.txt'
writing manifest file '../../../../build/erp_control_pkg/erp_control_pkg.egg-info/SOURCES.txt'
running build
running build_py
creating /home/fmp/Jeju_Island/build/erp_control_pkg/build
creating /home/fmp/Jeju_Island/build/erp_control_pkg/build/lib
creating /home/fmp/Jeju_Island/build/erp_control_pkg/build/lib/erp_control_pkg
copying erp_control_pkg/__init__.py -> /home/fmp/Jeju_Island/build/erp_control_pkg/build/lib/erp_control_pkg
running install
running install_lib
creating /home/fmp/Jeju_Island/install/erp_control_pkg/lib/python3.10/site-packages/erp_control_pkg
copying /home/fmp/Jeju_Island/build/erp_control_pkg/build/lib/erp_control_pkg/__init__.py -> /home/fmp/Jeju_Island/install/erp_control_pkg/lib/python3.10/site-packages/erp_control_pkg
byte-compiling /home/fmp/Jeju_Island/install/erp_control_pkg/lib/python3.10/site-packages/erp_control_pkg/__init__.py to __init__.cpython-310.pyc
running install_data
creating /home/fmp/Jeju_Island/install/erp_control_pkg/share/ament_index
creating /home/fmp/Jeju_Island/install/erp_control_pkg/share/ament_index/resource_index
creating /home/fmp/Jeju_Island/install/erp_control_pkg/share/ament_index/resource_index/packages
copying resource/erp_control_pkg -> /home/fmp/Jeju_Island/install/erp_control_pkg/share/ament_index/resource_index/packages
copying package.xml -> /home/fmp/Jeju_Island/install/erp_control_pkg/share/erp_control_pkg
running install_egg_info
Copying ../../../../build/erp_control_pkg/erp_control_pkg.egg-info to /home/fmp/Jeju_Island/install/erp_control_pkg/lib/python3.10/site-packages/erp_control_pkg-0.0.0-py3.10.egg-info
running install_scripts
Installing control_node script to /home/fmp/Jeju_Island/install/erp_control_pkg/lib/erp_control_pkg
writing list of installed files to '/home/fmp/Jeju_Island/build/erp_control_pkg/install.log'
