[0.225s] Invoking command in '/home/fmp/Jeju_Island/build/erp_mini_rqt_plugin': CMAKE_PREFIX_PATH=/home/fmp/Jeju_Island/install/erp_mini_util:/home/fmp/Jeju_Island/install/erp_mini_msgs:/home/fmp/Jeju_Island/install/erp_mini_cmake:/home/fmp/Jeju_Island/install/usb_cam:/home/fmp/Jeju_Island/install/sllidar_ros2:/home/fmp/Jeju_Island/install/rplidar_ros:/home/fmp/Jeju_Island/install/erp_mini_serial:/home/fmp/Jeju_Island/install/erp_mini_rqt_plugin:/home/fmp/Jeju_Island/install/erp_mini_driver:/home/fmp/Jeju_Island/install/vehicle_launch:/home/fmp/Jeju_Island/install/vehicle_control:/home/fmp/Jeju_Island/install/erp_control_pkg:/opt/ros/humble LD_LIBRARY_PATH=/home/fmp/Jeju_Island/install/erp_mini_util/lib:/home/fmp/Jeju_Island/install/erp_mini_msgs/lib:/home/fmp/Jeju_Island/install/usb_cam/lib:/home/fmp/Jeju_Island/install/erp_mini_serial/lib:/home/fmp/Jeju_Island/install/erp_mini_rqt_plugin/lib:/opt/ros/humble/opt/rviz_ogre_vendor/lib:/opt/ros/humble/lib/x86_64-linux-gnu:/opt/ros/humble/lib /usr/bin/cmake --build /home/fmp/Jeju_Island/build/erp_mini_rqt_plugin -- -j4 -l4
[1.005s] [100%] Built target erp_mini_rqt_plugin
[1.115s] Invoked command in '/home/fmp/Jeju_Island/build/erp_mini_rqt_plugin' returned '0': CMAKE_PREFIX_PATH=/home/fmp/Jeju_Island/install/erp_mini_util:/home/fmp/Jeju_Island/install/erp_mini_msgs:/home/fmp/Jeju_Island/install/erp_mini_cmake:/home/fmp/Jeju_Island/install/usb_cam:/home/fmp/Jeju_Island/install/sllidar_ros2:/home/fmp/Jeju_Island/install/rplidar_ros:/home/fmp/Jeju_Island/install/erp_mini_serial:/home/fmp/Jeju_Island/install/erp_mini_rqt_plugin:/home/fmp/Jeju_Island/install/erp_mini_driver:/home/fmp/Jeju_Island/install/vehicle_launch:/home/fmp/Jeju_Island/install/vehicle_control:/home/fmp/Jeju_Island/install/erp_control_pkg:/opt/ros/humble LD_LIBRARY_PATH=/home/fmp/Jeju_Island/install/erp_mini_util/lib:/home/fmp/Jeju_Island/install/erp_mini_msgs/lib:/home/fmp/Jeju_Island/install/usb_cam/lib:/home/fmp/Jeju_Island/install/erp_mini_serial/lib:/home/fmp/Jeju_Island/install/erp_mini_rqt_plugin/lib:/opt/ros/humble/opt/rviz_ogre_vendor/lib:/opt/ros/humble/lib/x86_64-linux-gnu:/opt/ros/humble/lib /usr/bin/cmake --build /home/fmp/Jeju_Island/build/erp_mini_rqt_plugin -- -j4 -l4
[1.134s] Invoking command in '/home/fmp/Jeju_Island/build/erp_mini_rqt_plugin': CMAKE_PREFIX_PATH=/home/fmp/Jeju_Island/install/erp_mini_util:/home/fmp/Jeju_Island/install/erp_mini_msgs:/home/fmp/Jeju_Island/install/erp_mini_cmake:/home/fmp/Jeju_Island/install/usb_cam:/home/fmp/Jeju_Island/install/sllidar_ros2:/home/fmp/Jeju_Island/install/rplidar_ros:/home/fmp/Jeju_Island/install/erp_mini_serial:/home/fmp/Jeju_Island/install/erp_mini_rqt_plugin:/home/fmp/Jeju_Island/install/erp_mini_driver:/home/fmp/Jeju_Island/install/vehicle_launch:/home/fmp/Jeju_Island/install/vehicle_control:/home/fmp/Jeju_Island/install/erp_control_pkg:/opt/ros/humble LD_LIBRARY_PATH=/home/fmp/Jeju_Island/install/erp_mini_util/lib:/home/fmp/Jeju_Island/install/erp_mini_msgs/lib:/home/fmp/Jeju_Island/install/usb_cam/lib:/home/fmp/Jeju_Island/install/erp_mini_serial/lib:/home/fmp/Jeju_Island/install/erp_mini_rqt_plugin/lib:/opt/ros/humble/opt/rviz_ogre_vendor/lib:/opt/ros/humble/lib/x86_64-linux-gnu:/opt/ros/humble/lib /usr/bin/cmake --install /home/fmp/Jeju_Island/build/erp_mini_rqt_plugin
[1.240s] -- Install configuration: ""
[1.248s] -- Execute custom install script
[1.252s] -- Up-to-date symlink: /home/fmp/Jeju_Island/install/erp_mini_rqt_plugin/share/erp_mini_rqt_plugin//plugin.xml
[1.257s] -- Up-to-date symlink: /home/fmp/Jeju_Island/install/erp_mini_rqt_plugin/include/erp_mini_rqt_plugin/erp_mini_rqt_plugin/control_panel_plugin.hpp
[1.259s] -- Up-to-date symlink: /home/fmp/Jeju_Island/install/erp_mini_rqt_plugin/include/erp_mini_rqt_plugin/erp_mini_rqt_plugin/feedback_monitor_plugin.hpp
[1.265s] -- Up-to-date symlink: /home/fmp/Jeju_Island/install/erp_mini_rqt_plugin/share/erp_mini_rqt_plugin/environment/library_path.sh
[1.270s] -- Up-to-date symlink: /home/fmp/Jeju_Island/install/erp_mini_rqt_plugin/share/erp_mini_rqt_plugin/environment/library_path.dsv
[1.274s] -- Up-to-date symlink: /home/fmp/Jeju_Island/install/erp_mini_rqt_plugin/lib/liberp_mini_rqt_plugin.so
[1.275s] -- Up-to-date symlink: /home/fmp/Jeju_Island/install/erp_mini_rqt_plugin/share/ament_index/resource_index/package_run_dependencies/erp_mini_rqt_plugin
[1.281s] -- Up-to-date symlink: /home/fmp/Jeju_Island/install/erp_mini_rqt_plugin/share/ament_index/resource_index/parent_prefix_path/erp_mini_rqt_plugin
[1.285s] -- Up-to-date symlink: /home/fmp/Jeju_Island/install/erp_mini_rqt_plugin/share/erp_mini_rqt_plugin/environment/ament_prefix_path.sh
[1.288s] -- Up-to-date symlink: /home/fmp/Jeju_Island/install/erp_mini_rqt_plugin/share/erp_mini_rqt_plugin/environment/ament_prefix_path.dsv
[1.290s] -- Up-to-date symlink: /home/fmp/Jeju_Island/install/erp_mini_rqt_plugin/share/erp_mini_rqt_plugin/environment/path.sh
[1.292s] -- Up-to-date symlink: /home/fmp/Jeju_Island/install/erp_mini_rqt_plugin/share/erp_mini_rqt_plugin/environment/path.dsv
[1.295s] -- Up-to-date symlink: /home/fmp/Jeju_Island/install/erp_mini_rqt_plugin/share/erp_mini_rqt_plugin/local_setup.bash
[1.298s] -- Up-to-date symlink: /home/fmp/Jeju_Island/install/erp_mini_rqt_plugin/share/erp_mini_rqt_plugin/local_setup.sh
[1.300s] -- Up-to-date symlink: /home/fmp/Jeju_Island/install/erp_mini_rqt_plugin/share/erp_mini_rqt_plugin/local_setup.zsh
[1.300s] -- Up-to-date symlink: /home/fmp/Jeju_Island/install/erp_mini_rqt_plugin/share/erp_mini_rqt_plugin/local_setup.dsv
[1.306s] -- Symlinking: /home/fmp/Jeju_Island/install/erp_mini_rqt_plugin/share/erp_mini_rqt_plugin/package.dsv
[1.436s] -- Up-to-date symlink: /home/fmp/Jeju_Island/install/erp_mini_rqt_plugin/share/ament_index/resource_index/packages/erp_mini_rqt_plugin
[1.441s] -- Up-to-date symlink: /home/fmp/Jeju_Island/install/erp_mini_rqt_plugin/share/ament_index/resource_index/rqt_gui__pluginlib__plugin/erp_mini_rqt_plugin
[1.441s] -- Up-to-date symlink: /home/fmp/Jeju_Island/install/erp_mini_rqt_plugin/share/erp_mini_rqt_plugin/cmake/ament_cmake_export_dependencies-extras.cmake
[1.442s] -- Up-to-date symlink: /home/fmp/Jeju_Island/install/erp_mini_rqt_plugin/share/erp_mini_rqt_plugin/cmake/ament_cmake_export_include_directories-extras.cmake
[1.445s] -- Up-to-date symlink: /home/fmp/Jeju_Island/install/erp_mini_rqt_plugin/share/erp_mini_rqt_plugin/cmake/ament_cmake_export_libraries-extras.cmake
[1.445s] -- Up-to-date symlink: /home/fmp/Jeju_Island/install/erp_mini_rqt_plugin/share/erp_mini_rqt_plugin/cmake/erp_mini_rqt_pluginConfig.cmake
[1.449s] -- Up-to-date symlink: /home/fmp/Jeju_Island/install/erp_mini_rqt_plugin/share/erp_mini_rqt_plugin/cmake/erp_mini_rqt_pluginConfig-version.cmake
[1.451s] -- Up-to-date symlink: /home/fmp/Jeju_Island/install/erp_mini_rqt_plugin/share/erp_mini_rqt_plugin/package.xml
[1.457s] -- Up-to-date symlink: /home/fmp/Jeju_Island/install/erp_mini_rqt_plugin/share/erp_mini_rqt_plugin/plugin.xml
[1.460s] -- Up-to-date symlink: /home/fmp/Jeju_Island/install/erp_mini_rqt_plugin/share/erp_mini_rqt_plugin/ui/control_panel.ui
[1.463s] -- Up-to-date symlink: /home/fmp/Jeju_Island/install/erp_mini_rqt_plugin/share/erp_mini_rqt_plugin/ui/feedback_monitor.ui
[1.484s] Invoked command in '/home/fmp/Jeju_Island/build/erp_mini_rqt_plugin' returned '0': CMAKE_PREFIX_PATH=/home/fmp/Jeju_Island/install/erp_mini_util:/home/fmp/Jeju_Island/install/erp_mini_msgs:/home/fmp/Jeju_Island/install/erp_mini_cmake:/home/fmp/Jeju_Island/install/usb_cam:/home/fmp/Jeju_Island/install/sllidar_ros2:/home/fmp/Jeju_Island/install/rplidar_ros:/home/fmp/Jeju_Island/install/erp_mini_serial:/home/fmp/Jeju_Island/install/erp_mini_rqt_plugin:/home/fmp/Jeju_Island/install/erp_mini_driver:/home/fmp/Jeju_Island/install/vehicle_launch:/home/fmp/Jeju_Island/install/vehicle_control:/home/fmp/Jeju_Island/install/erp_control_pkg:/opt/ros/humble LD_LIBRARY_PATH=/home/fmp/Jeju_Island/install/erp_mini_util/lib:/home/fmp/Jeju_Island/install/erp_mini_msgs/lib:/home/fmp/Jeju_Island/install/usb_cam/lib:/home/fmp/Jeju_Island/install/erp_mini_serial/lib:/home/fmp/Jeju_Island/install/erp_mini_rqt_plugin/lib:/opt/ros/humble/opt/rviz_ogre_vendor/lib:/opt/ros/humble/lib/x86_64-linux-gnu:/opt/ros/humble/lib /usr/bin/cmake --install /home/fmp/Jeju_Island/build/erp_mini_rqt_plugin
