[0.067s] Invoking command in '/home/fmp/Jeju_Island/src/build/erp_mini_util': AMENT_PREFIX_PATH=/home/fmp/Jeju_Island/src/install/erp_mini_cmake:${AMENT_PREFIX_PATH} CMAKE_PREFIX_PATH=/home/fmp/Jeju_Island/src/install/erp_mini_cmake:/home/fmp/Jeju_Island/install/usb_cam:/home/fmp/Jeju_Island/install/sllidar_ros2:/home/fmp/Jeju_Island/install/rplidar_ros:/home/fmp/Jeju_Island/install/erp_mini_serial:/home/fmp/Jeju_Island/install/erp_mini_rqt_plugin:/home/fmp/Jeju_Island/install/erp_mini_util:/home/fmp/Jeju_Island/install/erp_mini_msgs:/home/fmp/Jeju_Island/install/erp_mini_cmake:/home/fmp/Jeju_Island/install/vehicle_control:/home/fmp/Jeju_Island/install/erp_control_pkg:/opt/ros/humble /usr/bin/cmake /home/fmp/Jeju_Island/src/erp_mini_ros/src/erp_mini_util -DAMENT_CMAKE_SYMLINK_INSTALL=1 -DCMAKE_INSTALL_PREFIX=/home/fmp/Jeju_Island/src/install/erp_mini_util
[0.521s] -- The C compiler identification is GNU 11.4.0
[1.616s] -- The CXX compiler identification is GNU 11.4.0
[1.661s] -- Detecting C compiler ABI info
[2.607s] -- Detecting C compiler ABI info - done
[2.791s] -- Check for working C compiler: /usr/bin/cc - skipped
[2.808s] -- Detecting C compile features
[2.811s] -- Detecting C compile features - done
[2.874s] -- Detecting CXX compiler ABI info
[3.611s] -- Detecting CXX compiler ABI info - done
[3.732s] -- Check for working CXX compiler: /usr/bin/c++ - skipped
[3.733s] -- Detecting CXX compile features
[3.744s] -- Detecting CXX compile features - done
[3.751s] -- Found erp_mini_cmake: 0.0.0 (/home/fmp/Jeju_Island/src/install/erp_mini_cmake/share/erp_mini_cmake/cmake)
[3.784s] -- Found ament_cmake_auto: 1.3.12 (/opt/ros/humble/share/ament_cmake_auto/cmake)
[5.510s] -- Found Python3: /usr/bin/python3 (found version "3.10.12") found components: Interpreter 
[6.399s] -- Override CMake install command with custom implementation using symlinks instead of copying resources
[8.710s] -- Configuring done
[8.754s] -- Generating done
[8.757s] -- Build files have been written to: /home/fmp/Jeju_Island/src/build/erp_mini_util
[8.819s] Invoked command in '/home/fmp/Jeju_Island/src/build/erp_mini_util' returned '0': AMENT_PREFIX_PATH=/home/fmp/Jeju_Island/src/install/erp_mini_cmake:${AMENT_PREFIX_PATH} CMAKE_PREFIX_PATH=/home/fmp/Jeju_Island/src/install/erp_mini_cmake:/home/fmp/Jeju_Island/install/usb_cam:/home/fmp/Jeju_Island/install/sllidar_ros2:/home/fmp/Jeju_Island/install/rplidar_ros:/home/fmp/Jeju_Island/install/erp_mini_serial:/home/fmp/Jeju_Island/install/erp_mini_rqt_plugin:/home/fmp/Jeju_Island/install/erp_mini_util:/home/fmp/Jeju_Island/install/erp_mini_msgs:/home/fmp/Jeju_Island/install/erp_mini_cmake:/home/fmp/Jeju_Island/install/vehicle_control:/home/fmp/Jeju_Island/install/erp_control_pkg:/opt/ros/humble /usr/bin/cmake /home/fmp/Jeju_Island/src/erp_mini_ros/src/erp_mini_util -DAMENT_CMAKE_SYMLINK_INSTALL=1 -DCMAKE_INSTALL_PREFIX=/home/fmp/Jeju_Island/src/install/erp_mini_util
[8.830s] Invoking command in '/home/fmp/Jeju_Island/src/build/erp_mini_util': AMENT_PREFIX_PATH=/home/fmp/Jeju_Island/src/install/erp_mini_cmake:${AMENT_PREFIX_PATH} CMAKE_PREFIX_PATH=/home/fmp/Jeju_Island/src/install/erp_mini_cmake:/home/fmp/Jeju_Island/install/usb_cam:/home/fmp/Jeju_Island/install/sllidar_ros2:/home/fmp/Jeju_Island/install/rplidar_ros:/home/fmp/Jeju_Island/install/erp_mini_serial:/home/fmp/Jeju_Island/install/erp_mini_rqt_plugin:/home/fmp/Jeju_Island/install/erp_mini_util:/home/fmp/Jeju_Island/install/erp_mini_msgs:/home/fmp/Jeju_Island/install/erp_mini_cmake:/home/fmp/Jeju_Island/install/vehicle_control:/home/fmp/Jeju_Island/install/erp_control_pkg:/opt/ros/humble /usr/bin/cmake --build /home/fmp/Jeju_Island/src/build/erp_mini_util -- -j4 -l4
[9.459s] [ 50%] [32mBuilding CXX object CMakeFiles/erp_mini_util.dir/src/log.cpp.o[0m
[19.739s] [100%] [32m[1mLinking CXX shared library liberp_mini_util.so[0m
[21.814s] [100%] Built target erp_mini_util
[22.133s] Invoked command in '/home/fmp/Jeju_Island/src/build/erp_mini_util' returned '0': AMENT_PREFIX_PATH=/home/fmp/Jeju_Island/src/install/erp_mini_cmake:${AMENT_PREFIX_PATH} CMAKE_PREFIX_PATH=/home/fmp/Jeju_Island/src/install/erp_mini_cmake:/home/fmp/Jeju_Island/install/usb_cam:/home/fmp/Jeju_Island/install/sllidar_ros2:/home/fmp/Jeju_Island/install/rplidar_ros:/home/fmp/Jeju_Island/install/erp_mini_serial:/home/fmp/Jeju_Island/install/erp_mini_rqt_plugin:/home/fmp/Jeju_Island/install/erp_mini_util:/home/fmp/Jeju_Island/install/erp_mini_msgs:/home/fmp/Jeju_Island/install/erp_mini_cmake:/home/fmp/Jeju_Island/install/vehicle_control:/home/fmp/Jeju_Island/install/erp_control_pkg:/opt/ros/humble /usr/bin/cmake --build /home/fmp/Jeju_Island/src/build/erp_mini_util -- -j4 -l4
[22.154s] Invoking command in '/home/fmp/Jeju_Island/src/build/erp_mini_util': AMENT_PREFIX_PATH=/home/fmp/Jeju_Island/src/install/erp_mini_cmake:${AMENT_PREFIX_PATH} CMAKE_PREFIX_PATH=/home/fmp/Jeju_Island/src/install/erp_mini_cmake:/home/fmp/Jeju_Island/install/usb_cam:/home/fmp/Jeju_Island/install/sllidar_ros2:/home/fmp/Jeju_Island/install/rplidar_ros:/home/fmp/Jeju_Island/install/erp_mini_serial:/home/fmp/Jeju_Island/install/erp_mini_rqt_plugin:/home/fmp/Jeju_Island/install/erp_mini_util:/home/fmp/Jeju_Island/install/erp_mini_msgs:/home/fmp/Jeju_Island/install/erp_mini_cmake:/home/fmp/Jeju_Island/install/vehicle_control:/home/fmp/Jeju_Island/install/erp_control_pkg:/opt/ros/humble /usr/bin/cmake --install /home/fmp/Jeju_Island/src/build/erp_mini_util
[22.364s] -- Install configuration: ""
[22.378s] -- Execute custom install script
[22.378s] -- Symlinking: /home/fmp/Jeju_Island/src/install/erp_mini_util/include/erp_mini_util/erp_mini_util/exception.hpp
[22.632s] -- Symlinking: /home/fmp/Jeju_Island/src/install/erp_mini_util/include/erp_mini_util/erp_mini_util/log.hpp
[22.740s] -- Symlinking: /home/fmp/Jeju_Island/src/install/erp_mini_util/share/erp_mini_util/environment/library_path.sh
[22.823s] -- Symlinking: /home/fmp/Jeju_Island/src/install/erp_mini_util/share/erp_mini_util/environment/library_path.dsv
[22.964s] -- Symlinking: /home/fmp/Jeju_Island/src/install/erp_mini_util/lib/liberp_mini_util.so
[23.148s] -- Symlinking: /home/fmp/Jeju_Island/src/install/erp_mini_util/share/ament_index/resource_index/package_run_dependencies/erp_mini_util
[23.311s] -- Symlinking: /home/fmp/Jeju_Island/src/install/erp_mini_util/share/ament_index/resource_index/parent_prefix_path/erp_mini_util
[23.524s] -- Symlinking: /home/fmp/Jeju_Island/src/install/erp_mini_util/share/erp_mini_util/environment/ament_prefix_path.sh
[23.676s] -- Symlinking: /home/fmp/Jeju_Island/src/install/erp_mini_util/share/erp_mini_util/environment/ament_prefix_path.dsv
[23.871s] -- Symlinking: /home/fmp/Jeju_Island/src/install/erp_mini_util/share/erp_mini_util/environment/path.sh
[24.119s] -- Symlinking: /home/fmp/Jeju_Island/src/install/erp_mini_util/share/erp_mini_util/environment/path.dsv
[24.323s] -- Symlinking: /home/fmp/Jeju_Island/src/install/erp_mini_util/share/erp_mini_util/local_setup.bash
[24.475s] -- Symlinking: /home/fmp/Jeju_Island/src/install/erp_mini_util/share/erp_mini_util/local_setup.sh
[24.675s] -- Symlinking: /home/fmp/Jeju_Island/src/install/erp_mini_util/share/erp_mini_util/local_setup.zsh
[24.812s] -- Symlinking: /home/fmp/Jeju_Island/src/install/erp_mini_util/share/erp_mini_util/local_setup.dsv
[24.959s] -- Symlinking: /home/fmp/Jeju_Island/src/install/erp_mini_util/share/erp_mini_util/package.dsv
[25.129s] -- Symlinking: /home/fmp/Jeju_Island/src/install/erp_mini_util/share/ament_index/resource_index/packages/erp_mini_util
[25.341s] -- Symlinking: /home/fmp/Jeju_Island/src/install/erp_mini_util/share/erp_mini_util/cmake/ament_cmake_export_include_directories-extras.cmake
[25.464s] -- Symlinking: /home/fmp/Jeju_Island/src/install/erp_mini_util/share/erp_mini_util/cmake/ament_cmake_export_libraries-extras.cmake
[25.601s] -- Symlinking: /home/fmp/Jeju_Island/src/install/erp_mini_util/share/erp_mini_util/cmake/erp_mini_utilConfig.cmake
[25.749s] -- Symlinking: /home/fmp/Jeju_Island/src/install/erp_mini_util/share/erp_mini_util/cmake/erp_mini_utilConfig-version.cmake
[25.968s] -- Symlinking: /home/fmp/Jeju_Island/src/install/erp_mini_util/share/erp_mini_util/package.xml
[26.174s] Invoked command in '/home/fmp/Jeju_Island/src/build/erp_mini_util' returned '0': AMENT_PREFIX_PATH=/home/fmp/Jeju_Island/src/install/erp_mini_cmake:${AMENT_PREFIX_PATH} CMAKE_PREFIX_PATH=/home/fmp/Jeju_Island/src/install/erp_mini_cmake:/home/fmp/Jeju_Island/install/usb_cam:/home/fmp/Jeju_Island/install/sllidar_ros2:/home/fmp/Jeju_Island/install/rplidar_ros:/home/fmp/Jeju_Island/install/erp_mini_serial:/home/fmp/Jeju_Island/install/erp_mini_rqt_plugin:/home/fmp/Jeju_Island/install/erp_mini_util:/home/fmp/Jeju_Island/install/erp_mini_msgs:/home/fmp/Jeju_Island/install/erp_mini_cmake:/home/fmp/Jeju_Island/install/vehicle_control:/home/fmp/Jeju_Island/install/erp_control_pkg:/opt/ros/humble /usr/bin/cmake --install /home/fmp/Jeju_Island/src/build/erp_mini_util
