[0.181s] Invoking command in '/home/fmp/Jeju_Island/src/build/erp_mini_msgs': CMAKE_PREFIX_PATH=${CMAKE_PREFIX_PATH}:/home/fmp/Jeju_Island/install/vehicle_control:/home/fmp/Jeju_Island/install/erp_control_pkg:/opt/ros/humble /usr/bin/cmake /home/fmp/Jeju_Island/src/erp_mini_ros/src/erp_mini_msgs -DAMENT_CMAKE_SYMLINK_INSTALL=1 -DCMAKE_INSTALL_PREFIX=/home/fmp/Jeju_Island/src/install/erp_mini_msgs
[0.975s] -- The C compiler identification is GNU 11.4.0
[1.741s] -- The CXX compiler identification is GNU 11.4.0
[1.843s] -- Detecting C compiler ABI info
[2.384s] -- Detecting C compiler ABI info - done
[2.442s] -- Check for working C compiler: /usr/bin/cc - skipped
[2.447s] -- Detecting C compile features
[2.450s] -- Detecting C compile features - done
[2.494s] -- Detecting CXX compiler ABI info
[3.413s] -- Detecting CXX compiler ABI info - done
[3.486s] -- Check for working CXX compiler: /usr/bin/c++ - skipped
[3.492s] -- Detecting CXX compile features
[3.499s] -- Detecting CXX compile features - done
[3.526s] -- Found ament_cmake: 1.3.12 (/opt/ros/humble/share/ament_cmake/cmake)
[4.818s] -- Found Python3: /usr/bin/python3 (found version "3.10.12") found components: Interpreter 
[5.568s] -- Override CMake install command with custom implementation using symlinks instead of copying resources
[5.729s] -- Found std_msgs: 4.9.0 (/opt/ros/humble/share/std_msgs/cmake)
[6.058s] -- Found rosidl_generator_c: 3.1.7 (/opt/ros/humble/share/rosidl_generator_c/cmake)
[6.086s] -- Found rosidl_adapter: 3.1.7 (/opt/ros/humble/share/rosidl_adapter/cmake)
[6.191s] -- Found rosidl_generator_cpp: 3.1.7 (/opt/ros/humble/share/rosidl_generator_cpp/cmake)
[6.438s] -- Using all available rosidl_typesupport_c: rosidl_typesupport_fastrtps_c;rosidl_typesupport_introspection_c
[6.723s] -- Using all available rosidl_typesupport_cpp: rosidl_typesupport_fastrtps_cpp;rosidl_typesupport_introspection_cpp
[7.157s] -- Found rosidl_default_generators: 1.2.0 (/opt/ros/humble/share/rosidl_default_generators/cmake)
[11.992s] -- Found ament_cmake_ros: 0.10.0 (/opt/ros/humble/share/ament_cmake_ros/cmake)
[21.085s] -- Using all available rosidl_typesupport_c: rosidl_typesupport_fastrtps_c;rosidl_typesupport_introspection_c
[24.378s] -- Using all available rosidl_typesupport_cpp: rosidl_typesupport_fastrtps_cpp;rosidl_typesupport_introspection_cpp
[25.089s] -- Found PythonInterp: /usr/bin/python3 (found suitable version "3.10.12", minimum required is "3.6") 
[25.192s] -- Found python_cmake_module: 0.10.0 (/opt/ros/humble/share/python_cmake_module/cmake)
[26.127s] -- Found PythonLibs: /usr/lib/x86_64-linux-gnu/libpython3.10.so (found suitable version "3.10.12", minimum required is "3.5") 
[26.161s] -- Using PYTHON_EXECUTABLE: /usr/bin/python3
[26.161s] -- Using PYTHON_INCLUDE_DIRS: /usr/include/python3.10
[26.162s] -- Using PYTHON_LIBRARIES: /usr/lib/x86_64-linux-gnu/libpython3.10.so
[26.687s] -- Found PythonExtra: .so  
[28.522s] -- Configuring done
[29.642s] -- Generating done
[30.059s] -- Build files have been written to: /home/fmp/Jeju_Island/src/build/erp_mini_msgs
[30.177s] Invoked command in '/home/fmp/Jeju_Island/src/build/erp_mini_msgs' returned '0': CMAKE_PREFIX_PATH=${CMAKE_PREFIX_PATH}:/home/fmp/Jeju_Island/install/vehicle_control:/home/fmp/Jeju_Island/install/erp_control_pkg:/opt/ros/humble /usr/bin/cmake /home/fmp/Jeju_Island/src/erp_mini_ros/src/erp_mini_msgs -DAMENT_CMAKE_SYMLINK_INSTALL=1 -DCMAKE_INSTALL_PREFIX=/home/fmp/Jeju_Island/src/install/erp_mini_msgs
[30.179s] Invoking command in '/home/fmp/Jeju_Island/src/build/erp_mini_msgs': CMAKE_PREFIX_PATH=${CMAKE_PREFIX_PATH}:/home/fmp/Jeju_Island/install/vehicle_control:/home/fmp/Jeju_Island/install/erp_control_pkg:/opt/ros/humble /usr/bin/cmake --build /home/fmp/Jeju_Island/src/build/erp_mini_msgs -- -j4 -l4
[30.883s] [  2%] [34m[1mGenerating C++ code for ROS interfaces[0m
[42.111s] [  2%] Built target erp_mini_msgs__cpp
[42.521s] [  2%] Built target ament_cmake_python_symlink_erp_mini_msgs
[42.701s] [  4%] [34m[1mGenerating C++ type support for eProsima Fast-RTPS[0m
[53.919s] [  6%] [32mBuilding CXX object CMakeFiles/erp_mini_msgs__rosidl_typesupport_fastrtps_cpp.dir/rosidl_typesupport_fastrtps_cpp/erp_mini_msgs/msg/detail/dds_fastrtps/control_command__type_support.cpp.o[0m
[65.639s] [  8%] [32mBuilding CXX object CMakeFiles/erp_mini_msgs__rosidl_typesupport_fastrtps_cpp.dir/rosidl_typesupport_fastrtps_cpp/erp_mini_msgs/msg/detail/dds_fastrtps/feedback__type_support.cpp.o[0m
[77.453s] [ 10%] [32mBuilding CXX object CMakeFiles/erp_mini_msgs__rosidl_typesupport_fastrtps_cpp.dir/rosidl_typesupport_fastrtps_cpp/erp_mini_msgs/srv/detail/dds_fastrtps/mode_command__type_support.cpp.o[0m
[88.746s] [ 12%] [32m[1mLinking CXX shared library liberp_mini_msgs__rosidl_typesupport_fastrtps_cpp.so[0m
[88.991s] gmake[2]: *** [CMakeFiles/erp_mini_msgs__rosidl_typesupport_fastrtps_cpp.dir/build.make:197: liberp_mini_msgs__rosidl_typesupport_fastrtps_cpp.so] Interrupt
[89.015s] gmake[1]: *** [CMakeFiles/Makefile2:291: CMakeFiles/erp_mini_msgs__rosidl_typesupport_fastrtps_cpp.dir/all] Interrupt
[89.048s] gmake: *** [Makefile:146: all] Interrupt
[89.053s] Invoked command in '/home/fmp/Jeju_Island/src/build/erp_mini_msgs' returned '-2': CMAKE_PREFIX_PATH=${CMAKE_PREFIX_PATH}:/home/fmp/Jeju_Island/install/vehicle_control:/home/fmp/Jeju_Island/install/erp_control_pkg:/opt/ros/humble /usr/bin/cmake --build /home/fmp/Jeju_Island/src/build/erp_mini_msgs -- -j4 -l4
