[0.047s] Invoking command in '/home/fmp/Jeju_Island/build/erp_mini_serial': AMENT_PREFIX_PATH=/home/fmp/Jeju_Island/install/erp_mini_util:/home/fmp/Jeju_Island/install/erp_mini_msgs:/home/fmp/Jeju_Island/install/erp_mini_cmake:${AMENT_PREFIX_PATH} CMAKE_PREFIX_PATH=/home/fmp/Jeju_Island/install/erp_mini_util:/home/fmp/Jeju_Island/install/erp_mini_msgs:/home/fmp/Jeju_Island/install/erp_mini_cmake:/home/fmp/Jeju_Island/install/usb_cam:/home/fmp/Jeju_Island/install/rplidar_ros:/opt/ros/humble LD_LIBRARY_PATH=/home/fmp/Jeju_Island/install/erp_mini_util/lib:/home/fmp/Jeju_Island/install/erp_mini_msgs/lib:${LD_LIBRARY_PATH} PYTHONPATH=/home/fmp/Jeju_Island/install/erp_mini_msgs/local/lib/python3.10/dist-packages:${PYTHONPATH} /usr/bin/cmake /home/fmp/Jeju_Island/src/erp_mini_ros/src/erp_mini_serial -DAMENT_CMAKE_SYMLINK_INSTALL=1 -DCMAKE_INSTALL_PREFIX=/home/fmp/Jeju_Island/install/erp_mini_serial
[0.409s] -- The C compiler identification is GNU 11.4.0
[0.691s] -- The CXX compiler identification is GNU 11.4.0
[0.716s] -- Detecting C compiler ABI info
[1.017s] -- Detecting C compiler ABI info - done
[1.052s] -- Check for working C compiler: /usr/bin/cc - skipped
[1.057s] -- Detecting C compile features
[1.058s] -- Detecting C compile features - done
[1.079s] -- Detecting CXX compiler ABI info
[1.441s] -- Detecting CXX compiler ABI info - done
[1.483s] -- Check for working CXX compiler: /usr/bin/c++ - skipped
[1.485s] -- Detecting CXX compile features
[1.487s] -- Detecting CXX compile features - done
[1.492s] -- Found erp_mini_cmake: 0.0.0 (/home/fmp/Jeju_Island/install/erp_mini_cmake/share/erp_mini_cmake/cmake)
[1.499s] -- Found ament_cmake_auto: 1.3.12 (/opt/ros/humble/share/ament_cmake_auto/cmake)
[2.247s] -- Found Python3: /usr/bin/python3 (found version "3.10.12") found components: Interpreter 
[2.593s] -- Override CMake install command with custom implementation using symlinks instead of copying resources
[3.270s] -- Found rosidl_generator_c: 3.1.7 (/opt/ros/humble/share/rosidl_generator_c/cmake)
[3.294s] -- Found rosidl_adapter: 3.1.7 (/opt/ros/humble/share/rosidl_adapter/cmake)
[3.385s] -- Found rosidl_generator_cpp: 3.1.7 (/opt/ros/humble/share/rosidl_generator_cpp/cmake)
[3.497s] -- Using all available rosidl_typesupport_c: rosidl_typesupport_fastrtps_c;rosidl_typesupport_introspection_c
[3.591s] -- Using all available rosidl_typesupport_cpp: rosidl_typesupport_fastrtps_cpp;rosidl_typesupport_introspection_cpp
[3.959s] -- Found rmw_implementation_cmake: 6.1.2 (/opt/ros/humble/share/rmw_implementation_cmake/cmake)
[3.970s] -- Found rmw_fastrtps_cpp: 6.2.9 (/opt/ros/humble/share/rmw_fastrtps_cpp/cmake)
[4.419s] -- Found OpenSSL: /usr/lib/x86_64-linux-gnu/libcrypto.so (found version "3.0.2")  
[4.539s] -- Found FastRTPS: /opt/ros/humble/include  
[4.729s] -- Using RMW implementation 'rmw_fastrtps_cpp' as default
[4.772s] -- Looking for pthread.h
[5.093s] -- Looking for pthread.h - found
[5.094s] -- Performing Test CMAKE_HAVE_LIBC_PTHREAD
[5.514s] -- Performing Test CMAKE_HAVE_LIBC_PTHREAD - Success
[5.524s] -- Found Threads: TRUE  
[6.084s] -- Configuring done
[6.169s] -- Generating done
[6.208s] -- Build files have been written to: /home/fmp/Jeju_Island/build/erp_mini_serial
[6.264s] Invoked command in '/home/fmp/Jeju_Island/build/erp_mini_serial' returned '0': AMENT_PREFIX_PATH=/home/fmp/Jeju_Island/install/erp_mini_util:/home/fmp/Jeju_Island/install/erp_mini_msgs:/home/fmp/Jeju_Island/install/erp_mini_cmake:${AMENT_PREFIX_PATH} CMAKE_PREFIX_PATH=/home/fmp/Jeju_Island/install/erp_mini_util:/home/fmp/Jeju_Island/install/erp_mini_msgs:/home/fmp/Jeju_Island/install/erp_mini_cmake:/home/fmp/Jeju_Island/install/usb_cam:/home/fmp/Jeju_Island/install/rplidar_ros:/opt/ros/humble LD_LIBRARY_PATH=/home/fmp/Jeju_Island/install/erp_mini_util/lib:/home/fmp/Jeju_Island/install/erp_mini_msgs/lib:${LD_LIBRARY_PATH} PYTHONPATH=/home/fmp/Jeju_Island/install/erp_mini_msgs/local/lib/python3.10/dist-packages:${PYTHONPATH} /usr/bin/cmake /home/fmp/Jeju_Island/src/erp_mini_ros/src/erp_mini_serial -DAMENT_CMAKE_SYMLINK_INSTALL=1 -DCMAKE_INSTALL_PREFIX=/home/fmp/Jeju_Island/install/erp_mini_serial
[6.268s] Invoking command in '/home/fmp/Jeju_Island/build/erp_mini_serial': AMENT_PREFIX_PATH=/home/fmp/Jeju_Island/install/erp_mini_util:/home/fmp/Jeju_Island/install/erp_mini_msgs:/home/fmp/Jeju_Island/install/erp_mini_cmake:${AMENT_PREFIX_PATH} CMAKE_PREFIX_PATH=/home/fmp/Jeju_Island/install/erp_mini_util:/home/fmp/Jeju_Island/install/erp_mini_msgs:/home/fmp/Jeju_Island/install/erp_mini_cmake:/home/fmp/Jeju_Island/install/usb_cam:/home/fmp/Jeju_Island/install/rplidar_ros:/opt/ros/humble LD_LIBRARY_PATH=/home/fmp/Jeju_Island/install/erp_mini_util/lib:/home/fmp/Jeju_Island/install/erp_mini_msgs/lib:${LD_LIBRARY_PATH} PYTHONPATH=/home/fmp/Jeju_Island/install/erp_mini_msgs/local/lib/python3.10/dist-packages:${PYTHONPATH} /usr/bin/cmake --build /home/fmp/Jeju_Island/build/erp_mini_serial -- -j4 -l4
[6.419s] [ 14%] [32mBuilding CXX object CMakeFiles/erp_mini_serial.dir/src/serial_port.cpp.o[0m
[7.171s] [ 28%] [32mBuilding CXX object CMakeFiles/erp_mini_serial.dir/src/serial_bridge.cpp.o[0m
[37.802s] [ 42%] [32m[1mLinking CXX shared library liberp_mini_serial.so[0m
[39.971s] [ 42%] Built target erp_mini_serial
[40.073s] [ 57%] [32mBuilding CXX object CMakeFiles/serial_bridge_composable.dir/rclcpp_components/node_main_serial_bridge_composable.cpp.o[0m
[50.787s] [ 71%] [32m[1mLinking CXX executable serial_bridge_composable[0m
[51.199s] [ 71%] Built target serial_bridge_composable
[51.273s] [ 85%] [32mBuilding CXX object CMakeFiles/serial_bridge.dir/node/serial_bridge_node.cpp.o[0m
[59.661s] [100%] [32m[1mLinking CXX executable serial_bridge[0m
[60.890s] [100%] Built target serial_bridge
[60.948s] Invoked command in '/home/fmp/Jeju_Island/build/erp_mini_serial' returned '0': AMENT_PREFIX_PATH=/home/fmp/Jeju_Island/install/erp_mini_util:/home/fmp/Jeju_Island/install/erp_mini_msgs:/home/fmp/Jeju_Island/install/erp_mini_cmake:${AMENT_PREFIX_PATH} CMAKE_PREFIX_PATH=/home/fmp/Jeju_Island/install/erp_mini_util:/home/fmp/Jeju_Island/install/erp_mini_msgs:/home/fmp/Jeju_Island/install/erp_mini_cmake:/home/fmp/Jeju_Island/install/usb_cam:/home/fmp/Jeju_Island/install/rplidar_ros:/opt/ros/humble LD_LIBRARY_PATH=/home/fmp/Jeju_Island/install/erp_mini_util/lib:/home/fmp/Jeju_Island/install/erp_mini_msgs/lib:${LD_LIBRARY_PATH} PYTHONPATH=/home/fmp/Jeju_Island/install/erp_mini_msgs/local/lib/python3.10/dist-packages:${PYTHONPATH} /usr/bin/cmake --build /home/fmp/Jeju_Island/build/erp_mini_serial -- -j4 -l4
[60.954s] Invoking command in '/home/fmp/Jeju_Island/build/erp_mini_serial': AMENT_PREFIX_PATH=/home/fmp/Jeju_Island/install/erp_mini_util:/home/fmp/Jeju_Island/install/erp_mini_msgs:/home/fmp/Jeju_Island/install/erp_mini_cmake:${AMENT_PREFIX_PATH} CMAKE_PREFIX_PATH=/home/fmp/Jeju_Island/install/erp_mini_util:/home/fmp/Jeju_Island/install/erp_mini_msgs:/home/fmp/Jeju_Island/install/erp_mini_cmake:/home/fmp/Jeju_Island/install/usb_cam:/home/fmp/Jeju_Island/install/rplidar_ros:/opt/ros/humble LD_LIBRARY_PATH=/home/fmp/Jeju_Island/install/erp_mini_util/lib:/home/fmp/Jeju_Island/install/erp_mini_msgs/lib:${LD_LIBRARY_PATH} PYTHONPATH=/home/fmp/Jeju_Island/install/erp_mini_msgs/local/lib/python3.10/dist-packages:${PYTHONPATH} /usr/bin/cmake --install /home/fmp/Jeju_Island/build/erp_mini_serial
[60.977s] -- Install configuration: ""
[60.978s] -- Execute custom install script
[60.979s] -- Symlinking: /home/fmp/Jeju_Island/install/erp_mini_serial/lib/erp_mini_serial/serial_bridge_composable
[60.999s] -- Symlinking: /home/fmp/Jeju_Island/install/erp_mini_serial/include/erp_mini_serial/erp_mini_serial/serial_bridge.hpp
[61.019s] -- Symlinking: /home/fmp/Jeju_Island/install/erp_mini_serial/include/erp_mini_serial/erp_mini_serial/serial_packet.hpp
[61.050s] -- Symlinking: /home/fmp/Jeju_Island/install/erp_mini_serial/include/erp_mini_serial/erp_mini_serial/serial_port.hpp
[61.085s] -- Symlinking: /home/fmp/Jeju_Island/install/erp_mini_serial/share/erp_mini_serial/environment/library_path.sh
[61.107s] -- Symlinking: /home/fmp/Jeju_Island/install/erp_mini_serial/share/erp_mini_serial/environment/library_path.dsv
[61.128s] -- Symlinking: /home/fmp/Jeju_Island/install/erp_mini_serial/lib/liberp_mini_serial.so
[61.150s] -- Symlinking: /home/fmp/Jeju_Island/install/erp_mini_serial/lib/erp_mini_serial/serial_bridge
[61.182s] -- Symlinking: /home/fmp/Jeju_Island/install/erp_mini_serial/share/ament_index/resource_index/package_run_dependencies/erp_mini_serial
[61.220s] -- Symlinking: /home/fmp/Jeju_Island/install/erp_mini_serial/share/ament_index/resource_index/parent_prefix_path/erp_mini_serial
[61.249s] -- Symlinking: /home/fmp/Jeju_Island/install/erp_mini_serial/share/erp_mini_serial/environment/ament_prefix_path.sh
[61.278s] -- Symlinking: /home/fmp/Jeju_Island/install/erp_mini_serial/share/erp_mini_serial/environment/ament_prefix_path.dsv
[61.299s] -- Symlinking: /home/fmp/Jeju_Island/install/erp_mini_serial/share/erp_mini_serial/environment/path.sh
[61.315s] -- Symlinking: /home/fmp/Jeju_Island/install/erp_mini_serial/share/erp_mini_serial/environment/path.dsv
[61.333s] -- Symlinking: /home/fmp/Jeju_Island/install/erp_mini_serial/share/erp_mini_serial/local_setup.bash
[61.358s] -- Symlinking: /home/fmp/Jeju_Island/install/erp_mini_serial/share/erp_mini_serial/local_setup.sh
[61.381s] -- Symlinking: /home/fmp/Jeju_Island/install/erp_mini_serial/share/erp_mini_serial/local_setup.zsh
[61.402s] -- Symlinking: /home/fmp/Jeju_Island/install/erp_mini_serial/share/erp_mini_serial/local_setup.dsv
[61.425s] -- Symlinking: /home/fmp/Jeju_Island/install/erp_mini_serial/share/erp_mini_serial/package.dsv
[61.451s] -- Symlinking: /home/fmp/Jeju_Island/install/erp_mini_serial/share/ament_index/resource_index/packages/erp_mini_serial
[61.503s] -- Symlinking: /home/fmp/Jeju_Island/install/erp_mini_serial/share/ament_index/resource_index/rclcpp_components/erp_mini_serial
[61.532s] -- Symlinking: /home/fmp/Jeju_Island/install/erp_mini_serial/share/erp_mini_serial/cmake/ament_cmake_export_dependencies-extras.cmake
[61.558s] -- Symlinking: /home/fmp/Jeju_Island/install/erp_mini_serial/share/erp_mini_serial/cmake/ament_cmake_export_include_directories-extras.cmake
[61.590s] -- Symlinking: /home/fmp/Jeju_Island/install/erp_mini_serial/share/erp_mini_serial/cmake/ament_cmake_export_libraries-extras.cmake
[61.630s] -- Symlinking: /home/fmp/Jeju_Island/install/erp_mini_serial/share/erp_mini_serial/cmake/erp_mini_serialConfig.cmake
[61.677s] -- Symlinking: /home/fmp/Jeju_Island/install/erp_mini_serial/share/erp_mini_serial/cmake/erp_mini_serialConfig-version.cmake
[61.710s] -- Symlinking: /home/fmp/Jeju_Island/install/erp_mini_serial/share/erp_mini_serial/package.xml
[61.739s] -- Symlinking: /home/fmp/Jeju_Island/install/erp_mini_serial/share/erp_mini_serial/config/serial_bridge.param.yaml
[61.789s] -- Symlinking: /home/fmp/Jeju_Island/install/erp_mini_serial/share/erp_mini_serial/launch/serial_bridge.launch.py
[61.819s] Invoked command in '/home/fmp/Jeju_Island/build/erp_mini_serial' returned '0': AMENT_PREFIX_PATH=/home/fmp/Jeju_Island/install/erp_mini_util:/home/fmp/Jeju_Island/install/erp_mini_msgs:/home/fmp/Jeju_Island/install/erp_mini_cmake:${AMENT_PREFIX_PATH} CMAKE_PREFIX_PATH=/home/fmp/Jeju_Island/install/erp_mini_util:/home/fmp/Jeju_Island/install/erp_mini_msgs:/home/fmp/Jeju_Island/install/erp_mini_cmake:/home/fmp/Jeju_Island/install/usb_cam:/home/fmp/Jeju_Island/install/rplidar_ros:/opt/ros/humble LD_LIBRARY_PATH=/home/fmp/Jeju_Island/install/erp_mini_util/lib:/home/fmp/Jeju_Island/install/erp_mini_msgs/lib:${LD_LIBRARY_PATH} PYTHONPATH=/home/fmp/Jeju_Island/install/erp_mini_msgs/local/lib/python3.10/dist-packages:${PYTHONPATH} /usr/bin/cmake --install /home/fmp/Jeju_Island/build/erp_mini_serial
