[0.066s] Invoking command in '/home/fmp/Jeju_Island/build/usb_cam': CMAKE_PREFIX_PATH=/opt/ros/humble /usr/bin/cmake /home/fmp/Jeju_Island/src/usb_cam -DAMENT_CMAKE_SYMLINK_INSTALL=1 -DCMAKE_INSTALL_PREFIX=/home/fmp/Jeju_Island/install/usb_cam
[0.422s] -- The C compiler identification is GNU 11.4.0
[0.723s] -- The CXX compiler identification is GNU 11.4.0
[0.765s] -- Detecting C compiler ABI info
[0.963s] -- Detecting C compiler ABI info - done
[0.988s] -- Check for working C compiler: /usr/bin/cc - skipped
[0.992s] -- Detecting C compile features
[0.994s] -- Detecting C compile features - done
[1.004s] -- Detecting CXX compiler ABI info
[1.259s] -- Detecting CXX compiler ABI info - done
[1.288s] -- Check for working CXX compiler: /usr/bin/c++ - skipped
[1.289s] -- Detecting CXX compile features
[1.291s] -- Detecting CXX compile features - done
[1.299s] -- Found ament_cmake_auto: 1.3.12 (/opt/ros/humble/share/ament_cmake_auto/cmake)
[1.848s] -- Found Python3: /usr/bin/python3 (found version "3.10.12") found components: Interpreter 
[2.086s] -- Override CMake install command with custom implementation using symlinks instead of copying resources
[2.507s] -- Found rosidl_generator_c: 3.1.7 (/opt/ros/humble/share/rosidl_generator_c/cmake)
[2.517s] -- Found rosidl_adapter: 3.1.7 (/opt/ros/humble/share/rosidl_adapter/cmake)
[2.533s] -- Found rosidl_generator_cpp: 3.1.7 (/opt/ros/humble/share/rosidl_generator_cpp/cmake)
[2.567s] -- Using all available rosidl_typesupport_c: rosidl_typesupport_fastrtps_c;rosidl_typesupport_introspection_c
[2.615s] -- Using all available rosidl_typesupport_cpp: rosidl_typesupport_fastrtps_cpp;rosidl_typesupport_introspection_cpp
[2.734s] -- Found rmw_implementation_cmake: 6.1.2 (/opt/ros/humble/share/rmw_implementation_cmake/cmake)
[2.739s] -- Found rmw_fastrtps_cpp: 6.2.9 (/opt/ros/humble/share/rmw_fastrtps_cpp/cmake)
[3.004s] -- Found OpenSSL: /usr/lib/x86_64-linux-gnu/libcrypto.so (found version "3.0.2")  
[3.102s] -- Found FastRTPS: /opt/ros/humble/include  
[3.229s] -- Using RMW implementation 'rmw_fastrtps_cpp' as default
[3.267s] -- Looking for pthread.h
[3.532s] -- Looking for pthread.h - found
[3.533s] -- Performing Test CMAKE_HAVE_LIBC_PTHREAD
[3.802s] -- Performing Test CMAKE_HAVE_LIBC_PTHREAD - Success
[3.808s] -- Found Threads: TRUE  
[4.769s] -- Found OpenCV: /usr (found version "4.5.4") 
[4.783s] -- Found PkgConfig: /usr/bin/pkg-config (found version "0.29.2") 
[4.784s] -- Checking for module 'libavcodec'
[4.850s] --   Found libavcodec, version 58.134.100
[5.071s] -- Checking for module 'libavutil'
[5.133s] --   Found libavutil, version 56.70.100
[5.271s] -- Checking for module 'libswscale'
[5.342s] --   Found libswscale, version 5.9.100
[5.563s] -- Found ament_lint_auto: 0.12.14 (/opt/ros/humble/share/ament_lint_auto/cmake)
[5.752s] -- Found gtest sources under '/opt/ros/humble/src/gtest_vendor': C++ tests using 'Google Test' will be built
[5.841s] [0mIn this package, headers install destination is set to `include` by ament_auto_package. It is recommended to install `include/usb_cam` instead and will be the default behavior of ament_auto_package from ROS 2 Kilted Kaiju. On distributions before Kilted, ament_auto_package behaves the same way when you use USE_SCOPED_HEADER_INSTALL_DIR option.[0m
[5.877s] -- Added test 'copyright' to check source files copyright and LICENSE
[5.961s] -- Added test 'cppcheck' to perform static code analysis on C / C++ code
[5.964s] -- Configured cppcheck include dirs: /home/fmp/Jeju_Island/src/usb_cam/include
[5.965s] -- Configured cppcheck exclude dirs and/or files: 
[6.008s] -- Added test 'cpplint' to check C / C++ code against the Google style
[6.008s] -- Configured cpplint exclude dirs and/or files: 
[6.018s] -- Added test 'flake8' to check Python code syntax and style conventions
[6.062s] -- Added test 'lint_cmake' to check CMake code style
[6.081s] -- Added test 'pep257' to check Python code against some of the docstring style conventions in PEP 257
[6.137s] -- Added test 'uncrustify' to check C / C++ code style
[6.138s] -- Configured uncrustify additional arguments: 
[6.144s] -- Added test 'xmllint' to check XML markup files
[6.161s] -- Configuring done
[6.330s] -- Generating done
[6.379s] -- Build files have been written to: /home/fmp/Jeju_Island/build/usb_cam
[6.438s] Invoked command in '/home/fmp/Jeju_Island/build/usb_cam' returned '0': CMAKE_PREFIX_PATH=/opt/ros/humble /usr/bin/cmake /home/fmp/Jeju_Island/src/usb_cam -DAMENT_CMAKE_SYMLINK_INSTALL=1 -DCMAKE_INSTALL_PREFIX=/home/fmp/Jeju_Island/install/usb_cam
[6.444s] Invoking command in '/home/fmp/Jeju_Island/build/usb_cam': CMAKE_PREFIX_PATH=/opt/ros/humble /usr/bin/cmake --build /home/fmp/Jeju_Island/build/usb_cam -- -j4 -l4
[6.863s] [  7%] [32mBuilding CXX object CMakeFiles/usb_cam_node_exe.dir/rclcpp_components/node_main_usb_cam_node_exe.cpp.o[0m
[6.893s] [ 14%] [32mBuilding CXX object CMakeFiles/usb_cam.dir/src/usb_cam.cpp.o[0m
[6.951s] [ 21%] [32mBuilding CXX object gtest/CMakeFiles/gtest_main.dir/src/gtest_main.cc.o[0m
[6.991s] [ 28%] [32mBuilding CXX object gtest/CMakeFiles/gtest.dir/src/gtest-all.cc.o[0m
[34.178s] [ 35%] [32m[1mLinking CXX static library libgtest_main.a[0m
[34.814s] [ 35%] Built target gtest_main
[58.916s] [ 42%] [32m[1mLinking CXX shared library libusb_cam.so[0m
[67.048s] [ 42%] Built target usb_cam
[99.251s] [ 50%] [32m[1mLinking CXX executable usb_cam_node_exe[0m
[108.980s] [ 50%] Built target usb_cam_node_exe
[112.463s] [ 57%] [32m[1mLinking CXX static library libgtest.a[0m
[113.478s] [ 57%] Built target gtest
[114.217s] [ 64%] [32mBuilding CXX object CMakeFiles/usb_cam_node.dir/src/usb_cam_node.cpp.o[0m
[266.131s] [ 71%] [32m[1mLinking CXX shared library libusb_cam_node.so[0m
[272.121s] [ 71%] Built target usb_cam_node
[272.531s] [ 78%] [32mBuilding CXX object CMakeFiles/test_pixel_formats.dir/test/test_pixel_formats.cpp.o[0m
[293.936s] [ 85%] [32m[1mLinking CXX executable test_pixel_formats[0m
[296.442s] [ 85%] Built target test_pixel_formats
[296.619s] [ 92%] [32mBuilding CXX object CMakeFiles/test_usb_cam_utils.dir/test/test_usb_cam_utils.cpp.o[0m
[306.973s] [100%] [32m[1mLinking CXX executable test_usb_cam_utils[0m
[308.735s] [100%] Built target test_usb_cam_utils
[308.763s] Invoked command in '/home/fmp/Jeju_Island/build/usb_cam' returned '0': CMAKE_PREFIX_PATH=/opt/ros/humble /usr/bin/cmake --build /home/fmp/Jeju_Island/build/usb_cam -- -j4 -l4
[308.768s] Invoking command in '/home/fmp/Jeju_Island/build/usb_cam': CMAKE_PREFIX_PATH=/opt/ros/humble /usr/bin/cmake --install /home/fmp/Jeju_Island/build/usb_cam
[308.789s] -- Install configuration: ""
[308.791s] -- Execute custom install script
[308.792s] -- Symlinking: /home/fmp/Jeju_Island/install/usb_cam/share/usb_cam/environment/library_path.sh
[308.814s] -- Symlinking: /home/fmp/Jeju_Island/install/usb_cam/share/usb_cam/environment/library_path.dsv
[308.837s] -- Symlinking: /home/fmp/Jeju_Island/install/usb_cam/lib/usb_cam/usb_cam_node_exe
[308.863s] -- Symlinking: /home/fmp/Jeju_Island/install/usb_cam/lib/usb_cam/show_image.py
[308.894s] -- Symlinking: /home/fmp/Jeju_Island/install/usb_cam/lib/libusb_cam.so
[308.920s] -- Symlinking: /home/fmp/Jeju_Island/install/usb_cam/lib/libusb_cam_node.so
[308.941s] -- Symlinking: /home/fmp/Jeju_Island/install/usb_cam/include/usb_cam/constants.hpp
[308.958s] -- Symlinking: /home/fmp/Jeju_Island/install/usb_cam/include/usb_cam/conversions.hpp
[308.982s] -- Symlinking: /home/fmp/Jeju_Island/install/usb_cam/include/usb_cam/formats/av_pixel_format_helper.hpp
[309.005s] -- Symlinking: /home/fmp/Jeju_Island/install/usb_cam/include/usb_cam/formats/m420.hpp
[309.024s] -- Symlinking: /home/fmp/Jeju_Island/install/usb_cam/include/usb_cam/formats/mjpeg.hpp
[309.040s] -- Symlinking: /home/fmp/Jeju_Island/install/usb_cam/include/usb_cam/formats/mono.hpp
[309.057s] -- Symlinking: /home/fmp/Jeju_Island/install/usb_cam/include/usb_cam/formats/pixel_format_base.hpp
[309.098s] -- Symlinking: /home/fmp/Jeju_Island/install/usb_cam/include/usb_cam/formats/rgb.hpp
[309.172s] -- Symlinking: /home/fmp/Jeju_Island/install/usb_cam/include/usb_cam/formats/utils.hpp
[309.264s] -- Symlinking: /home/fmp/Jeju_Island/install/usb_cam/include/usb_cam/formats/uyvy.hpp
[309.329s] -- Symlinking: /home/fmp/Jeju_Island/install/usb_cam/include/usb_cam/formats/yuyv.hpp
[309.384s] -- Symlinking: /home/fmp/Jeju_Island/install/usb_cam/include/usb_cam/usb_cam.hpp
[309.462s] -- Symlinking: /home/fmp/Jeju_Island/install/usb_cam/include/usb_cam/usb_cam_node.hpp
[309.513s] -- Symlinking: /home/fmp/Jeju_Island/install/usb_cam/include/usb_cam/utils.hpp
[309.581s] -- Up-to-date symlink: /home/fmp/Jeju_Island/install/usb_cam/lib/libusb_cam_node.so
[309.591s] -- Symlinking: /home/fmp/Jeju_Island/install/usb_cam/share/usb_cam/launch/__init__.py
[309.653s] -- Symlinking: /home/fmp/Jeju_Island/install/usb_cam/share/usb_cam/launch/__pycache__/camera_config.cpython-310.pyc
[309.713s] -- Symlinking: /home/fmp/Jeju_Island/install/usb_cam/share/usb_cam/launch/camera.launch.py
[309.782s] -- Symlinking: /home/fmp/Jeju_Island/install/usb_cam/share/usb_cam/launch/camera_config.py
[309.848s] -- Symlinking: /home/fmp/Jeju_Island/install/usb_cam/share/usb_cam/config/camera_info.yaml
[309.938s] -- Symlinking: /home/fmp/Jeju_Island/install/usb_cam/share/usb_cam/config/params_1.yaml
[310.012s] -- Symlinking: /home/fmp/Jeju_Island/install/usb_cam/share/usb_cam/config/params_2.yaml
[310.084s] -- Symlinking: /home/fmp/Jeju_Island/install/usb_cam/share/ament_index/resource_index/package_run_dependencies/usb_cam
[310.171s] -- Symlinking: /home/fmp/Jeju_Island/install/usb_cam/share/ament_index/resource_index/parent_prefix_path/usb_cam
[310.239s] -- Symlinking: /home/fmp/Jeju_Island/install/usb_cam/share/usb_cam/environment/ament_prefix_path.sh
[310.314s] -- Symlinking: /home/fmp/Jeju_Island/install/usb_cam/share/usb_cam/environment/ament_prefix_path.dsv
[310.391s] -- Symlinking: /home/fmp/Jeju_Island/install/usb_cam/share/usb_cam/environment/path.sh
[310.465s] -- Symlinking: /home/fmp/Jeju_Island/install/usb_cam/share/usb_cam/environment/path.dsv
[310.526s] -- Symlinking: /home/fmp/Jeju_Island/install/usb_cam/share/usb_cam/local_setup.bash
[310.582s] -- Symlinking: /home/fmp/Jeju_Island/install/usb_cam/share/usb_cam/local_setup.sh
[310.648s] -- Symlinking: /home/fmp/Jeju_Island/install/usb_cam/share/usb_cam/local_setup.zsh
[310.702s] -- Symlinking: /home/fmp/Jeju_Island/install/usb_cam/share/usb_cam/local_setup.dsv
[310.775s] -- Symlinking: /home/fmp/Jeju_Island/install/usb_cam/share/usb_cam/package.dsv
[310.835s] -- Symlinking: /home/fmp/Jeju_Island/install/usb_cam/share/ament_index/resource_index/packages/usb_cam
[310.885s] -- Symlinking: /home/fmp/Jeju_Island/install/usb_cam/share/ament_index/resource_index/rclcpp_components/usb_cam
[310.932s] -- Symlinking: /home/fmp/Jeju_Island/install/usb_cam/share/usb_cam/cmake/ament_cmake_export_libraries-extras.cmake
[311.010s] -- Symlinking: /home/fmp/Jeju_Island/install/usb_cam/share/usb_cam/cmake/ament_cmake_export_dependencies-extras.cmake
[311.053s] -- Symlinking: /home/fmp/Jeju_Island/install/usb_cam/share/usb_cam/cmake/ament_cmake_export_include_directories-extras.cmake
[311.097s] -- Symlinking: /home/fmp/Jeju_Island/install/usb_cam/share/usb_cam/cmake/usb_camConfig.cmake
[311.162s] -- Symlinking: /home/fmp/Jeju_Island/install/usb_cam/share/usb_cam/cmake/usb_camConfig-version.cmake
[311.217s] -- Symlinking: /home/fmp/Jeju_Island/install/usb_cam/share/usb_cam/package.xml
[311.300s] Invoked command in '/home/fmp/Jeju_Island/build/usb_cam' returned '0': CMAKE_PREFIX_PATH=/opt/ros/humble /usr/bin/cmake --install /home/fmp/Jeju_Island/build/usb_cam
