[0.149s] Invoking command in '/home/fmp/Jeju_Island/build/erp_mini_rqt_plugin': CMAKE_PREFIX_PATH=/home/fmp/Jeju_Island/install/erp_mini_util:/home/fmp/Jeju_Island/install/erp_mini_msgs:/home/fmp/Jeju_Island/install/erp_mini_cmake:/home/fmp/Jeju_Island/install/usb_cam:/home/fmp/Jeju_Island/install/sllidar_ros2:/home/fmp/Jeju_Island/install/rplidar_ros:/home/fmp/Jeju_Island/install/erp_mini_serial:/home/fmp/Jeju_Island/install/erp_mini_rqt_plugin:/home/fmp/Jeju_Island/install/vehicle_control:/home/fmp/Jeju_Island/install/erp_control_pkg:/opt/ros/humble LD_LIBRARY_PATH=/home/fmp/Jeju_Island/install/erp_mini_util/lib:/home/fmp/Jeju_Island/install/erp_mini_msgs/lib:/home/fmp/Jeju_Island/install/usb_cam/lib:/home/fmp/Jeju_Island/install/erp_mini_serial/lib:/home/fmp/Jeju_Island/install/erp_mini_rqt_plugin/lib:/opt/ros/humble/opt/rviz_ogre_vendor/lib:/opt/ros/humble/lib/x86_64-linux-gnu:/opt/ros/humble/lib /usr/bin/cmake /home/fmp/Jeju_Island/src/erp_mini_ros/src/erp_mini_rqt_plugin -DCMAKE_INSTALL_PREFIX=/home/fmp/Jeju_Island/install/erp_mini_rqt_plugin
[0.269s] -- Found erp_mini_cmake: 0.0.0 (/home/fmp/Jeju_Island/install/erp_mini_cmake/share/erp_mini_cmake/cmake)
[0.273s] -- Found ament_cmake_auto: 1.3.12 (/opt/ros/humble/share/ament_cmake_auto/cmake)
[1.307s] -- Override CMake install command with custom implementation using symlinks instead of copying resources
[2.393s] -- Found rosidl_generator_c: 3.1.7 (/opt/ros/humble/share/rosidl_generator_c/cmake)
[2.453s] -- Found rosidl_adapter: 3.1.7 (/opt/ros/humble/share/rosidl_adapter/cmake)
[2.597s] -- Found rosidl_generator_cpp: 3.1.7 (/opt/ros/humble/share/rosidl_generator_cpp/cmake)
[2.690s] -- Using all available rosidl_typesupport_c: rosidl_typesupport_fastrtps_c;rosidl_typesupport_introspection_c
[2.737s] -- Using all available rosidl_typesupport_cpp: rosidl_typesupport_fastrtps_cpp;rosidl_typesupport_introspection_cpp
[2.968s] -- Found rmw_implementation_cmake: 6.1.2 (/opt/ros/humble/share/rmw_implementation_cmake/cmake)
[2.975s] -- Found rmw_fastrtps_cpp: 6.2.9 (/opt/ros/humble/share/rmw_fastrtps_cpp/cmake)
[3.518s] -- Using RMW implementation 'rmw_fastrtps_cpp' as default
[4.299s] -- Configuring done
[4.406s] -- Generating done
[4.440s] -- Build files have been written to: /home/fmp/Jeju_Island/build/erp_mini_rqt_plugin
[4.500s] Invoked command in '/home/fmp/Jeju_Island/build/erp_mini_rqt_plugin' returned '0': CMAKE_PREFIX_PATH=/home/fmp/Jeju_Island/install/erp_mini_util:/home/fmp/Jeju_Island/install/erp_mini_msgs:/home/fmp/Jeju_Island/install/erp_mini_cmake:/home/fmp/Jeju_Island/install/usb_cam:/home/fmp/Jeju_Island/install/sllidar_ros2:/home/fmp/Jeju_Island/install/rplidar_ros:/home/fmp/Jeju_Island/install/erp_mini_serial:/home/fmp/Jeju_Island/install/erp_mini_rqt_plugin:/home/fmp/Jeju_Island/install/vehicle_control:/home/fmp/Jeju_Island/install/erp_control_pkg:/opt/ros/humble LD_LIBRARY_PATH=/home/fmp/Jeju_Island/install/erp_mini_util/lib:/home/fmp/Jeju_Island/install/erp_mini_msgs/lib:/home/fmp/Jeju_Island/install/usb_cam/lib:/home/fmp/Jeju_Island/install/erp_mini_serial/lib:/home/fmp/Jeju_Island/install/erp_mini_rqt_plugin/lib:/opt/ros/humble/opt/rviz_ogre_vendor/lib:/opt/ros/humble/lib/x86_64-linux-gnu:/opt/ros/humble/lib /usr/bin/cmake /home/fmp/Jeju_Island/src/erp_mini_ros/src/erp_mini_rqt_plugin -DCMAKE_INSTALL_PREFIX=/home/fmp/Jeju_Island/install/erp_mini_rqt_plugin
[4.505s] Invoking command in '/home/fmp/Jeju_Island/build/erp_mini_rqt_plugin': CMAKE_PREFIX_PATH=/home/fmp/Jeju_Island/install/erp_mini_util:/home/fmp/Jeju_Island/install/erp_mini_msgs:/home/fmp/Jeju_Island/install/erp_mini_cmake:/home/fmp/Jeju_Island/install/usb_cam:/home/fmp/Jeju_Island/install/sllidar_ros2:/home/fmp/Jeju_Island/install/rplidar_ros:/home/fmp/Jeju_Island/install/erp_mini_serial:/home/fmp/Jeju_Island/install/erp_mini_rqt_plugin:/home/fmp/Jeju_Island/install/vehicle_control:/home/fmp/Jeju_Island/install/erp_control_pkg:/opt/ros/humble LD_LIBRARY_PATH=/home/fmp/Jeju_Island/install/erp_mini_util/lib:/home/fmp/Jeju_Island/install/erp_mini_msgs/lib:/home/fmp/Jeju_Island/install/usb_cam/lib:/home/fmp/Jeju_Island/install/erp_mini_serial/lib:/home/fmp/Jeju_Island/install/erp_mini_rqt_plugin/lib:/opt/ros/humble/opt/rviz_ogre_vendor/lib:/opt/ros/humble/lib/x86_64-linux-gnu:/opt/ros/humble/lib /usr/bin/cmake --build /home/fmp/Jeju_Island/build/erp_mini_rqt_plugin -- -j4 -l4
[4.846s] [ 11%] [34m[1mGenerating ui_feedback_monitor.h[0m
[4.867s] [ 22%] [34m[1mGenerating ui_control_panel.h[0m
[4.888s] [ 33%] [34m[1mGenerating include/erp_mini_rqt_plugin/moc_control_panel_plugin.cpp[0m
[4.925s] [ 44%] [34m[1mGenerating include/erp_mini_rqt_plugin/moc_feedback_monitor_plugin.cpp[0m
[5.012s] [35m[1mConsolidate compiler generated dependencies of target erp_mini_rqt_plugin[0m
[5.202s] [ 55%] [32mBuilding CXX object CMakeFiles/erp_mini_rqt_plugin.dir/src/control_panel_plugin.cpp.o[0m
[5.228s] [ 66%] [32mBuilding CXX object CMakeFiles/erp_mini_rqt_plugin.dir/include/erp_mini_rqt_plugin/moc_control_panel_plugin.cpp.o[0m
[5.230s] [ 77%] [32mBuilding CXX object CMakeFiles/erp_mini_rqt_plugin.dir/include/erp_mini_rqt_plugin/moc_feedback_monitor_plugin.cpp.o[0m
[5.252s] [ 88%] [32mBuilding CXX object CMakeFiles/erp_mini_rqt_plugin.dir/src/feedback_monitor_plugin.cpp.o[0m
[91.165s] [100%] [32m[1mLinking CXX shared library liberp_mini_rqt_plugin.so[0m
[96.117s] [100%] Built target erp_mini_rqt_plugin
[96.166s] Invoked command in '/home/fmp/Jeju_Island/build/erp_mini_rqt_plugin' returned '0': CMAKE_PREFIX_PATH=/home/fmp/Jeju_Island/install/erp_mini_util:/home/fmp/Jeju_Island/install/erp_mini_msgs:/home/fmp/Jeju_Island/install/erp_mini_cmake:/home/fmp/Jeju_Island/install/usb_cam:/home/fmp/Jeju_Island/install/sllidar_ros2:/home/fmp/Jeju_Island/install/rplidar_ros:/home/fmp/Jeju_Island/install/erp_mini_serial:/home/fmp/Jeju_Island/install/erp_mini_rqt_plugin:/home/fmp/Jeju_Island/install/vehicle_control:/home/fmp/Jeju_Island/install/erp_control_pkg:/opt/ros/humble LD_LIBRARY_PATH=/home/fmp/Jeju_Island/install/erp_mini_util/lib:/home/fmp/Jeju_Island/install/erp_mini_msgs/lib:/home/fmp/Jeju_Island/install/usb_cam/lib:/home/fmp/Jeju_Island/install/erp_mini_serial/lib:/home/fmp/Jeju_Island/install/erp_mini_rqt_plugin/lib:/opt/ros/humble/opt/rviz_ogre_vendor/lib:/opt/ros/humble/lib/x86_64-linux-gnu:/opt/ros/humble/lib /usr/bin/cmake --build /home/fmp/Jeju_Island/build/erp_mini_rqt_plugin -- -j4 -l4
[96.181s] Invoking command in '/home/fmp/Jeju_Island/build/erp_mini_rqt_plugin': CMAKE_PREFIX_PATH=/home/fmp/Jeju_Island/install/erp_mini_util:/home/fmp/Jeju_Island/install/erp_mini_msgs:/home/fmp/Jeju_Island/install/erp_mini_cmake:/home/fmp/Jeju_Island/install/usb_cam:/home/fmp/Jeju_Island/install/sllidar_ros2:/home/fmp/Jeju_Island/install/rplidar_ros:/home/fmp/Jeju_Island/install/erp_mini_serial:/home/fmp/Jeju_Island/install/erp_mini_rqt_plugin:/home/fmp/Jeju_Island/install/vehicle_control:/home/fmp/Jeju_Island/install/erp_control_pkg:/opt/ros/humble LD_LIBRARY_PATH=/home/fmp/Jeju_Island/install/erp_mini_util/lib:/home/fmp/Jeju_Island/install/erp_mini_msgs/lib:/home/fmp/Jeju_Island/install/usb_cam/lib:/home/fmp/Jeju_Island/install/erp_mini_serial/lib:/home/fmp/Jeju_Island/install/erp_mini_rqt_plugin/lib:/opt/ros/humble/opt/rviz_ogre_vendor/lib:/opt/ros/humble/lib/x86_64-linux-gnu:/opt/ros/humble/lib /usr/bin/cmake --install /home/fmp/Jeju_Island/build/erp_mini_rqt_plugin
[96.219s] -- Install configuration: ""
[96.223s] -- Execute custom install script
[96.226s] -- Up-to-date symlink: /home/fmp/Jeju_Island/install/erp_mini_rqt_plugin/share/erp_mini_rqt_plugin//plugin.xml
[96.232s] -- Up-to-date symlink: /home/fmp/Jeju_Island/install/erp_mini_rqt_plugin/include/erp_mini_rqt_plugin/erp_mini_rqt_plugin/control_panel_plugin.hpp
[96.237s] -- Up-to-date symlink: /home/fmp/Jeju_Island/install/erp_mini_rqt_plugin/include/erp_mini_rqt_plugin/erp_mini_rqt_plugin/feedback_monitor_plugin.hpp
[96.246s] -- Up-to-date symlink: /home/fmp/Jeju_Island/install/erp_mini_rqt_plugin/share/erp_mini_rqt_plugin/environment/library_path.sh
[96.246s] -- Up-to-date symlink: /home/fmp/Jeju_Island/install/erp_mini_rqt_plugin/share/erp_mini_rqt_plugin/environment/library_path.dsv
[96.254s] -- Up-to-date symlink: /home/fmp/Jeju_Island/install/erp_mini_rqt_plugin/lib/liberp_mini_rqt_plugin.so
[96.255s] -- Up-to-date symlink: /home/fmp/Jeju_Island/install/erp_mini_rqt_plugin/share/ament_index/resource_index/package_run_dependencies/erp_mini_rqt_plugin
[96.257s] -- Up-to-date symlink: /home/fmp/Jeju_Island/install/erp_mini_rqt_plugin/share/ament_index/resource_index/parent_prefix_path/erp_mini_rqt_plugin
[96.261s] -- Up-to-date symlink: /home/fmp/Jeju_Island/install/erp_mini_rqt_plugin/share/erp_mini_rqt_plugin/environment/ament_prefix_path.sh
[96.263s] -- Up-to-date symlink: /home/fmp/Jeju_Island/install/erp_mini_rqt_plugin/share/erp_mini_rqt_plugin/environment/ament_prefix_path.dsv
[96.268s] -- Up-to-date symlink: /home/fmp/Jeju_Island/install/erp_mini_rqt_plugin/share/erp_mini_rqt_plugin/environment/path.sh
[96.271s] -- Up-to-date symlink: /home/fmp/Jeju_Island/install/erp_mini_rqt_plugin/share/erp_mini_rqt_plugin/environment/path.dsv
[96.273s] -- Up-to-date symlink: /home/fmp/Jeju_Island/install/erp_mini_rqt_plugin/share/erp_mini_rqt_plugin/local_setup.bash
[96.277s] -- Up-to-date symlink: /home/fmp/Jeju_Island/install/erp_mini_rqt_plugin/share/erp_mini_rqt_plugin/local_setup.sh
[96.282s] -- Up-to-date symlink: /home/fmp/Jeju_Island/install/erp_mini_rqt_plugin/share/erp_mini_rqt_plugin/local_setup.zsh
[96.283s] -- Up-to-date symlink: /home/fmp/Jeju_Island/install/erp_mini_rqt_plugin/share/erp_mini_rqt_plugin/local_setup.dsv
[96.284s] -- Symlinking: /home/fmp/Jeju_Island/install/erp_mini_rqt_plugin/share/erp_mini_rqt_plugin/package.dsv
[96.331s] -- Up-to-date symlink: /home/fmp/Jeju_Island/install/erp_mini_rqt_plugin/share/ament_index/resource_index/packages/erp_mini_rqt_plugin
[96.341s] -- Up-to-date symlink: /home/fmp/Jeju_Island/install/erp_mini_rqt_plugin/share/ament_index/resource_index/rqt_gui__pluginlib__plugin/erp_mini_rqt_plugin
[96.347s] -- Up-to-date symlink: /home/fmp/Jeju_Island/install/erp_mini_rqt_plugin/share/erp_mini_rqt_plugin/cmake/ament_cmake_export_dependencies-extras.cmake
[96.356s] -- Up-to-date symlink: /home/fmp/Jeju_Island/install/erp_mini_rqt_plugin/share/erp_mini_rqt_plugin/cmake/ament_cmake_export_include_directories-extras.cmake
[96.365s] -- Up-to-date symlink: /home/fmp/Jeju_Island/install/erp_mini_rqt_plugin/share/erp_mini_rqt_plugin/cmake/ament_cmake_export_libraries-extras.cmake
[96.371s] -- Up-to-date symlink: /home/fmp/Jeju_Island/install/erp_mini_rqt_plugin/share/erp_mini_rqt_plugin/cmake/erp_mini_rqt_pluginConfig.cmake
[96.378s] -- Up-to-date symlink: /home/fmp/Jeju_Island/install/erp_mini_rqt_plugin/share/erp_mini_rqt_plugin/cmake/erp_mini_rqt_pluginConfig-version.cmake
[96.379s] -- Up-to-date symlink: /home/fmp/Jeju_Island/install/erp_mini_rqt_plugin/share/erp_mini_rqt_plugin/package.xml
[96.379s] -- Up-to-date symlink: /home/fmp/Jeju_Island/install/erp_mini_rqt_plugin/share/erp_mini_rqt_plugin/plugin.xml
[96.389s] -- Up-to-date symlink: /home/fmp/Jeju_Island/install/erp_mini_rqt_plugin/share/erp_mini_rqt_plugin/ui/control_panel.ui
[96.393s] -- Up-to-date symlink: /home/fmp/Jeju_Island/install/erp_mini_rqt_plugin/share/erp_mini_rqt_plugin/ui/feedback_monitor.ui
[96.410s] Invoked command in '/home/fmp/Jeju_Island/build/erp_mini_rqt_plugin' returned '0': CMAKE_PREFIX_PATH=/home/fmp/Jeju_Island/install/erp_mini_util:/home/fmp/Jeju_Island/install/erp_mini_msgs:/home/fmp/Jeju_Island/install/erp_mini_cmake:/home/fmp/Jeju_Island/install/usb_cam:/home/fmp/Jeju_Island/install/sllidar_ros2:/home/fmp/Jeju_Island/install/rplidar_ros:/home/fmp/Jeju_Island/install/erp_mini_serial:/home/fmp/Jeju_Island/install/erp_mini_rqt_plugin:/home/fmp/Jeju_Island/install/vehicle_control:/home/fmp/Jeju_Island/install/erp_control_pkg:/opt/ros/humble LD_LIBRARY_PATH=/home/fmp/Jeju_Island/install/erp_mini_util/lib:/home/fmp/Jeju_Island/install/erp_mini_msgs/lib:/home/fmp/Jeju_Island/install/usb_cam/lib:/home/fmp/Jeju_Island/install/erp_mini_serial/lib:/home/fmp/Jeju_Island/install/erp_mini_rqt_plugin/lib:/opt/ros/humble/opt/rviz_ogre_vendor/lib:/opt/ros/humble/lib/x86_64-linux-gnu:/opt/ros/humble/lib /usr/bin/cmake --install /home/fmp/Jeju_Island/build/erp_mini_rqt_plugin
