[0.035s] Invoking command in '/home/fmp/Jeju_Island/build/erp_mini_serial': CMAKE_PREFIX_PATH=/home/fmp/Jeju_Island/install/erp_mini_util:/home/fmp/Jeju_Island/install/erp_mini_msgs:/home/fmp/Jeju_Island/install/erp_mini_cmake:/home/fmp/Jeju_Island/install/usb_cam:/home/fmp/Jeju_Island/install/sllidar_ros2:/home/fmp/Jeju_Island/install/rplidar_ros:/home/fmp/Jeju_Island/install/erp_mini_serial:/home/fmp/Jeju_Island/install/erp_mini_rqt_plugin:/home/fmp/Jeju_Island/install/vehicle_control:/home/fmp/Jeju_Island/install/erp_control_pkg:/opt/ros/humble LD_LIBRARY_PATH=/home/fmp/Jeju_Island/install/erp_mini_util/lib:/home/fmp/Jeju_Island/install/erp_mini_msgs/lib:/home/fmp/Jeju_Island/install/usb_cam/lib:/home/fmp/Jeju_Island/install/erp_mini_serial/lib:/home/fmp/Jeju_Island/install/erp_mini_rqt_plugin/lib:/opt/ros/humble/opt/rviz_ogre_vendor/lib:/opt/ros/humble/lib/x86_64-linux-gnu:/opt/ros/humble/lib /usr/bin/cmake --build /home/fmp/Jeju_Island/build/erp_mini_serial -- -j4 -l4
[0.261s] [ 57%] Built target serial_bridge_composable
[0.261s] [ 71%] Built target erp_mini_serial
[0.308s] [100%] Built target serial_bridge
[0.325s] Invoked command in '/home/fmp/Jeju_Island/build/erp_mini_serial' returned '0': CMAKE_PREFIX_PATH=/home/fmp/Jeju_Island/install/erp_mini_util:/home/fmp/Jeju_Island/install/erp_mini_msgs:/home/fmp/Jeju_Island/install/erp_mini_cmake:/home/fmp/Jeju_Island/install/usb_cam:/home/fmp/Jeju_Island/install/sllidar_ros2:/home/fmp/Jeju_Island/install/rplidar_ros:/home/fmp/Jeju_Island/install/erp_mini_serial:/home/fmp/Jeju_Island/install/erp_mini_rqt_plugin:/home/fmp/Jeju_Island/install/vehicle_control:/home/fmp/Jeju_Island/install/erp_control_pkg:/opt/ros/humble LD_LIBRARY_PATH=/home/fmp/Jeju_Island/install/erp_mini_util/lib:/home/fmp/Jeju_Island/install/erp_mini_msgs/lib:/home/fmp/Jeju_Island/install/usb_cam/lib:/home/fmp/Jeju_Island/install/erp_mini_serial/lib:/home/fmp/Jeju_Island/install/erp_mini_rqt_plugin/lib:/opt/ros/humble/opt/rviz_ogre_vendor/lib:/opt/ros/humble/lib/x86_64-linux-gnu:/opt/ros/humble/lib /usr/bin/cmake --build /home/fmp/Jeju_Island/build/erp_mini_serial -- -j4 -l4
[0.351s] Invoking command in '/home/fmp/Jeju_Island/build/erp_mini_serial': CMAKE_PREFIX_PATH=/home/fmp/Jeju_Island/install/erp_mini_util:/home/fmp/Jeju_Island/install/erp_mini_msgs:/home/fmp/Jeju_Island/install/erp_mini_cmake:/home/fmp/Jeju_Island/install/usb_cam:/home/fmp/Jeju_Island/install/sllidar_ros2:/home/fmp/Jeju_Island/install/rplidar_ros:/home/fmp/Jeju_Island/install/erp_mini_serial:/home/fmp/Jeju_Island/install/erp_mini_rqt_plugin:/home/fmp/Jeju_Island/install/vehicle_control:/home/fmp/Jeju_Island/install/erp_control_pkg:/opt/ros/humble LD_LIBRARY_PATH=/home/fmp/Jeju_Island/install/erp_mini_util/lib:/home/fmp/Jeju_Island/install/erp_mini_msgs/lib:/home/fmp/Jeju_Island/install/usb_cam/lib:/home/fmp/Jeju_Island/install/erp_mini_serial/lib:/home/fmp/Jeju_Island/install/erp_mini_rqt_plugin/lib:/opt/ros/humble/opt/rviz_ogre_vendor/lib:/opt/ros/humble/lib/x86_64-linux-gnu:/opt/ros/humble/lib /usr/bin/cmake --install /home/fmp/Jeju_Island/build/erp_mini_serial
[0.370s] -- Install configuration: ""
[0.372s] -- Execute custom install script
[0.373s] -- Up-to-date symlink: /home/fmp/Jeju_Island/install/erp_mini_serial/lib/erp_mini_serial/serial_bridge_composable
[0.375s] -- Up-to-date symlink: /home/fmp/Jeju_Island/install/erp_mini_serial/include/erp_mini_serial/erp_mini_serial/serial_bridge.hpp
[0.376s] -- Up-to-date symlink: /home/fmp/Jeju_Island/install/erp_mini_serial/include/erp_mini_serial/erp_mini_serial/serial_packet.hpp
[0.376s] -- Up-to-date symlink: /home/fmp/Jeju_Island/install/erp_mini_serial/include/erp_mini_serial/erp_mini_serial/serial_port.hpp
[0.376s] -- Up-to-date symlink: /home/fmp/Jeju_Island/install/erp_mini_serial/share/erp_mini_serial/environment/library_path.sh
[0.376s] -- Up-to-date symlink: /home/fmp/Jeju_Island/install/erp_mini_serial/share/erp_mini_serial/environment/library_path.dsv
[0.377s] -- Up-to-date symlink: /home/fmp/Jeju_Island/install/erp_mini_serial/lib/liberp_mini_serial.so
[0.377s] -- Up-to-date symlink: /home/fmp/Jeju_Island/install/erp_mini_serial/lib/erp_mini_serial/serial_bridge
[0.378s] -- Up-to-date symlink: /home/fmp/Jeju_Island/install/erp_mini_serial/share/ament_index/resource_index/package_run_dependencies/erp_mini_serial
[0.378s] -- Up-to-date symlink: /home/fmp/Jeju_Island/install/erp_mini_serial/share/ament_index/resource_index/parent_prefix_path/erp_mini_serial
[0.378s] -- Up-to-date symlink: /home/fmp/Jeju_Island/install/erp_mini_serial/share/erp_mini_serial/environment/ament_prefix_path.sh
[0.379s] -- Up-to-date symlink: /home/fmp/Jeju_Island/install/erp_mini_serial/share/erp_mini_serial/environment/ament_prefix_path.dsv
[0.379s] -- Up-to-date symlink: /home/fmp/Jeju_Island/install/erp_mini_serial/share/erp_mini_serial/environment/path.sh
[0.379s] -- Up-to-date symlink: /home/fmp/Jeju_Island/install/erp_mini_serial/share/erp_mini_serial/environment/path.dsv
[0.379s] -- Up-to-date symlink: /home/fmp/Jeju_Island/install/erp_mini_serial/share/erp_mini_serial/local_setup.bash
[0.380s] -- Up-to-date symlink: /home/fmp/Jeju_Island/install/erp_mini_serial/share/erp_mini_serial/local_setup.sh
[0.380s] -- Up-to-date symlink: /home/fmp/Jeju_Island/install/erp_mini_serial/share/erp_mini_serial/local_setup.zsh
[0.380s] -- Up-to-date symlink: /home/fmp/Jeju_Island/install/erp_mini_serial/share/erp_mini_serial/local_setup.dsv
[0.380s] -- Symlinking: /home/fmp/Jeju_Island/install/erp_mini_serial/share/erp_mini_serial/package.dsv
[0.394s] -- Up-to-date symlink: /home/fmp/Jeju_Island/install/erp_mini_serial/share/ament_index/resource_index/packages/erp_mini_serial
[0.394s] -- Up-to-date symlink: /home/fmp/Jeju_Island/install/erp_mini_serial/share/ament_index/resource_index/rclcpp_components/erp_mini_serial
[0.395s] -- Up-to-date symlink: /home/fmp/Jeju_Island/install/erp_mini_serial/share/erp_mini_serial/cmake/ament_cmake_export_dependencies-extras.cmake
[0.395s] -- Up-to-date symlink: /home/fmp/Jeju_Island/install/erp_mini_serial/share/erp_mini_serial/cmake/ament_cmake_export_include_directories-extras.cmake
[0.395s] -- Up-to-date symlink: /home/fmp/Jeju_Island/install/erp_mini_serial/share/erp_mini_serial/cmake/ament_cmake_export_libraries-extras.cmake
[0.395s] -- Up-to-date symlink: /home/fmp/Jeju_Island/install/erp_mini_serial/share/erp_mini_serial/cmake/erp_mini_serialConfig.cmake
[0.395s] -- Up-to-date symlink: /home/fmp/Jeju_Island/install/erp_mini_serial/share/erp_mini_serial/cmake/erp_mini_serialConfig-version.cmake
[0.396s] -- Up-to-date symlink: /home/fmp/Jeju_Island/install/erp_mini_serial/share/erp_mini_serial/package.xml
[0.396s] -- Up-to-date symlink: /home/fmp/Jeju_Island/install/erp_mini_serial/share/erp_mini_serial/config/serial_bridge.param.yaml
[0.396s] -- Up-to-date symlink: /home/fmp/Jeju_Island/install/erp_mini_serial/share/erp_mini_serial/launch/serial_bridge.launch.py
[0.399s] Invoked command in '/home/fmp/Jeju_Island/build/erp_mini_serial' returned '0': CMAKE_PREFIX_PATH=/home/fmp/Jeju_Island/install/erp_mini_util:/home/fmp/Jeju_Island/install/erp_mini_msgs:/home/fmp/Jeju_Island/install/erp_mini_cmake:/home/fmp/Jeju_Island/install/usb_cam:/home/fmp/Jeju_Island/install/sllidar_ros2:/home/fmp/Jeju_Island/install/rplidar_ros:/home/fmp/Jeju_Island/install/erp_mini_serial:/home/fmp/Jeju_Island/install/erp_mini_rqt_plugin:/home/fmp/Jeju_Island/install/vehicle_control:/home/fmp/Jeju_Island/install/erp_control_pkg:/opt/ros/humble LD_LIBRARY_PATH=/home/fmp/Jeju_Island/install/erp_mini_util/lib:/home/fmp/Jeju_Island/install/erp_mini_msgs/lib:/home/fmp/Jeju_Island/install/usb_cam/lib:/home/fmp/Jeju_Island/install/erp_mini_serial/lib:/home/fmp/Jeju_Island/install/erp_mini_rqt_plugin/lib:/opt/ros/humble/opt/rviz_ogre_vendor/lib:/opt/ros/humble/lib/x86_64-linux-gnu:/opt/ros/humble/lib /usr/bin/cmake --install /home/fmp/Jeju_Island/build/erp_mini_serial
