running egg_info
writing ../../../../build/erp_control_pkg/erp_control_pkg.egg-info/PKG-INFO
writing dependency_links to ../../../../build/erp_control_pkg/erp_control_pkg.egg-info/dependency_links.txt
writing entry points to ../../../../build/erp_control_pkg/erp_control_pkg.egg-info/entry_points.txt
writing requirements to ../../../../build/erp_control_pkg/erp_control_pkg.egg-info/requires.txt
writing top-level names to ../../../../build/erp_control_pkg/erp_control_pkg.egg-info/top_level.txt
reading manifest file '../../../../build/erp_control_pkg/erp_control_pkg.egg-info/SOURCES.txt'
writing manifest file '../../../../build/erp_control_pkg/erp_control_pkg.egg-info/SOURCES.txt'
running build
running build_py
copying erp_control_pkg/control_node.py -> /home/fmp/Jeju_Island/build/erp_control_pkg/build/lib/erp_control_pkg
running install
running install_lib
copying /home/fmp/Jeju_Island/build/erp_control_pkg/build/lib/erp_control_pkg/control_node.py -> /home/fmp/Jeju_Island/install/erp_control_pkg/lib/python3.10/site-packages/erp_control_pkg
byte-compiling /home/fmp/Jeju_Island/install/erp_control_pkg/lib/python3.10/site-packages/erp_control_pkg/control_node.py to control_node.cpython-310.pyc
running install_data
running install_egg_info
removing '/home/fmp/Jeju_Island/install/erp_control_pkg/lib/python3.10/site-packages/erp_control_pkg-0.0.0-py3.10.egg-info' (and everything under it)
Copying ../../../../build/erp_control_pkg/erp_control_pkg.egg-info to /home/fmp/Jeju_Island/install/erp_control_pkg/lib/python3.10/site-packages/erp_control_pkg-0.0.0-py3.10.egg-info
running install_scripts
Installing control_node script to /home/fmp/Jeju_Island/install/erp_control_pkg/lib/erp_control_pkg
writing list of installed files to '/home/fmp/Jeju_Island/build/erp_control_pkg/install.log'
