[0.156s] DEBUG:colcon:Command line arguments: ['/usr/bin/colcon', 'build', '--symlink-install']
[0.156s] DEBUG:colcon:Parsed command line arguments: Namespace(log_base=None, log_level=None, verb_name='build', build_base='build', install_base='install', merge_install=False, symlink_install=True, test_result_base=None, continue_on_error=False, executor='parallel', parallel_workers=4, event_handlers=None, ignore_user_meta=False, metas=['./colcon.meta'], base_paths=['.'], packages_ignore=None, packages_ignore_regex=None, paths=None, packages_up_to=None, packages_up_to_regex=None, packages_above=None, packages_above_and_dependencies=None, packages_above_depth=None, packages_select_by_dep=None, packages_skip_by_dep=None, packages_skip_up_to=None, packages_select_build_failed=False, packages_skip_build_finished=False, packages_select_test_failures=False, packages_skip_test_passed=False, packages_select=None, packages_skip=None, packages_select_regex=None, packages_skip_regex=None, packages_start=None, packages_end=None, allow_overriding=[], cmake_args=None, cmake_target=None, cmake_target_skip_unavailable=False, cmake_clean_cache=False, cmake_clean_first=False, cmake_force_configure=False, ament_cmake_args=None, catkin_cmake_args=None, catkin_skip_building_tests=False, mixin_files=None, mixin=None, verb_parser=<colcon_mixin.mixin.mixin_argument.MixinArgumentDecorator object at 0x7c011e24d180>, verb_extension=<colcon_core.verb.build.BuildVerb object at 0x7c011e3d2740>, main=<bound method BuildVerb.main of <colcon_core.verb.build.BuildVerb object at 0x7c011e3d2740>>, mixin_verb=('build',))
[0.477s] Level 1:colcon.colcon_core.package_discovery:discover_packages(colcon_meta) check parameters
[0.477s] Level 1:colcon.colcon_core.package_discovery:discover_packages(recursive) check parameters
[0.477s] Level 1:colcon.colcon_core.package_discovery:discover_packages(ignore) check parameters
[0.477s] Level 1:colcon.colcon_core.package_discovery:discover_packages(path) check parameters
[0.477s] Level 1:colcon.colcon_core.package_discovery:discover_packages(colcon_meta) discover
[0.477s] Level 1:colcon.colcon_core.package_discovery:discover_packages(recursive) discover
[0.477s] INFO:colcon.colcon_core.package_discovery:Crawling recursively for packages in '/home/fmp/Jeju_Island'
[0.477s] Level 1:colcon.colcon_core.package_identification:_identify(.) by extensions ['ignore', 'ignore_ament_install']
[0.477s] Level 1:colcon.colcon_core.package_identification:_identify(.) by extension 'ignore'
[0.477s] Level 1:colcon.colcon_core.package_identification:_identify(.) by extension 'ignore_ament_install'
[0.478s] Level 1:colcon.colcon_core.package_identification:_identify(.) by extensions ['colcon_pkg']
[0.478s] Level 1:colcon.colcon_core.package_identification:_identify(.) by extension 'colcon_pkg'
[0.478s] Level 1:colcon.colcon_core.package_identification:_identify(.) by extensions ['colcon_meta']
[0.478s] Level 1:colcon.colcon_core.package_identification:_identify(.) by extension 'colcon_meta'
[0.478s] Level 1:colcon.colcon_core.package_identification:_identify(.) by extensions ['ros']
[0.478s] Level 1:colcon.colcon_core.package_identification:_identify(.) by extension 'ros'
[0.494s] Level 1:colcon.colcon_core.package_identification:_identify(.) by extensions ['cmake', 'python']
[0.495s] Level 1:colcon.colcon_core.package_identification:_identify(.) by extension 'cmake'
[0.495s] Level 1:colcon.colcon_core.package_identification:_identify(.) by extension 'python'
[0.495s] Level 1:colcon.colcon_core.package_identification:_identify(.) by extensions ['python_setup_py']
[0.495s] Level 1:colcon.colcon_core.package_identification:_identify(.) by extension 'python_setup_py'
[0.495s] Level 1:colcon.colcon_core.package_identification:_identify(build) by extensions ['ignore', 'ignore_ament_install']
[0.495s] Level 1:colcon.colcon_core.package_identification:_identify(build) by extension 'ignore'
[0.495s] Level 1:colcon.colcon_core.package_identification:_identify(build) ignored
[0.495s] Level 1:colcon.colcon_core.package_identification:_identify(install) by extensions ['ignore', 'ignore_ament_install']
[0.495s] Level 1:colcon.colcon_core.package_identification:_identify(install) by extension 'ignore'
[0.495s] Level 1:colcon.colcon_core.package_identification:_identify(install) ignored
[0.496s] Level 1:colcon.colcon_core.package_identification:_identify(log) by extensions ['ignore', 'ignore_ament_install']
[0.496s] Level 1:colcon.colcon_core.package_identification:_identify(log) by extension 'ignore'
[0.496s] Level 1:colcon.colcon_core.package_identification:_identify(log) ignored
[0.496s] Level 1:colcon.colcon_core.package_identification:_identify(src) by extensions ['ignore', 'ignore_ament_install']
[0.496s] Level 1:colcon.colcon_core.package_identification:_identify(src) by extension 'ignore'
[0.496s] Level 1:colcon.colcon_core.package_identification:_identify(src) by extension 'ignore_ament_install'
[0.496s] Level 1:colcon.colcon_core.package_identification:_identify(src) by extensions ['colcon_pkg']
[0.496s] Level 1:colcon.colcon_core.package_identification:_identify(src) by extension 'colcon_pkg'
[0.496s] Level 1:colcon.colcon_core.package_identification:_identify(src) by extensions ['colcon_meta']
[0.496s] Level 1:colcon.colcon_core.package_identification:_identify(src) by extension 'colcon_meta'
[0.496s] Level 1:colcon.colcon_core.package_identification:_identify(src) by extensions ['ros']
[0.496s] Level 1:colcon.colcon_core.package_identification:_identify(src) by extension 'ros'
[0.497s] Level 1:colcon.colcon_core.package_identification:_identify(src) by extensions ['cmake', 'python']
[0.497s] Level 1:colcon.colcon_core.package_identification:_identify(src) by extension 'cmake'
[0.497s] Level 1:colcon.colcon_core.package_identification:_identify(src) by extension 'python'
[0.497s] Level 1:colcon.colcon_core.package_identification:_identify(src) by extensions ['python_setup_py']
[0.497s] Level 1:colcon.colcon_core.package_identification:_identify(src) by extension 'python_setup_py'
[0.497s] Level 1:colcon.colcon_core.package_identification:_identify(src/rplidar_ros) by extensions ['ignore', 'ignore_ament_install']
[0.497s] Level 1:colcon.colcon_core.package_identification:_identify(src/rplidar_ros) by extension 'ignore'
[0.497s] Level 1:colcon.colcon_core.package_identification:_identify(src/rplidar_ros) by extension 'ignore_ament_install'
[0.497s] Level 1:colcon.colcon_core.package_identification:_identify(src/rplidar_ros) by extensions ['colcon_pkg']
[0.497s] Level 1:colcon.colcon_core.package_identification:_identify(src/rplidar_ros) by extension 'colcon_pkg'
[0.497s] Level 1:colcon.colcon_core.package_identification:_identify(src/rplidar_ros) by extensions ['colcon_meta']
[0.497s] Level 1:colcon.colcon_core.package_identification:_identify(src/rplidar_ros) by extension 'colcon_meta'
[0.497s] Level 1:colcon.colcon_core.package_identification:_identify(src/rplidar_ros) by extensions ['ros']
[0.497s] Level 1:colcon.colcon_core.package_identification:_identify(src/rplidar_ros) by extension 'ros'
[0.507s] DEBUG:colcon.colcon_core.package_identification:Package 'src/rplidar_ros' with type 'ros.ament_cmake' and name 'rplidar_ros'
[0.507s] Level 1:colcon.colcon_core.package_identification:_identify(src/usb_cam) by extensions ['ignore', 'ignore_ament_install']
[0.508s] Level 1:colcon.colcon_core.package_identification:_identify(src/usb_cam) by extension 'ignore'
[0.508s] Level 1:colcon.colcon_core.package_identification:_identify(src/usb_cam) by extension 'ignore_ament_install'
[0.508s] Level 1:colcon.colcon_core.package_identification:_identify(src/usb_cam) by extensions ['colcon_pkg']
[0.508s] Level 1:colcon.colcon_core.package_identification:_identify(src/usb_cam) by extension 'colcon_pkg'
[0.508s] Level 1:colcon.colcon_core.package_identification:_identify(src/usb_cam) by extensions ['colcon_meta']
[0.508s] Level 1:colcon.colcon_core.package_identification:_identify(src/usb_cam) by extension 'colcon_meta'
[0.508s] Level 1:colcon.colcon_core.package_identification:_identify(src/usb_cam) by extensions ['ros']
[0.508s] Level 1:colcon.colcon_core.package_identification:_identify(src/usb_cam) by extension 'ros'
[0.516s] DEBUG:colcon.colcon_core.package_identification:Package 'src/usb_cam' with type 'ros.ament_cmake' and name 'usb_cam'
[0.516s] Level 1:colcon.colcon_core.package_discovery:discover_packages(recursive) using defaults
[0.516s] Level 1:colcon.colcon_core.package_discovery:discover_packages(ignore) discover
[0.516s] Level 1:colcon.colcon_core.package_discovery:discover_packages(ignore) using defaults
[0.516s] Level 1:colcon.colcon_core.package_discovery:discover_packages(path) discover
[0.516s] Level 1:colcon.colcon_core.package_discovery:discover_packages(path) using defaults
[0.589s] Level 1:colcon.colcon_core.package_discovery:discover_packages(prefix_path) check parameters
[0.589s] Level 1:colcon.colcon_core.package_discovery:discover_packages(prefix_path) discover
[0.592s] DEBUG:colcon.colcon_installed_package_information.package_discovery:Found 2 installed packages in /home/fmp/Jeju_Island/install
[0.594s] DEBUG:colcon.colcon_installed_package_information.package_discovery:Found 278 installed packages in /opt/ros/humble
[0.596s] Level 1:colcon.colcon_core.package_discovery:discover_packages(prefix_path) using defaults
[0.656s] Level 5:colcon.colcon_core.verb:set package 'rplidar_ros' build argument 'cmake_args' from command line to 'None'
[0.657s] Level 5:colcon.colcon_core.verb:set package 'rplidar_ros' build argument 'cmake_target' from command line to 'None'
[0.657s] Level 5:colcon.colcon_core.verb:set package 'rplidar_ros' build argument 'cmake_target_skip_unavailable' from command line to 'False'
[0.657s] Level 5:colcon.colcon_core.verb:set package 'rplidar_ros' build argument 'cmake_clean_cache' from command line to 'False'
[0.657s] Level 5:colcon.colcon_core.verb:set package 'rplidar_ros' build argument 'cmake_clean_first' from command line to 'False'
[0.657s] Level 5:colcon.colcon_core.verb:set package 'rplidar_ros' build argument 'cmake_force_configure' from command line to 'False'
[0.657s] Level 5:colcon.colcon_core.verb:set package 'rplidar_ros' build argument 'ament_cmake_args' from command line to 'None'
[0.657s] Level 5:colcon.colcon_core.verb:set package 'rplidar_ros' build argument 'catkin_cmake_args' from command line to 'None'
[0.657s] Level 5:colcon.colcon_core.verb:set package 'rplidar_ros' build argument 'catkin_skip_building_tests' from command line to 'False'
[0.657s] DEBUG:colcon.colcon_core.verb:Building package 'rplidar_ros' with the following arguments: {'ament_cmake_args': None, 'build_base': '/home/fmp/Jeju_Island/build/rplidar_ros', 'catkin_cmake_args': None, 'catkin_skip_building_tests': False, 'cmake_args': None, 'cmake_clean_cache': False, 'cmake_clean_first': False, 'cmake_force_configure': False, 'cmake_target': None, 'cmake_target_skip_unavailable': False, 'install_base': '/home/fmp/Jeju_Island/install/rplidar_ros', 'merge_install': False, 'path': '/home/fmp/Jeju_Island/src/rplidar_ros', 'symlink_install': True, 'test_result_base': None}
[0.658s] Level 5:colcon.colcon_core.verb:set package 'usb_cam' build argument 'cmake_args' from command line to 'None'
[0.658s] Level 5:colcon.colcon_core.verb:set package 'usb_cam' build argument 'cmake_target' from command line to 'None'
[0.658s] Level 5:colcon.colcon_core.verb:set package 'usb_cam' build argument 'cmake_target_skip_unavailable' from command line to 'False'
[0.658s] Level 5:colcon.colcon_core.verb:set package 'usb_cam' build argument 'cmake_clean_cache' from command line to 'False'
[0.658s] Level 5:colcon.colcon_core.verb:set package 'usb_cam' build argument 'cmake_clean_first' from command line to 'False'
[0.658s] Level 5:colcon.colcon_core.verb:set package 'usb_cam' build argument 'cmake_force_configure' from command line to 'False'
[0.658s] Level 5:colcon.colcon_core.verb:set package 'usb_cam' build argument 'ament_cmake_args' from command line to 'None'
[0.658s] Level 5:colcon.colcon_core.verb:set package 'usb_cam' build argument 'catkin_cmake_args' from command line to 'None'
[0.658s] Level 5:colcon.colcon_core.verb:set package 'usb_cam' build argument 'catkin_skip_building_tests' from command line to 'False'
[0.658s] DEBUG:colcon.colcon_core.verb:Building package 'usb_cam' with the following arguments: {'ament_cmake_args': None, 'build_base': '/home/fmp/Jeju_Island/build/usb_cam', 'catkin_cmake_args': None, 'catkin_skip_building_tests': False, 'cmake_args': None, 'cmake_clean_cache': False, 'cmake_clean_first': False, 'cmake_force_configure': False, 'cmake_target': None, 'cmake_target_skip_unavailable': False, 'install_base': '/home/fmp/Jeju_Island/install/usb_cam', 'merge_install': False, 'path': '/home/fmp/Jeju_Island/src/usb_cam', 'symlink_install': True, 'test_result_base': None}
[0.658s] INFO:colcon.colcon_core.executor:Executing jobs using 'parallel' executor
[0.660s] DEBUG:colcon.colcon_parallel_executor.executor.parallel:run_until_complete
[0.660s] INFO:colcon.colcon_ros.task.ament_cmake.build:Building ROS package in '/home/fmp/Jeju_Island/src/rplidar_ros' with build type 'ament_cmake'
[0.661s] INFO:colcon.colcon_cmake.task.cmake.build:Building CMake package in '/home/fmp/Jeju_Island/src/rplidar_ros'
[0.667s] INFO:colcon.colcon_core.plugin_system:Skipping extension 'colcon_core.shell.bat': Not used on non-Windows systems
[0.668s] INFO:colcon.colcon_core.shell:Skip shell extension 'powershell' for command environment: Not usable outside of PowerShell
[0.668s] DEBUG:colcon.colcon_core.shell:Skip shell extension 'dsv' for command environment
[0.673s] INFO:colcon.colcon_ros.task.ament_cmake.build:Building ROS package in '/home/fmp/Jeju_Island/src/usb_cam' with build type 'ament_cmake'
[0.674s] INFO:colcon.colcon_cmake.task.cmake.build:Building CMake package in '/home/fmp/Jeju_Island/src/usb_cam'
[0.674s] INFO:colcon.colcon_core.shell:Skip shell extension 'powershell' for command environment: Not usable outside of PowerShell
[0.674s] DEBUG:colcon.colcon_core.shell:Skip shell extension 'dsv' for command environment
[0.688s] DEBUG:colcon.colcon_core.event_handler.log_command:Invoking command in '/home/fmp/Jeju_Island/build/rplidar_ros': CMAKE_PREFIX_PATH=${CMAKE_PREFIX_PATH}:/opt/ros/humble /usr/bin/cmake --build /home/fmp/Jeju_Island/build/rplidar_ros -- -j4 -l4
[0.701s] DEBUG:colcon.colcon_core.event_handler.log_command:Invoking command in '/home/fmp/Jeju_Island/build/usb_cam': CMAKE_PREFIX_PATH=${CMAKE_PREFIX_PATH}:/opt/ros/humble /usr/bin/cmake --build /home/fmp/Jeju_Island/build/usb_cam -- -j4 -l4
[1.320s] DEBUG:colcon.colcon_core.event_handler.log_command:Invoked command in '/home/fmp/Jeju_Island/build/rplidar_ros' returned '0': CMAKE_PREFIX_PATH=${CMAKE_PREFIX_PATH}:/opt/ros/humble /usr/bin/cmake --build /home/fmp/Jeju_Island/build/rplidar_ros -- -j4 -l4
[1.364s] DEBUG:colcon.colcon_core.event_handler.log_command:Invoking command in '/home/fmp/Jeju_Island/build/rplidar_ros': CMAKE_PREFIX_PATH=${CMAKE_PREFIX_PATH}:/opt/ros/humble /usr/bin/cmake --install /home/fmp/Jeju_Island/build/rplidar_ros
[1.379s] DEBUG:colcon.colcon_core.event_handler.log_command:Invoked command in '/home/fmp/Jeju_Island/build/usb_cam' returned '0': CMAKE_PREFIX_PATH=${CMAKE_PREFIX_PATH}:/opt/ros/humble /usr/bin/cmake --build /home/fmp/Jeju_Island/build/usb_cam -- -j4 -l4
[1.386s] DEBUG:colcon.colcon_core.event_handler.log_command:Invoking command in '/home/fmp/Jeju_Island/build/usb_cam': CMAKE_PREFIX_PATH=${CMAKE_PREFIX_PATH}:/opt/ros/humble /usr/bin/cmake --install /home/fmp/Jeju_Island/build/usb_cam
[1.513s] Level 1:colcon.colcon_core.environment:create_environment_scripts_only(rplidar_ros)
[1.522s] DEBUG:colcon.colcon_core.event_handler.log_command:Invoked command in '/home/fmp/Jeju_Island/build/rplidar_ros' returned '0': CMAKE_PREFIX_PATH=${CMAKE_PREFIX_PATH}:/opt/ros/humble /usr/bin/cmake --install /home/fmp/Jeju_Island/build/rplidar_ros
[1.537s] Level 1:colcon.colcon_core.environment:checking '/home/fmp/Jeju_Island/install/rplidar_ros' for CMake module files
[1.539s] Level 1:colcon.colcon_core.environment:checking '/home/fmp/Jeju_Island/install/rplidar_ros' for CMake config files
[1.542s] Level 1:colcon.colcon_core.shell:create_environment_hook('rplidar_ros', 'cmake_prefix_path')
[1.542s] INFO:colcon.colcon_core.shell:Creating environment hook '/home/fmp/Jeju_Island/install/rplidar_ros/share/rplidar_ros/hook/cmake_prefix_path.ps1'
[1.545s] INFO:colcon.colcon_core.shell:Creating environment descriptor '/home/fmp/Jeju_Island/install/rplidar_ros/share/rplidar_ros/hook/cmake_prefix_path.dsv'
[1.548s] INFO:colcon.colcon_core.shell:Creating environment hook '/home/fmp/Jeju_Island/install/rplidar_ros/share/rplidar_ros/hook/cmake_prefix_path.sh'
[1.551s] Level 1:colcon.colcon_core.environment:checking '/home/fmp/Jeju_Island/install/rplidar_ros/lib'
[1.551s] Level 1:colcon.colcon_core.environment:checking '/home/fmp/Jeju_Island/install/rplidar_ros/bin'
[1.555s] Level 1:colcon.colcon_core.environment:checking '/home/fmp/Jeju_Island/install/rplidar_ros/lib/pkgconfig/rplidar_ros.pc'
[1.555s] Level 1:colcon.colcon_core.environment:checking '/home/fmp/Jeju_Island/install/rplidar_ros/lib/python3.10/site-packages'
[1.556s] Level 1:colcon.colcon_core.environment:checking '/home/fmp/Jeju_Island/install/rplidar_ros/bin'
[1.557s] INFO:colcon.colcon_core.shell:Creating package script '/home/fmp/Jeju_Island/install/rplidar_ros/share/rplidar_ros/package.ps1'
[1.560s] INFO:colcon.colcon_core.shell:Creating package descriptor '/home/fmp/Jeju_Island/install/rplidar_ros/share/rplidar_ros/package.dsv'
[1.563s] INFO:colcon.colcon_core.shell:Creating package script '/home/fmp/Jeju_Island/install/rplidar_ros/share/rplidar_ros/package.sh'
[1.566s] INFO:colcon.colcon_core.shell:Creating package script '/home/fmp/Jeju_Island/install/rplidar_ros/share/rplidar_ros/package.bash'
[1.571s] INFO:colcon.colcon_core.shell:Creating package script '/home/fmp/Jeju_Island/install/rplidar_ros/share/rplidar_ros/package.zsh'
[1.574s] Level 1:colcon.colcon_core.environment:create_file_with_runtime_dependencies(/home/fmp/Jeju_Island/install/rplidar_ros/share/colcon-core/packages/rplidar_ros)
[1.576s] Level 1:colcon.colcon_core.environment:create_environment_scripts_only(rplidar_ros)
[1.577s] Level 1:colcon.colcon_core.environment:checking '/home/fmp/Jeju_Island/install/rplidar_ros' for CMake module files
[1.578s] Level 1:colcon.colcon_core.environment:checking '/home/fmp/Jeju_Island/install/rplidar_ros' for CMake config files
[1.579s] Level 1:colcon.colcon_core.shell:create_environment_hook('rplidar_ros', 'cmake_prefix_path')
[1.580s] INFO:colcon.colcon_core.shell:Creating environment hook '/home/fmp/Jeju_Island/install/rplidar_ros/share/rplidar_ros/hook/cmake_prefix_path.ps1'
[1.581s] INFO:colcon.colcon_core.shell:Creating environment descriptor '/home/fmp/Jeju_Island/install/rplidar_ros/share/rplidar_ros/hook/cmake_prefix_path.dsv'
[1.582s] INFO:colcon.colcon_core.shell:Creating environment hook '/home/fmp/Jeju_Island/install/rplidar_ros/share/rplidar_ros/hook/cmake_prefix_path.sh'
[1.583s] Level 1:colcon.colcon_core.environment:checking '/home/fmp/Jeju_Island/install/rplidar_ros/lib'
[1.584s] Level 1:colcon.colcon_core.environment:checking '/home/fmp/Jeju_Island/install/rplidar_ros/bin'
[1.584s] Level 1:colcon.colcon_core.environment:checking '/home/fmp/Jeju_Island/install/rplidar_ros/lib/pkgconfig/rplidar_ros.pc'
[1.584s] Level 1:colcon.colcon_core.environment:checking '/home/fmp/Jeju_Island/install/rplidar_ros/lib/python3.10/site-packages'
[1.585s] Level 1:colcon.colcon_core.environment:checking '/home/fmp/Jeju_Island/install/rplidar_ros/bin'
[1.586s] INFO:colcon.colcon_core.shell:Creating package script '/home/fmp/Jeju_Island/install/rplidar_ros/share/rplidar_ros/package.ps1'
[1.587s] INFO:colcon.colcon_core.shell:Creating package descriptor '/home/fmp/Jeju_Island/install/rplidar_ros/share/rplidar_ros/package.dsv'
[1.588s] INFO:colcon.colcon_core.shell:Creating package script '/home/fmp/Jeju_Island/install/rplidar_ros/share/rplidar_ros/package.sh'
[1.589s] INFO:colcon.colcon_core.shell:Creating package script '/home/fmp/Jeju_Island/install/rplidar_ros/share/rplidar_ros/package.bash'
[1.590s] INFO:colcon.colcon_core.shell:Creating package script '/home/fmp/Jeju_Island/install/rplidar_ros/share/rplidar_ros/package.zsh'
[1.590s] Level 1:colcon.colcon_core.environment:create_file_with_runtime_dependencies(/home/fmp/Jeju_Island/install/rplidar_ros/share/colcon-core/packages/rplidar_ros)
[1.592s] Level 1:colcon.colcon_core.environment:create_environment_scripts_only(usb_cam)
[1.593s] Level 1:colcon.colcon_core.environment:checking '/home/fmp/Jeju_Island/install/usb_cam' for CMake module files
[1.594s] DEBUG:colcon.colcon_core.event_handler.log_command:Invoked command in '/home/fmp/Jeju_Island/build/usb_cam' returned '0': CMAKE_PREFIX_PATH=${CMAKE_PREFIX_PATH}:/opt/ros/humble /usr/bin/cmake --install /home/fmp/Jeju_Island/build/usb_cam
[1.595s] Level 1:colcon.colcon_core.environment:checking '/home/fmp/Jeju_Island/install/usb_cam' for CMake config files
[1.595s] Level 1:colcon.colcon_core.shell:create_environment_hook('usb_cam', 'cmake_prefix_path')
[1.595s] INFO:colcon.colcon_core.shell:Creating environment hook '/home/fmp/Jeju_Island/install/usb_cam/share/usb_cam/hook/cmake_prefix_path.ps1'
[1.596s] INFO:colcon.colcon_core.shell:Creating environment descriptor '/home/fmp/Jeju_Island/install/usb_cam/share/usb_cam/hook/cmake_prefix_path.dsv'
[1.597s] INFO:colcon.colcon_core.shell:Creating environment hook '/home/fmp/Jeju_Island/install/usb_cam/share/usb_cam/hook/cmake_prefix_path.sh'
[1.598s] Level 1:colcon.colcon_core.environment:checking '/home/fmp/Jeju_Island/install/usb_cam/lib'
[1.598s] Level 1:colcon.colcon_core.shell:create_environment_hook('usb_cam', 'ld_library_path_lib')
[1.598s] INFO:colcon.colcon_core.shell:Creating environment hook '/home/fmp/Jeju_Island/install/usb_cam/share/usb_cam/hook/ld_library_path_lib.ps1'
[1.599s] INFO:colcon.colcon_core.shell:Creating environment descriptor '/home/fmp/Jeju_Island/install/usb_cam/share/usb_cam/hook/ld_library_path_lib.dsv'
[1.599s] INFO:colcon.colcon_core.shell:Creating environment hook '/home/fmp/Jeju_Island/install/usb_cam/share/usb_cam/hook/ld_library_path_lib.sh'
[1.600s] Level 1:colcon.colcon_core.environment:checking '/home/fmp/Jeju_Island/install/usb_cam/bin'
[1.600s] Level 1:colcon.colcon_core.environment:checking '/home/fmp/Jeju_Island/install/usb_cam/lib/pkgconfig/usb_cam.pc'
[1.601s] Level 1:colcon.colcon_core.environment:checking '/home/fmp/Jeju_Island/install/usb_cam/lib/python3.10/site-packages'
[1.601s] Level 1:colcon.colcon_core.environment:checking '/home/fmp/Jeju_Island/install/usb_cam/bin'
[1.602s] INFO:colcon.colcon_core.shell:Creating package script '/home/fmp/Jeju_Island/install/usb_cam/share/usb_cam/package.ps1'
[1.603s] INFO:colcon.colcon_core.shell:Creating package descriptor '/home/fmp/Jeju_Island/install/usb_cam/share/usb_cam/package.dsv'
[1.603s] INFO:colcon.colcon_core.shell:Creating package script '/home/fmp/Jeju_Island/install/usb_cam/share/usb_cam/package.sh'
[1.604s] INFO:colcon.colcon_core.shell:Creating package script '/home/fmp/Jeju_Island/install/usb_cam/share/usb_cam/package.bash'
[1.605s] INFO:colcon.colcon_core.shell:Creating package script '/home/fmp/Jeju_Island/install/usb_cam/share/usb_cam/package.zsh'
[1.605s] Level 1:colcon.colcon_core.environment:create_file_with_runtime_dependencies(/home/fmp/Jeju_Island/install/usb_cam/share/colcon-core/packages/usb_cam)
[1.606s] Level 1:colcon.colcon_core.environment:create_environment_scripts_only(usb_cam)
[1.606s] Level 1:colcon.colcon_core.environment:checking '/home/fmp/Jeju_Island/install/usb_cam' for CMake module files
[1.607s] Level 1:colcon.colcon_core.environment:checking '/home/fmp/Jeju_Island/install/usb_cam' for CMake config files
[1.608s] Level 1:colcon.colcon_core.shell:create_environment_hook('usb_cam', 'cmake_prefix_path')
[1.608s] INFO:colcon.colcon_core.shell:Creating environment hook '/home/fmp/Jeju_Island/install/usb_cam/share/usb_cam/hook/cmake_prefix_path.ps1'
[1.609s] INFO:colcon.colcon_core.shell:Creating environment descriptor '/home/fmp/Jeju_Island/install/usb_cam/share/usb_cam/hook/cmake_prefix_path.dsv'
[1.610s] INFO:colcon.colcon_core.shell:Creating environment hook '/home/fmp/Jeju_Island/install/usb_cam/share/usb_cam/hook/cmake_prefix_path.sh'
[1.611s] Level 1:colcon.colcon_core.environment:checking '/home/fmp/Jeju_Island/install/usb_cam/lib'
[1.611s] Level 1:colcon.colcon_core.shell:create_environment_hook('usb_cam', 'ld_library_path_lib')
[1.612s] INFO:colcon.colcon_core.shell:Creating environment hook '/home/fmp/Jeju_Island/install/usb_cam/share/usb_cam/hook/ld_library_path_lib.ps1'
[1.613s] INFO:colcon.colcon_core.shell:Creating environment descriptor '/home/fmp/Jeju_Island/install/usb_cam/share/usb_cam/hook/ld_library_path_lib.dsv'
[1.614s] INFO:colcon.colcon_core.shell:Creating environment hook '/home/fmp/Jeju_Island/install/usb_cam/share/usb_cam/hook/ld_library_path_lib.sh'
[1.615s] Level 1:colcon.colcon_core.environment:checking '/home/fmp/Jeju_Island/install/usb_cam/bin'
[1.615s] Level 1:colcon.colcon_core.environment:checking '/home/fmp/Jeju_Island/install/usb_cam/lib/pkgconfig/usb_cam.pc'
[1.615s] Level 1:colcon.colcon_core.environment:checking '/home/fmp/Jeju_Island/install/usb_cam/lib/python3.10/site-packages'
[1.616s] Level 1:colcon.colcon_core.environment:checking '/home/fmp/Jeju_Island/install/usb_cam/bin'
[1.616s] INFO:colcon.colcon_core.shell:Creating package script '/home/fmp/Jeju_Island/install/usb_cam/share/usb_cam/package.ps1'
[1.617s] INFO:colcon.colcon_core.shell:Creating package descriptor '/home/fmp/Jeju_Island/install/usb_cam/share/usb_cam/package.dsv'
[1.618s] INFO:colcon.colcon_core.shell:Creating package script '/home/fmp/Jeju_Island/install/usb_cam/share/usb_cam/package.sh'
[1.619s] INFO:colcon.colcon_core.shell:Creating package script '/home/fmp/Jeju_Island/install/usb_cam/share/usb_cam/package.bash'
[1.620s] INFO:colcon.colcon_core.shell:Creating package script '/home/fmp/Jeju_Island/install/usb_cam/share/usb_cam/package.zsh'
[1.620s] Level 1:colcon.colcon_core.environment:create_file_with_runtime_dependencies(/home/fmp/Jeju_Island/install/usb_cam/share/colcon-core/packages/usb_cam)
[1.621s] DEBUG:colcon.colcon_parallel_executor.executor.parallel:closing loop
[1.621s] DEBUG:colcon.colcon_parallel_executor.executor.parallel:loop closed
[1.621s] DEBUG:colcon.colcon_parallel_executor.executor.parallel:run_until_complete finished with '0'
[1.621s] DEBUG:colcon.colcon_core.event_reactor:joining thread
[1.657s] INFO:colcon.colcon_core.plugin_system:Skipping extension 'colcon_notification.desktop_notification.terminal_notifier': Not used on non-Darwin systems
[1.657s] INFO:colcon.colcon_core.plugin_system:Skipping extension 'colcon_notification.desktop_notification.win32': Not used on non-Windows systems
[1.657s] INFO:colcon.colcon_notification.desktop_notification:Sending desktop notification using 'notify2'
[1.762s] DEBUG:colcon.colcon_core.event_reactor:joined thread
[1.764s] INFO:colcon.colcon_core.shell:Creating prefix script '/home/fmp/Jeju_Island/install/local_setup.ps1'
[1.767s] INFO:colcon.colcon_core.shell:Creating prefix util module '/home/fmp/Jeju_Island/install/_local_setup_util_ps1.py'
[1.770s] INFO:colcon.colcon_core.shell:Creating prefix chain script '/home/fmp/Jeju_Island/install/setup.ps1'
[1.772s] INFO:colcon.colcon_core.shell:Creating prefix script '/home/fmp/Jeju_Island/install/local_setup.sh'
[1.773s] INFO:colcon.colcon_core.shell:Creating prefix util module '/home/fmp/Jeju_Island/install/_local_setup_util_sh.py'
[1.774s] INFO:colcon.colcon_core.shell:Creating prefix chain script '/home/fmp/Jeju_Island/install/setup.sh'
[1.777s] INFO:colcon.colcon_core.shell:Creating prefix script '/home/fmp/Jeju_Island/install/local_setup.bash'
[1.779s] INFO:colcon.colcon_core.shell:Creating prefix chain script '/home/fmp/Jeju_Island/install/setup.bash'
[1.782s] INFO:colcon.colcon_core.shell:Creating prefix script '/home/fmp/Jeju_Island/install/local_setup.zsh'
[1.784s] INFO:colcon.colcon_core.shell:Creating prefix chain script '/home/fmp/Jeju_Island/install/setup.zsh'
