[0.155s] Invoking command in '/home/fmp/Jeju_Island/build/erp_mini_serial': CMAKE_PREFIX_PATH=/home/fmp/Jeju_Island/install/erp_mini_util:/home/fmp/Jeju_Island/install/erp_mini_msgs:/home/fmp/Jeju_Island/install/erp_mini_cmake:/home/fmp/Jeju_Island/install/usb_cam:/home/fmp/Jeju_Island/install/sllidar_ros2:/home/fmp/Jeju_Island/install/rplidar_ros:/home/fmp/Jeju_Island/install/erp_mini_serial:/home/fmp/Jeju_Island/install/erp_mini_rqt_plugin:/home/fmp/Jeju_Island/install/vehicle_control:/home/fmp/Jeju_Island/install/erp_control_pkg:/opt/ros/humble LD_LIBRARY_PATH=/home/fmp/Jeju_Island/install/erp_mini_util/lib:/home/fmp/Jeju_Island/install/erp_mini_msgs/lib:/home/fmp/Jeju_Island/install/usb_cam/lib:/home/fmp/Jeju_Island/install/erp_mini_serial/lib:/home/fmp/Jeju_Island/install/erp_mini_rqt_plugin/lib:/opt/ros/humble/opt/rviz_ogre_vendor/lib:/opt/ros/humble/lib/x86_64-linux-gnu:/opt/ros/humble/lib /usr/bin/cmake --build /home/fmp/Jeju_Island/build/erp_mini_serial -- -j4 -l4
[0.585s] [35m[1mConsolidate compiler generated dependencies of target erp_mini_serial[0m
[0.738s] [ 42%] Built target erp_mini_serial
[0.798s] [ 71%] Built target serial_bridge_composable
[0.868s] [35m[1mConsolidate compiler generated dependencies of target serial_bridge[0m
[1.015s] [100%] Built target serial_bridge
[1.092s] Invoked command in '/home/fmp/Jeju_Island/build/erp_mini_serial' returned '0': CMAKE_PREFIX_PATH=/home/fmp/Jeju_Island/install/erp_mini_util:/home/fmp/Jeju_Island/install/erp_mini_msgs:/home/fmp/Jeju_Island/install/erp_mini_cmake:/home/fmp/Jeju_Island/install/usb_cam:/home/fmp/Jeju_Island/install/sllidar_ros2:/home/fmp/Jeju_Island/install/rplidar_ros:/home/fmp/Jeju_Island/install/erp_mini_serial:/home/fmp/Jeju_Island/install/erp_mini_rqt_plugin:/home/fmp/Jeju_Island/install/vehicle_control:/home/fmp/Jeju_Island/install/erp_control_pkg:/opt/ros/humble LD_LIBRARY_PATH=/home/fmp/Jeju_Island/install/erp_mini_util/lib:/home/fmp/Jeju_Island/install/erp_mini_msgs/lib:/home/fmp/Jeju_Island/install/usb_cam/lib:/home/fmp/Jeju_Island/install/erp_mini_serial/lib:/home/fmp/Jeju_Island/install/erp_mini_rqt_plugin/lib:/opt/ros/humble/opt/rviz_ogre_vendor/lib:/opt/ros/humble/lib/x86_64-linux-gnu:/opt/ros/humble/lib /usr/bin/cmake --build /home/fmp/Jeju_Island/build/erp_mini_serial -- -j4 -l4
[1.167s] Invoking command in '/home/fmp/Jeju_Island/build/erp_mini_serial': CMAKE_PREFIX_PATH=/home/fmp/Jeju_Island/install/erp_mini_util:/home/fmp/Jeju_Island/install/erp_mini_msgs:/home/fmp/Jeju_Island/install/erp_mini_cmake:/home/fmp/Jeju_Island/install/usb_cam:/home/fmp/Jeju_Island/install/sllidar_ros2:/home/fmp/Jeju_Island/install/rplidar_ros:/home/fmp/Jeju_Island/install/erp_mini_serial:/home/fmp/Jeju_Island/install/erp_mini_rqt_plugin:/home/fmp/Jeju_Island/install/vehicle_control:/home/fmp/Jeju_Island/install/erp_control_pkg:/opt/ros/humble LD_LIBRARY_PATH=/home/fmp/Jeju_Island/install/erp_mini_util/lib:/home/fmp/Jeju_Island/install/erp_mini_msgs/lib:/home/fmp/Jeju_Island/install/usb_cam/lib:/home/fmp/Jeju_Island/install/erp_mini_serial/lib:/home/fmp/Jeju_Island/install/erp_mini_rqt_plugin/lib:/opt/ros/humble/opt/rviz_ogre_vendor/lib:/opt/ros/humble/lib/x86_64-linux-gnu:/opt/ros/humble/lib /usr/bin/cmake --install /home/fmp/Jeju_Island/build/erp_mini_serial
[1.225s] -- Install configuration: ""
[1.231s] -- Execute custom install script
[1.232s] -- Up-to-date symlink: /home/fmp/Jeju_Island/install/erp_mini_serial/lib/erp_mini_serial/serial_bridge_composable
[1.239s] -- Up-to-date symlink: /home/fmp/Jeju_Island/install/erp_mini_serial/include/erp_mini_serial/erp_mini_serial/serial_bridge.hpp
[1.239s] -- Up-to-date symlink: /home/fmp/Jeju_Island/install/erp_mini_serial/include/erp_mini_serial/erp_mini_serial/serial_packet.hpp
[1.240s] -- Up-to-date symlink: /home/fmp/Jeju_Island/install/erp_mini_serial/include/erp_mini_serial/erp_mini_serial/serial_port.hpp
[1.240s] -- Up-to-date symlink: /home/fmp/Jeju_Island/install/erp_mini_serial/share/erp_mini_serial/environment/library_path.sh
[1.247s] -- Up-to-date symlink: /home/fmp/Jeju_Island/install/erp_mini_serial/share/erp_mini_serial/environment/library_path.dsv
[1.248s] -- Up-to-date symlink: /home/fmp/Jeju_Island/install/erp_mini_serial/lib/liberp_mini_serial.so
[1.264s] -- Up-to-date symlink: /home/fmp/Jeju_Island/install/erp_mini_serial/lib/erp_mini_serial/serial_bridge
[1.264s] -- Up-to-date symlink: /home/fmp/Jeju_Island/install/erp_mini_serial/share/ament_index/resource_index/package_run_dependencies/erp_mini_serial
[1.265s] -- Up-to-date symlink: /home/fmp/Jeju_Island/install/erp_mini_serial/share/ament_index/resource_index/parent_prefix_path/erp_mini_serial
[1.266s] -- Up-to-date symlink: /home/fmp/Jeju_Island/install/erp_mini_serial/share/erp_mini_serial/environment/ament_prefix_path.sh
[1.291s] -- Up-to-date symlink: /home/fmp/Jeju_Island/install/erp_mini_serial/share/erp_mini_serial/environment/ament_prefix_path.dsv
[1.296s] -- Up-to-date symlink: /home/fmp/Jeju_Island/install/erp_mini_serial/share/erp_mini_serial/environment/path.sh
[1.297s] -- Up-to-date symlink: /home/fmp/Jeju_Island/install/erp_mini_serial/share/erp_mini_serial/environment/path.dsv
[1.297s] -- Up-to-date symlink: /home/fmp/Jeju_Island/install/erp_mini_serial/share/erp_mini_serial/local_setup.bash
[1.297s] -- Up-to-date symlink: /home/fmp/Jeju_Island/install/erp_mini_serial/share/erp_mini_serial/local_setup.sh
[1.298s] -- Up-to-date symlink: /home/fmp/Jeju_Island/install/erp_mini_serial/share/erp_mini_serial/local_setup.zsh
[1.298s] -- Up-to-date symlink: /home/fmp/Jeju_Island/install/erp_mini_serial/share/erp_mini_serial/local_setup.dsv
[1.301s] -- Symlinking: /home/fmp/Jeju_Island/install/erp_mini_serial/share/erp_mini_serial/package.dsv
[1.375s] -- Up-to-date symlink: /home/fmp/Jeju_Island/install/erp_mini_serial/share/ament_index/resource_index/packages/erp_mini_serial
[1.375s] -- Up-to-date symlink: /home/fmp/Jeju_Island/install/erp_mini_serial/share/ament_index/resource_index/rclcpp_components/erp_mini_serial
[1.381s] -- Up-to-date symlink: /home/fmp/Jeju_Island/install/erp_mini_serial/share/erp_mini_serial/cmake/ament_cmake_export_dependencies-extras.cmake
[1.381s] -- Up-to-date symlink: /home/fmp/Jeju_Island/install/erp_mini_serial/share/erp_mini_serial/cmake/ament_cmake_export_include_directories-extras.cmake
[1.382s] -- Up-to-date symlink: /home/fmp/Jeju_Island/install/erp_mini_serial/share/erp_mini_serial/cmake/ament_cmake_export_libraries-extras.cmake
[1.382s] -- Up-to-date symlink: /home/fmp/Jeju_Island/install/erp_mini_serial/share/erp_mini_serial/cmake/erp_mini_serialConfig.cmake
[1.383s] -- Up-to-date symlink: /home/fmp/Jeju_Island/install/erp_mini_serial/share/erp_mini_serial/cmake/erp_mini_serialConfig-version.cmake
[1.383s] -- Up-to-date symlink: /home/fmp/Jeju_Island/install/erp_mini_serial/share/erp_mini_serial/package.xml
[1.383s] -- Up-to-date symlink: /home/fmp/Jeju_Island/install/erp_mini_serial/share/erp_mini_serial/config/serial_bridge.param.yaml
[1.384s] -- Symlinking: /home/fmp/Jeju_Island/install/erp_mini_serial/share/erp_mini_serial/config/serial_bridge.param.yaml_20250202
[1.444s] -- Up-to-date symlink: /home/fmp/Jeju_Island/install/erp_mini_serial/share/erp_mini_serial/launch/serial_bridge.launch.py
[1.499s] Invoked command in '/home/fmp/Jeju_Island/build/erp_mini_serial' returned '0': CMAKE_PREFIX_PATH=/home/fmp/Jeju_Island/install/erp_mini_util:/home/fmp/Jeju_Island/install/erp_mini_msgs:/home/fmp/Jeju_Island/install/erp_mini_cmake:/home/fmp/Jeju_Island/install/usb_cam:/home/fmp/Jeju_Island/install/sllidar_ros2:/home/fmp/Jeju_Island/install/rplidar_ros:/home/fmp/Jeju_Island/install/erp_mini_serial:/home/fmp/Jeju_Island/install/erp_mini_rqt_plugin:/home/fmp/Jeju_Island/install/vehicle_control:/home/fmp/Jeju_Island/install/erp_control_pkg:/opt/ros/humble LD_LIBRARY_PATH=/home/fmp/Jeju_Island/install/erp_mini_util/lib:/home/fmp/Jeju_Island/install/erp_mini_msgs/lib:/home/fmp/Jeju_Island/install/usb_cam/lib:/home/fmp/Jeju_Island/install/erp_mini_serial/lib:/home/fmp/Jeju_Island/install/erp_mini_rqt_plugin/lib:/opt/ros/humble/opt/rviz_ogre_vendor/lib:/opt/ros/humble/lib/x86_64-linux-gnu:/opt/ros/humble/lib /usr/bin/cmake --install /home/fmp/Jeju_Island/build/erp_mini_serial
