[0.155s] Invoking command in '/home/fmp/Jeju_Island/build/sllidar_ros2': CMAKE_PREFIX_PATH=${CMAKE_PREFIX_PATH}:/home/fmp/Jeju_Island/install/vehicle_launch:/home/fmp/Jeju_Island/install/vehicle_control:/home/fmp/Jeju_Island/install/erp_control_pkg:/opt/ros/humble /usr/bin/cmake /home/fmp/Jeju_Island/src/sllidar_ros2 -DAMENT_CMAKE_SYMLINK_INSTALL=1 -DCMAKE_INSTALL_PREFIX=/home/fmp/Jeju_Island/install/sllidar_ros2
[0.364s] -- Found ament_cmake: 1.3.12 (/opt/ros/humble/share/ament_cmake/cmake)
[2.377s] -- Override CMake install command with custom implementation using symlinks instead of copying resources
[2.508s] -- Found rclcpp: 16.0.15 (/opt/ros/humble/share/rclcpp/cmake)
[3.108s] -- Found rosidl_generator_c: 3.1.7 (/opt/ros/humble/share/rosidl_generator_c/cmake)
[3.162s] -- Found rosidl_adapter: 3.1.7 (/opt/ros/humble/share/rosidl_adapter/cmake)
[3.265s] -- Found rosidl_generator_cpp: 3.1.7 (/opt/ros/humble/share/rosidl_generator_cpp/cmake)
[3.455s] -- Using all available rosidl_typesupport_c: rosidl_typesupport_fastrtps_c;rosidl_typesupport_introspection_c
[3.650s] -- Using all available rosidl_typesupport_cpp: rosidl_typesupport_fastrtps_cpp;rosidl_typesupport_introspection_cpp
[4.150s] -- Found rmw_implementation_cmake: 6.1.2 (/opt/ros/humble/share/rmw_implementation_cmake/cmake)
[4.195s] -- Found rmw_fastrtps_cpp: 6.2.9 (/opt/ros/humble/share/rmw_fastrtps_cpp/cmake)
[5.231s] -- Using RMW implementation 'rmw_fastrtps_cpp' as default
[6.468s] -- Found sensor_msgs: 4.9.0 (/opt/ros/humble/share/sensor_msgs/cmake)
[6.705s] -- Found std_srvs: 4.9.0 (/opt/ros/humble/share/std_srvs/cmake)
[7.974s] -- Configuring done
[8.320s] -- Generating done
[8.408s] -- Build files have been written to: /home/fmp/Jeju_Island/build/sllidar_ros2
[9.673s] Invoked command in '/home/fmp/Jeju_Island/build/sllidar_ros2' returned '0': CMAKE_PREFIX_PATH=${CMAKE_PREFIX_PATH}:/home/fmp/Jeju_Island/install/vehicle_launch:/home/fmp/Jeju_Island/install/vehicle_control:/home/fmp/Jeju_Island/install/erp_control_pkg:/opt/ros/humble /usr/bin/cmake /home/fmp/Jeju_Island/src/sllidar_ros2 -DAMENT_CMAKE_SYMLINK_INSTALL=1 -DCMAKE_INSTALL_PREFIX=/home/fmp/Jeju_Island/install/sllidar_ros2
[9.681s] Invoking command in '/home/fmp/Jeju_Island/build/sllidar_ros2': CMAKE_PREFIX_PATH=${CMAKE_PREFIX_PATH}:/home/fmp/Jeju_Island/install/vehicle_launch:/home/fmp/Jeju_Island/install/vehicle_control:/home/fmp/Jeju_Island/install/erp_control_pkg:/opt/ros/humble /usr/bin/cmake --build /home/fmp/Jeju_Island/build/sllidar_ros2 -- -j4 -l4
[10.188s] [35m[1mConsolidate compiler generated dependencies of target sllidar_node[0m
[10.549s] [ 90%] Built target sllidar_node
[10.680s] [35m[1mConsolidate compiler generated dependencies of target sllidar_client[0m
[10.876s] [100%] Built target sllidar_client
[11.108s] Invoked command in '/home/fmp/Jeju_Island/build/sllidar_ros2' returned '0': CMAKE_PREFIX_PATH=${CMAKE_PREFIX_PATH}:/home/fmp/Jeju_Island/install/vehicle_launch:/home/fmp/Jeju_Island/install/vehicle_control:/home/fmp/Jeju_Island/install/erp_control_pkg:/opt/ros/humble /usr/bin/cmake --build /home/fmp/Jeju_Island/build/sllidar_ros2 -- -j4 -l4
[11.157s] Invoking command in '/home/fmp/Jeju_Island/build/sllidar_ros2': CMAKE_PREFIX_PATH=${CMAKE_PREFIX_PATH}:/home/fmp/Jeju_Island/install/vehicle_launch:/home/fmp/Jeju_Island/install/vehicle_control:/home/fmp/Jeju_Island/install/erp_control_pkg:/opt/ros/humble /usr/bin/cmake --install /home/fmp/Jeju_Island/build/sllidar_ros2
[11.237s] -- Install configuration: ""
[11.238s] -- Execute custom install script
[11.253s] -- Up-to-date symlink: /home/fmp/Jeju_Island/install/sllidar_ros2/share/sllidar_ros2/launch/sllidar_a1_launch.py
[11.259s] -- Up-to-date symlink: /home/fmp/Jeju_Island/install/sllidar_ros2/share/sllidar_ros2/launch/sllidar_a2m12_launch .py
[11.264s] -- Up-to-date symlink: /home/fmp/Jeju_Island/install/sllidar_ros2/share/sllidar_ros2/launch/sllidar_a2m7_launch.py
[11.267s] -- Up-to-date symlink: /home/fmp/Jeju_Island/install/sllidar_ros2/share/sllidar_ros2/launch/sllidar_a2m8_launch.py
[11.269s] -- Up-to-date symlink: /home/fmp/Jeju_Island/install/sllidar_ros2/share/sllidar_ros2/launch/sllidar_a3_launch.py
[11.272s] -- Up-to-date symlink: /home/fmp/Jeju_Island/install/sllidar_ros2/share/sllidar_ros2/launch/sllidar_c1_launch.py
[11.276s] -- Up-to-date symlink: /home/fmp/Jeju_Island/install/sllidar_ros2/share/sllidar_ros2/launch/sllidar_s1_launch.py
[11.277s] -- Up-to-date symlink: /home/fmp/Jeju_Island/install/sllidar_ros2/share/sllidar_ros2/launch/sllidar_s1_tcp_launch.py
[11.287s] -- Up-to-date symlink: /home/fmp/Jeju_Island/install/sllidar_ros2/share/sllidar_ros2/launch/sllidar_s2_launch.py
[11.292s] -- Up-to-date symlink: /home/fmp/Jeju_Island/install/sllidar_ros2/share/sllidar_ros2/launch/sllidar_s2e_launch.py
[11.293s] -- Up-to-date symlink: /home/fmp/Jeju_Island/install/sllidar_ros2/share/sllidar_ros2/launch/sllidar_s3_launch.py
[11.295s] -- Up-to-date symlink: /home/fmp/Jeju_Island/install/sllidar_ros2/share/sllidar_ros2/launch/sllidar_t1_launch.py
[11.299s] -- Up-to-date symlink: /home/fmp/Jeju_Island/install/sllidar_ros2/share/sllidar_ros2/launch/view_sllidar_a1_launch.py
[11.305s] -- Up-to-date symlink: /home/fmp/Jeju_Island/install/sllidar_ros2/share/sllidar_ros2/launch/view_sllidar_a2m12_launch.py
[11.310s] -- Up-to-date symlink: /home/fmp/Jeju_Island/install/sllidar_ros2/share/sllidar_ros2/launch/view_sllidar_a2m7_launch.py
[11.311s] -- Up-to-date symlink: /home/fmp/Jeju_Island/install/sllidar_ros2/share/sllidar_ros2/launch/view_sllidar_a2m8_launch.py
[11.312s] -- Up-to-date symlink: /home/fmp/Jeju_Island/install/sllidar_ros2/share/sllidar_ros2/launch/view_sllidar_a3_launch.py
[11.313s] -- Up-to-date symlink: /home/fmp/Jeju_Island/install/sllidar_ros2/share/sllidar_ros2/launch/view_sllidar_c1_launch.py
[11.314s] -- Up-to-date symlink: /home/fmp/Jeju_Island/install/sllidar_ros2/share/sllidar_ros2/launch/view_sllidar_s1_launch.py
[11.315s] -- Up-to-date symlink: /home/fmp/Jeju_Island/install/sllidar_ros2/share/sllidar_ros2/launch/view_sllidar_s1_tcp_launch.py
[11.320s] -- Up-to-date symlink: /home/fmp/Jeju_Island/install/sllidar_ros2/share/sllidar_ros2/launch/view_sllidar_s2_launch.py
[11.327s] -- Up-to-date symlink: /home/fmp/Jeju_Island/install/sllidar_ros2/share/sllidar_ros2/launch/view_sllidar_s2e_launch.py
[11.330s] -- Up-to-date symlink: /home/fmp/Jeju_Island/install/sllidar_ros2/share/sllidar_ros2/launch/view_sllidar_s3_launch.py
[11.336s] -- Up-to-date symlink: /home/fmp/Jeju_Island/install/sllidar_ros2/share/sllidar_ros2/launch/view_sllidar_t1_launch.py
[11.346s] -- Up-to-date symlink: /home/fmp/Jeju_Island/install/sllidar_ros2/share/sllidar_ros2/rviz/sllidar_ros2.rviz
[11.351s] -- Up-to-date symlink: /home/fmp/Jeju_Island/install/sllidar_ros2/lib/sllidar_ros2/sllidar_node
[11.358s] -- Up-to-date symlink: /home/fmp/Jeju_Island/install/sllidar_ros2/lib/sllidar_ros2/sllidar_client
[11.359s] -- Up-to-date symlink: /home/fmp/Jeju_Island/install/sllidar_ros2/share/ament_index/resource_index/package_run_dependencies/sllidar_ros2
[11.365s] -- Up-to-date symlink: /home/fmp/Jeju_Island/install/sllidar_ros2/share/ament_index/resource_index/parent_prefix_path/sllidar_ros2
[11.368s] -- Up-to-date symlink: /home/fmp/Jeju_Island/install/sllidar_ros2/share/sllidar_ros2/environment/ament_prefix_path.sh
[11.370s] -- Up-to-date symlink: /home/fmp/Jeju_Island/install/sllidar_ros2/share/sllidar_ros2/environment/ament_prefix_path.dsv
[11.376s] -- Up-to-date symlink: /home/fmp/Jeju_Island/install/sllidar_ros2/share/sllidar_ros2/environment/path.sh
[11.379s] -- Up-to-date symlink: /home/fmp/Jeju_Island/install/sllidar_ros2/share/sllidar_ros2/environment/path.dsv
[11.381s] -- Up-to-date symlink: /home/fmp/Jeju_Island/install/sllidar_ros2/share/sllidar_ros2/local_setup.bash
[11.382s] -- Up-to-date symlink: /home/fmp/Jeju_Island/install/sllidar_ros2/share/sllidar_ros2/local_setup.sh
[11.390s] -- Up-to-date symlink: /home/fmp/Jeju_Island/install/sllidar_ros2/share/sllidar_ros2/local_setup.zsh
[11.400s] -- Up-to-date symlink: /home/fmp/Jeju_Island/install/sllidar_ros2/share/sllidar_ros2/local_setup.dsv
[11.405s] -- Symlinking: /home/fmp/Jeju_Island/install/sllidar_ros2/share/sllidar_ros2/package.dsv
[11.542s] -- Up-to-date symlink: /home/fmp/Jeju_Island/install/sllidar_ros2/share/ament_index/resource_index/packages/sllidar_ros2
[11.549s] -- Up-to-date symlink: /home/fmp/Jeju_Island/install/sllidar_ros2/share/sllidar_ros2/cmake/ament_cmake_export_dependencies-extras.cmake
[11.555s] -- Up-to-date symlink: /home/fmp/Jeju_Island/install/sllidar_ros2/share/sllidar_ros2/cmake/ament_cmake_export_include_directories-extras.cmake
[11.561s] -- Up-to-date symlink: /home/fmp/Jeju_Island/install/sllidar_ros2/share/sllidar_ros2/cmake/sllidar_ros2Config.cmake
[11.569s] -- Up-to-date symlink: /home/fmp/Jeju_Island/install/sllidar_ros2/share/sllidar_ros2/cmake/sllidar_ros2Config-version.cmake
[11.570s] -- Up-to-date symlink: /home/fmp/Jeju_Island/install/sllidar_ros2/share/sllidar_ros2/package.xml
[11.598s] Invoked command in '/home/fmp/Jeju_Island/build/sllidar_ros2' returned '0': CMAKE_PREFIX_PATH=${CMAKE_PREFIX_PATH}:/home/fmp/Jeju_Island/install/vehicle_launch:/home/fmp/Jeju_Island/install/vehicle_control:/home/fmp/Jeju_Island/install/erp_control_pkg:/opt/ros/humble /usr/bin/cmake --install /home/fmp/Jeju_Island/build/sllidar_ros2
