[0.169s] Invoking command in '/home/fmp/Jeju_Island/build/sllidar_ros2': CMAKE_PREFIX_PATH=${CMAKE_PREFIX_PATH}:/home/fmp/Jeju_Island/install/vehicle_control:/home/fmp/Jeju_Island/install/erp_control_pkg:/opt/ros/humble /usr/bin/cmake /home/fmp/Jeju_Island/src/sllidar_ros2 -DCMAKE_INSTALL_PREFIX=/home/fmp/Jeju_Island/install/sllidar_ros2
[0.359s] -- Found ament_cmake: 1.3.12 (/opt/ros/humble/share/ament_cmake/cmake)
[1.492s] -- Override CMake install command with custom implementation using symlinks instead of copying resources
[1.575s] -- Found rclcpp: 16.0.15 (/opt/ros/humble/share/rclcpp/cmake)
[1.801s] -- Found rosidl_generator_c: 3.1.7 (/opt/ros/humble/share/rosidl_generator_c/cmake)
[1.815s] -- Found rosidl_adapter: 3.1.7 (/opt/ros/humble/share/rosidl_adapter/cmake)
[1.867s] -- Found rosidl_generator_cpp: 3.1.7 (/opt/ros/humble/share/rosidl_generator_cpp/cmake)
[1.974s] -- Using all available rosidl_typesupport_c: rosidl_typesupport_fastrtps_c;rosidl_typesupport_introspection_c
[2.115s] -- Using all available rosidl_typesupport_cpp: rosidl_typesupport_fastrtps_cpp;rosidl_typesupport_introspection_cpp
[2.402s] -- Found rmw_implementation_cmake: 6.1.2 (/opt/ros/humble/share/rmw_implementation_cmake/cmake)
[2.407s] -- Found rmw_fastrtps_cpp: 6.2.9 (/opt/ros/humble/share/rmw_fastrtps_cpp/cmake)
[2.940s] -- Using RMW implementation 'rmw_fastrtps_cpp' as default
[3.236s] -- Found sensor_msgs: 4.9.0 (/opt/ros/humble/share/sensor_msgs/cmake)
[3.442s] -- Found std_srvs: 4.9.0 (/opt/ros/humble/share/std_srvs/cmake)
[4.299s] -- Configuring done
[4.473s] -- Generating done
[4.551s] -- Build files have been written to: /home/fmp/Jeju_Island/build/sllidar_ros2
[4.604s] Invoked command in '/home/fmp/Jeju_Island/build/sllidar_ros2' returned '0': CMAKE_PREFIX_PATH=${CMAKE_PREFIX_PATH}:/home/fmp/Jeju_Island/install/vehicle_control:/home/fmp/Jeju_Island/install/erp_control_pkg:/opt/ros/humble /usr/bin/cmake /home/fmp/Jeju_Island/src/sllidar_ros2 -DCMAKE_INSTALL_PREFIX=/home/fmp/Jeju_Island/install/sllidar_ros2
[4.611s] Invoking command in '/home/fmp/Jeju_Island/build/sllidar_ros2': CMAKE_PREFIX_PATH=${CMAKE_PREFIX_PATH}:/home/fmp/Jeju_Island/install/vehicle_control:/home/fmp/Jeju_Island/install/erp_control_pkg:/opt/ros/humble /usr/bin/cmake --build /home/fmp/Jeju_Island/build/sllidar_ros2 -- -j4 -l4
[4.857s] [35m[1mConsolidate compiler generated dependencies of target sllidar_client[0m
[4.945s] [35m[1mConsolidate compiler generated dependencies of target sllidar_node[0m
[5.061s] [ 10%] Built target sllidar_client
[5.136s] [100%] Built target sllidar_node
[5.293s] Invoked command in '/home/fmp/Jeju_Island/build/sllidar_ros2' returned '0': CMAKE_PREFIX_PATH=${CMAKE_PREFIX_PATH}:/home/fmp/Jeju_Island/install/vehicle_control:/home/fmp/Jeju_Island/install/erp_control_pkg:/opt/ros/humble /usr/bin/cmake --build /home/fmp/Jeju_Island/build/sllidar_ros2 -- -j4 -l4
[5.303s] Invoking command in '/home/fmp/Jeju_Island/build/sllidar_ros2': CMAKE_PREFIX_PATH=${CMAKE_PREFIX_PATH}:/home/fmp/Jeju_Island/install/vehicle_control:/home/fmp/Jeju_Island/install/erp_control_pkg:/opt/ros/humble /usr/bin/cmake --install /home/fmp/Jeju_Island/build/sllidar_ros2
[5.382s] -- Install configuration: ""
[5.390s] -- Execute custom install script
[5.395s] -- Up-to-date symlink: /home/fmp/Jeju_Island/install/sllidar_ros2/share/sllidar_ros2/launch/sllidar_a1_launch.py
[5.396s] -- Up-to-date symlink: /home/fmp/Jeju_Island/install/sllidar_ros2/share/sllidar_ros2/launch/sllidar_a2m12_launch .py
[5.403s] -- Up-to-date symlink: /home/fmp/Jeju_Island/install/sllidar_ros2/share/sllidar_ros2/launch/sllidar_a2m7_launch.py
[5.404s] -- Up-to-date symlink: /home/fmp/Jeju_Island/install/sllidar_ros2/share/sllidar_ros2/launch/sllidar_a2m8_launch.py
[5.405s] -- Up-to-date symlink: /home/fmp/Jeju_Island/install/sllidar_ros2/share/sllidar_ros2/launch/sllidar_a3_launch.py
[5.406s] -- Up-to-date symlink: /home/fmp/Jeju_Island/install/sllidar_ros2/share/sllidar_ros2/launch/sllidar_c1_launch.py
[5.411s] -- Up-to-date symlink: /home/fmp/Jeju_Island/install/sllidar_ros2/share/sllidar_ros2/launch/sllidar_s1_launch.py
[5.412s] -- Up-to-date symlink: /home/fmp/Jeju_Island/install/sllidar_ros2/share/sllidar_ros2/launch/sllidar_s1_tcp_launch.py
[5.418s] -- Up-to-date symlink: /home/fmp/Jeju_Island/install/sllidar_ros2/share/sllidar_ros2/launch/sllidar_s2_launch.py
[5.418s] -- Up-to-date symlink: /home/fmp/Jeju_Island/install/sllidar_ros2/share/sllidar_ros2/launch/sllidar_s2e_launch.py
[5.419s] -- Up-to-date symlink: /home/fmp/Jeju_Island/install/sllidar_ros2/share/sllidar_ros2/launch/sllidar_s3_launch.py
[5.422s] -- Up-to-date symlink: /home/fmp/Jeju_Island/install/sllidar_ros2/share/sllidar_ros2/launch/sllidar_t1_launch.py
[5.426s] -- Up-to-date symlink: /home/fmp/Jeju_Island/install/sllidar_ros2/share/sllidar_ros2/launch/view_sllidar_a1_launch.py
[5.427s] -- Up-to-date symlink: /home/fmp/Jeju_Island/install/sllidar_ros2/share/sllidar_ros2/launch/view_sllidar_a2m12_launch.py
[5.432s] -- Up-to-date symlink: /home/fmp/Jeju_Island/install/sllidar_ros2/share/sllidar_ros2/launch/view_sllidar_a2m7_launch.py
[5.440s] -- Up-to-date symlink: /home/fmp/Jeju_Island/install/sllidar_ros2/share/sllidar_ros2/launch/view_sllidar_a2m8_launch.py
[5.452s] -- Up-to-date symlink: /home/fmp/Jeju_Island/install/sllidar_ros2/share/sllidar_ros2/launch/view_sllidar_a3_launch.py
[5.452s] -- Up-to-date symlink: /home/fmp/Jeju_Island/install/sllidar_ros2/share/sllidar_ros2/launch/view_sllidar_c1_launch.py
[5.455s] -- Up-to-date symlink: /home/fmp/Jeju_Island/install/sllidar_ros2/share/sllidar_ros2/launch/view_sllidar_s1_launch.py
[5.458s] -- Up-to-date symlink: /home/fmp/Jeju_Island/install/sllidar_ros2/share/sllidar_ros2/launch/view_sllidar_s1_tcp_launch.py
[5.459s] -- Up-to-date symlink: /home/fmp/Jeju_Island/install/sllidar_ros2/share/sllidar_ros2/launch/view_sllidar_s2_launch.py
[5.459s] -- Up-to-date symlink: /home/fmp/Jeju_Island/install/sllidar_ros2/share/sllidar_ros2/launch/view_sllidar_s2e_launch.py
[5.459s] -- Up-to-date symlink: /home/fmp/Jeju_Island/install/sllidar_ros2/share/sllidar_ros2/launch/view_sllidar_s3_launch.py
[5.460s] -- Up-to-date symlink: /home/fmp/Jeju_Island/install/sllidar_ros2/share/sllidar_ros2/launch/view_sllidar_t1_launch.py
[5.460s] -- Up-to-date symlink: /home/fmp/Jeju_Island/install/sllidar_ros2/share/sllidar_ros2/rviz/sllidar_ros2.rviz
[5.460s] -- Up-to-date symlink: /home/fmp/Jeju_Island/install/sllidar_ros2/lib/sllidar_ros2/sllidar_node
[5.461s] -- Up-to-date symlink: /home/fmp/Jeju_Island/install/sllidar_ros2/lib/sllidar_ros2/sllidar_client
[5.461s] -- Up-to-date symlink: /home/fmp/Jeju_Island/install/sllidar_ros2/share/ament_index/resource_index/package_run_dependencies/sllidar_ros2
[5.468s] -- Up-to-date symlink: /home/fmp/Jeju_Island/install/sllidar_ros2/share/ament_index/resource_index/parent_prefix_path/sllidar_ros2
[5.471s] -- Up-to-date symlink: /home/fmp/Jeju_Island/install/sllidar_ros2/share/sllidar_ros2/environment/ament_prefix_path.sh
[5.472s] -- Up-to-date symlink: /home/fmp/Jeju_Island/install/sllidar_ros2/share/sllidar_ros2/environment/ament_prefix_path.dsv
[5.478s] -- Up-to-date symlink: /home/fmp/Jeju_Island/install/sllidar_ros2/share/sllidar_ros2/environment/path.sh
[5.479s] -- Up-to-date symlink: /home/fmp/Jeju_Island/install/sllidar_ros2/share/sllidar_ros2/environment/path.dsv
[5.483s] -- Up-to-date symlink: /home/fmp/Jeju_Island/install/sllidar_ros2/share/sllidar_ros2/local_setup.bash
[5.488s] -- Up-to-date symlink: /home/fmp/Jeju_Island/install/sllidar_ros2/share/sllidar_ros2/local_setup.sh
[5.493s] -- Up-to-date symlink: /home/fmp/Jeju_Island/install/sllidar_ros2/share/sllidar_ros2/local_setup.zsh
[5.496s] -- Up-to-date symlink: /home/fmp/Jeju_Island/install/sllidar_ros2/share/sllidar_ros2/local_setup.dsv
[5.496s] -- Symlinking: /home/fmp/Jeju_Island/install/sllidar_ros2/share/sllidar_ros2/package.dsv
[5.664s] -- Up-to-date symlink: /home/fmp/Jeju_Island/install/sllidar_ros2/share/ament_index/resource_index/packages/sllidar_ros2
[5.678s] -- Up-to-date symlink: /home/fmp/Jeju_Island/install/sllidar_ros2/share/sllidar_ros2/cmake/ament_cmake_export_dependencies-extras.cmake
[5.689s] -- Up-to-date symlink: /home/fmp/Jeju_Island/install/sllidar_ros2/share/sllidar_ros2/cmake/ament_cmake_export_include_directories-extras.cmake
[5.691s] -- Up-to-date symlink: /home/fmp/Jeju_Island/install/sllidar_ros2/share/sllidar_ros2/cmake/sllidar_ros2Config.cmake
[5.701s] -- Up-to-date symlink: /home/fmp/Jeju_Island/install/sllidar_ros2/share/sllidar_ros2/cmake/sllidar_ros2Config-version.cmake
[5.701s] -- Up-to-date symlink: /home/fmp/Jeju_Island/install/sllidar_ros2/share/sllidar_ros2/package.xml
[5.724s] Invoked command in '/home/fmp/Jeju_Island/build/sllidar_ros2' returned '0': CMAKE_PREFIX_PATH=${CMAKE_PREFIX_PATH}:/home/fmp/Jeju_Island/install/vehicle_control:/home/fmp/Jeju_Island/install/erp_control_pkg:/opt/ros/humble /usr/bin/cmake --install /home/fmp/Jeju_Island/build/sllidar_ros2
