running egg_info
creating ../../build/vehicle_launch/vehicle_launch.egg-info
writing ../../build/vehicle_launch/vehicle_launch.egg-info/PKG-INFO
writing dependency_links to ../../build/vehicle_launch/vehicle_launch.egg-info/dependency_links.txt
writing entry points to ../../build/vehicle_launch/vehicle_launch.egg-info/entry_points.txt
writing requirements to ../../build/vehicle_launch/vehicle_launch.egg-info/requires.txt
writing top-level names to ../../build/vehicle_launch/vehicle_launch.egg-info/top_level.txt
writing manifest file '../../build/vehicle_launch/vehicle_launch.egg-info/SOURCES.txt'
reading manifest file '../../build/vehicle_launch/vehicle_launch.egg-info/SOURCES.txt'
writing manifest file '../../build/vehicle_launch/vehicle_launch.egg-info/SOURCES.txt'
running build
running build_py
creating /home/fmp/Jeju_Island/build/vehicle_launch/build
creating /home/fmp/Jeju_Island/build/vehicle_launch/build/lib
creating /home/fmp/Jeju_Island/build/vehicle_launch/build/lib/vehicle_launch
copying vehicle_launch/__init__.py -> /home/fmp/Jeju_Island/build/vehicle_launch/build/lib/vehicle_launch
running install
running install_lib
creating /home/fmp/Jeju_Island/install/vehicle_launch/lib/python3.10/site-packages/vehicle_launch
copying /home/fmp/Jeju_Island/build/vehicle_launch/build/lib/vehicle_launch/__init__.py -> /home/fmp/Jeju_Island/install/vehicle_launch/lib/python3.10/site-packages/vehicle_launch
byte-compiling /home/fmp/Jeju_Island/install/vehicle_launch/lib/python3.10/site-packages/vehicle_launch/__init__.py to __init__.cpython-310.pyc
running install_data
creating /home/fmp/Jeju_Island/install/vehicle_launch/share/ament_index
creating /home/fmp/Jeju_Island/install/vehicle_launch/share/ament_index/resource_index
creating /home/fmp/Jeju_Island/install/vehicle_launch/share/ament_index/resource_index/packages
copying resource/vehicle_launch -> /home/fmp/Jeju_Island/install/vehicle_launch/share/ament_index/resource_index/packages
copying package.xml -> /home/fmp/Jeju_Island/install/vehicle_launch/share/vehicle_launch
running install_egg_info
Copying ../../build/vehicle_launch/vehicle_launch.egg-info to /home/fmp/Jeju_Island/install/vehicle_launch/lib/python3.10/site-packages/vehicle_launch-0.0.0-py3.10.egg-info
running install_scripts
writing list of installed files to '/home/fmp/Jeju_Island/build/vehicle_launch/install.log'
