[6.113s] Invoking command in '/home/fmp/Jeju_Island/src/vehicle_launch': PYTHONPATH=/home/fmp/Jeju_Island/build/vehicle_launch/prefix_override:/usr/lib/python3/dist-packages/colcon_core/task/python/colcon_distutils_commands:/home/fmp/Jeju_Island/install/vehicle_launch/lib/python3.10/site-packages:${PYTHONPATH} /usr/bin/python3 -W ignore:setup.py install is deprecated -W ignore:easy_install command is deprecated setup.py egg_info --egg-base ../../build/vehicle_launch build --build-base /home/fmp/Jeju_Island/build/vehicle_launch/build install --record /home/fmp/Jeju_Island/build/vehicle_launch/install.log --single-version-externally-managed install_data
[8.282s] running egg_info
[8.287s] creating ../../build/vehicle_launch/vehicle_launch.egg-info
[8.287s] writing ../../build/vehicle_launch/vehicle_launch.egg-info/PKG-INFO
[8.290s] writing dependency_links to ../../build/vehicle_launch/vehicle_launch.egg-info/dependency_links.txt
[8.291s] writing entry points to ../../build/vehicle_launch/vehicle_launch.egg-info/entry_points.txt
[8.295s] writing requirements to ../../build/vehicle_launch/vehicle_launch.egg-info/requires.txt
[8.296s] writing top-level names to ../../build/vehicle_launch/vehicle_launch.egg-info/top_level.txt
[8.296s] writing manifest file '../../build/vehicle_launch/vehicle_launch.egg-info/SOURCES.txt'
[8.321s] reading manifest file '../../build/vehicle_launch/vehicle_launch.egg-info/SOURCES.txt'
[8.324s] writing manifest file '../../build/vehicle_launch/vehicle_launch.egg-info/SOURCES.txt'
[8.332s] running build
[8.332s] running build_py
[8.333s] creating /home/fmp/Jeju_Island/build/vehicle_launch/build
[8.333s] creating /home/fmp/Jeju_Island/build/vehicle_launch/build/lib
[8.335s] creating /home/fmp/Jeju_Island/build/vehicle_launch/build/lib/vehicle_launch
[8.335s] copying vehicle_launch/__init__.py -> /home/fmp/Jeju_Island/build/vehicle_launch/build/lib/vehicle_launch
[8.335s] running install
[8.341s] running install_lib
[8.342s] creating /home/fmp/Jeju_Island/install/vehicle_launch/lib/python3.10/site-packages/vehicle_launch
[8.342s] copying /home/fmp/Jeju_Island/build/vehicle_launch/build/lib/vehicle_launch/__init__.py -> /home/fmp/Jeju_Island/install/vehicle_launch/lib/python3.10/site-packages/vehicle_launch
[8.345s] byte-compiling /home/fmp/Jeju_Island/install/vehicle_launch/lib/python3.10/site-packages/vehicle_launch/__init__.py to __init__.cpython-310.pyc
[8.350s] running install_data
[8.351s] creating /home/fmp/Jeju_Island/install/vehicle_launch/share/ament_index
[8.352s] creating /home/fmp/Jeju_Island/install/vehicle_launch/share/ament_index/resource_index
[8.355s] creating /home/fmp/Jeju_Island/install/vehicle_launch/share/ament_index/resource_index/packages
[8.356s] copying resource/vehicle_launch -> /home/fmp/Jeju_Island/install/vehicle_launch/share/ament_index/resource_index/packages
[8.357s] copying package.xml -> /home/fmp/Jeju_Island/install/vehicle_launch/share/vehicle_launch
[8.357s] running install_egg_info
[8.368s] Copying ../../build/vehicle_launch/vehicle_launch.egg-info to /home/fmp/Jeju_Island/install/vehicle_launch/lib/python3.10/site-packages/vehicle_launch-0.0.0-py3.10.egg-info
[8.376s] running install_scripts
[8.478s] writing list of installed files to '/home/fmp/Jeju_Island/build/vehicle_launch/install.log'
[8.622s] Invoked command in '/home/fmp/Jeju_Island/src/vehicle_launch' returned '0': PYTHONPATH=/home/fmp/Jeju_Island/build/vehicle_launch/prefix_override:/usr/lib/python3/dist-packages/colcon_core/task/python/colcon_distutils_commands:/home/fmp/Jeju_Island/install/vehicle_launch/lib/python3.10/site-packages:${PYTHONPATH} /usr/bin/python3 -W ignore:setup.py install is deprecated -W ignore:easy_install command is deprecated setup.py egg_info --egg-base ../../build/vehicle_launch build --build-base /home/fmp/Jeju_Island/build/vehicle_launch/build install --record /home/fmp/Jeju_Island/build/vehicle_launch/install.log --single-version-externally-managed install_data
