[0.255s] Invoking command in '/home/fmp/Jeju_Island/build/erp_mini_util': CMAKE_PREFIX_PATH=/home/fmp/Jeju_Island/install/erp_mini_cmake:/home/fmp/Jeju_Island/install/usb_cam:/home/fmp/Jeju_Island/install/sllidar_ros2:/home/fmp/Jeju_Island/install/rplidar_ros:/home/fmp/Jeju_Island/install/erp_mini_serial:/home/fmp/Jeju_Island/install/erp_mini_rqt_plugin:/home/fmp/Jeju_Island/install/erp_mini_util:/home/fmp/Jeju_Island/install/erp_mini_msgs:/home/fmp/Jeju_Island/install/vehicle_control:/home/fmp/Jeju_Island/install/erp_control_pkg:/opt/ros/humble /usr/bin/cmake --build /home/fmp/Jeju_Island/build/erp_mini_util -- -j4 -l4
[0.668s] [35m[1mConsolidate compiler generated dependencies of target erp_mini_util[0m
[0.923s] [100%] Built target erp_mini_util
[2.645s] Invoked command in '/home/fmp/Jeju_Island/build/erp_mini_util' returned '0': CMAKE_PREFIX_PATH=/home/fmp/Jeju_Island/install/erp_mini_cmake:/home/fmp/Jeju_Island/install/usb_cam:/home/fmp/Jeju_Island/install/sllidar_ros2:/home/fmp/Jeju_Island/install/rplidar_ros:/home/fmp/Jeju_Island/install/erp_mini_serial:/home/fmp/Jeju_Island/install/erp_mini_rqt_plugin:/home/fmp/Jeju_Island/install/erp_mini_util:/home/fmp/Jeju_Island/install/erp_mini_msgs:/home/fmp/Jeju_Island/install/vehicle_control:/home/fmp/Jeju_Island/install/erp_control_pkg:/opt/ros/humble /usr/bin/cmake --build /home/fmp/Jeju_Island/build/erp_mini_util -- -j4 -l4
[2.661s] Invoking command in '/home/fmp/Jeju_Island/build/erp_mini_util': CMAKE_PREFIX_PATH=/home/fmp/Jeju_Island/install/erp_mini_cmake:/home/fmp/Jeju_Island/install/usb_cam:/home/fmp/Jeju_Island/install/sllidar_ros2:/home/fmp/Jeju_Island/install/rplidar_ros:/home/fmp/Jeju_Island/install/erp_mini_serial:/home/fmp/Jeju_Island/install/erp_mini_rqt_plugin:/home/fmp/Jeju_Island/install/erp_mini_util:/home/fmp/Jeju_Island/install/erp_mini_msgs:/home/fmp/Jeju_Island/install/vehicle_control:/home/fmp/Jeju_Island/install/erp_control_pkg:/opt/ros/humble /usr/bin/cmake --install /home/fmp/Jeju_Island/build/erp_mini_util
[2.790s] -- Install configuration: ""
[2.804s] -- Execute custom install script
[2.805s] -- Up-to-date symlink: /home/fmp/Jeju_Island/install/erp_mini_util/include/erp_mini_util/erp_mini_util/exception.hpp
[2.830s] -- Up-to-date symlink: /home/fmp/Jeju_Island/install/erp_mini_util/include/erp_mini_util/erp_mini_util/log.hpp
[2.830s] -- Up-to-date symlink: /home/fmp/Jeju_Island/install/erp_mini_util/share/erp_mini_util/environment/library_path.sh
[2.842s] -- Up-to-date symlink: /home/fmp/Jeju_Island/install/erp_mini_util/share/erp_mini_util/environment/library_path.dsv
[2.843s] -- Up-to-date symlink: /home/fmp/Jeju_Island/install/erp_mini_util/lib/liberp_mini_util.so
[2.878s] -- Up-to-date symlink: /home/fmp/Jeju_Island/install/erp_mini_util/share/ament_index/resource_index/package_run_dependencies/erp_mini_util
[2.882s] -- Up-to-date symlink: /home/fmp/Jeju_Island/install/erp_mini_util/share/ament_index/resource_index/parent_prefix_path/erp_mini_util
[2.883s] -- Up-to-date symlink: /home/fmp/Jeju_Island/install/erp_mini_util/share/erp_mini_util/environment/ament_prefix_path.sh
[2.884s] -- Up-to-date symlink: /home/fmp/Jeju_Island/install/erp_mini_util/share/erp_mini_util/environment/ament_prefix_path.dsv
[2.888s] -- Up-to-date symlink: /home/fmp/Jeju_Island/install/erp_mini_util/share/erp_mini_util/environment/path.sh
[2.889s] -- Up-to-date symlink: /home/fmp/Jeju_Island/install/erp_mini_util/share/erp_mini_util/environment/path.dsv
[2.891s] -- Up-to-date symlink: /home/fmp/Jeju_Island/install/erp_mini_util/share/erp_mini_util/local_setup.bash
[2.892s] -- Up-to-date symlink: /home/fmp/Jeju_Island/install/erp_mini_util/share/erp_mini_util/local_setup.sh
[2.894s] -- Up-to-date symlink: /home/fmp/Jeju_Island/install/erp_mini_util/share/erp_mini_util/local_setup.zsh
[2.895s] -- Up-to-date symlink: /home/fmp/Jeju_Island/install/erp_mini_util/share/erp_mini_util/local_setup.dsv
[2.895s] -- Symlinking: /home/fmp/Jeju_Island/install/erp_mini_util/share/erp_mini_util/package.dsv
[2.984s] -- Up-to-date symlink: /home/fmp/Jeju_Island/install/erp_mini_util/share/ament_index/resource_index/packages/erp_mini_util
[2.989s] -- Up-to-date symlink: /home/fmp/Jeju_Island/install/erp_mini_util/share/erp_mini_util/cmake/ament_cmake_export_include_directories-extras.cmake
[2.995s] -- Up-to-date symlink: /home/fmp/Jeju_Island/install/erp_mini_util/share/erp_mini_util/cmake/ament_cmake_export_libraries-extras.cmake
[3.001s] -- Up-to-date symlink: /home/fmp/Jeju_Island/install/erp_mini_util/share/erp_mini_util/cmake/erp_mini_utilConfig.cmake
[3.002s] -- Up-to-date symlink: /home/fmp/Jeju_Island/install/erp_mini_util/share/erp_mini_util/cmake/erp_mini_utilConfig-version.cmake
[3.014s] -- Up-to-date symlink: /home/fmp/Jeju_Island/install/erp_mini_util/share/erp_mini_util/package.xml
[3.046s] Invoked command in '/home/fmp/Jeju_Island/build/erp_mini_util' returned '0': CMAKE_PREFIX_PATH=/home/fmp/Jeju_Island/install/erp_mini_cmake:/home/fmp/Jeju_Island/install/usb_cam:/home/fmp/Jeju_Island/install/sllidar_ros2:/home/fmp/Jeju_Island/install/rplidar_ros:/home/fmp/Jeju_Island/install/erp_mini_serial:/home/fmp/Jeju_Island/install/erp_mini_rqt_plugin:/home/fmp/Jeju_Island/install/erp_mini_util:/home/fmp/Jeju_Island/install/erp_mini_msgs:/home/fmp/Jeju_Island/install/vehicle_control:/home/fmp/Jeju_Island/install/erp_control_pkg:/opt/ros/humble /usr/bin/cmake --install /home/fmp/Jeju_Island/build/erp_mini_util
