[0.088s] Invoking command in '/home/fmp/Jeju_Island/build/erp_mini_util': CMAKE_PREFIX_PATH=/home/fmp/Jeju_Island/install/erp_mini_cmake:/home/fmp/Jeju_Island/install/usb_cam:/home/fmp/Jeju_Island/install/sllidar_ros2:/home/fmp/Jeju_Island/install/rplidar_ros:/home/fmp/Jeju_Island/install/erp_mini_serial:/home/fmp/Jeju_Island/install/erp_mini_rqt_plugin:/home/fmp/Jeju_Island/install/erp_mini_util:/home/fmp/Jeju_Island/install/erp_mini_msgs:/opt/ros/humble /usr/bin/cmake --build /home/fmp/Jeju_Island/build/erp_mini_util -- -j4 -l4
[0.371s] [35m[1mConsolidate compiler generated dependencies of target erp_mini_util[0m
[0.458s] [100%] Built target erp_mini_util
[0.683s] Invoked command in '/home/fmp/Jeju_Island/build/erp_mini_util' returned '0': CMAKE_PREFIX_PATH=/home/fmp/Jeju_Island/install/erp_mini_cmake:/home/fmp/Jeju_Island/install/usb_cam:/home/fmp/Jeju_Island/install/sllidar_ros2:/home/fmp/Jeju_Island/install/rplidar_ros:/home/fmp/Jeju_Island/install/erp_mini_serial:/home/fmp/Jeju_Island/install/erp_mini_rqt_plugin:/home/fmp/Jeju_Island/install/erp_mini_util:/home/fmp/Jeju_Island/install/erp_mini_msgs:/opt/ros/humble /usr/bin/cmake --build /home/fmp/Jeju_Island/build/erp_mini_util -- -j4 -l4
[0.694s] Invoking command in '/home/fmp/Jeju_Island/build/erp_mini_util': CMAKE_PREFIX_PATH=/home/fmp/Jeju_Island/install/erp_mini_cmake:/home/fmp/Jeju_Island/install/usb_cam:/home/fmp/Jeju_Island/install/sllidar_ros2:/home/fmp/Jeju_Island/install/rplidar_ros:/home/fmp/Jeju_Island/install/erp_mini_serial:/home/fmp/Jeju_Island/install/erp_mini_rqt_plugin:/home/fmp/Jeju_Island/install/erp_mini_util:/home/fmp/Jeju_Island/install/erp_mini_msgs:/opt/ros/humble /usr/bin/cmake --install /home/fmp/Jeju_Island/build/erp_mini_util
[0.745s] -- Install configuration: ""
[0.746s] -- Execute custom install script
[0.746s] -- Up-to-date symlink: /home/fmp/Jeju_Island/install/erp_mini_util/include/erp_mini_util/erp_mini_util/exception.hpp
[0.750s] -- Up-to-date symlink: /home/fmp/Jeju_Island/install/erp_mini_util/include/erp_mini_util/erp_mini_util/log.hpp
[0.750s] -- Up-to-date symlink: /home/fmp/Jeju_Island/install/erp_mini_util/share/erp_mini_util/environment/library_path.sh
[0.751s] -- Up-to-date symlink: /home/fmp/Jeju_Island/install/erp_mini_util/share/erp_mini_util/environment/library_path.dsv
[0.755s] -- Up-to-date symlink: /home/fmp/Jeju_Island/install/erp_mini_util/lib/liberp_mini_util.so
[0.756s] -- Up-to-date symlink: /home/fmp/Jeju_Island/install/erp_mini_util/share/ament_index/resource_index/package_run_dependencies/erp_mini_util
[0.756s] -- Up-to-date symlink: /home/fmp/Jeju_Island/install/erp_mini_util/share/ament_index/resource_index/parent_prefix_path/erp_mini_util
[0.759s] -- Up-to-date symlink: /home/fmp/Jeju_Island/install/erp_mini_util/share/erp_mini_util/environment/ament_prefix_path.sh
[0.762s] -- Up-to-date symlink: /home/fmp/Jeju_Island/install/erp_mini_util/share/erp_mini_util/environment/ament_prefix_path.dsv
[0.763s] -- Up-to-date symlink: /home/fmp/Jeju_Island/install/erp_mini_util/share/erp_mini_util/environment/path.sh
[0.764s] -- Up-to-date symlink: /home/fmp/Jeju_Island/install/erp_mini_util/share/erp_mini_util/environment/path.dsv
[0.765s] -- Up-to-date symlink: /home/fmp/Jeju_Island/install/erp_mini_util/share/erp_mini_util/local_setup.bash
[0.765s] -- Up-to-date symlink: /home/fmp/Jeju_Island/install/erp_mini_util/share/erp_mini_util/local_setup.sh
[0.765s] -- Up-to-date symlink: /home/fmp/Jeju_Island/install/erp_mini_util/share/erp_mini_util/local_setup.zsh
[0.766s] -- Up-to-date symlink: /home/fmp/Jeju_Island/install/erp_mini_util/share/erp_mini_util/local_setup.dsv
[0.769s] -- Symlinking: /home/fmp/Jeju_Island/install/erp_mini_util/share/erp_mini_util/package.dsv
[0.806s] -- Up-to-date symlink: /home/fmp/Jeju_Island/install/erp_mini_util/share/ament_index/resource_index/packages/erp_mini_util
[0.807s] -- Up-to-date symlink: /home/fmp/Jeju_Island/install/erp_mini_util/share/erp_mini_util/cmake/ament_cmake_export_include_directories-extras.cmake
[0.809s] -- Up-to-date symlink: /home/fmp/Jeju_Island/install/erp_mini_util/share/erp_mini_util/cmake/ament_cmake_export_libraries-extras.cmake
[0.811s] -- Up-to-date symlink: /home/fmp/Jeju_Island/install/erp_mini_util/share/erp_mini_util/cmake/erp_mini_utilConfig.cmake
[0.811s] -- Up-to-date symlink: /home/fmp/Jeju_Island/install/erp_mini_util/share/erp_mini_util/cmake/erp_mini_utilConfig-version.cmake
[0.813s] -- Up-to-date symlink: /home/fmp/Jeju_Island/install/erp_mini_util/share/erp_mini_util/package.xml
[1.786s] Invoked command in '/home/fmp/Jeju_Island/build/erp_mini_util' returned '0': CMAKE_PREFIX_PATH=/home/fmp/Jeju_Island/install/erp_mini_cmake:/home/fmp/Jeju_Island/install/usb_cam:/home/fmp/Jeju_Island/install/sllidar_ros2:/home/fmp/Jeju_Island/install/rplidar_ros:/home/fmp/Jeju_Island/install/erp_mini_serial:/home/fmp/Jeju_Island/install/erp_mini_rqt_plugin:/home/fmp/Jeju_Island/install/erp_mini_util:/home/fmp/Jeju_Island/install/erp_mini_msgs:/opt/ros/humble /usr/bin/cmake --install /home/fmp/Jeju_Island/build/erp_mini_util
