[0.063s] Invoking command in '/home/fmp/Jeju_Island/build/erp_mini_cmake': CMAKE_PREFIX_PATH=${CMAKE_PREFIX_PATH}:/opt/ros/humble /usr/bin/cmake /home/fmp/Jeju_Island/src/erp_mini_ros/src/erp_mini_cmake -DAMENT_CMAKE_SYMLINK_INSTALL=1 -DCMAKE_INSTALL_PREFIX=/home/fmp/Jeju_Island/install/erp_mini_cmake
[0.160s] -- Found ament_cmake_auto: 1.3.12 (/opt/ros/humble/share/ament_cmake_auto/cmake)
[1.102s] -- Found Python3: /usr/bin/python3 (found version "3.10.12") found components: Interpreter 
[1.628s] -- Override CMake install command with custom implementation using symlinks instead of copying resources
[2.155s] -- Configuring done
[2.163s] -- Generating done
[2.169s] -- Build files have been written to: /home/fmp/Jeju_Island/build/erp_mini_cmake
[2.178s] Invoked command in '/home/fmp/Jeju_Island/build/erp_mini_cmake' returned '0': CMAKE_PREFIX_PATH=${CMAKE_PREFIX_PATH}:/opt/ros/humble /usr/bin/cmake /home/fmp/Jeju_Island/src/erp_mini_ros/src/erp_mini_cmake -DAMENT_CMAKE_SYMLINK_INSTALL=1 -DCMAKE_INSTALL_PREFIX=/home/fmp/Jeju_Island/install/erp_mini_cmake
[2.187s] Invoking command in '/home/fmp/Jeju_Island/build/erp_mini_cmake': CMAKE_PREFIX_PATH=${CMAKE_PREFIX_PATH}:/opt/ros/humble /usr/bin/cmake --build /home/fmp/Jeju_Island/build/erp_mini_cmake -- -j4 -l4
[2.319s] Invoked command in '/home/fmp/Jeju_Island/build/erp_mini_cmake' returned '0': CMAKE_PREFIX_PATH=${CMAKE_PREFIX_PATH}:/opt/ros/humble /usr/bin/cmake --build /home/fmp/Jeju_Island/build/erp_mini_cmake -- -j4 -l4
[2.325s] Invoking command in '/home/fmp/Jeju_Island/build/erp_mini_cmake': CMAKE_PREFIX_PATH=${CMAKE_PREFIX_PATH}:/opt/ros/humble /usr/bin/cmake --install /home/fmp/Jeju_Island/build/erp_mini_cmake
[2.356s] -- Install configuration: ""
[2.356s] -- Execute custom install script
[2.358s] -- Symlinking: /home/fmp/Jeju_Island/install/erp_mini_cmake/share/erp_mini_cmake/cmake/erp_mini_cmake_config_extras.cmake
[2.391s] -- Symlinking: /home/fmp/Jeju_Island/install/erp_mini_cmake/share/ament_index/resource_index/package_run_dependencies/erp_mini_cmake
[2.423s] -- Symlinking: /home/fmp/Jeju_Island/install/erp_mini_cmake/share/ament_index/resource_index/parent_prefix_path/erp_mini_cmake
[2.452s] -- Symlinking: /home/fmp/Jeju_Island/install/erp_mini_cmake/share/erp_mini_cmake/environment/ament_prefix_path.sh
[2.483s] -- Symlinking: /home/fmp/Jeju_Island/install/erp_mini_cmake/share/erp_mini_cmake/environment/ament_prefix_path.dsv
[2.526s] -- Symlinking: /home/fmp/Jeju_Island/install/erp_mini_cmake/share/erp_mini_cmake/environment/path.sh
[2.567s] -- Symlinking: /home/fmp/Jeju_Island/install/erp_mini_cmake/share/erp_mini_cmake/environment/path.dsv
[2.602s] -- Symlinking: /home/fmp/Jeju_Island/install/erp_mini_cmake/share/erp_mini_cmake/local_setup.bash
[2.630s] -- Symlinking: /home/fmp/Jeju_Island/install/erp_mini_cmake/share/erp_mini_cmake/local_setup.sh
[2.663s] -- Symlinking: /home/fmp/Jeju_Island/install/erp_mini_cmake/share/erp_mini_cmake/local_setup.zsh
[2.698s] -- Symlinking: /home/fmp/Jeju_Island/install/erp_mini_cmake/share/erp_mini_cmake/local_setup.dsv
[2.738s] -- Symlinking: /home/fmp/Jeju_Island/install/erp_mini_cmake/share/erp_mini_cmake/package.dsv
[2.776s] -- Symlinking: /home/fmp/Jeju_Island/install/erp_mini_cmake/share/ament_index/resource_index/packages/erp_mini_cmake
[2.807s] -- Up-to-date symlink: /home/fmp/Jeju_Island/install/erp_mini_cmake/share/erp_mini_cmake/cmake/erp_mini_cmake_config_extras.cmake
[2.808s] -- Symlinking: /home/fmp/Jeju_Island/install/erp_mini_cmake/share/erp_mini_cmake/cmake/erp_mini_cmakeConfig.cmake
[2.848s] -- Symlinking: /home/fmp/Jeju_Island/install/erp_mini_cmake/share/erp_mini_cmake/cmake/erp_mini_cmakeConfig-version.cmake
[2.889s] -- Symlinking: /home/fmp/Jeju_Island/install/erp_mini_cmake/share/erp_mini_cmake/package.xml
[2.930s] Invoked command in '/home/fmp/Jeju_Island/build/erp_mini_cmake' returned '0': CMAKE_PREFIX_PATH=${CMAKE_PREFIX_PATH}:/opt/ros/humble /usr/bin/cmake --install /home/fmp/Jeju_Island/build/erp_mini_cmake
